8, 0, 40, 40, 220, 272
8, 1, 314, 304, 487, 351
8, 2, 592, 294, 705, 299
9, 0, 36, 19, 298, 285
9, 1, 332, 283, 454, 347
9, 2, 532, 317, 600, 358
9, 3, 702, 248, 925, 363
9, 4, 1088, 183, 1228, 343
10, 0, 53, 30, 139, 160
10, 1, 821, 282, 930, 365
11, 0, 11, 40, 183, 269
11, 1, 282, 159, 340, 224
11, 2, 307, 293, 495, 365
11, 3, 569, 253, 1076, 365
11, 4, 779, 174, 901, 244
12, 0, 25, 49, 140, 96
12, 1, 302, 278, 413, 360
12, 2, 398, 177, 471, 241
12, 3, 536, 177, 971, 359
13, 0, 350, 287, 436, 355
13, 1, 593, 161, 960, 355
14, 0, 28, 21, 76, 182
14, 1, 372, 319, 382, 342
14, 2, 747, 149, 937, 349
15, 0, 735, 243, 834, 347
15, 1, 764, 172, 804, 245
16, 0, 66, 137, 119, 225
16, 1, 733, 160, 864, 354
16, 2, 947, 198, 1039, 345
17, 0, 54, 131, 93, 232
17, 1, 53, 342, 69, 356
17, 2, 273, 158, 325, 209
17, 3, 365, 271, 460, 352
17, 4, 723, 174, 1125, 357
18, 0, 44, 135, 109, 238
18, 1, 286, 163, 336, 203
18, 2, 369, 328, 373, 351
18, 3, 732, 182, 850, 352
18, 4, 919, 196, 1101, 350
19, 0, 40, 145, 123, 246
19, 1, 300, 351, 463, 355
19, 2, 715, 194, 930, 353
19, 3, 1010, 207, 1139, 351
20, 0, 45, 154, 128, 253
20, 1, 579, 193, 943, 362
21, 0, 559, 297, 854, 363
21, 1, 711, 202, 904, 299
22, 0, 26, 128, 114, 246
22, 1, 692, 174, 921, 355
23, 0, 53, 110, 127, 248
23, 1, 704, 188, 944, 362
23, 2, 1003, 287, 1163, 359
24, 0, 66, 113, 119, 134
24, 1, 367, 347, 457, 357
24, 2, 684, 290, 793, 348
24, 3, 698, 190, 912, 362
24, 4, 1016, 330, 1169, 360
25, 0, 671, 312, 691, 361
25, 1, 691, 190, 994, 360
26, 0, 340, 351, 448, 360
26, 1, 655, 180, 931, 361
26, 2, 948, 213, 1020, 252
26, 3, 1096, 324, 1184, 361
27, 0, 661, 194, 893, 355
27, 1, 881, 178, 1034, 348
27, 2, 1001, 41, 1051, 69
28, 0, 635, 197, 844, 357
28, 1, 891, 174, 1063, 360
28, 2, 1042, 25, 1172, 65
29, 0, 624, 264, 722, 352
29, 1, 677, 189, 981, 359
30, 0, 647, 192, 939, 352
31, 0, 641, 266, 713, 346
31, 1, 677, 217, 932, 339
31, 2, 1137, 18, 1163, 104
31, 3, 1127, 220, 1225, 349
32, 0, 633, 222, 789, 338
32, 1, 779, 219, 864, 307
32, 2, 1167, 282, 1226, 335
32, 3, 1119, 338, 1190, 361
33, 0, 619, 196, 978, 364
33, 1, 1178, 332, 1215, 364
34, 0, 379, 267, 420, 306
34, 1, 619, 219, 778, 361
34, 2, 822, 209, 1217, 364
35, 0, 583, 200, 912, 354
35, 1, 991, 316, 1228, 364
36, 0, 406, 258, 442, 307
36, 1, 583, 196, 846, 362
36, 2, 830, 236, 953, 320
36, 3, 1106, 338, 1226, 360
37, 0, 184, 320, 229, 353
37, 1, 305, 177, 1014, 365
37, 2, 1077, 325, 1200, 364
38, 0, 552, 284, 668, 363
38, 1, 618, 198, 867, 292
38, 2, 1028, 242, 1197, 361
39, 0, 282, 266, 454, 344
39, 1, 558, 189, 857, 362
39, 2, 1071, 312, 1200, 364
39, 3, 1048, 237, 1183, 338
40, 0, 409, 199, 853, 316
40, 1, 558, 308, 635, 362
40, 2, 1103, 246, 1175, 344
41, 0, 291, 264, 487, 345
41, 1, 551, 298, 613, 361
41, 2, 578, 206, 827, 291
42, 0, 302, 290, 480, 332
42, 1, 602, 223, 816, 339
42, 2, 1047, 199, 1135, 326
43, 0, 391, 296, 585, 363
43, 1, 595, 212, 775, 318
43, 2, 1156, 286, 1194, 360
44, 0, 67, 105, 100, 217
44, 1, 314, 252, 804, 364
44, 2, 1124, 176, 1233, 362
44, 3, 1159, 50, 1225, 97
45, 0, 59, 130, 97, 216
45, 1, 262, 242, 1070, 361
45, 2, 1149, 27, 1178, 131
46, 0, 32, 33, 140, 219
46, 1, 333, 203, 768, 354
46, 2, 916, 247, 1012, 319
47, 0, 40, 136, 150, 229
47, 1, 422, 191, 715, 362
47, 2, 952, 148, 1097, 350
48, 0, 64, 133, 82, 222
48, 1, 379, 309, 451, 338
48, 2, 468, 215, 672, 357
48, 3, 977, 254, 1109, 358
49, 0, 49, 73, 129, 221
49, 1, 348, 211, 740, 347
49, 2, 903, 57, 1193, 187
49, 3, 998, 252, 1192, 348
50, 0, 35, 137, 193, 217
50, 1, 448, 313, 501, 336
50, 2, 604, 200, 674, 308
50, 3, 992, 268, 1151, 352
51, 0, 24, 65, 166, 220
51, 1, 452, 199, 772, 353
51, 2, 944, 39, 1073, 120
51, 3, 987, 248, 1157, 356
52, 0, 12, 17, 133, 226
52, 1, 368, 196, 802, 358
52, 2, 958, 15, 1080, 106
52, 3, 1021, 233, 1145, 336
52, 4, 1079, 336, 1175, 358
53, 0, 12, 16, 131, 258
53, 1, 432, 215, 774, 365
53, 2, 922, 20, 1143, 157
53, 3, 1029, 250, 1183, 329
54, 0, 16, 74, 153, 234
54, 1, 551, 275, 687, 362
54, 2, 685, 201, 763, 218
54, 3, 1048, 255, 1166, 315
54, 4, 1049, 28, 1158, 196
55, 0, 572, 308, 697, 363
55, 1, 1115, 254, 1216, 363
55, 2, 1101, 40, 1158, 206
56, 0, 19, 32, 158, 223
56, 1, 588, 264, 697, 366
56, 2, 1006, 22, 1212, 99
56, 3, 1136, 108, 1229, 284
57, 0, 696, 220, 744, 364
57, 1, 592, 341, 642, 363
57, 2, 992, 14, 1040, 79
57, 3, 1132, 21, 1209, 131
58, 0, 38, 126, 182, 183
58, 1, 588, 258, 751, 365
58, 2, 890, 13, 1214, 201
59, 0, 46, 48, 88, 135
59, 1, 547, 269, 776, 364
59, 2, 1020, 168, 1184, 354
59, 3, 944, 26, 1225, 146
60, 0, 528, 288, 794, 361
60, 1, 1017, 180, 1231, 330
60, 2, 1064, 13, 1213, 137
61, 0, 52, 65, 113, 212
61, 1, 340, 287, 694, 352
61, 2, 730, 257, 845, 359
61, 3, 1007, 131, 1189, 354
61, 4, 969, 23, 1225, 136
62, 0, 341, 297, 443, 354
62, 1, 538, 303, 660, 351
62, 2, 1028, 130, 1213, 345
62, 3, 1042, 20, 1182, 123
63, 0, 589, 307, 671, 333
63, 1, 850, 264, 885, 345
63, 2, 1067, 179, 1211, 346
63, 3, 1048, 15, 1185, 139
64, 0, 535, 263, 950, 354
64, 1, 1053, 126, 1205, 346
64, 2, 991, 13, 1209, 109
65, 0, 634, 308, 751, 342
65, 1, 879, 184, 1195, 347
65, 2, 1026, 17, 1044, 74
65, 3, 1114, 12, 1212, 106
66, 0, 400, 307, 459, 348
66, 1, 1067, 220, 1217, 332
66, 2, 1181, 324, 1199, 361
66, 3, 1088, 12, 1225, 196
67, 0, 1079, 256, 1207, 350
67, 1, 1037, 14, 1217, 144
67, 2, 1158, 119, 1227, 198
67, 3, 1186, 32, 1231, 85
68, 0, 354, 326, 446, 347
68, 1, 1086, 127, 1228, 365
68, 2, 1101, 31, 1226, 120
69, 0, 403, 333, 437, 350
69, 1, 1096, 226, 1184, 343
69, 2, 1146, 15, 1226, 199
70, 0, 1135, 215, 1218, 352
70, 1, 1147, 44, 1201, 135
71, 0, 42, 335, 152, 358
71, 1, 1122, 29, 1215, 357
72, 0, 56, 332, 88, 338
72, 1, 1028, 281, 1048, 319
72, 2, 1127, 254, 1221, 338
72, 3, 1085, 22, 1205, 204
73, 0, 51, 336, 130, 348
73, 1, 814, 218, 873, 300
73, 2, 1038, 192, 1211, 354
73, 3, 993, 38, 1210, 183
74, 0, 1048, 272, 1070, 334
74, 1, 1169, 288, 1211, 345
74, 2, 1135, 94, 1166, 135
75, 0, 1008, 263, 1067, 352
75, 1, 1173, 289, 1192, 314
75, 2, 1088, 87, 1163, 135
76, 0, 979, 220, 1191, 349
76, 1, 1076, 47, 1153, 151
77, 0, 51, 14, 229, 129
77, 1, 1015, 274, 1070, 327
77, 2, 1064, 56, 1138, 155
78, 0, 55, 11, 206, 167
78, 1, 890, 206, 1067, 363
78, 2, 1043, 51, 1170, 229
79, 0, 14, 11, 176, 260
79, 1, 1024, 52, 1107, 161
80, 0, 57, 18, 190, 251
80, 1, 959, 98, 1151, 355
81, 0, 13, 15, 154, 137
81, 1, 17, 172, 139, 262
81, 2, 969, 264, 1042, 352
81, 3, 1014, 118, 1071, 188
82, 0, 12, 10, 198, 267
82, 1, 963, 108, 1115, 351
83, 0, 16, 17, 157, 210
83, 1, 17, 216, 88, 352
83, 2, 939, 107, 1152, 235
84, 0, 10, 14, 178, 228
84, 1, 10, 210, 54, 259
84, 2, 949, 135, 1111, 361
85, 0, 10, 51, 223, 364
85, 1, 893, 128, 1121, 201
85, 2, 951, 227, 1014, 352
86, 0, 61, 22, 125, 239
86, 1, 61, 253, 107, 336
87, 0, 34, 13, 107, 159
87, 1, 868, 138, 1096, 199
87, 2, 938, 257, 1000, 299
88, 0, 59, 18, 225, 96
88, 1, 914, 154, 1081, 306
89, 0, 56, 306, 146, 329
89, 1, 964, 139, 1091, 226
90, 0, 108, 22, 164, 85
90, 1, 77, 314, 94, 351
90, 2, 225, 311, 262, 341
90, 3, 945, 134, 1053, 208
92, 0, 20, 13, 284, 167
92, 1, 884, 143, 1023, 284
93, 0, 11, 28, 109, 76
94, 0, 29, 57, 80, 159
95, 0, 54, 20, 230, 76
96, 0, 105, 11, 270, 212
96, 1, 62, 276, 107, 341
96, 2, 798, 116, 1227, 313
97, 0, 53, 15, 196, 164
97, 1, 11, 260, 62, 358
97, 2, 851, 199, 917, 271
97, 3, 1032, 116, 1188, 204
98, 0, 21, 19, 149, 123
98, 1, 69, 255, 102, 349
98, 2, 844, 190, 909, 256
98, 3, 996, 88, 1185, 219
99, 0, 50, 13, 122, 59
99, 1, 14, 279, 94, 348
100, 0, 75, 23, 146, 131
100, 1, 117, 153, 258, 344
100, 2, 982, 82, 1215, 233
101, 0, 62, 37, 167, 228
101, 1, 89, 229, 257, 302
101, 2, 1035, 75, 1196, 235
102, 0, 69, 178, 179, 304
102, 1, 1177, 51, 1215, 122
103, 0, 997, 13, 1217, 91
104, 0, 82, 308, 146, 360
104, 1, 815, 187, 959, 261
104, 2, 1081, 20, 1185, 107
105, 0, 776, 204, 902, 244
105, 1, 1061, 61, 1200, 101
106, 0, 67, 287, 154, 355
106, 1, 739, 198, 859, 235
106, 2, 1098, 26, 1192, 181
106, 3, 948, 19, 1059, 100
107, 0, 14, 81, 182, 282
107, 1, 13, 14, 192, 77
107, 2, 654, 346, 781, 355
107, 3, 847, 132, 968, 264
107, 4, 1004, 28, 1191, 104
108, 0, 41, 265, 189, 362
108, 1, 95, 197, 168, 244
108, 2, 102, 17, 205, 106
108, 3, 1017, 91, 1197, 140
109, 0, 54, 263, 199, 361
109, 1, 16, 12, 113, 244
109, 2, 145, 18, 183, 101
109, 3, 805, 192, 867, 257
109, 4, 963, 41, 1180, 160
110, 0, 50, 220, 125, 320
110, 1, 98, 21, 169, 98
110, 2, 967, 72, 1176, 158
111, 0, 87, 289, 273, 363
111, 1, 43, 24, 125, 98
111, 2, 110, 22, 165, 191
111, 3, 484, 320, 652, 362
111, 4, 1062, 97, 1161, 195
111, 5, 944, 97, 1044, 156
112, 0, 44, 20, 147, 257
112, 1, 474, 324, 654, 363
112, 2, 1056, 130, 1155, 178
113, 0, 56, 19, 319, 359
113, 1, 613, 317, 758, 345
113, 2, 1015, 105, 1171, 140
114, 0, 135, 104, 308, 354
114, 1, 400, 308, 733, 359
114, 2, 928, 325, 1016, 344
114, 3, 1031, 105, 1179, 228
115, 0, 56, 138, 209, 237
115, 1, 163, 278, 222, 338
115, 2, 595, 296, 749, 355
115, 3, 945, 113, 1134, 199
116, 0, 73, 18, 171, 56
116, 1, 579, 254, 772, 358
116, 2, 894, 314, 1006, 358
116, 3, 914, 114, 1119, 260
117, 0, 50, 246, 351, 358
117, 1, 430, 310, 720, 365
117, 2, 872, 332, 1023, 358
118, 0, 228, 310, 707, 364
118, 1, 824, 300, 1041, 360
119, 0, 62, 248, 261, 354
119, 1, 399, 327, 525, 358
119, 2, 772, 297, 1111, 361
119, 3, 1039, 83, 1221, 238
120, 0, 424, 325, 681, 362
120, 1, 798, 322, 1089, 361
121, 0, 60, 290, 176, 361
121, 1, 1000, 313, 1189, 359
122, 0, 784, 316, 921, 363
122, 1, 1075, 340, 1168, 351
123, 0, 63, 350, 132, 365
123, 1, 730, 334, 896, 356
125, 0, 1117, 345, 1217, 362
128, 0, 523, 230, 602, 352
129, 0, 537, 248, 609, 356
130, 0, 106, 259, 191, 345
131, 0, 52, 236, 179, 349
131, 1, 494, 305, 524, 354
132, 0, 79, 227, 130, 298
133, 0, 24, 220, 178, 357
133, 1, 543, 186, 562, 208
134, 0, 31, 277, 113, 358
134, 1, 1069, 312, 1147, 354
134, 2, 1136, 148, 1155, 225
135, 0, 35, 251, 105, 348
136, 0, 34, 219, 99, 347
137, 0, 22, 233, 90, 345
138, 0, 33, 296, 66, 329
139, 0, 38, 230, 60, 347
140, 0, 856, 75, 1060, 194
140, 1, 1056, 288, 1188, 351
141, 0, 1017, 141, 1072, 213
142, 0, 1082, 181, 1142, 332
143, 0, 756, 212, 977, 341
143, 1, 928, 33, 994, 104
144, 0, 979, 22, 1007, 158
145, 0, 79, 291, 122, 364
145, 1, 211, 253, 403, 359
145, 2, 782, 120, 1128, 247
145, 3, 1101, 225, 1165, 329
146, 0, 257, 314, 541, 365
146, 1, 855, 273, 968, 339
146, 2, 1006, 249, 1071, 310
146, 3, 945, 117, 1102, 186
147, 0, 518, 216, 577, 356
148, 0, 98, 326, 161, 358
148, 1, 468, 282, 543, 360
148, 2, 828, 130, 1144, 168
148, 3, 923, 51, 999, 79
148, 4, 1093, 15, 1181, 67
149, 0, 99, 314, 198, 360
149, 1, 943, 85, 1035, 183
149, 2, 1084, 36, 1231, 76
150, 0, 73, 302, 178, 357
150, 1, 874, 134, 1128, 217
151, 0, 44, 304, 154, 359
151, 1, 284, 335, 322, 355
151, 2, 521, 280, 608, 353
152, 0, 75, 306, 142, 366
152, 1, 298, 340, 314, 357
152, 2, 838, 255, 955, 346
