4, 0, 54, 230, 246, 296
9, 0, 38, 226, 122, 348
23, 0, 1185, 199, 1217, 244
31, 0, 239, 318, 311, 355
33, 0, 276, 199, 439, 357
34, 0, 279, 249, 444, 347
35, 0, 251, 174, 303, 336
35, 1, 612, 288, 765, 331
36, 0, 190, 176, 384, 336
37, 0, 79, 173, 287, 339
38, 0, 57, 278, 122, 323
38, 1, 76, 170, 371, 324
39, 0, 13, 164, 369, 335
39, 1, 1000, 37, 1217, 254
40, 0, 38, 164, 238, 362
41, 0, 28, 158, 389, 330
42, 0, 32, 226, 111, 351
42, 1, 227, 211, 387, 340
42, 2, 856, 176, 925, 275
42, 3, 878, 93, 1012, 176
42, 4, 1069, 12, 1171, 229
43, 0, 36, 211, 414, 334
43, 1, 828, 188, 963, 272
43, 2, 1075, 34, 1182, 147
44, 0, 101, 210, 363, 360
44, 1, 855, 21, 885, 83
44, 2, 859, 127, 1147, 257
44, 3, 1117, 16, 1197, 127
45, 0, 68, 214, 375, 329
45, 1, 862, 160, 1002, 267
45, 2, 866, 30, 1027, 219
45, 3, 1145, 111, 1193, 149
46, 0, 76, 188, 327, 292
46, 1, 895, 108, 1203, 295
47, 0, 57, 187, 318, 325
47, 1, 835, 21, 1202, 179
47, 2, 916, 171, 1062, 342
48, 0, 52, 196, 207, 324
48, 1, 904, 19, 1172, 182
48, 2, 906, 141, 1120, 340
49, 0, 931, 24, 1109, 116
49, 1, 932, 101, 1214, 319
50, 0, 967, 149, 1098, 344
50, 1, 1062, 167, 1180, 285
50, 2, 1069, 35, 1213, 229
51, 0, 936, 207, 1079, 353
51, 1, 963, 38, 1191, 297
52, 0, 963, 24, 1206, 315
52, 1, 982, 258, 1062, 329
53, 0, 969, 212, 1202, 364
54, 0, 991, 247, 1189, 357
54, 1, 995, 42, 1200, 307
55, 0, 1004, 242, 1155, 357
55, 1, 1104, 94, 1200, 280
56, 0, 1047, 28, 1159, 197
58, 0, 1161, 92, 1193, 163
59, 0, 978, 76, 1212, 202
61, 0, 938, 241, 1160, 337
61, 1, 1186, 87, 1216, 155
62, 0, 961, 207, 1185, 340
63, 0, 994, 155, 1202, 354
64, 0, 1057, 154, 1201, 336
65, 0, 971, 219, 1130, 279
65, 1, 1045, 246, 1204, 342
66, 0, 1039, 217, 1206, 350
67, 0, 1060, 191, 1207, 350
68, 0, 1084, 245, 1199, 347
69, 0, 1070, 257, 1205, 340
74, 0, 283, 235, 415, 344
75, 0, 241, 257, 326, 347
76, 0, 177, 288, 248, 350
77, 0, 144, 251, 484, 349
77, 1, 1145, 286, 1223, 351
78, 0, 94, 222, 482, 344
79, 0, 75, 304, 254, 352
79, 1, 254, 270, 285, 316
80, 0, 74, 301, 159, 347
80, 1, 205, 232, 436, 349
81, 0, 53, 185, 399, 353
81, 1, 1118, 247, 1213, 307
82, 0, 46, 238, 198, 347
82, 1, 276, 196, 350, 360
83, 0, 88, 187, 324, 355
84, 0, 137, 195, 313, 358
84, 1, 43, 307, 109, 345
84, 2, 1117, 162, 1218, 352
85, 0, 11, 139, 86, 325
85, 1, 86, 144, 396, 341
85, 2, 150, 260, 247, 354
85, 3, 1081, 260, 1200, 356
85, 4, 1198, 168, 1213, 277
86, 0, 50, 147, 399, 356
86, 1, 1102, 270, 1136, 346
87, 0, 14, 144, 345, 349
87, 1, 11, 315, 38, 339
87, 2, 1038, 250, 1207, 355
88, 0, 41, 150, 159, 325
88, 1, 232, 265, 343, 325
88, 2, 1096, 214, 1213, 326
89, 0, 21, 220, 346, 347
89, 1, 1125, 174, 1224, 327
90, 0, 57, 222, 247, 359
90, 1, 1176, 185, 1228, 356
91, 0, 38, 260, 223, 361
91, 1, 1196, 180, 1223, 252
93, 0, 1150, 179, 1219, 280
94, 0, 1068, 219, 1214, 363
95, 0, 1076, 245, 1202, 345
96, 0, 1081, 258, 1199, 340
98, 0, 1117, 281, 1211, 332
105, 0, 29, 91, 93, 140
110, 0, 63, 180, 277, 345
113, 0, 44, 27, 118, 105
116, 0, 58, 316, 165, 347
117, 0, 50, 216, 123, 347
117, 1, 875, 43, 973, 255
118, 0, 975, 40, 1019, 137
119, 0, 43, 23, 178, 225
119, 1, 980, 237, 1039, 314
119, 2, 973, 33, 1042, 178
120, 0, 910, 17, 1142, 224
120, 1, 959, 248, 1154, 341
121, 0, 52, 133, 111, 362
121, 1, 1011, 21, 1085, 67
121, 2, 991, 92, 1124, 231
121, 3, 1070, 235, 1185, 341
122, 0, 36, 52, 174, 301
122, 1, 1008, 24, 1160, 253
122, 2, 1110, 225, 1167, 340
123, 0, 29, 161, 177, 315
123, 1, 1024, 64, 1181, 136
123, 2, 1137, 215, 1192, 337
124, 0, 59, 167, 205, 218
124, 1, 1042, 21, 1165, 249
125, 0, 13, 20, 147, 58
125, 1, 44, 116, 192, 238
125, 2, 1061, 20, 1121, 282
126, 0, 40, 113, 193, 301
126, 1, 1086, 37, 1158, 246
127, 0, 39, 183, 186, 340
128, 0, 48, 174, 137, 326
128, 1, 908, 34, 1009, 153
129, 0, 57, 199, 81, 276
129, 1, 989, 43, 1136, 163
130, 0, 958, 34, 1106, 160
130, 1, 1128, 216, 1194, 338
131, 0, 967, 119, 1092, 328
131, 1, 982, 12, 1214, 346
132, 0, 1022, 255, 1195, 364
132, 1, 1067, 14, 1212, 120
132, 2, 1072, 116, 1220, 247
133, 0, 945, 12, 1146, 165
133, 1, 999, 202, 1216, 328
134, 0, 988, 174, 1110, 362
134, 1, 898, 29, 1178, 178
135, 0, 958, 128, 1130, 335
135, 1, 993, 35, 1143, 203
136, 0, 874, 67, 1127, 363
136, 1, 995, 25, 1153, 238
137, 0, 848, 122, 1012, 245
137, 1, 983, 36, 1148, 120
138, 0, 881, 121, 1138, 296
138, 1, 1019, 38, 1114, 123
139, 0, 876, 108, 1152, 297
139, 1, 982, 31, 1143, 126
140, 0, 864, 60, 1176, 296
141, 0, 911, 43, 1212, 181
141, 1, 921, 130, 1095, 308
142, 0, 885, 191, 988, 260
142, 1, 982, 236, 1096, 322
142, 2, 965, 47, 1218, 181
143, 0, 924, 27, 1214, 299
144, 0, 58, 90, 64, 226
144, 1, 940, 190, 1195, 346
144, 2, 939, 47, 1224, 159
145, 0, 962, 78, 1187, 338
146, 0, 949, 127, 1224, 309
146, 1, 1101, 73, 1184, 136
147, 0, 1043, 93, 1206, 358
148, 0, 1033, 241, 1128, 327
148, 1, 1156, 204, 1194, 327
151, 0, 286, 256, 377, 340
153, 0, 194, 223, 296, 341
154, 0, 166, 249, 327, 315
155, 0, 144, 169, 275, 345
156, 0, 42, 186, 189, 350
157, 0, 70, 189, 164, 314
158, 0, 68, 202, 122, 331
158, 1, 938, 55, 1080, 133
160, 0, 742, 12, 952, 159
160, 1, 718, 293, 851, 354
160, 2, 1044, 207, 1081, 328
161, 0, 1034, 178, 1121, 303
162, 0, 1060, 62, 1141, 103
163, 0, 910, 22, 1157, 292
164, 0, 937, 136, 1079, 262
164, 1, 1116, 129, 1221, 243
164, 2, 1115, 14, 1209, 97
165, 0, 958, 142, 1013, 324
165, 1, 1022, 23, 1168, 240
165, 2, 1115, 265, 1198, 326
166, 0, 175, 171, 310, 319
166, 1, 774, 317, 820, 356
166, 2, 973, 126, 1209, 237
166, 3, 1050, 17, 1184, 78
167, 0, 85, 221, 199, 325
167, 1, 160, 160, 335, 281
167, 2, 576, 254, 946, 362
167, 3, 964, 180, 1071, 239
167, 4, 1160, 46, 1195, 81
168, 0, 87, 170, 290, 337
168, 1, 576, 255, 634, 364
168, 2, 754, 285, 966, 352
169, 0, 45, 156, 284, 345
170, 0, 57, 173, 278, 356
170, 1, 474, 268, 709, 357
170, 2, 835, 294, 1014, 360
171, 0, 112, 198, 224, 327
171, 1, 561, 250, 715, 355
172, 0, 64, 94, 162, 350
172, 1, 842, 299, 929, 354
176, 0, 197, 172, 286, 204
178, 0, 133, 187, 198, 228
182, 0, 50, 203, 280, 295
184, 0, 62, 256, 129, 340
184, 1, 846, 138, 996, 300
184, 2, 1009, 40, 1189, 76
185, 0, 841, 114, 991, 204
186, 0, 1022, 157, 1099, 319
187, 0, 902, 39, 1154, 332
188, 0, 920, 55, 1184, 341
188, 1, 1098, 18, 1201, 93
189, 0, 854, 313, 1061, 339
189, 1, 939, 19, 1189, 347
189, 2, 1055, 33, 1195, 96
190, 0, 147, 232, 292, 344
190, 1, 960, 31, 1223, 362
191, 0, 1024, 28, 1222, 358
192, 0, 39, 175, 481, 351
192, 1, 1039, 31, 1214, 264
192, 2, 1128, 287, 1190, 357
193, 0, 21, 141, 414, 362
193, 1, 1092, 29, 1205, 219
194, 0, 36, 167, 381, 364
194, 1, 677, 304, 721, 350
194, 2, 1149, 27, 1214, 148
195, 0, 33, 153, 370, 352
195, 1, 691, 302, 727, 358
196, 0, 35, 25, 130, 47
196, 1, 21, 145, 874, 357
196, 2, 666, 21, 980, 69
196, 3, 1118, 246, 1195, 312
197, 0, 37, 229, 278, 351
198, 0, 38, 279, 179, 353
204, 0, 825, 151, 1097, 349
205, 0, 487, 277, 647, 337
205, 1, 860, 245, 1078, 352
206, 0, 988, 262, 1080, 303
210, 0, 45, 262, 175, 331
211, 0, 988, 14, 1147, 53
211, 1, 1029, 125, 1130, 333
212, 0, 962, 55, 1152, 333
213, 0, 964, 137, 1146, 311
214, 0, 977, 116, 1170, 312
215, 0, 1097, 120, 1193, 287
216, 0, 1059, 117, 1184, 246
217, 0, 1054, 30, 1158, 55
217, 1, 1068, 100, 1187, 192
218, 0, 1022, 15, 1202, 182
219, 0, 965, 246, 1179, 352
220, 0, 1040, 259, 1185, 328
222, 0, 1098, 179, 1181, 343
224, 0, 1106, 159, 1209, 339
226, 0, 51, 161, 133, 352
226, 1, 956, 27, 1064, 160
226, 2, 960, 181, 1117, 351
226, 3, 1142, 81, 1216, 180
227, 0, 993, 120, 1038, 205
228, 0, 939, 62, 1068, 181
229, 0, 52, 230, 168, 349
229, 1, 324, 293, 374, 344
229, 2, 1050, 26, 1117, 250
230, 0, 1054, 25, 1208, 326
231, 0, 380, 191, 511, 358
231, 1, 1087, 24, 1221, 168
231, 2, 1142, 200, 1220, 288
232, 0, 1068, 255, 1189, 290
232, 1, 1150, 31, 1203, 194
233, 0, 268, 185, 413, 343
233, 1, 1075, 285, 1199, 349
234, 0, 53, 179, 406, 318
235, 0, 48, 169, 406, 360
236, 0, 130, 168, 401, 356
237, 0, 62, 140, 320, 330
238, 0, 30, 159, 339, 340
239, 0, 37, 257, 88, 268
239, 1, 35, 139, 342, 352
240, 0, 47, 167, 290, 349
241, 0, 10, 175, 220, 349
241, 1, 1142, 182, 1153, 330
242, 0, 41, 159, 128, 302
243, 0, 997, 14, 1163, 88
245, 0, 1047, 14, 1114, 88
246, 0, 38, 13, 64, 54
246, 1, 1060, 32, 1149, 115
247, 0, 1089, 21, 1159, 112
249, 0, 18, 116, 63, 185
249, 1, 1068, 293, 1200, 357
249, 2, 1112, 10, 1202, 76
260, 0, 1037, 255, 1147, 350
261, 0, 746, 332, 805, 360
261, 1, 908, 269, 1173, 350
262, 0, 754, 283, 1181, 354
264, 0, 962, 245, 1192, 349
280, 0, 1065, 254, 1180, 362
281, 0, 1093, 284, 1181, 353
284, 0, 230, 196, 325, 256
284, 1, 857, 279, 996, 349
284, 2, 1085, 78, 1170, 184
285, 0, 61, 220, 98, 313
285, 1, 205, 189, 323, 239
285, 2, 1086, 83, 1195, 300
286, 0, 60, 113, 299, 270
286, 1, 51, 284, 272, 347
286, 2, 1085, 102, 1186, 230
287, 0, 161, 181, 277, 306
287, 1, 1117, 66, 1203, 213
288, 0, 125, 138, 252, 331
288, 1, 1159, 71, 1207, 207
289, 0, 597, 337, 756, 359
291, 0, 739, 248, 946, 357
293, 0, 33, 135, 126, 302
293, 1, 1059, 328, 1183, 354
294, 0, 44, 180, 106, 314
294, 1, 780, 245, 952, 327
294, 2, 1038, 338, 1142, 363
295, 0, 749, 246, 925, 340
296, 0, 39, 75, 82, 209
303, 0, 74, 166, 198, 298
303, 1, 955, 12, 1200, 186
304, 0, 53, 211, 205, 350
305, 0, 98, 186, 167, 303
305, 1, 1038, 32, 1129, 108
306, 0, 1106, 30, 1218, 93
307, 0, 47, 181, 137, 295
307, 1, 1113, 23, 1193, 90
308, 0, 52, 222, 146, 344
308, 1, 892, 263, 978, 330
309, 0, 43, 174, 172, 308
309, 1, 846, 249, 930, 362
310, 0, 864, 283, 983, 347
310, 1, 1158, 240, 1182, 334
311, 0, 681, 259, 919, 353
311, 1, 975, 153, 1218, 361
312, 0, 711, 286, 817, 359
312, 1, 974, 215, 1040, 312
313, 0, 659, 258, 874, 356
313, 1, 973, 164, 1047, 353
313, 2, 1131, 263, 1170, 356
314, 0, 640, 174, 1180, 359
315, 0, 811, 150, 1190, 360
316, 0, 642, 263, 884, 340
316, 1, 952, 270, 1031, 350
316, 2, 1111, 178, 1178, 345
317, 0, 651, 283, 720, 328
317, 1, 808, 170, 1165, 354
318, 0, 587, 292, 699, 350
318, 1, 815, 265, 1083, 356
319, 0, 596, 292, 646, 359
319, 1, 763, 199, 1145, 363
319, 2, 1135, 242, 1192, 299
320, 0, 596, 276, 758, 364
320, 1, 950, 169, 1212, 362
321, 0, 602, 238, 692, 342
321, 1, 848, 273, 1016, 365
321, 2, 1109, 261, 1162, 355
322, 0, 629, 297, 830, 359
322, 1, 1063, 309, 1137, 343
323, 0, 875, 244, 978, 357
324, 0, 738, 241, 998, 348
324, 1, 1086, 139, 1175, 273
325, 0, 560, 300, 661, 334
326, 0, 564, 282, 678, 363
326, 1, 915, 260, 1106, 364
327, 0, 593, 172, 1104, 365
328, 0, 550, 239, 708, 362
328, 1, 757, 251, 1092, 358
329, 0, 598, 264, 1030, 364
330, 0, 541, 255, 1031, 358
331, 0, 860, 296, 1048, 354
332, 0, 577, 258, 929, 363
332, 1, 1018, 230, 1037, 312
333, 0, 632, 199, 939, 363
333, 1, 869, 162, 928, 266
334, 0, 629, 252, 929, 361
335, 0, 615, 262, 806, 354
335, 1, 883, 266, 944, 354
336, 0, 640, 264, 767, 349
337, 0, 574, 181, 985, 361
337, 1, 901, 152, 1048, 320
338, 0, 502, 237, 1029, 361
338, 1, 897, 171, 958, 230
339, 0, 620, 267, 832, 355
340, 0, 550, 289, 728, 357
340, 1, 786, 199, 948, 362
340, 2, 938, 192, 1045, 357
341, 0, 607, 169, 1007, 364
342, 0, 743, 252, 1012, 357
343, 0, 755, 185, 830, 211
343, 1, 747, 285, 1047, 365
344, 0, 507, 140, 1030, 364
345, 0, 501, 236, 986, 357
345, 1, 809, 155, 941, 186
346, 0, 20, 143, 50, 206
346, 1, 460, 141, 997, 357
347, 0, 494, 160, 880, 355
348, 0, 573, 277, 967, 361
348, 1, 744, 161, 823, 233
349, 0, 715, 288, 910, 360
350, 0, 488, 248, 944, 363
350, 1, 732, 161, 860, 296
351, 0, 621, 179, 962, 362
352, 0, 450, 184, 932, 352
353, 0, 48, 187, 194, 355
353, 1, 513, 187, 924, 364
354, 0, 489, 272, 780, 359
354, 1, 741, 185, 878, 342
355, 0, 487, 263, 788, 347
355, 1, 679, 175, 762, 301
356, 0, 444, 279, 756, 337
357, 0, 476, 279, 708, 339
358, 0, 563, 256, 801, 359
359, 0, 417, 280, 804, 362
360, 0, 601, 316, 698, 356
360, 1, 588, 184, 651, 287
360, 2, 1072, 327, 1135, 350
361, 0, 396, 239, 726, 355
362, 0, 393, 243, 571, 361
362, 1, 592, 252, 700, 351
363, 0, 415, 279, 622, 357
364, 0, 348, 290, 625, 356
365, 0, 340, 228, 644, 350
366, 0, 342, 278, 613, 356
367, 0, 318, 298, 561, 358
368, 0, 325, 190, 537, 350
369, 0, 417, 249, 557, 364
370, 0, 332, 219, 553, 349
371, 0, 350, 300, 450, 347
371, 1, 412, 213, 538, 335
372, 0, 255, 233, 366, 333
372, 1, 462, 258, 519, 363
373, 0, 281, 302, 370, 356
373, 1, 340, 183, 558, 352
374, 0, 243, 221, 493, 363
375, 0, 262, 220, 536, 348
376, 0, 187, 233, 477, 356
377, 0, 198, 174, 528, 352
378, 0, 39, 267, 77, 341
378, 1, 172, 291, 279, 356
378, 2, 256, 181, 556, 350
379, 0, 162, 299, 428, 352
380, 0, 214, 179, 322, 356
380, 1, 313, 227, 407, 317
381, 0, 68, 166, 484, 354
381, 1, 669, 333, 837, 353
382, 0, 52, 178, 329, 344
383, 0, 34, 179, 308, 339
384, 0, 44, 92, 272, 347
385, 0, 52, 93, 128, 203
386, 0, 66, 191, 196, 321
387, 0, 57, 104, 184, 364
396, 0, 44, 184, 158, 228
400, 0, 250, 201, 341, 309
401, 0, 228, 179, 338, 358
402, 0, 182, 163, 318, 336
403, 0, 158, 166, 327, 350
404, 0, 85, 165, 334, 364
405, 0, 45, 167, 252, 284
405, 1, 106, 288, 179, 354
406, 0, 53, 183, 333, 352
407, 0, 43, 185, 271, 321
408, 0, 11, 163, 83, 335
409, 0, 13, 215, 80, 346
410, 0, 32, 188, 74, 304
410, 1, 836, 335, 910, 360
421, 0, 26, 272, 127, 351
424, 0, 27, 68, 117, 278
427, 0, 68, 210, 268, 359
428, 0, 950, 29, 998, 139
429, 0, 10, 219, 257, 353
429, 1, 947, 24, 1035, 139
430, 0, 33, 216, 202, 356
430, 1, 994, 22, 1064, 90
430, 2, 1070, 255, 1154, 343
431, 0, 43, 239, 202, 356
431, 1, 986, 194, 1192, 323
432, 0, 64, 244, 171, 357
432, 1, 1115, 261, 1215, 344
433, 0, 53, 260, 126, 350
433, 1, 1004, 201, 1160, 292
433, 2, 1029, 24, 1181, 140
434, 0, 1130, 250, 1181, 349
435, 0, 1044, 240, 1210, 344
446, 0, 1003, 163, 1202, 343
447, 0, 1031, 233, 1156, 342
448, 0, 1029, 185, 1196, 312
448, 1, 1148, 32, 1205, 111
449, 0, 51, 19, 121, 77
449, 1, 31, 162, 334, 334
449, 2, 449, 13, 855, 98
449, 3, 427, 328, 740, 353
449, 4, 940, 220, 1192, 346
449, 5, 1049, 34, 1179, 83
450, 0, 39, 185, 95, 260
450, 1, 62, 12, 273, 144
450, 2, 977, 223, 1204, 338
451, 0, 1010, 191, 1215, 346
452, 0, 861, 285, 1104, 339
452, 1, 942, 32, 1178, 335
453, 0, 990, 101, 1067, 209
453, 1, 1044, 14, 1159, 47
453, 2, 1074, 220, 1150, 350
454, 0, 38, 153, 257, 224
454, 1, 150, 22, 240, 94
454, 2, 1030, 243, 1163, 336
454, 3, 999, 202, 1140, 277
454, 4, 1066, 15, 1163, 177
455, 0, 50, 23, 219, 135
455, 1, 1022, 205, 1169, 283
455, 2, 1080, 319, 1128, 355
456, 0, 64, 42, 217, 141
456, 1, 896, 19, 1226, 160
456, 2, 1044, 194, 1196, 291
457, 0, 11, 26, 204, 103
457, 1, 54, 229, 148, 326
457, 2, 968, 180, 1187, 301
457, 3, 1010, 317, 1175, 352
457, 4, 1023, 36, 1175, 95
458, 0, 15, 35, 184, 128
458, 1, 612, 328, 792, 331
458, 2, 987, 292, 1201, 363
459, 0, 43, 33, 158, 195
459, 1, 926, 83, 1214, 362
460, 0, 36, 73, 193, 350
460, 1, 894, 12, 1172, 156
460, 2, 986, 264, 1179, 352
460, 3, 1047, 202, 1183, 239
461, 0, 30, 46, 272, 121
461, 1, 1005, 10, 1161, 113
461, 2, 1047, 194, 1189, 354
462, 0, 42, 207, 365, 349
462, 1, 911, 29, 1107, 139
463, 0, 77, 276, 120, 350
463, 1, 923, 21, 1026, 95
463, 2, 1062, 33, 1148, 144
464, 0, 94, 20, 164, 163
464, 1, 985, 22, 1045, 67
465, 0, 33, 19, 136, 86
465, 1, 999, 21, 1204, 335
466, 0, 27, 29, 138, 142
466, 1, 902, 164, 1171, 346
466, 2, 1001, 18, 1128, 156
467, 0, 71, 27, 159, 88
467, 1, 998, 88, 1188, 192
467, 2, 1072, 26, 1107, 50
468, 0, 991, 88, 1213, 208
468, 1, 1081, 17, 1160, 36
469, 0, 1152, 91, 1202, 154
470, 0, 1036, 198, 1196, 352
470, 1, 1133, 10, 1204, 120
473, 0, 1134, 230, 1226, 344
474, 0, 1082, 27, 1167, 248
474, 1, 1155, 315, 1226, 337
475, 0, 1175, 294, 1212, 342
476, 0, 1163, 88, 1228, 334
479, 0, 40, 46, 84, 93
484, 0, 297, 223, 346, 269
485, 0, 278, 206, 375, 335
486, 0, 271, 202, 302, 344
487, 0, 193, 205, 325, 364
488, 0, 181, 202, 286, 354
489, 0, 73, 220, 244, 326
490, 0, 20, 189, 415, 345
491, 0, 44, 211, 238, 344
492, 0, 29, 210, 162, 304
493, 0, 65, 281, 126, 310
493, 1, 510, 315, 602, 345
494, 0, 421, 315, 602, 350
494, 1, 1001, 18, 1136, 139
495, 0, 288, 210, 361, 239
495, 1, 377, 338, 533, 355
496, 0, 207, 198, 340, 331
497, 0, 144, 198, 359, 340
498, 0, 115, 187, 402, 365
498, 1, 1035, 14, 1191, 98
499, 0, 10, 200, 289, 357
500, 0, 45, 207, 412, 350
501, 0, 31, 218, 220, 353
504, 0, 248, 246, 317, 350
505, 0, 235, 201, 308, 352
506, 0, 193, 195, 316, 353
506, 1, 174, 327, 229, 357
507, 0, 170, 173, 317, 344
508, 0, 33, 243, 140, 357
508, 1, 159, 175, 285, 354
509, 0, 24, 173, 287, 347
510, 0, 47, 173, 226, 354
511, 0, 35, 185, 307, 358
512, 0, 20, 190, 319, 358
514, 0, 223, 309, 324, 357
515, 0, 195, 311, 296, 354
517, 0, 751, 316, 857, 363
519, 0, 190, 310, 238, 356
525, 0, 221, 240, 283, 287
525, 1, 746, 200, 873, 354
526, 0, 744, 278, 869, 346
528, 0, 182, 241, 261, 354
528, 1, 741, 200, 897, 359
530, 0, 849, 271, 910, 363
535, 0, 200, 311, 355, 347
535, 1, 1054, 97, 1144, 172
536, 0, 197, 321, 310, 355
536, 1, 1075, 96, 1166, 174
537, 0, 181, 289, 247, 354
537, 1, 874, 173, 1206, 356
537, 2, 1104, 36, 1146, 135
538, 0, 164, 330, 202, 358
538, 1, 1122, 16, 1185, 204
539, 0, 1139, 76, 1199, 242
542, 0, 910, 240, 967, 357
542, 1, 1174, 37, 1218, 158
543, 0, 140, 244, 244, 351
543, 1, 815, 240, 978, 339
543, 2, 1070, 314, 1182, 358
548, 0, 928, 324, 1011, 362
551, 0, 817, 283, 936, 358
552, 0, 197, 242, 262, 351
555, 0, 775, 241, 1001, 362
556, 0, 779, 265, 1041, 361
557, 0, 975, 258, 1098, 361
558, 0, 857, 257, 1021, 362
559, 0, 843, 260, 1053, 361
560, 0, 822, 321, 1046, 357
561, 0, 825, 282, 1015, 365
564, 0, 299, 309, 459, 361
564, 1, 764, 286, 990, 360
565, 0, 755, 289, 1030, 357
566, 0, 786, 282, 942, 361
570, 0, 827, 283, 970, 360
572, 0, 877, 220, 989, 342
573, 0, 881, 306, 957, 364
574, 0, 900, 286, 994, 342
575, 0, 881, 301, 969, 356
577, 0, 824, 165, 967, 330
578, 0, 797, 240, 957, 359
579, 0, 947, 321, 984, 356
583, 0, 883, 275, 976, 360
584, 0, 920, 324, 999, 362
586, 0, 36, 208, 147, 351
586, 1, 380, 203, 503, 328
586, 2, 908, 283, 1076, 361
588, 0, 784, 215, 945, 337
590, 0, 1178, 268, 1223, 310
594, 0, 1141, 260, 1222, 328
594, 1, 1162, 156, 1209, 211
597, 0, 816, 258, 979, 345
597, 1, 1091, 239, 1206, 307
598, 0, 875, 256, 980, 347
599, 0, 868, 293, 977, 344
602, 0, 739, 302, 883, 351
606, 0, 1123, 227, 1220, 336
611, 0, 721, 214, 870, 347
611, 1, 1053, 158, 1094, 236
611, 2, 1186, 204, 1220, 345
612, 0, 660, 291, 766, 348
612, 1, 834, 216, 899, 347
612, 2, 1036, 161, 1220, 352
613, 0, 639, 290, 814, 349
613, 1, 1052, 162, 1085, 232
613, 2, 1083, 279, 1154, 348
614, 0, 670, 278, 773, 348
614, 1, 1026, 197, 1116, 346
615, 0, 847, 276, 900, 361
616, 0, 981, 159, 1104, 302
617, 0, 997, 156, 1213, 362
618, 0, 993, 148, 1143, 243
620, 0, 180, 182, 305, 302
620, 1, 966, 170, 1145, 322
621, 0, 180, 166, 315, 328
621, 1, 689, 169, 880, 299
621, 2, 939, 143, 1150, 361
622, 0, 955, 151, 972, 220
623, 0, 158, 269, 253, 345
623, 1, 214, 165, 263, 211
623, 2, 914, 141, 1122, 243
624, 0, 151, 169, 250, 343
624, 1, 872, 168, 1200, 357
625, 0, 137, 181, 276, 348
625, 1, 649, 161, 765, 258
625, 2, 862, 237, 1188, 363
625, 3, 891, 137, 1105, 297
626, 0, 1037, 209, 1187, 360
627, 0, 855, 140, 1135, 361
628, 0, 115, 203, 262, 350
628, 1, 863, 143, 1201, 365
629, 0, 112, 201, 204, 322
629, 1, 851, 159, 1099, 363
630, 0, 97, 199, 203, 351
630, 1, 839, 145, 1211, 365
631, 0, 79, 203, 291, 364
631, 1, 808, 163, 1212, 359
632, 0, 1143, 221, 1212, 358
633, 0, 70, 224, 208, 353
633, 1, 833, 157, 1054, 360
633, 2, 1115, 199, 1192, 354
634, 0, 71, 222, 111, 353
634, 1, 837, 180, 1006, 356
634, 2, 1114, 221, 1206, 356
635, 0, 68, 218, 164, 239
635, 1, 842, 196, 1013, 359
635, 2, 1089, 197, 1206, 357
636, 0, 820, 150, 1032, 362
636, 1, 1079, 221, 1176, 257
637, 0, 867, 319, 977, 359
637, 1, 1045, 198, 1092, 259
638, 0, 15, 204, 148, 301
638, 1, 1026, 217, 1157, 350
639, 0, 40, 201, 157, 356
639, 1, 880, 164, 955, 261
640, 0, 30, 229, 176, 356
640, 1, 893, 190, 1162, 363
641, 0, 889, 224, 1099, 341
642, 0, 67, 217, 152, 359
643, 0, 25, 176, 153, 325
643, 1, 40, 316, 128, 356
643, 2, 803, 188, 1080, 362
644, 0, 43, 180, 139, 356
644, 1, 943, 158, 1047, 298
645, 0, 820, 160, 941, 221
646, 0, 40, 185, 112, 347
646, 1, 802, 202, 1025, 364
646, 2, 931, 152, 1002, 297
647, 0, 808, 149, 927, 219
647, 1, 812, 319, 905, 342
648, 0, 856, 298, 1040, 362
649, 0, 32, 175, 94, 303
649, 1, 754, 194, 1040, 362
650, 0, 33, 262, 74, 353
650, 1, 740, 175, 1055, 362
651, 0, 798, 216, 990, 362
651, 1, 901, 158, 945, 224
652, 0, 707, 269, 908, 359
654, 0, 864, 171, 958, 276
655, 0, 760, 173, 914, 282
656, 0, 770, 236, 912, 300
658, 0, 628, 238, 1000, 361
658, 1, 740, 163, 882, 240
659, 0, 758, 174, 865, 300
660, 0, 653, 319, 725, 361
660, 1, 830, 193, 867, 260
661, 0, 340, 223, 445, 301
661, 1, 640, 177, 972, 341
662, 0, 783, 155, 874, 300
663, 0, 723, 219, 919, 300
664, 0, 709, 268, 829, 290
665, 0, 408, 201, 521, 290
666, 0, 294, 242, 544, 290
666, 1, 610, 258, 789, 362
667, 0, 620, 273, 745, 362
668, 0, 385, 257, 729, 340
668, 1, 732, 169, 879, 299
669, 0, 609, 303, 664, 363
670, 0, 662, 168, 841, 319
670, 1, 1200, 202, 1221, 281
671, 0, 233, 261, 379, 330
672, 0, 225, 174, 541, 328
672, 1, 621, 164, 848, 320
672, 2, 1193, 173, 1223, 234
673, 0, 1145, 277, 1219, 357
674, 0, 667, 241, 741, 341
674, 1, 1140, 159, 1211, 357
675, 0, 201, 179, 520, 345
675, 1, 605, 160, 739, 305
675, 2, 1060, 121, 1218, 361
676, 0, 1093, 136, 1215, 320
677, 0, 186, 220, 320, 347
677, 1, 678, 278, 733, 341
677, 2, 1053, 240, 1221, 356
677, 3, 1103, 137, 1169, 256
678, 0, 175, 198, 311, 346
678, 1, 442, 159, 721, 361
678, 2, 1065, 145, 1212, 338
679, 0, 1072, 169, 1153, 296
680, 0, 148, 197, 256, 358
680, 1, 552, 278, 707, 362
680, 2, 1000, 141, 1201, 356
681, 0, 591, 274, 708, 320
681, 1, 960, 160, 1204, 361
682, 0, 123, 305, 159, 347
682, 1, 508, 278, 674, 364
682, 2, 941, 277, 1189, 359
682, 3, 1004, 142, 1104, 250
683, 0, 996, 165, 1131, 361
685, 0, 60, 280, 101, 349
685, 1, 172, 196, 216, 273
685, 2, 960, 215, 1085, 352
686, 0, 47, 220, 202, 355
686, 1, 920, 279, 1085, 361
686, 2, 975, 154, 1051, 242
687, 0, 32, 242, 207, 344
687, 1, 920, 196, 1010, 360
688, 0, 38, 269, 150, 365
688, 1, 173, 188, 369, 365
688, 2, 497, 271, 620, 355
688, 3, 952, 155, 1003, 275
689, 0, 40, 189, 187, 345
689, 1, 947, 162, 1051, 355
690, 0, 920, 154, 979, 240
691, 0, 30, 194, 319, 359
691, 1, 914, 191, 1048, 339
692, 0, 65, 190, 131, 288
693, 0, 972, 275, 1009, 321
694, 0, 20, 279, 61, 337
694, 1, 49, 185, 319, 359
694, 2, 525, 221, 551, 324
695, 0, 45, 184, 109, 241
695, 1, 140, 314, 323, 359
695, 2, 462, 196, 561, 296
695, 3, 903, 156, 1062, 319
696, 0, 141, 314, 275, 358
698, 0, 419, 222, 562, 301
702, 0, 21, 177, 167, 263
702, 1, 416, 160, 506, 240
702, 2, 855, 141, 973, 301
704, 0, 426, 260, 509, 346
705, 0, 423, 242, 523, 346
706, 0, 406, 261, 511, 347
706, 1, 839, 154, 953, 302
706, 2, 1113, 132, 1182, 184
708, 0, 27, 217, 136, 290
710, 0, 357, 182, 511, 347
710, 1, 820, 180, 928, 303
710, 2, 1037, 239, 1090, 304
710, 3, 1069, 148, 1111, 239
715, 0, 64, 184, 170, 303
715, 1, 989, 179, 1051, 254
716, 0, 56, 185, 144, 347
717, 0, 62, 184, 140, 331
718, 0, 1069, 242, 1173, 335
720, 0, 954, 291, 1016, 359
721, 0, 44, 184, 290, 352
722, 0, 30, 185, 288, 333
723, 0, 28, 186, 269, 355
723, 1, 1032, 198, 1115, 349
724, 0, 49, 187, 174, 277
725, 0, 81, 300, 134, 347
726, 0, 10, 204, 243, 357
726, 1, 1009, 236, 1064, 305
727, 0, 22, 198, 190, 351
728, 0, 19, 273, 64, 348
728, 1, 66, 192, 192, 348
728, 2, 1042, 148, 1199, 348
729, 0, 67, 198, 100, 332
729, 1, 1060, 194, 1155, 345
730, 0, 68, 187, 91, 212
730, 1, 1099, 211, 1170, 346
731, 0, 48, 166, 94, 340
731, 1, 1047, 173, 1212, 353
732, 0, 48, 153, 194, 263
732, 1, 1036, 146, 1199, 355
733, 0, 33, 161, 170, 267
733, 1, 37, 291, 108, 334
733, 2, 1043, 171, 1167, 250
733, 3, 1059, 309, 1209, 355
734, 0, 103, 188, 175, 357
734, 1, 1062, 145, 1209, 354
735, 0, 95, 187, 162, 252
735, 1, 1064, 143, 1198, 352
737, 0, 1046, 185, 1131, 236
739, 0, 19, 194, 228, 354
739, 1, 1028, 140, 1161, 351
740, 0, 10, 180, 201, 350
740, 1, 1051, 327, 1148, 355
740, 2, 1048, 137, 1133, 309
741, 0, 26, 162, 220, 354
741, 1, 1018, 329, 1140, 355
741, 2, 1060, 139, 1143, 308
742, 0, 19, 145, 255, 355
742, 1, 998, 146, 1160, 356
743, 0, 1013, 149, 1137, 259
744, 0, 26, 246, 252, 355
744, 1, 994, 293, 1091, 359
744, 2, 1038, 150, 1181, 332
745, 0, 22, 141, 230, 355
745, 1, 1034, 306, 1093, 357
745, 2, 1064, 197, 1189, 353
746, 0, 1067, 191, 1169, 321
747, 0, 1066, 191, 1190, 327
748, 0, 20, 164, 160, 314
748, 1, 862, 268, 922, 339
749, 0, 16, 156, 157, 339
749, 1, 540, 312, 624, 358
749, 2, 1175, 138, 1199, 247
750, 0, 19, 157, 163, 358
750, 1, 845, 271, 938, 349
750, 2, 1102, 294, 1194, 351
751, 0, 25, 181, 99, 286
751, 1, 866, 309, 982, 361
752, 0, 1126, 132, 1229, 282
753, 0, 888, 297, 990, 349
755, 0, 880, 311, 1001, 355
756, 0, 901, 250, 1012, 356
759, 0, 921, 263, 1046, 359
766, 0, 961, 252, 1015, 336
768, 0, 971, 253, 1073, 351
769, 0, 909, 86, 1076, 280
770, 0, 997, 215, 1137, 350
772, 0, 287, 12, 807, 74
772, 1, 330, 268, 531, 340
773, 0, 363, 227, 496, 341
774, 0, 311, 184, 412, 343
774, 1, 1005, 15, 1168, 211
775, 0, 282, 161, 465, 364
775, 1, 887, 175, 945, 327
775, 2, 1004, 256, 1181, 345
775, 3, 1011, 19, 1097, 186
776, 0, 191, 164, 283, 332
776, 1, 955, 238, 1192, 341
776, 2, 993, 36, 1126, 216
777, 0, 132, 255, 212, 337
777, 1, 1024, 249, 1167, 345
777, 2, 976, 38, 1165, 245
778, 0, 46, 76, 118, 103
778, 1, 22, 262, 55, 315
778, 2, 64, 145, 350, 306
778, 3, 1014, 27, 1205, 324
779, 0, 13, 125, 221, 305
779, 1, 12, 298, 87, 363
779, 2, 1027, 238, 1126, 344
779, 3, 1074, 96, 1191, 276
780, 0, 45, 105, 239, 320
781, 0, 65, 188, 148, 291
782, 0, 131, 302, 189, 329
783, 0, 830, 334, 954, 350
784, 0, 86, 130, 308, 225
784, 1, 86, 231, 181, 338
785, 0, 882, 327, 986, 349
786, 0, 232, 166, 308, 247
787, 0, 209, 158, 475, 354
787, 1, 557, 229, 1144, 356
787, 2, 1142, 23, 1190, 92
788, 0, 241, 150, 291, 197
788, 1, 646, 276, 1163, 362
789, 0, 168, 150, 262, 318
791, 0, 161, 86, 237, 309
797, 0, 199, 157, 319, 279
798, 0, 60, 131, 354, 228
799, 0, 43, 155, 222, 239
800, 0, 127, 85, 337, 195
800, 1, 114, 277, 189, 331
801, 0, 131, 88, 319, 243
802, 0, 97, 24, 298, 274
803, 0, 175, 52, 251, 253
804, 0, 148, 130, 216, 299
805, 0, 36, 110, 158, 284
805, 1, 213, 156, 325, 289
806, 0, 32, 53, 253, 204
807, 0, 39, 108, 187, 223
807, 1, 125, 29, 171, 151
807, 2, 843, 15, 913, 89
808, 0, 25, 65, 163, 197
808, 1, 887, 54, 943, 156
809, 0, 22, 104, 119, 204
809, 1, 920, 175, 1077, 320
809, 2, 897, 11, 1044, 124
810, 0, 68, 122, 106, 167
810, 1, 911, 177, 1132, 353
810, 2, 909, 16, 1156, 181
811, 0, 58, 92, 100, 142
811, 1, 226, 316, 249, 342
811, 2, 914, 23, 1159, 182
811, 3, 1019, 229, 1165, 343
812, 0, 219, 304, 259, 361
812, 1, 978, 21, 1190, 191
812, 2, 1002, 217, 1221, 334
813, 0, 115, 29, 213, 161
813, 1, 1031, 23, 1164, 174
813, 2, 1149, 268, 1170, 317
814, 0, 54, 13, 164, 189
814, 1, 183, 285, 334, 347
815, 0, 32, 26, 175, 199
815, 1, 253, 265, 343, 365
816, 0, 41, 51, 190, 118
816, 1, 44, 160, 128, 209
816, 2, 174, 268, 302, 358
817, 0, 98, 76, 179, 168
817, 1, 145, 254, 270, 346
817, 2, 1012, 274, 1107, 351
818, 0, 33, 13, 154, 211
818, 1, 73, 289, 247, 362
818, 2, 978, 262, 1130, 354
818, 3, 1059, 118, 1166, 280
818, 4, 1030, 12, 1205, 163
819, 0, 56, 276, 191, 347
819, 1, 1052, 12, 1214, 177
820, 0, 98, 271, 171, 334
820, 1, 991, 26, 1207, 162
821, 0, 55, 294, 90, 350
821, 1, 1042, 242, 1104, 326
821, 2, 1123, 51, 1176, 122
822, 0, 1031, 31, 1190, 116
823, 0, 1066, 27, 1175, 73
824, 0, 986, 228, 1168, 358
825, 0, 1026, 284, 1209, 347
825, 1, 1085, 31, 1199, 109
826, 0, 901, 282, 1164, 348
829, 0, 1053, 36, 1193, 231
830, 0, 1096, 39, 1204, 124
834, 0, 899, 17, 1038, 192
834, 1, 954, 254, 1102, 355
835, 0, 907, 36, 1063, 177
835, 1, 996, 248, 1133, 360
836, 0, 932, 37, 1123, 180
836, 1, 927, 118, 1135, 340
837, 0, 938, 35, 1143, 209
838, 0, 1013, 47, 1198, 192
839, 0, 1089, 246, 1161, 305
839, 1, 1068, 78, 1179, 185
841, 0, 1120, 25, 1144, 180
842, 0, 1114, 134, 1148, 209
844, 0, 913, 14, 1170, 256
844, 1, 989, 266, 1121, 348
845, 0, 1011, 140, 1183, 223
846, 0, 928, 89, 1209, 280
847, 0, 716, 302, 850, 357
847, 1, 944, 204, 1061, 259
847, 2, 1011, 31, 1214, 196
848, 0, 724, 312, 866, 342
848, 1, 942, 123, 1101, 322
849, 0, 56, 137, 360, 352
849, 1, 714, 308, 846, 356
849, 2, 1003, 125, 1153, 290
849, 3, 964, 15, 1107, 108
850, 0, 994, 188, 1227, 289
850, 1, 987, 60, 1091, 222
851, 0, 738, 316, 895, 355
851, 1, 1028, 179, 1193, 321
852, 0, 973, 231, 1115, 352
853, 0, 104, 242, 223, 328
856, 0, 97, 229, 271, 321
857, 0, 74, 180, 232, 358
858, 0, 85, 240, 181, 296
859, 0, 47, 183, 314, 332
859, 1, 1122, 54, 1197, 110
860, 0, 53, 108, 104, 299
861, 0, 101, 239, 231, 343
862, 0, 79, 251, 205, 343
863, 0, 53, 250, 257, 344
873, 0, 995, 15, 1099, 157
873, 1, 1126, 252, 1191, 340
874, 0, 1063, 44, 1101, 223
875, 0, 1135, 277, 1226, 331
875, 1, 1085, 31, 1145, 220
876, 0, 1118, 29, 1178, 137
879, 0, 1096, 250, 1156, 319
880, 0, 1116, 271, 1170, 336
889, 0, 120, 180, 295, 354
889, 1, 1060, 261, 1158, 340
890, 0, 60, 181, 274, 335
891, 0, 11, 273, 93, 345
892, 0, 64, 186, 168, 363
892, 1, 198, 190, 295, 334
892, 2, 1084, 251, 1173, 333
893, 0, 202, 294, 242, 345
893, 1, 1042, 241, 1182, 319
894, 0, 1121, 285, 1189, 347
898, 0, 263, 182, 490, 226
899, 0, 290, 160, 349, 203
900, 0, 1022, 300, 1132, 338
900, 1, 1135, 229, 1160, 274
901, 0, 302, 159, 414, 245
902, 0, 285, 178, 419, 247
902, 1, 941, 322, 1124, 356
903, 0, 175, 27, 414, 272
903, 1, 1154, 98, 1198, 215
904, 0, 174, 160, 318, 344
905, 0, 128, 159, 214, 293
905, 1, 296, 181, 567, 329
908, 0, 52, 268, 92, 335
908, 1, 63, 137, 307, 337
908, 2, 453, 264, 653, 348
909, 0, 40, 161, 287, 342
909, 1, 414, 202, 600, 351
910, 0, 35, 18, 270, 340
910, 1, 415, 203, 570, 342
910, 2, 679, 121, 724, 183
914, 0, 41, 136, 124, 244
915, 0, 281, 180, 392, 268
917, 0, 35, 124, 138, 247
922, 0, 166, 218, 403, 347
922, 1, 496, 300, 537, 362
923, 0, 43, 138, 233, 282
923, 1, 335, 138, 540, 346
923, 2, 1037, 26, 1103, 73
925, 0, 209, 241, 393, 347
927, 0, 235, 239, 330, 349
928, 0, 119, 178, 592, 349
928, 1, 1138, 71, 1206, 162
931, 0, 272, 262, 470, 337
931, 1, 356, 101, 411, 184
932, 0, 289, 281, 386, 357
932, 1, 1035, 135, 1214, 165
933, 0, 843, 280, 909, 330
934, 0, 11, 279, 43, 365
935, 0, 45, 276, 107, 364
936, 0, 38, 276, 125, 357
937, 0, 90, 273, 184, 359
937, 1, 352, 324, 495, 360
938, 0, 72, 159, 243, 313
938, 1, 161, 317, 210, 362
939, 0, 40, 138, 234, 238
939, 1, 191, 280, 316, 344
939, 2, 442, 278, 607, 358
939, 3, 1039, 142, 1097, 289
940, 0, 157, 158, 223, 205
940, 1, 382, 301, 557, 364
940, 2, 1046, 136, 1087, 190
940, 3, 1051, 217, 1215, 300
941, 0, 56, 117, 609, 360
941, 1, 145, 250, 331, 364
941, 2, 1020, 226, 1096, 318
942, 0, 511, 308, 563, 363
942, 1, 986, 171, 1119, 340
943, 0, 42, 178, 140, 244
943, 1, 70, 297, 197, 363
943, 2, 224, 119, 585, 355
943, 3, 993, 174, 1157, 343
944, 0, 76, 139, 189, 204
944, 1, 1001, 178, 1155, 321
945, 0, 88, 139, 191, 233
945, 1, 161, 158, 379, 359
945, 2, 553, 274, 612, 337
945, 3, 1044, 196, 1108, 304
946, 0, 151, 180, 248, 238
946, 1, 577, 316, 645, 351
946, 2, 1047, 187, 1105, 339
947, 0, 134, 185, 319, 311
947, 1, 330, 180, 436, 252
947, 2, 563, 284, 647, 360
948, 0, 242, 181, 368, 207
948, 1, 567, 323, 675, 354
949, 0, 281, 188, 418, 220
949, 1, 642, 209, 697, 330
950, 0, 269, 179, 760, 363
951, 0, 400, 168, 788, 361
951, 1, 911, 147, 959, 292
952, 0, 401, 169, 716, 362
952, 1, 782, 195, 922, 323
953, 0, 415, 181, 684, 353
953, 1, 741, 191, 905, 301
954, 0, 461, 160, 866, 320
955, 0, 491, 149, 930, 364
956, 0, 514, 151, 886, 364
957, 0, 501, 151, 909, 276
957, 1, 772, 305, 841, 362
958, 0, 672, 181, 883, 362
958, 1, 945, 213, 1006, 260
959, 0, 717, 174, 842, 337
960, 0, 442, 140, 716, 350
960, 1, 728, 163, 902, 364
960, 2, 962, 208, 1042, 257
961, 0, 540, 307, 603, 352
961, 1, 715, 175, 1044, 334
962, 0, 426, 283, 493, 352
962, 1, 574, 120, 1070, 363
963, 0, 555, 263, 610, 347
963, 1, 635, 119, 956, 363
963, 2, 863, 189, 1070, 281
964, 0, 374, 218, 419, 343
964, 1, 548, 138, 815, 362
964, 2, 920, 304, 957, 362
964, 3, 897, 179, 1071, 222
965, 0, 559, 137, 739, 209
965, 1, 731, 300, 760, 361
965, 2, 937, 322, 1012, 350
965, 3, 988, 179, 1070, 199
966, 0, 551, 145, 747, 287
966, 1, 881, 234, 1033, 364
967, 0, 327, 118, 559, 352
967, 1, 558, 119, 809, 349
967, 2, 967, 179, 1059, 361
968, 0, 559, 140, 653, 190
968, 1, 565, 283, 657, 352
968, 2, 934, 191, 1063, 351
969, 0, 550, 132, 636, 205
969, 1, 635, 288, 673, 334
969, 2, 1020, 205, 1093, 344
970, 0, 43, 278, 114, 365
970, 1, 250, 118, 544, 359
970, 2, 514, 222, 678, 353
970, 3, 541, 115, 737, 266
970, 4, 920, 180, 1115, 360
971, 0, 61, 239, 161, 277
971, 1, 537, 127, 647, 190
971, 2, 564, 277, 647, 352
971, 3, 949, 214, 1159, 355
972, 0, 1066, 179, 1210, 349
973, 0, 114, 191, 239, 323
973, 1, 1045, 171, 1162, 274
974, 0, 72, 158, 245, 351
974, 1, 335, 98, 584, 179
974, 2, 443, 263, 541, 353
974, 3, 1134, 292, 1202, 361
974, 4, 1117, 161, 1185, 277
975, 0, 31, 180, 211, 304
975, 1, 137, 316, 211, 347
975, 2, 303, 153, 449, 355
975, 3, 527, 109, 597, 186
975, 4, 498, 285, 519, 341
975, 5, 1031, 261, 1215, 357
975, 6, 1120, 177, 1201, 213
976, 0, 30, 142, 159, 313
976, 1, 473, 228, 549, 356
976, 2, 534, 109, 577, 197
976, 3, 1117, 193, 1191, 337
977, 0, 88, 287, 135, 364
977, 1, 57, 153, 535, 361
977, 2, 497, 121, 566, 210
977, 3, 1119, 197, 1203, 347
978, 0, 124, 283, 213, 357
978, 1, 68, 181, 327, 273
978, 2, 340, 124, 570, 352
979, 0, 55, 118, 497, 334
979, 1, 77, 265, 223, 364
980, 0, 53, 96, 539, 364
980, 1, 329, 305, 410, 359
981, 0, 179, 128, 622, 315
981, 1, 306, 253, 397, 359
982, 0, 50, 136, 117, 353
982, 1, 182, 78, 782, 360
983, 0, 194, 99, 805, 359
984, 0, 218, 215, 380, 332
984, 1, 395, 216, 486, 302
984, 2, 575, 99, 649, 198
985, 0, 178, 175, 557, 332
985, 1, 581, 110, 769, 220
986, 0, 165, 156, 249, 292
986, 1, 493, 118, 721, 274
987, 0, 103, 167, 229, 230
987, 1, 472, 119, 731, 297
988, 0, 557, 170, 740, 272
989, 0, 35, 103, 224, 268
989, 1, 35, 287, 121, 355
989, 2, 536, 197, 877, 361
989, 3, 893, 234, 972, 339
990, 0, 40, 102, 267, 267
990, 1, 37, 217, 170, 355
990, 2, 574, 189, 992, 360
991, 0, 33, 100, 289, 304
991, 1, 39, 273, 201, 356
991, 2, 700, 192, 1034, 358
992, 0, 51, 99, 304, 301
992, 1, 62, 285, 208, 347
992, 2, 569, 213, 904, 359
992, 3, 1000, 219, 1053, 298
993, 0, 44, 99, 268, 342
993, 1, 39, 303, 188, 349
993, 2, 643, 171, 1082, 359
994, 0, 24, 204, 149, 306
994, 1, 765, 205, 1101, 355
995, 0, 833, 209, 1064, 250
996, 0, 19, 221, 161, 363
996, 1, 772, 201, 989, 359
996, 2, 1078, 219, 1128, 279
997, 0, 804, 201, 1012, 337
998, 0, 770, 199, 1194, 360
999, 0, 770, 178, 1211, 363
1000, 0, 1111, 175, 1217, 360
1001, 0, 775, 164, 1198, 360
1002, 0, 1033, 178, 1183, 244
1002, 1, 1080, 255, 1171, 363
1003, 0, 951, 159, 1185, 361
1004, 0, 1073, 322, 1173, 361
1004, 1, 1126, 158, 1183, 279
1005, 0, 1002, 169, 1191, 358
1006, 0, 963, 197, 1182, 358
1007, 0, 973, 179, 1140, 361
1008, 0, 960, 179, 1143, 361
1009, 0, 968, 181, 1075, 350
1010, 0, 908, 180, 1178, 363
1011, 0, 908, 181, 1055, 364
1012, 0, 783, 283, 1002, 363
1012, 1, 901, 198, 1051, 317
1013, 0, 922, 200, 969, 226
1014, 0, 725, 201, 1141, 363
1015, 0, 725, 282, 1127, 364
1015, 1, 832, 179, 953, 265
1016, 0, 700, 206, 931, 364
1016, 1, 1020, 341, 1126, 363
1017, 0, 668, 300, 856, 365
1017, 1, 804, 188, 1050, 362
1018, 0, 656, 302, 1051, 363
1018, 1, 760, 199, 881, 284
1019, 0, 668, 225, 804, 364
1019, 1, 823, 205, 909, 360
1020, 0, 652, 282, 864, 360
1021, 0, 600, 120, 864, 364
1021, 1, 654, 323, 763, 364
1022, 0, 580, 100, 780, 300
1022, 1, 640, 280, 835, 364
1023, 0, 560, 100, 1034, 362
1024, 0, 550, 99, 807, 365
1025, 0, 540, 124, 611, 199
1025, 1, 659, 174, 721, 301
1026, 0, 535, 112, 785, 244
1026, 1, 580, 281, 747, 361
1027, 0, 513, 115, 897, 353
1027, 1, 569, 341, 611, 364
1028, 0, 513, 126, 727, 364
1029, 0, 532, 114, 636, 191
1029, 1, 595, 282, 744, 353
1030, 0, 500, 110, 745, 364
1031, 0, 440, 104, 743, 362
1032, 0, 461, 282, 792, 363
1032, 1, 461, 119, 636, 283
1033, 0, 402, 110, 624, 219
1033, 1, 538, 281, 800, 348
1034, 0, 402, 102, 816, 364
1035, 0, 391, 100, 786, 363
1036, 0, 360, 141, 593, 361
1036, 1, 533, 117, 589, 243
1037, 0, 343, 141, 525, 363
1037, 1, 500, 118, 616, 302
1038, 0, 260, 141, 564, 363
1038, 1, 502, 112, 607, 243
1039, 0, 297, 115, 628, 363
1040, 0, 200, 180, 439, 361
1040, 1, 380, 120, 593, 244
1041, 0, 202, 212, 490, 353
1042, 0, 180, 200, 481, 362
1042, 1, 353, 141, 549, 203
1043, 0, 140, 141, 536, 360
1044, 0, 132, 160, 444, 363
1045, 0, 122, 160, 277, 362
1045, 1, 357, 140, 440, 344
1046, 0, 95, 140, 412, 361
1047, 0, 92, 288, 333, 362
1048, 0, 53, 161, 343, 354
1049, 0, 38, 161, 217, 355
1050, 0, 55, 320, 136, 360
1050, 1, 64, 161, 314, 354
1051, 0, 20, 141, 310, 362
1051, 1, 53, 298, 83, 353
1052, 0, 24, 141, 250, 328
1053, 0, 59, 181, 228, 346
1054, 0, 42, 200, 267, 344
1055, 0, 57, 180, 227, 324
1056, 0, 26, 200, 210, 325
1057, 0, 15, 200, 175, 347
1058, 0, 14, 237, 129, 345
