4, 0, 120, 156, 152, 276
4, 1, 1101, 28, 1185, 161
5, 0, 58, 234, 131, 345
5, 1, 1098, 296, 1191, 352
5, 2, 1139, 133, 1193, 150
6, 0, 49, 141, 168, 279
7, 0, 56, 119, 105, 263
7, 1, 642, 183, 706, 248
12, 0, 459, 243, 506, 273
13, 0, 721, 160, 831, 292
14, 0, 443, 217, 529, 313
14, 1, 680, 160, 851, 292
15, 0, 15, 13, 203, 228
15, 1, 403, 161, 548, 335
15, 2, 680, 160, 820, 290
16, 0, 403, 179, 578, 334
17, 0, 529, 177, 599, 289
18, 0, 431, 261, 479, 308
18, 1, 513, 161, 622, 353
18, 2, 735, 181, 862, 288
19, 0, 509, 160, 664, 352
19, 1, 737, 160, 919, 308
19, 2, 860, 138, 895, 202
20, 0, 463, 239, 529, 299
20, 1, 571, 161, 666, 351
20, 2, 758, 201, 931, 330
21, 0, 473, 167, 638, 284
23, 0, 484, 245, 579, 302
23, 1, 642, 162, 744, 263
23, 2, 843, 201, 950, 305
24, 0, 665, 172, 860, 326
25, 0, 519, 232, 593, 276
25, 1, 685, 163, 796, 304
25, 2, 882, 154, 971, 304
26, 0, 522, 230, 636, 322
26, 1, 668, 160, 881, 345
26, 2, 896, 237, 942, 285
26, 3, 953, 137, 1006, 302
27, 0, 541, 158, 925, 344
27, 1, 912, 138, 1011, 301
28, 0, 557, 221, 667, 301
28, 1, 750, 163, 878, 342
28, 2, 971, 135, 1002, 225
29, 0, 573, 180, 1013, 340
30, 0, 599, 229, 673, 314
30, 1, 849, 232, 1070, 321
31, 0, 580, 245, 735, 323
31, 1, 828, 159, 934, 241
31, 2, 857, 164, 1172, 324
32, 0, 620, 201, 675, 296
32, 1, 785, 142, 1133, 303
33, 0, 592, 165, 761, 323
33, 1, 824, 141, 1164, 303
33, 2, 888, 300, 942, 342
34, 0, 592, 140, 1126, 341
35, 0, 650, 144, 751, 289
35, 1, 851, 179, 1172, 361
36, 0, 673, 198, 761, 281
36, 1, 921, 178, 1040, 340
36, 2, 1090, 240, 1141, 304
37, 0, 652, 219, 781, 320
37, 1, 865, 181, 977, 360
37, 2, 1048, 141, 1146, 242
38, 0, 634, 179, 801, 361
38, 1, 903, 163, 983, 231
38, 2, 1084, 149, 1192, 300
39, 0, 182, 179, 241, 261
39, 1, 630, 140, 940, 359
39, 2, 898, 165, 988, 282
39, 3, 1095, 140, 1201, 300
40, 0, 681, 200, 972, 320
40, 1, 1075, 154, 1200, 298
41, 0, 690, 142, 925, 341
41, 1, 1132, 136, 1195, 160
42, 0, 218, 180, 278, 262
42, 1, 695, 141, 980, 360
42, 2, 1042, 137, 1195, 296
43, 0, 705, 164, 992, 361
43, 1, 1062, 120, 1200, 297
44, 0, 701, 259, 882, 361
44, 1, 777, 139, 909, 262
44, 2, 1141, 157, 1198, 285
45, 0, 717, 172, 997, 359
45, 1, 1053, 151, 1191, 285
46, 0, 769, 163, 875, 292
47, 0, 734, 158, 881, 287
48, 0, 757, 187, 869, 269
48, 1, 1138, 150, 1198, 240
49, 0, 780, 261, 878, 311
50, 0, 772, 167, 920, 304
51, 0, 736, 141, 957, 359
52, 0, 682, 159, 733, 200
52, 1, 822, 140, 1085, 360
53, 0, 762, 179, 1083, 360
54, 0, 746, 159, 984, 320
55, 0, 854, 200, 1005, 340
56, 0, 866, 222, 1124, 359
57, 0, 860, 181, 1018, 341
58, 0, 915, 139, 1124, 360
59, 0, 892, 251, 993, 340
60, 0, 952, 214, 1001, 283
61, 0, 916, 245, 1135, 319
62, 0, 919, 143, 1151, 341
63, 0, 987, 175, 1113, 361
64, 0, 930, 180, 1154, 340
65, 0, 1043, 141, 1201, 340
66, 0, 399, 157, 510, 302
66, 1, 993, 138, 1190, 318
67, 0, 411, 157, 499, 302
67, 1, 1022, 142, 1181, 336
68, 0, 1052, 220, 1186, 307
70, 0, 436, 159, 527, 298
70, 1, 1032, 220, 1194, 321
70, 2, 1101, 138, 1201, 219
71, 0, 1116, 154, 1205, 318
72, 0, 455, 199, 578, 301
73, 0, 479, 179, 551, 301
73, 1, 1094, 142, 1185, 321
75, 0, 1137, 246, 1189, 327
77, 0, 507, 179, 592, 280
77, 1, 1138, 185, 1196, 317
78, 0, 508, 198, 604, 279
78, 1, 1132, 139, 1199, 301
79, 0, 489, 160, 646, 301
79, 1, 1131, 177, 1195, 286
82, 0, 1179, 123, 1207, 303
83, 0, 559, 159, 668, 302
84, 0, 558, 161, 692, 301
85, 0, 561, 259, 657, 301
87, 0, 573, 164, 712, 301
88, 0, 604, 160, 721, 301
89, 0, 605, 178, 730, 301
91, 0, 615, 161, 746, 301
92, 0, 615, 160, 747, 301
93, 0, 614, 161, 770, 301
94, 0, 652, 159, 777, 301
96, 0, 653, 159, 790, 301
97, 0, 710, 220, 799, 300
98, 0, 659, 200, 809, 280
99, 0, 694, 160, 816, 300
100, 0, 702, 160, 767, 281
101, 0, 722, 180, 803, 279
102, 0, 720, 158, 831, 300
104, 0, 729, 160, 837, 300
105, 0, 737, 159, 818, 279
107, 0, 754, 159, 829, 279
109, 0, 753, 160, 861, 280
110, 0, 780, 181, 850, 226
112, 0, 792, 159, 886, 280
113, 0, 806, 159, 886, 280
117, 0, 834, 159, 949, 276
120, 0, 851, 159, 995, 280
121, 0, 872, 159, 1003, 280
122, 0, 877, 159, 996, 277
123, 0, 888, 159, 971, 264
124, 0, 892, 159, 990, 281
125, 0, 917, 178, 989, 261
128, 0, 935, 177, 1005, 259
129, 0, 951, 179, 1009, 246
130, 0, 927, 177, 1002, 283
131, 0, 956, 180, 1003, 244
140, 0, 449, 159, 555, 222
140, 1, 1056, 140, 1150, 259
141, 0, 471, 160, 567, 222
141, 1, 1046, 141, 1124, 260
142, 0, 1060, 160, 1127, 241
145, 0, 474, 159, 604, 222
145, 1, 1067, 140, 1160, 257
146, 0, 495, 159, 612, 222
146, 1, 1071, 141, 1159, 256
147, 0, 497, 160, 623, 241
147, 1, 1080, 160, 1162, 258
148, 0, 497, 160, 632, 222
148, 1, 1082, 159, 1171, 243
149, 0, 523, 160, 656, 241
149, 1, 1100, 156, 1166, 239
150, 0, 535, 164, 669, 241
150, 1, 1103, 155, 1192, 240
151, 0, 546, 179, 678, 241
151, 1, 1101, 156, 1192, 217
153, 0, 530, 161, 713, 241
154, 0, 565, 158, 728, 242
154, 1, 1109, 156, 1193, 242
156, 0, 570, 159, 755, 242
156, 1, 1128, 156, 1201, 242
158, 0, 619, 158, 773, 242
158, 1, 1153, 141, 1205, 221
159, 0, 617, 158, 791, 242
159, 1, 1145, 157, 1208, 241
160, 0, 638, 159, 800, 242
161, 0, 660, 159, 808, 242
161, 1, 1158, 139, 1203, 242
162, 0, 662, 139, 841, 242
164, 0, 705, 139, 881, 242
165, 0, 779, 137, 895, 242
166, 0, 794, 138, 914, 241
167, 0, 749, 135, 941, 242
168, 0, 773, 138, 954, 240
169, 0, 730, 138, 964, 241
171, 0, 812, 138, 980, 221
172, 0, 769, 138, 982, 228
173, 0, 817, 138, 995, 221
174, 0, 831, 138, 996, 238
175, 0, 847, 139, 983, 220
176, 0, 866, 142, 984, 220
177, 0, 903, 146, 994, 221
178, 0, 897, 146, 1000, 225
180, 0, 988, 161, 1166, 201
181, 0, 968, 152, 1173, 201
182, 0, 1053, 156, 1182, 221
183, 0, 1038, 156, 1159, 220
184, 0, 1080, 156, 1152, 220
185, 0, 1076, 158, 1173, 221
186, 0, 1092, 157, 1201, 222
187, 0, 1100, 141, 1202, 222
190, 0, 1139, 181, 1206, 222
217, 0, 453, 160, 492, 202
219, 0, 450, 159, 491, 202
221, 0, 451, 160, 473, 203
240, 0, 371, 160, 501, 222
242, 0, 450, 160, 518, 222
243, 0, 452, 159, 528, 222
244, 0, 434, 159, 526, 223
245, 0, 436, 158, 545, 223
246, 0, 464, 158, 601, 241
247, 0, 471, 159, 616, 241
248, 0, 582, 179, 633, 240
249, 0, 475, 179, 658, 242
250, 0, 493, 160, 675, 242
251, 0, 574, 177, 721, 242
252, 0, 571, 179, 721, 241
253, 0, 649, 200, 743, 221
254, 0, 594, 160, 786, 242
255, 0, 626, 160, 786, 242
256, 0, 638, 160, 841, 261
257, 0, 609, 159, 861, 242
258, 0, 636, 140, 881, 261
259, 0, 734, 140, 900, 242
260, 0, 719, 138, 927, 242
261, 0, 754, 149, 970, 221
262, 0, 758, 140, 980, 221
263, 0, 769, 139, 983, 221
264, 0, 854, 160, 938, 219
265, 0, 813, 137, 1081, 219
266, 0, 239, 161, 389, 204
266, 1, 873, 159, 991, 219
267, 0, 898, 140, 955, 221
269, 0, 206, 160, 469, 224
269, 1, 947, 168, 1180, 202
272, 0, 134, 115, 360, 228
273, 0, 181, 132, 262, 227
274, 0, 127, 115, 207, 264
275, 0, 107, 160, 354, 227
276, 0, 176, 142, 340, 247
276, 1, 456, 159, 526, 222
277, 0, 118, 146, 328, 246
277, 1, 459, 159, 542, 222
278, 0, 42, 146, 319, 245
279, 0, 109, 167, 328, 245
280, 0, 81, 172, 240, 251
280, 1, 500, 161, 614, 241
281, 0, 18, 169, 238, 260
282, 0, 24, 200, 158, 269
282, 1, 162, 149, 239, 264
282, 2, 549, 160, 638, 241
283, 0, 114, 140, 231, 271
284, 0, 548, 178, 672, 242
285, 0, 129, 169, 192, 256
286, 0, 604, 159, 721, 242
287, 0, 548, 179, 724, 243
288, 0, 578, 159, 762, 241
289, 0, 630, 162, 786, 243
290, 0, 640, 158, 783, 243
291, 0, 616, 159, 811, 242
292, 0, 741, 159, 829, 242
293, 0, 661, 155, 861, 242
294, 0, 681, 138, 881, 243
295, 0, 668, 137, 897, 242
296, 0, 716, 137, 921, 242
297, 0, 731, 139, 947, 242
298, 0, 805, 141, 972, 221
299, 0, 824, 145, 979, 221
300, 0, 873, 160, 983, 220
301, 0, 813, 148, 997, 221
302, 0, 870, 149, 967, 220
303, 0, 855, 159, 1054, 221
304, 0, 935, 167, 1087, 222
305, 0, 918, 159, 988, 195
306, 0, 936, 150, 1117, 223
307, 0, 963, 150, 1165, 199
308, 0, 994, 150, 1169, 182
309, 0, 1069, 159, 1168, 199
311, 0, 1051, 157, 1172, 221
