15, 0, 1115, 29, 1154, 108
19, 0, 1045, 39, 1180, 125
20, 0, 495, 313, 552, 357
22, 0, 223, 36, 231, 116
23, 0, 1029, 43, 1040, 111
25, 0, 999, 50, 1199, 135
26, 0, 1018, 32, 1182, 182
27, 0, 1085, 32, 1141, 85
28, 0, 28, 147, 97, 323
28, 1, 816, 46, 961, 110
28, 2, 1112, 28, 1191, 155
29, 0, 1094, 37, 1177, 131
30, 0, 851, 40, 1030, 129
31, 0, 909, 26, 1068, 107
32, 0, 912, 29, 1200, 136
33, 0, 899, 32, 1159, 179
34, 0, 903, 45, 1126, 104
35, 0, 943, 108, 1113, 245
35, 1, 1014, 38, 1188, 182
36, 0, 937, 33, 1205, 289
37, 0, 982, 29, 1150, 96
37, 1, 1051, 122, 1205, 282
38, 0, 1005, 42, 1141, 90
38, 1, 1067, 114, 1197, 260
39, 0, 879, 67, 983, 140
39, 1, 1014, 32, 1202, 99
39, 2, 1098, 86, 1221, 246
40, 0, 1092, 37, 1133, 253
41, 0, 894, 56, 986, 145
41, 1, 1084, 59, 1202, 261
42, 0, 1171, 185, 1216, 296
43, 0, 902, 105, 1040, 187
43, 1, 1131, 41, 1206, 129
43, 2, 1114, 150, 1219, 205
44, 0, 1141, 99, 1215, 221
45, 0, 996, 197, 1211, 337
46, 0, 998, 230, 1209, 348
46, 1, 1109, 30, 1221, 187
47, 0, 697, 325, 840, 365
47, 1, 1010, 204, 1215, 359
47, 2, 1132, 42, 1175, 103
48, 0, 661, 328, 799, 356
48, 1, 1000, 290, 1204, 366
49, 0, 1019, 311, 1226, 362
50, 0, 668, 332, 795, 360
50, 1, 1056, 283, 1192, 346
51, 0, 660, 334, 787, 358
51, 1, 1138, 202, 1201, 354
52, 0, 693, 333, 765, 356
52, 1, 1063, 323, 1134, 348
53, 0, 696, 333, 746, 358
53, 1, 1122, 284, 1189, 365
54, 0, 1010, 306, 1134, 356
56, 0, 1042, 19, 1115, 172
57, 0, 1077, 14, 1114, 89
58, 0, 1112, 14, 1150, 109
59, 0, 1116, 25, 1192, 115
61, 0, 112, 211, 322, 345
62, 0, 50, 253, 253, 360
62, 1, 299, 192, 408, 290
63, 0, 110, 196, 387, 331
64, 0, 154, 200, 298, 316
65, 0, 129, 201, 425, 348
66, 0, 30, 218, 90, 320
66, 1, 180, 178, 442, 338
66, 2, 1031, 14, 1150, 90
67, 0, 56, 266, 205, 312
67, 1, 57, 133, 366, 328
67, 2, 1060, 18, 1199, 69
68, 0, 82, 194, 258, 346
68, 1, 228, 152, 496, 337
69, 0, 65, 129, 461, 335
69, 1, 1140, 11, 1212, 139
69, 2, 1216, 152, 1230, 238
70, 0, 53, 139, 339, 301
70, 1, 1185, 25, 1224, 59
70, 2, 1115, 79, 1203, 246
71, 0, 76, 196, 145, 336
72, 0, 1156, 11, 1207, 77
73, 0, 13, 23, 166, 143
73, 1, 948, 296, 1096, 354
75, 0, 36, 30, 139, 248
76, 0, 36, 195, 107, 329
77, 0, 28, 16, 180, 227
80, 0, 84, 137, 143, 260
81, 0, 33, 118, 126, 248
81, 1, 983, 274, 1129, 346
85, 0, 70, 172, 158, 319
85, 1, 946, 172, 998, 262
85, 2, 1032, 278, 1190, 352
86, 0, 1088, 282, 1220, 339
87, 0, 1033, 238, 1172, 344
88, 0, 1124, 264, 1178, 316
89, 0, 1045, 23, 1125, 114
89, 1, 1119, 241, 1199, 354
90, 0, 1171, 295, 1213, 351
91, 0, 98, 203, 188, 310
91, 1, 1100, 80, 1176, 104
91, 2, 1090, 194, 1194, 317
92, 0, 41, 149, 144, 311
93, 0, 73, 180, 241, 309
95, 0, 19, 163, 162, 300
97, 0, 49, 18, 129, 241
105, 0, 184, 27, 253, 75
106, 0, 48, 28, 234, 72
106, 1, 78, 212, 191, 259
107, 0, 49, 221, 206, 302
107, 1, 73, 25, 250, 143
108, 0, 80, 29, 276, 303
109, 0, 15, 96, 283, 237
109, 1, 36, 275, 116, 351
109, 2, 905, 213, 1023, 317
110, 0, 86, 59, 150, 140
111, 0, 93, 127, 217, 249
112, 0, 76, 94, 236, 318
112, 1, 994, 158, 1173, 305
112, 2, 1168, 311, 1230, 343
113, 0, 1093, 217, 1176, 294
114, 0, 43, 13, 294, 261
114, 1, 1022, 189, 1177, 305
115, 0, 85, 198, 267, 304
115, 1, 203, 45, 287, 252
115, 2, 1038, 214, 1161, 303
116, 0, 13, 211, 113, 362
116, 1, 1077, 252, 1197, 335
117, 0, 84, 72, 207, 345
117, 1, 1035, 254, 1178, 335
118, 0, 71, 174, 176, 311
118, 1, 1122, 254, 1189, 337
119, 0, 19, 175, 199, 337
119, 1, 1099, 155, 1189, 223
120, 0, 80, 202, 156, 299
120, 1, 1174, 88, 1204, 220
121, 0, 68, 237, 179, 342
121, 1, 578, 287, 730, 356
121, 2, 1134, 102, 1200, 221
122, 0, 779, 287, 859, 365
122, 1, 1136, 131, 1200, 231
122, 2, 1041, 102, 1097, 146
123, 0, 1038, 104, 1206, 225
124, 0, 1185, 149, 1233, 225
125, 0, 1143, 96, 1224, 188
126, 0, 956, 151, 1095, 202
126, 1, 1142, 80, 1232, 190
127, 0, 937, 96, 1209, 218
128, 0, 947, 166, 1019, 208
128, 1, 1086, 123, 1206, 265
129, 0, 316, 319, 784, 359
129, 1, 900, 169, 992, 216
129, 2, 1053, 142, 1200, 250
130, 0, 975, 260, 1182, 350
131, 0, 488, 335, 778, 355
131, 1, 1039, 261, 1181, 350
137, 0, 1164, 256, 1221, 326
138, 0, 1023, 160, 1180, 320
139, 0, 1107, 204, 1167, 330
140, 0, 1010, 200, 1135, 290
141, 0, 1021, 264, 1157, 342
143, 0, 128, 192, 213, 244
144, 0, 12, 48, 230, 258
145, 0, 92, 89, 200, 175
145, 1, 54, 34, 123, 116
145, 2, 27, 216, 155, 249
146, 0, 52, 61, 176, 240
147, 0, 79, 110, 128, 247
153, 0, 48, 289, 125, 357
158, 0, 85, 142, 258, 218
159, 0, 105, 157, 265, 299
160, 0, 1136, 44, 1184, 150
164, 0, 128, 76, 197, 190
165, 0, 85, 92, 143, 192
166, 0, 35, 86, 140, 194
169, 0, 1017, 257, 1139, 348
172, 0, 131, 17, 201, 53
172, 1, 112, 224, 215, 318
173, 0, 75, 202, 87, 258
175, 0, 119, 93, 326, 203
176, 0, 174, 137, 293, 335
178, 0, 32, 15, 195, 144
178, 1, 66, 200, 301, 356
179, 0, 99, 222, 184, 268
180, 0, 53, 184, 288, 336
180, 1, 930, 209, 1172, 331
181, 0, 87, 208, 157, 354
182, 0, 85, 213, 295, 295
182, 1, 1064, 197, 1143, 251
184, 0, 29, 196, 184, 356
185, 0, 1009, 217, 1058, 305
186, 0, 60, 159, 364, 321
186, 1, 1021, 285, 1144, 319
187, 0, 46, 206, 327, 275
189, 0, 50, 201, 260, 299
189, 1, 1032, 192, 1183, 280
190, 0, 87, 163, 274, 285
191, 0, 19, 167, 255, 324
191, 1, 65, 16, 117, 143
192, 0, 69, 37, 325, 330
192, 1, 1090, 193, 1173, 243
193, 0, 22, 147, 209, 304
194, 0, 44, 169, 172, 342
194, 1, 1134, 193, 1179, 264
195, 0, 47, 201, 120, 271
195, 1, 224, 196, 307, 277
195, 2, 1120, 216, 1221, 261
196, 0, 46, 182, 277, 328
196, 1, 1021, 198, 1091, 305
196, 2, 1143, 212, 1206, 292
197, 0, 14, 167, 294, 342
197, 1, 1066, 203, 1200, 336
198, 0, 50, 187, 181, 326
198, 1, 1068, 202, 1189, 277
199, 0, 33, 170, 309, 306
199, 1, 1115, 219, 1213, 254
199, 2, 965, 23, 1210, 100
200, 0, 65, 118, 302, 348
200, 1, 1082, 213, 1163, 239
200, 2, 964, 13, 1134, 93
201, 0, 16, 117, 173, 337
201, 1, 1050, 173, 1197, 226
202, 0, 37, 241, 147, 301
203, 0, 1056, 169, 1216, 244
204, 0, 999, 170, 1207, 330
205, 0, 1090, 203, 1183, 278
206, 0, 1086, 175, 1220, 237
209, 0, 1007, 166, 1229, 256
211, 0, 1081, 180, 1209, 270
212, 0, 65, 291, 165, 332
212, 1, 163, 168, 337, 326
212, 2, 977, 173, 1153, 328
212, 3, 933, 11, 976, 106
213, 0, 136, 140, 207, 244
213, 1, 954, 20, 967, 66
214, 0, 123, 144, 168, 241
215, 0, 78, 240, 202, 350
215, 1, 434, 14, 480, 47
215, 2, 1012, 196, 1084, 333
216, 0, 83, 215, 326, 353
216, 1, 927, 287, 1121, 341
217, 0, 41, 177, 281, 351
217, 1, 1005, 179, 1177, 322
217, 2, 989, 12, 1109, 99
218, 0, 49, 240, 191, 356
218, 1, 210, 202, 264, 293
218, 2, 1021, 151, 1158, 309
218, 3, 1042, 22, 1197, 178
219, 0, 91, 201, 249, 305
219, 1, 1061, 14, 1165, 67
220, 0, 59, 174, 281, 318
220, 1, 751, 297, 944, 348
220, 2, 1010, 48, 1218, 180
220, 3, 1069, 12, 1230, 48
221, 0, 42, 141, 275, 322
221, 1, 976, 17, 1221, 119
221, 2, 1138, 158, 1215, 283
222, 0, 55, 138, 279, 337
222, 1, 992, 17, 1151, 87
223, 0, 48, 143, 221, 343
224, 0, 16, 134, 281, 278
224, 1, 1064, 25, 1210, 99
225, 0, 36, 129, 120, 275
226, 0, 38, 125, 141, 302
226, 1, 180, 156, 289, 314
226, 2, 1107, 14, 1206, 80
227, 0, 42, 93, 275, 305
228, 0, 27, 113, 262, 314
229, 0, 101, 151, 305, 357
230, 0, 32, 50, 173, 313
230, 1, 185, 184, 277, 241
231, 0, 25, 52, 198, 318
232, 0, 33, 244, 117, 315
233, 0, 15, 135, 122, 234
233, 1, 15, 243, 105, 329
234, 0, 16, 153, 120, 319
235, 0, 30, 183, 243, 311
235, 1, 970, 29, 1127, 147
236, 0, 34, 238, 155, 330
237, 0, 31, 177, 208, 341
238, 0, 100, 166, 174, 232
238, 1, 917, 127, 1049, 272
238, 2, 1100, 216, 1196, 324
238, 3, 981, 20, 1213, 98
239, 0, 41, 163, 110, 296
239, 1, 883, 203, 980, 275
240, 0, 930, 215, 1068, 307
241, 0, 977, 194, 1060, 342
242, 0, 1015, 73, 1232, 340
243, 0, 42, 133, 284, 331
243, 1, 1020, 198, 1195, 338
244, 0, 1065, 329, 1093, 361
244, 1, 1044, 208, 1183, 298
245, 0, 149, 114, 233, 302
245, 1, 944, 227, 1113, 265
246, 0, 146, 186, 218, 258
246, 1, 1094, 261, 1115, 299
248, 0, 12, 192, 238, 317
249, 0, 63, 211, 166, 278
249, 1, 103, 106, 165, 221
249, 2, 969, 247, 1134, 327
250, 0, 64, 199, 168, 264
251, 0, 31, 85, 103, 190
251, 1, 977, 241, 1123, 331
252, 0, 1087, 219, 1163, 318
253, 0, 572, 246, 697, 278
253, 1, 1054, 246, 1162, 342
254, 0, 37, 91, 158, 174
254, 1, 1047, 280, 1199, 351
255, 0, 99, 88, 172, 238
256, 0, 47, 75, 222, 309
256, 1, 751, 310, 872, 339
257, 0, 48, 82, 183, 163
257, 1, 75, 279, 169, 334
257, 2, 513, 246, 614, 313
258, 0, 26, 141, 153, 179
258, 1, 68, 270, 136, 365
258, 2, 779, 325, 914, 345
259, 0, 71, 102, 127, 184
259, 1, 594, 268, 711, 332
259, 2, 779, 326, 930, 343
260, 0, 28, 137, 151, 246
260, 1, 775, 328, 964, 357
261, 0, 72, 42, 110, 184
261, 1, 674, 293, 764, 354
262, 0, 40, 37, 124, 146
263, 0, 34, 22, 120, 143
266, 0, 86, 114, 197, 174
267, 0, 37, 114, 121, 190
268, 0, 26, 92, 130, 128
270, 0, 20, 72, 166, 128
271, 0, 12, 74, 61, 113
272, 0, 13, 72, 76, 119
279, 0, 1187, 221, 1230, 354
280, 0, 60, 329, 120, 358
280, 1, 1111, 88, 1205, 190
284, 0, 32, 260, 100, 359
284, 1, 894, 24, 1020, 112
285, 0, 1103, 44, 1174, 95
286, 0, 963, 15, 1047, 76
287, 0, 994, 39, 1142, 74
288, 0, 1031, 29, 1074, 81
289, 0, 1060, 23, 1106, 83
291, 0, 1122, 16, 1163, 55
292, 0, 1135, 30, 1188, 64
293, 0, 984, 82, 1079, 206
297, 0, 949, 59, 1039, 224
297, 1, 1165, 92, 1202, 276
304, 0, 1120, 207, 1181, 252
310, 0, 45, 277, 155, 350
311, 0, 50, 305, 155, 332
316, 0, 20, 298, 164, 356
317, 0, 24, 257, 388, 361
318, 0, 22, 276, 217, 361
318, 1, 354, 106, 374, 122
320, 0, 108, 319, 121, 339
320, 1, 17, 275, 109, 359
320, 2, 299, 117, 357, 137
321, 0, 14, 277, 195, 354
321, 1, 273, 119, 291, 129
322, 0, 74, 291, 131, 339
322, 1, 151, 58, 258, 129
323, 0, 55, 297, 161, 360
323, 1, 201, 114, 244, 129
324, 0, 164, 113, 226, 138
325, 0, 19, 286, 107, 307
325, 1, 164, 256, 401, 364
326, 0, 76, 253, 442, 365
327, 0, 69, 17, 530, 362
328, 0, 65, 256, 208, 340
328, 1, 247, 270, 403, 363
329, 0, 225, 226, 392, 361
329, 1, 36, 85, 108, 197
329, 2, 194, 88, 352, 198
330, 0, 234, 68, 295, 188
331, 0, 34, 62, 119, 160
331, 1, 198, 41, 296, 200
332, 0, 26, 54, 233, 212
333, 0, 82, 219, 262, 342
333, 1, 252, 298, 349, 359
333, 2, 48, 34, 215, 191
334, 0, 33, 29, 191, 209
334, 1, 279, 291, 355, 358
335, 0, 58, 254, 222, 354
335, 1, 20, 38, 155, 210
335, 2, 256, 278, 405, 357
335, 3, 961, 271, 1022, 304
336, 0, 16, 21, 130, 199
336, 1, 58, 252, 176, 337
336, 2, 245, 268, 354, 362
336, 3, 868, 264, 991, 352
337, 0, 57, 147, 483, 360
337, 1, 867, 287, 981, 344
338, 0, 43, 180, 461, 362
338, 1, 824, 293, 985, 349
340, 0, 56, 255, 189, 361
340, 1, 244, 299, 346, 361
340, 2, 835, 323, 994, 360
341, 0, 107, 256, 627, 361
341, 1, 56, 30, 202, 59
343, 0, 361, 324, 406, 364
344, 0, 357, 310, 391, 360
345, 0, 327, 295, 392, 349
345, 1, 935, 113, 1007, 173
346, 0, 116, 277, 347, 364
347, 0, 88, 230, 328, 357
347, 1, 989, 45, 1035, 196
348, 0, 988, 25, 1059, 89
349, 0, 977, 36, 1065, 87
351, 0, 906, 20, 1096, 72
353, 0, 199, 313, 286, 356
353, 1, 992, 18, 1092, 77
354, 0, 959, 19, 1141, 69
355, 0, 971, 19, 1086, 75
355, 1, 1165, 12, 1225, 94
356, 0, 183, 286, 267, 365
356, 1, 406, 311, 459, 356
357, 0, 184, 319, 244, 356
357, 1, 585, 288, 691, 345
358, 0, 795, 315, 902, 360
359, 0, 31, 291, 195, 361
360, 0, 29, 268, 252, 364
361, 0, 601, 294, 731, 364
362, 0, 56, 320, 306, 360
363, 0, 39, 289, 280, 364
363, 1, 683, 295, 745, 363
363, 2, 1046, 95, 1094, 243
364, 0, 74, 306, 256, 358
364, 1, 1093, 75, 1126, 104
365, 0, 52, 278, 430, 365
365, 1, 884, 37, 1117, 336
366, 0, 14, 322, 166, 359
366, 1, 255, 314, 322, 359
366, 2, 901, 59, 1128, 132
367, 0, 59, 286, 286, 363
367, 1, 1041, 55, 1212, 172
368, 0, 151, 329, 390, 362
368, 1, 911, 64, 1125, 122
369, 0, 163, 286, 286, 351
369, 1, 1063, 14, 1188, 250
370, 0, 24, 258, 277, 362
370, 1, 1059, 44, 1135, 108
371, 0, 78, 278, 242, 360
371, 1, 755, 318, 824, 357
371, 2, 1130, 150, 1184, 178
371, 3, 1085, 46, 1130, 127
372, 0, 51, 272, 215, 361
372, 1, 1069, 21, 1163, 93
372, 2, 1116, 108, 1176, 202
373, 0, 65, 261, 269, 366
373, 1, 763, 318, 820, 352
373, 2, 1135, 25, 1190, 155
374, 0, 28, 268, 221, 353
374, 1, 946, 264, 1132, 350
375, 0, 32, 304, 208, 353
375, 1, 753, 305, 823, 360
376, 0, 41, 263, 429, 362
376, 1, 630, 290, 824, 364
377, 0, 611, 294, 807, 366
377, 1, 835, 270, 1127, 363
377, 2, 899, 46, 1015, 172
378, 0, 26, 291, 194, 363
378, 1, 586, 285, 850, 350
378, 2, 877, 275, 1201, 352
378, 3, 940, 93, 1023, 204
379, 0, 35, 259, 298, 366
379, 1, 702, 304, 820, 356
379, 2, 898, 294, 983, 340
379, 3, 897, 141, 1078, 236
379, 4, 1052, 71, 1070, 89
379, 5, 1068, 216, 1164, 358
380, 0, 30, 262, 278, 364
380, 1, 901, 306, 1043, 348
380, 2, 950, 45, 1225, 365
380, 3, 1091, 174, 1214, 221
381, 0, 11, 287, 59, 363
381, 1, 586, 266, 1009, 361
381, 2, 1028, 27, 1218, 216
381, 3, 875, 130, 1106, 227
382, 0, 212, 298, 404, 362
382, 1, 602, 281, 1137, 362
382, 2, 1055, 37, 1232, 166
382, 3, 917, 136, 1211, 316
383, 0, 13, 280, 131, 354
383, 1, 245, 280, 512, 362
383, 2, 639, 315, 717, 364
383, 3, 821, 285, 969, 343
383, 4, 1036, 51, 1210, 347
383, 5, 934, 126, 1169, 341
384, 0, 34, 295, 169, 361
384, 1, 638, 329, 774, 363
384, 2, 958, 245, 1134, 356
384, 3, 1128, 176, 1207, 239
385, 0, 34, 296, 138, 345
385, 1, 823, 285, 1219, 358
385, 2, 1096, 22, 1211, 209
385, 3, 1065, 199, 1202, 322
386, 0, 263, 290, 455, 362
386, 1, 638, 294, 843, 362
386, 2, 1015, 281, 1216, 356
387, 0, 13, 296, 445, 364
387, 1, 617, 285, 720, 357
387, 2, 1027, 41, 1104, 99
387, 3, 1022, 243, 1199, 354
387, 4, 1193, 187, 1209, 249
388, 0, 29, 251, 283, 365
388, 1, 668, 289, 727, 358
388, 2, 862, 206, 1203, 358
389, 0, 18, 306, 217, 363
390, 0, 32, 295, 224, 361
390, 1, 230, 230, 271, 328
390, 2, 930, 17, 1087, 90
390, 3, 941, 73, 1187, 320
391, 0, 787, 270, 881, 350
391, 1, 986, 75, 1039, 143
391, 2, 931, 237, 1069, 363
391, 3, 1031, 161, 1197, 338
392, 0, 10, 258, 230, 352
392, 1, 903, 302, 1019, 354
392, 2, 1005, 25, 1176, 346
393, 0, 29, 208, 291, 355
393, 1, 970, 61, 1214, 350
393, 2, 1165, 99, 1230, 142
394, 0, 157, 292, 300, 357
394, 1, 729, 321, 819, 362
394, 2, 937, 288, 1182, 349
394, 3, 1021, 122, 1203, 304
395, 0, 26, 255, 332, 362
395, 1, 762, 268, 873, 354
395, 2, 960, 292, 1194, 357
395, 3, 955, 44, 1208, 263
395, 4, 1122, 85, 1192, 169
396, 0, 67, 186, 421, 363
396, 1, 777, 300, 921, 354
396, 2, 960, 94, 1191, 185
396, 3, 1043, 213, 1191, 345
397, 0, 32, 196, 474, 361
397, 1, 587, 217, 1211, 362
397, 2, 848, 52, 915, 159
397, 3, 1036, 47, 1149, 214
398, 0, 64, 290, 158, 358
398, 1, 740, 248, 1187, 356
398, 2, 919, 113, 950, 164
398, 3, 1122, 20, 1166, 61
399, 0, 19, 197, 282, 358
399, 1, 363, 291, 446, 352
399, 2, 818, 263, 1037, 361
399, 3, 907, 68, 1103, 188
400, 0, 39, 195, 264, 301
400, 1, 807, 258, 1224, 363
401, 0, 827, 249, 1161, 347
401, 1, 976, 49, 1148, 215
402, 0, 34, 193, 168, 327
402, 1, 1040, 73, 1228, 342
402, 2, 930, 306, 1015, 363
403, 0, 16, 313, 276, 365
403, 1, 1065, 72, 1131, 204
403, 2, 921, 264, 1169, 354
403, 3, 975, 26, 1061, 123
404, 0, 941, 277, 1190, 356
404, 1, 1044, 204, 1165, 302
404, 2, 1009, 35, 1198, 191
405, 0, 950, 305, 1044, 353
405, 1, 1058, 133, 1210, 362
405, 2, 978, 83, 1164, 173
406, 0, 154, 281, 424, 350
406, 1, 928, 125, 950, 167
406, 2, 997, 291, 1081, 343
406, 3, 1162, 68, 1213, 135
406, 4, 1065, 149, 1209, 349
406, 5, 1030, 71, 1139, 123
407, 0, 35, 301, 214, 365
407, 1, 908, 62, 1009, 212
407, 2, 934, 224, 1169, 364
407, 3, 1144, 75, 1217, 185
408, 0, 90, 313, 261, 362
408, 1, 390, 309, 500, 348
408, 2, 828, 239, 1077, 359
408, 3, 959, 39, 1211, 350
409, 0, 68, 310, 256, 355
409, 1, 765, 299, 847, 358
409, 2, 1020, 72, 1207, 156
409, 3, 974, 233, 1226, 355
410, 0, 922, 250, 1111, 354
410, 1, 1045, 38, 1216, 291
411, 0, 717, 250, 1086, 361
411, 1, 957, 123, 1006, 159
411, 2, 1032, 185, 1120, 237
411, 3, 1012, 63, 1129, 198
412, 0, 719, 318, 906, 365
412, 1, 981, 85, 1057, 145
412, 2, 1074, 50, 1206, 248
412, 3, 961, 265, 1095, 359
413, 0, 635, 293, 755, 364
413, 1, 1053, 72, 1233, 198
413, 2, 934, 205, 1117, 360
413, 3, 1110, 226, 1163, 301
414, 0, 587, 303, 910, 361
414, 1, 1068, 64, 1233, 171
414, 2, 915, 142, 1015, 354
414, 3, 1089, 201, 1193, 316
415, 0, 33, 243, 352, 358
415, 1, 660, 273, 1071, 355
415, 2, 1142, 36, 1207, 159
415, 3, 1031, 179, 1174, 258
416, 0, 58, 246, 264, 354
416, 1, 546, 332, 786, 359
416, 2, 1150, 30, 1209, 143
416, 3, 972, 249, 1082, 355
416, 4, 1026, 155, 1204, 248
416, 5, 1164, 185, 1201, 276
417, 0, 36, 273, 254, 358
417, 1, 835, 295, 939, 356
417, 2, 1145, 50, 1210, 309
417, 3, 1042, 192, 1096, 288
418, 0, 51, 274, 381, 362
418, 1, 640, 308, 786, 353
418, 2, 876, 127, 905, 182
418, 3, 1082, 188, 1208, 356
419, 0, 63, 287, 392, 353
419, 1, 836, 281, 991, 343
419, 2, 890, 127, 936, 181
419, 3, 1092, 222, 1205, 355
420, 0, 34, 298, 226, 362
420, 1, 820, 272, 1197, 351
420, 2, 910, 119, 984, 214
421, 0, 147, 323, 248, 362
421, 1, 630, 340, 735, 362
421, 2, 831, 207, 1197, 363
421, 3, 934, 44, 1227, 209
422, 0, 77, 287, 362, 362
422, 1, 466, 285, 601, 354
422, 2, 708, 294, 757, 353
422, 3, 954, 42, 1183, 308
422, 4, 899, 303, 1044, 344
423, 0, 743, 251, 870, 356
423, 1, 1042, 54, 1220, 333
423, 2, 997, 228, 1088, 309
423, 3, 929, 290, 1074, 349
424, 0, 738, 277, 1085, 364
424, 1, 1023, 164, 1189, 314
425, 0, 853, 244, 1069, 344
425, 1, 1043, 157, 1198, 338
426, 0, 109, 292, 459, 363
426, 1, 756, 273, 1095, 359
426, 2, 1052, 182, 1211, 353
427, 0, 20, 245, 963, 363
427, 1, 1065, 217, 1205, 359
428, 0, 691, 287, 906, 363
428, 1, 993, 179, 1198, 323
428, 2, 1014, 323, 1097, 351
429, 0, 105, 276, 325, 365
429, 1, 1025, 267, 1127, 365
429, 2, 1138, 176, 1209, 226
430, 0, 45, 288, 343, 361
430, 1, 361, 307, 401, 363
430, 2, 853, 288, 1210, 352
430, 3, 960, 110, 1000, 142
431, 0, 40, 266, 368, 364
431, 1, 1013, 29, 1120, 172
431, 2, 999, 242, 1115, 357
432, 0, 14, 262, 442, 359
432, 1, 1015, 86, 1219, 234
432, 2, 1059, 211, 1126, 285
432, 3, 980, 279, 1093, 357
433, 0, 41, 273, 354, 360
433, 1, 856, 299, 953, 340
433, 2, 1046, 79, 1232, 248
434, 0, 294, 334, 410, 356
434, 1, 791, 291, 982, 348
434, 2, 1061, 72, 1119, 143
434, 3, 1023, 195, 1142, 342
435, 0, 26, 303, 353, 354
435, 1, 846, 289, 1022, 351
435, 2, 1134, 79, 1206, 232
435, 3, 1026, 250, 1145, 361
436, 0, 22, 231, 321, 361
436, 1, 958, 218, 1086, 351
436, 2, 1132, 79, 1204, 137
436, 3, 1094, 204, 1206, 338
437, 0, 24, 270, 449, 364
437, 1, 862, 219, 1064, 359
437, 2, 1132, 69, 1213, 297
438, 0, 29, 259, 322, 365
438, 1, 865, 218, 1207, 348
438, 2, 1080, 66, 1214, 133
439, 0, 79, 238, 485, 363
439, 1, 856, 243, 1140, 360
439, 2, 932, 71, 1040, 156
439, 3, 1183, 66, 1221, 123
440, 0, 37, 271, 174, 351
440, 1, 294, 301, 438, 358
440, 2, 868, 241, 1205, 358
440, 3, 909, 51, 1017, 147
440, 4, 1144, 74, 1218, 139
441, 0, 19, 253, 445, 361
441, 1, 820, 295, 1052, 351
441, 2, 983, 47, 1210, 172
441, 3, 937, 204, 1088, 302
442, 0, 37, 261, 433, 363
442, 1, 978, 294, 1121, 357
442, 2, 1060, 49, 1207, 194
442, 3, 992, 184, 1157, 359
443, 0, 20, 289, 282, 362
443, 1, 40, 89, 76, 192
443, 2, 726, 313, 852, 362
443, 3, 868, 60, 935, 158
443, 4, 966, 301, 1087, 354
443, 5, 1097, 44, 1231, 202
443, 6, 995, 161, 1190, 350
444, 0, 20, 261, 417, 365
444, 1, 617, 302, 845, 358
444, 2, 928, 143, 1160, 356
444, 3, 1146, 26, 1168, 101
445, 0, 30, 263, 337, 360
445, 1, 655, 325, 875, 350
445, 2, 941, 90, 1013, 150
445, 3, 947, 183, 1218, 352
446, 0, 57, 242, 359, 363
446, 1, 927, 193, 1108, 350
446, 2, 1012, 83, 1201, 304
447, 0, 14, 239, 259, 360
447, 1, 334, 283, 442, 346
447, 2, 897, 258, 1107, 360
447, 3, 966, 55, 1211, 248
448, 0, 73, 277, 298, 361
448, 1, 857, 140, 1016, 249
448, 2, 923, 290, 1025, 355
448, 3, 1058, 142, 1113, 310
448, 4, 1041, 63, 1133, 142
449, 0, 33, 281, 466, 363
449, 1, 609, 302, 837, 351
449, 2, 868, 35, 1041, 242
449, 3, 920, 277, 1043, 350
449, 4, 1136, 155, 1206, 353
449, 5, 1039, 28, 1191, 222
450, 0, 51, 277, 363, 365
450, 1, 619, 306, 851, 356
450, 2, 924, 51, 1198, 253
450, 3, 985, 311, 1056, 352
450, 4, 1103, 179, 1206, 343
451, 0, 55, 326, 115, 360
451, 1, 154, 276, 315, 354
451, 2, 596, 310, 837, 361
451, 3, 844, 215, 1056, 357
451, 4, 926, 44, 1196, 302
451, 5, 1098, 58, 1209, 163
452, 0, 66, 283, 339, 365
452, 1, 809, 311, 845, 356
452, 2, 959, 293, 1130, 359
452, 3, 949, 27, 1228, 326
453, 0, 50, 297, 225, 366
453, 1, 267, 275, 328, 348
453, 2, 897, 239, 1079, 347
453, 3, 939, 108, 1137, 209
453, 4, 1027, 25, 1081, 99
453, 5, 1092, 195, 1183, 277
454, 0, 55, 294, 382, 362
454, 1, 602, 232, 1166, 354
454, 2, 1003, 26, 1178, 249
455, 0, 32, 275, 268, 365
455, 1, 603, 246, 1191, 362
455, 2, 1017, 75, 1175, 199
456, 0, 46, 292, 314, 356
456, 1, 862, 118, 919, 171
456, 2, 1011, 76, 1229, 352
457, 0, 141, 307, 242, 362
457, 1, 605, 217, 1212, 363
457, 2, 1010, 67, 1166, 159
458, 0, 963, 196, 1207, 356
458, 1, 1139, 74, 1203, 137
459, 0, 723, 214, 1206, 361
459, 1, 962, 101, 1155, 215
459, 2, 989, 11, 1224, 121
460, 0, 1011, 58, 1221, 154
460, 1, 995, 253, 1200, 348
461, 0, 811, 60, 976, 190
461, 1, 906, 196, 1200, 356
461, 2, 1042, 32, 1171, 163
461, 3, 999, 152, 1042, 233
462, 0, 615, 281, 867, 365
462, 1, 987, 195, 1169, 317
462, 2, 1101, 40, 1165, 169
463, 0, 122, 275, 484, 363
463, 1, 573, 269, 1054, 366
463, 2, 1014, 139, 1206, 358
464, 0, 569, 229, 1052, 357
464, 1, 1149, 125, 1177, 178
464, 2, 1134, 222, 1218, 359
465, 0, 586, 294, 871, 360
465, 1, 896, 274, 999, 350
465, 2, 1062, 114, 1187, 330
466, 0, 239, 291, 429, 363
466, 1, 637, 279, 866, 363
466, 2, 863, 24, 906, 127
466, 3, 870, 154, 1182, 355
466, 4, 901, 276, 969, 317
466, 5, 1125, 112, 1194, 213
467, 0, 115, 279, 487, 357
467, 1, 587, 318, 867, 364
467, 2, 852, 46, 1204, 187
467, 3, 900, 235, 1202, 356
468, 0, 112, 253, 334, 363
468, 1, 845, 280, 1181, 355
468, 2, 898, 15, 1043, 272
469, 0, 101, 276, 376, 355
469, 1, 592, 287, 737, 335
469, 2, 914, 33, 1180, 348
470, 0, 39, 278, 307, 357
470, 1, 640, 304, 885, 364
470, 2, 910, 289, 1159, 356
470, 3, 932, 22, 1218, 331
471, 0, 47, 242, 275, 359
471, 1, 753, 281, 1200, 355
471, 2, 879, 24, 1016, 212
471, 3, 1015, 92, 1206, 280
472, 0, 23, 281, 322, 354
472, 1, 585, 276, 964, 364
472, 2, 919, 30, 1219, 225
472, 3, 991, 168, 1209, 361
473, 0, 46, 260, 298, 363
473, 1, 361, 289, 647, 361
473, 2, 848, 296, 1039, 356
473, 3, 1026, 48, 1202, 347
474, 0, 37, 258, 433, 365
474, 1, 582, 303, 867, 354
474, 2, 1006, 91, 1210, 351
475, 0, 197, 338, 224, 366
475, 1, 884, 275, 1121, 350
475, 2, 1120, 117, 1193, 341
476, 0, 11, 303, 236, 360
476, 1, 376, 293, 452, 346
477, 0, 66, 305, 207, 355
477, 1, 769, 326, 864, 344
478, 0, 71, 315, 185, 350
478, 1, 811, 291, 1036, 361
478, 2, 912, 43, 1219, 341
479, 0, 719, 282, 870, 357
479, 1, 897, 29, 1059, 155
479, 2, 1059, 190, 1229, 261
480, 0, 49, 304, 254, 354
480, 1, 922, 45, 1175, 113
480, 2, 1027, 129, 1193, 199
481, 0, 81, 312, 232, 357
481, 1, 269, 263, 452, 360
481, 2, 810, 329, 889, 355
481, 3, 916, 35, 1221, 245
482, 0, 139, 311, 229, 348
482, 1, 787, 263, 1030, 365
482, 2, 978, 19, 1173, 231
483, 0, 76, 302, 196, 360
483, 1, 351, 294, 444, 358
483, 2, 614, 305, 857, 352
483, 3, 886, 26, 1096, 362
483, 4, 915, 289, 1010, 349
484, 0, 66, 328, 237, 354
484, 1, 342, 292, 437, 350
484, 2, 738, 309, 827, 344
484, 3, 883, 23, 1180, 206
484, 4, 900, 233, 1061, 357
485, 0, 54, 334, 191, 361
485, 1, 339, 288, 456, 360
485, 2, 968, 154, 1132, 297
485, 3, 929, 38, 1140, 183
485, 4, 970, 271, 1020, 349
486, 0, 34, 283, 222, 366
486, 1, 336, 305, 430, 358
486, 2, 951, 107, 1207, 339
486, 3, 970, 286, 1066, 350
487, 0, 30, 284, 446, 365
487, 1, 915, 34, 1205, 344
488, 0, 35, 278, 706, 355
488, 1, 763, 19, 926, 74
488, 2, 989, 40, 1231, 359
488, 3, 1208, 166, 1222, 224
489, 0, 11, 262, 295, 363
489, 1, 351, 311, 437, 349
489, 2, 997, 36, 1190, 343
490, 0, 52, 283, 437, 360
490, 1, 962, 20, 1140, 118
490, 2, 1120, 206, 1167, 346
491, 0, 724, 284, 895, 364
492, 0, 160, 292, 386, 356
493, 0, 61, 294, 268, 359
493, 1, 690, 282, 1079, 358
493, 2, 915, 183, 963, 254
493, 3, 1075, 24, 1212, 120
493, 4, 1155, 229, 1202, 333
494, 0, 878, 284, 974, 350
495, 0, 34, 238, 652, 360
495, 1, 889, 294, 1035, 354
495, 2, 948, 30, 1159, 321
495, 3, 1192, 264, 1212, 302
496, 0, 958, 26, 1222, 354
497, 0, 621, 297, 788, 342
497, 1, 1094, 45, 1171, 107
497, 2, 1004, 129, 1167, 262
498, 0, 690, 272, 852, 339
498, 1, 953, 30, 1192, 343
499, 0, 88, 290, 201, 346
499, 1, 619, 269, 838, 360
499, 2, 963, 116, 1181, 287
499, 3, 1081, 25, 1145, 182
500, 0, 53, 120, 189, 143
500, 1, 103, 281, 213, 362
500, 2, 581, 267, 909, 363
500, 3, 1027, 270, 1198, 366
501, 0, 14, 280, 224, 360
501, 1, 137, 41, 186, 142
501, 2, 327, 248, 461, 340
501, 3, 643, 261, 1168, 361
502, 0, 102, 279, 250, 315
503, 0, 230, 269, 425, 316
503, 1, 661, 329, 870, 360
504, 0, 15, 263, 178, 351
504, 1, 75, 85, 144, 129
504, 2, 719, 318, 935, 361
504, 3, 961, 288, 1190, 351
504, 4, 1030, 98, 1187, 309
505, 0, 41, 33, 119, 139
505, 1, 140, 293, 406, 356
505, 2, 603, 296, 902, 361
505, 3, 1084, 23, 1181, 324
506, 0, 17, 301, 465, 364
506, 1, 739, 288, 900, 359
506, 2, 985, 204, 1137, 342
507, 0, 242, 286, 453, 364
507, 1, 633, 307, 852, 362
507, 2, 1029, 229, 1171, 348
508, 0, 54, 263, 212, 364
508, 1, 304, 265, 517, 355
508, 2, 661, 277, 861, 351
508, 3, 915, 285, 1193, 351
509, 0, 55, 232, 478, 361
509, 1, 779, 276, 1102, 354
510, 0, 32, 263, 197, 359
510, 1, 246, 241, 459, 352
510, 2, 634, 308, 850, 362
510, 3, 925, 282, 1113, 356
511, 0, 635, 215, 1076, 357
511, 1, 935, 22, 1200, 313
512, 0, 232, 335, 329, 360
512, 1, 388, 268, 435, 354
512, 2, 719, 284, 857, 358
512, 3, 986, 30, 1119, 147
512, 4, 935, 288, 1151, 360
512, 5, 1143, 194, 1232, 334
513, 0, 41, 261, 496, 361
513, 1, 671, 299, 853, 365
513, 2, 1042, 105, 1203, 319
513, 3, 1079, 42, 1189, 148
513, 4, 1011, 287, 1125, 349
514, 0, 296, 282, 493, 364
514, 1, 625, 293, 863, 361
514, 2, 1005, 55, 1200, 208
514, 3, 1034, 299, 1166, 352
514, 4, 1112, 192, 1150, 292
515, 0, 193, 304, 276, 353
515, 1, 379, 291, 479, 345
515, 2, 754, 285, 860, 363
515, 3, 1014, 196, 1198, 351
515, 4, 1176, 187, 1221, 286
516, 0, 47, 258, 454, 359
516, 1, 964, 67, 1210, 359
517, 0, 184, 309, 355, 365
517, 1, 764, 313, 901, 365
517, 2, 944, 153, 1211, 269
517, 3, 986, 238, 1194, 362
518, 0, 120, 280, 350, 362
518, 1, 787, 308, 867, 337
518, 2, 907, 203, 1179, 361
518, 3, 959, 65, 1228, 282
519, 0, 18, 277, 463, 363
519, 1, 913, 89, 1121, 231
519, 2, 892, 192, 1224, 361
520, 0, 16, 230, 96, 344
520, 1, 225, 232, 451, 348
520, 2, 620, 295, 829, 356
520, 3, 872, 253, 1098, 336
520, 4, 962, 39, 1229, 196
521, 0, 22, 264, 435, 351
521, 1, 630, 285, 841, 347
521, 2, 894, 96, 1105, 236
521, 3, 1062, 37, 1154, 342
522, 0, 31, 270, 472, 363
522, 1, 752, 342, 868, 361
522, 2, 1051, 261, 1093, 325
522, 3, 1059, 140, 1159, 231
523, 0, 86, 257, 368, 363
523, 1, 460, 290, 868, 358
523, 2, 1057, 217, 1139, 342
523, 3, 1056, 49, 1136, 87
523, 4, 1116, 105, 1142, 175
524, 0, 31, 258, 385, 357
524, 1, 733, 308, 856, 359
524, 2, 1091, 177, 1189, 279
524, 3, 1072, 68, 1156, 181
525, 0, 55, 273, 460, 365
525, 1, 816, 327, 872, 358
526, 0, 32, 245, 274, 354
527, 0, 154, 310, 257, 364
528, 0, 24, 268, 227, 361
528, 1, 1024, 194, 1107, 332
529, 0, 80, 289, 276, 359
529, 1, 902, 75, 1017, 159
529, 2, 1074, 190, 1127, 280
530, 0, 76, 307, 222, 352
530, 1, 1095, 211, 1192, 262
531, 0, 1121, 222, 1216, 261
532, 0, 1133, 209, 1216, 260
533, 0, 164, 307, 337, 345
533, 1, 1111, 206, 1213, 256
535, 0, 179, 298, 458, 358
535, 1, 741, 276, 889, 345
535, 2, 973, 212, 1216, 290
536, 0, 219, 319, 300, 362
536, 1, 717, 275, 896, 365
537, 0, 220, 241, 484, 366
537, 1, 871, 305, 935, 347
537, 2, 1068, 249, 1192, 333
538, 0, 207, 286, 440, 361
538, 1, 1159, 271, 1209, 340
539, 0, 830, 285, 992, 347
540, 0, 194, 261, 493, 366
540, 1, 906, 300, 963, 341
540, 2, 1150, 252, 1216, 341
541, 0, 187, 305, 227, 363
541, 1, 301, 271, 433, 356
541, 2, 958, 294, 1207, 353
542, 0, 163, 280, 298, 354
542, 1, 1039, 324, 1217, 365
543, 0, 212, 292, 448, 355
543, 1, 717, 296, 896, 362
543, 2, 969, 258, 1197, 348
543, 3, 1089, 23, 1220, 206
544, 0, 157, 268, 432, 361
544, 1, 728, 321, 959, 353
544, 2, 1045, 302, 1158, 335
544, 3, 1063, 14, 1199, 203
545, 0, 135, 279, 326, 355
545, 1, 767, 303, 906, 361
545, 2, 1074, 277, 1233, 364
545, 3, 1079, 118, 1190, 203
545, 4, 1092, 30, 1152, 129
546, 0, 132, 255, 206, 333
546, 1, 758, 311, 893, 340
546, 2, 1096, 297, 1173, 350
546, 3, 1070, 86, 1155, 204
547, 0, 134, 254, 285, 325
547, 1, 1004, 60, 1189, 334
548, 0, 1140, 99, 1202, 172
549, 0, 306, 261, 429, 342
549, 1, 1162, 94, 1229, 169
552, 0, 313, 227, 528, 358
553, 0, 371, 242, 486, 352
553, 1, 618, 293, 829, 351
554, 0, 355, 241, 421, 352
554, 1, 619, 277, 671, 361
554, 2, 935, 15, 1003, 63
555, 0, 33, 271, 401, 357
555, 1, 626, 332, 666, 350
556, 0, 176, 309, 333, 361
556, 1, 981, 47, 1098, 176
556, 2, 1112, 116, 1168, 191
557, 0, 23, 254, 427, 358
557, 1, 1010, 76, 1125, 202
557, 2, 955, 65, 1041, 106
557, 3, 1081, 218, 1144, 344
558, 0, 37, 310, 118, 349
559, 0, 26, 251, 364, 348
559, 1, 1087, 94, 1173, 262
560, 0, 544, 289, 697, 349
560, 1, 855, 278, 968, 349
561, 0, 307, 303, 394, 361
561, 1, 620, 287, 859, 357
561, 2, 939, 290, 1160, 337
561, 3, 1061, 44, 1093, 226
563, 0, 23, 301, 367, 365
563, 1, 1122, 27, 1195, 102
564, 0, 714, 287, 852, 365
565, 0, 513, 309, 756, 366
565, 1, 989, 315, 1227, 356
566, 0, 21, 235, 91, 265
566, 1, 240, 246, 462, 357
566, 2, 607, 302, 860, 361
566, 3, 1088, 180, 1211, 361
567, 0, 606, 262, 1110, 351
567, 1, 1161, 94, 1212, 324
568, 0, 50, 240, 491, 364
568, 1, 870, 45, 1042, 151
568, 2, 968, 273, 1169, 337
569, 0, 109, 241, 473, 365
569, 1, 854, 64, 876, 185
569, 2, 981, 92, 1149, 220
569, 3, 1119, 319, 1190, 359
570, 0, 281, 258, 331, 345
570, 1, 1037, 31, 1217, 205
570, 2, 1044, 171, 1120, 235
570, 3, 1115, 305, 1233, 358
571, 0, 95, 261, 425, 362
571, 1, 1087, 65, 1193, 262
571, 2, 1062, 304, 1199, 357
572, 0, 27, 248, 324, 350
572, 1, 91, 20, 179, 159
572, 2, 1134, 42, 1161, 174
572, 3, 1087, 258, 1169, 344
573, 0, 78, 244, 506, 355
573, 1, 611, 307, 851, 353
574, 0, 86, 232, 437, 351
574, 1, 945, 300, 1066, 355
575, 0, 60, 244, 296, 349
575, 1, 883, 208, 1101, 345
576, 0, 607, 302, 851, 357
576, 1, 996, 217, 1152, 355
576, 2, 997, 48, 1121, 174
577, 0, 63, 224, 464, 363
577, 1, 105, 22, 189, 134
577, 2, 593, 301, 830, 356
577, 3, 979, 139, 1206, 350
578, 0, 31, 241, 361, 365
578, 1, 79, 37, 136, 111
578, 2, 1001, 172, 1150, 217
578, 3, 1025, 27, 1179, 112
579, 0, 111, 216, 217, 353
579, 1, 304, 286, 441, 364
579, 2, 622, 277, 868, 357
579, 3, 949, 26, 1121, 119
579, 4, 1014, 153, 1154, 281
579, 5, 1013, 317, 1158, 349
580, 0, 100, 238, 453, 361
580, 1, 588, 312, 833, 363
580, 2, 1075, 221, 1174, 345
581, 0, 44, 253, 316, 360
581, 1, 831, 295, 1029, 346
582, 0, 907, 279, 1126, 347
583, 0, 20, 260, 233, 360
583, 1, 267, 317, 426, 361
584, 0, 13, 323, 125, 358
584, 1, 257, 244, 440, 358
585, 0, 25, 240, 332, 362
585, 1, 880, 150, 1133, 353
585, 2, 1000, 29, 1109, 191
586, 0, 63, 242, 321, 354
586, 1, 954, 164, 1188, 344
586, 2, 1074, 27, 1187, 192
587, 0, 36, 253, 285, 356
587, 1, 1022, 156, 1135, 278
587, 2, 1081, 21, 1155, 59
588, 0, 88, 236, 284, 345
588, 1, 812, 61, 979, 155
588, 2, 1043, 59, 1171, 322
589, 0, 114, 276, 186, 328
589, 1, 1053, 20, 1172, 145
589, 2, 1161, 217, 1205, 344
590, 0, 67, 275, 283, 358
590, 1, 840, 31, 1112, 265
591, 0, 591, 323, 630, 343
591, 1, 841, 57, 1028, 293
591, 2, 933, 30, 1074, 180
591, 3, 914, 314, 1051, 350
592, 0, 546, 324, 665, 360
592, 1, 879, 40, 983, 161
592, 2, 975, 33, 1119, 347
593, 0, 803, 27, 933, 149
593, 1, 968, 51, 1143, 151
593, 2, 1053, 161, 1209, 312
593, 3, 1036, 322, 1056, 349
594, 0, 41, 248, 637, 365
594, 1, 824, 23, 915, 165
594, 2, 965, 37, 1225, 299
594, 3, 941, 289, 1103, 359
595, 0, 93, 211, 381, 352
595, 1, 281, 243, 492, 349
595, 2, 845, 167, 1204, 347
595, 3, 951, 171, 1058, 262
595, 4, 1042, 30, 1175, 188
596, 0, 126, 272, 276, 347
596, 1, 795, 302, 1073, 352
596, 2, 1013, 254, 1102, 284
596, 3, 935, 36, 1154, 141
596, 4, 1098, 122, 1201, 344
597, 0, 84, 269, 492, 358
597, 1, 987, 333, 1162, 358
597, 2, 959, 21, 1015, 123
597, 3, 1084, 208, 1214, 296
597, 4, 1165, 103, 1225, 250
598, 0, 50, 293, 443, 365
598, 1, 1068, 235, 1204, 360
599, 0, 35, 287, 224, 360
599, 1, 587, 286, 712, 360
599, 2, 865, 105, 1010, 230
599, 3, 822, 311, 1046, 348
599, 4, 1088, 261, 1173, 365
600, 0, 171, 266, 422, 363
600, 1, 1005, 28, 1142, 133
600, 2, 1033, 171, 1224, 363
601, 0, 55, 276, 298, 357
601, 1, 806, 208, 974, 365
601, 2, 1064, 138, 1151, 349
602, 0, 21, 246, 264, 358
602, 1, 979, 225, 1205, 354
602, 2, 1028, 80, 1192, 185
603, 0, 1049, 52, 1163, 342
604, 0, 971, 277, 1042, 346
604, 1, 957, 26, 1200, 323
605, 0, 978, 50, 1152, 132
605, 1, 1128, 164, 1201, 365
606, 0, 279, 302, 645, 348
606, 1, 786, 285, 867, 345
606, 2, 1131, 282, 1206, 362
607, 0, 803, 52, 918, 283
608, 0, 824, 236, 899, 343
609, 0, 89, 298, 175, 356
609, 1, 817, 279, 914, 360
609, 2, 1025, 58, 1060, 197
609, 3, 1133, 24, 1190, 165
610, 0, 77, 275, 155, 338
610, 1, 762, 266, 1057, 364
610, 2, 901, 93, 920, 181
610, 3, 1031, 212, 1100, 274
611, 0, 821, 267, 930, 333
611, 1, 859, 123, 1100, 332
611, 2, 1066, 82, 1154, 232
612, 0, 51, 262, 191, 343
612, 1, 256, 266, 478, 363
612, 2, 653, 272, 1197, 362
612, 3, 1058, 56, 1141, 197
613, 0, 246, 244, 420, 356
613, 1, 538, 245, 1186, 365
613, 2, 957, 28, 1152, 155
613, 3, 1045, 144, 1183, 224
614, 0, 85, 269, 443, 363
614, 1, 634, 267, 1229, 364
614, 2, 920, 23, 1198, 185
615, 0, 27, 305, 424, 361
615, 1, 786, 288, 885, 362
615, 2, 949, 305, 1029, 345
615, 3, 1060, 18, 1201, 182
615, 4, 1102, 296, 1192, 358
616, 0, 278, 255, 530, 341
616, 1, 785, 283, 912, 349
616, 2, 1007, 294, 1167, 358
617, 0, 152, 255, 417, 363
617, 1, 651, 294, 1164, 353
617, 2, 961, 85, 1004, 174
617, 3, 1037, 13, 1207, 171
618, 0, 619, 305, 1126, 366
618, 1, 1005, 29, 1071, 92
619, 0, 199, 284, 370, 354
619, 1, 693, 294, 843, 360
619, 2, 871, 275, 1056, 353
619, 3, 996, 197, 1170, 361
619, 4, 1018, 22, 1157, 168
620, 0, 64, 262, 404, 363
620, 1, 669, 280, 838, 364
620, 2, 921, 13, 1189, 154
620, 3, 928, 286, 1078, 362
620, 4, 952, 164, 1183, 261
620, 5, 1109, 236, 1190, 366
621, 0, 699, 282, 884, 360
621, 1, 874, 19, 1185, 209
621, 2, 945, 301, 1192, 357
622, 0, 234, 292, 410, 365
622, 1, 743, 289, 906, 351
622, 2, 935, 66, 1079, 199
622, 3, 970, 280, 1123, 345
622, 4, 1138, 56, 1208, 232
623, 0, 25, 249, 402, 362
623, 1, 713, 288, 929, 362
623, 2, 898, 188, 1013, 338
623, 3, 1026, 20, 1162, 152
623, 4, 1057, 232, 1164, 339
624, 0, 36, 262, 535, 356
624, 1, 797, 305, 935, 347
624, 2, 868, 89, 932, 163
624, 3, 1131, 45, 1170, 125
624, 4, 1018, 317, 1117, 356
624, 5, 1142, 247, 1198, 340
625, 0, 56, 262, 462, 359
625, 1, 813, 253, 1038, 348
625, 2, 958, 116, 1044, 184
625, 3, 1034, 326, 1161, 352
626, 0, 257, 286, 401, 364
626, 1, 625, 281, 824, 362
626, 2, 881, 254, 1095, 356
626, 3, 931, 54, 1168, 149
626, 4, 1148, 303, 1185, 352
627, 0, 18, 261, 424, 364
627, 1, 812, 325, 901, 360
627, 2, 994, 53, 1134, 364
628, 0, 1026, 43, 1152, 193
628, 1, 1099, 218, 1233, 322
629, 0, 361, 279, 476, 363
629, 1, 938, 306, 1070, 344
629, 2, 1050, 28, 1175, 226
630, 0, 12, 247, 251, 365
630, 1, 855, 298, 1095, 349
630, 2, 994, 62, 1022, 186
630, 3, 1121, 220, 1190, 318
631, 0, 333, 276, 471, 363
631, 1, 631, 212, 933, 360
632, 0, 352, 331, 442, 364
632, 1, 487, 267, 624, 351
632, 2, 666, 207, 882, 341
632, 3, 919, 230, 1066, 340
633, 0, 565, 282, 675, 350
633, 1, 783, 210, 891, 346
633, 2, 912, 189, 1136, 359
634, 0, 51, 271, 486, 358
634, 1, 822, 270, 899, 362
635, 0, 94, 229, 478, 357
635, 1, 772, 272, 958, 359
635, 2, 1030, 48, 1096, 153
635, 3, 997, 319, 1159, 360
636, 0, 69, 213, 214, 354
636, 1, 246, 262, 381, 365
636, 2, 757, 250, 986, 359
636, 3, 1076, 42, 1152, 213
636, 4, 967, 224, 1173, 364
637, 0, 185, 268, 261, 362
637, 1, 807, 273, 899, 346
637, 2, 1064, 32, 1189, 125
637, 3, 935, 304, 1080, 347
637, 4, 1103, 166, 1214, 339
638, 0, 49, 215, 492, 366
638, 1, 595, 296, 973, 354
638, 2, 1065, 194, 1202, 361
639, 0, 113, 268, 495, 359
639, 1, 585, 256, 898, 360
639, 2, 899, 293, 990, 349
639, 3, 1042, 35, 1204, 357
640, 0, 230, 250, 494, 362
640, 1, 582, 287, 1160, 360
641, 0, 36, 181, 454, 360
641, 1, 770, 341, 896, 352
641, 2, 870, 281, 913, 345
642, 0, 81, 253, 482, 356
642, 1, 872, 319, 1157, 354
643, 0, 149, 216, 530, 358
643, 1, 655, 269, 942, 360
643, 2, 963, 197, 1193, 350
643, 3, 1008, 17, 1122, 142
644, 0, 46, 266, 297, 364
644, 1, 625, 275, 848, 354
644, 2, 896, 302, 1131, 344
644, 3, 995, 19, 1159, 233
645, 0, 167, 285, 315, 365
645, 1, 508, 299, 742, 362
645, 2, 804, 280, 860, 333
645, 3, 897, 105, 1227, 351
646, 0, 654, 235, 1193, 362
646, 1, 1051, 15, 1214, 203
647, 0, 249, 84, 375, 212
647, 1, 653, 294, 849, 360
647, 2, 1097, 29, 1227, 236
647, 3, 1172, 297, 1220, 363
648, 0, 31, 207, 404, 358
648, 1, 650, 304, 1185, 355
649, 0, 704, 284, 810, 352
649, 1, 933, 308, 1230, 361
650, 0, 205, 270, 389, 364
650, 1, 168, 72, 353, 229
651, 0, 66, 278, 423, 362
651, 1, 47, 30, 301, 230
652, 0, 60, 41, 341, 285
652, 1, 196, 296, 317, 357
652, 2, 816, 271, 1102, 361
653, 0, 25, 229, 269, 352
653, 1, 75, 144, 274, 255
653, 2, 53, 29, 246, 110
653, 3, 903, 307, 1088, 358
653, 4, 933, 37, 1166, 323
654, 0, 45, 27, 396, 355
654, 1, 24, 287, 232, 342
654, 2, 1007, 35, 1172, 198
655, 0, 16, 196, 146, 364
655, 1, 50, 28, 206, 192
655, 2, 960, 139, 1215, 357
655, 3, 1043, 19, 1218, 201
656, 0, 17, 147, 111, 293
656, 1, 48, 25, 171, 107
656, 2, 139, 256, 230, 353
656, 3, 995, 103, 1231, 320
657, 0, 136, 295, 214, 357
657, 1, 310, 288, 407, 356
657, 2, 964, 40, 1181, 276
657, 3, 1090, 186, 1232, 366
658, 0, 20, 253, 427, 363
658, 1, 1038, 13, 1215, 263
658, 2, 1079, 238, 1178, 354
659, 0, 35, 253, 417, 362
659, 1, 1091, 54, 1229, 184
659, 2, 1130, 161, 1215, 297
660, 0, 72, 295, 222, 362
660, 1, 397, 297, 452, 364
660, 2, 1088, 104, 1162, 273
660, 3, 1042, 48, 1080, 106
661, 0, 26, 271, 241, 355
661, 1, 342, 299, 402, 358
661, 2, 1025, 180, 1222, 331
661, 3, 1081, 34, 1232, 118
662, 0, 44, 273, 225, 362
662, 1, 270, 274, 385, 338
662, 2, 1113, 149, 1174, 325
662, 3, 1133, 16, 1225, 89
663, 0, 77, 323, 228, 363
663, 1, 735, 312, 964, 340
664, 0, 806, 320, 992, 359
665, 0, 87, 339, 206, 364
666, 0, 21, 320, 81, 349
666, 1, 131, 287, 251, 336
666, 2, 747, 268, 1000, 351
666, 3, 1184, 253, 1225, 309
667, 0, 57, 302, 185, 342
667, 1, 1180, 256, 1224, 357
668, 0, 29, 307, 160, 347
669, 0, 78, 323, 87, 349
669, 1, 685, 256, 952, 356
670, 0, 680, 290, 872, 351
670, 1, 1117, 160, 1218, 314
671, 0, 672, 270, 801, 361
672, 0, 667, 283, 802, 364
672, 1, 994, 278, 1167, 330
672, 2, 1129, 31, 1201, 269
673, 0, 641, 271, 885, 355
673, 1, 1134, 219, 1207, 324
675, 0, 14, 262, 195, 351
675, 1, 732, 322, 823, 334
677, 0, 46, 280, 153, 347
678, 0, 836, 266, 1169, 361
679, 0, 19, 268, 466, 360
679, 1, 751, 336, 969, 359
680, 0, 25, 265, 126, 365
681, 0, 18, 266, 422, 366
681, 1, 1102, 131, 1217, 358
682, 0, 28, 298, 143, 358
682, 1, 212, 262, 394, 364
682, 2, 602, 282, 779, 353
682, 3, 946, 285, 1213, 359
682, 4, 1093, 111, 1203, 272
683, 0, 39, 266, 419, 350
683, 1, 612, 279, 781, 361
683, 2, 1002, 13, 1227, 205
683, 3, 1119, 233, 1162, 307
684, 0, 28, 297, 146, 357
684, 1, 239, 313, 383, 355
684, 2, 1006, 23, 1210, 157
684, 3, 1144, 191, 1197, 299
685, 0, 708, 293, 1023, 365
685, 1, 1029, 11, 1198, 246
686, 0, 57, 297, 261, 359
686, 1, 708, 295, 880, 363
686, 2, 923, 319, 1073, 348
686, 3, 1050, 37, 1173, 261
687, 0, 59, 289, 151, 353
687, 1, 216, 314, 388, 353
687, 2, 614, 284, 923, 352
687, 3, 1012, 218, 1127, 350
687, 4, 1019, 28, 1200, 173
688, 0, 37, 322, 128, 357
688, 1, 1091, 54, 1194, 152
689, 0, 28, 299, 143, 361
689, 1, 187, 250, 410, 346
689, 2, 1021, 316, 1145, 351
689, 3, 1103, 33, 1183, 111
690, 0, 18, 266, 400, 365
690, 1, 1039, 115, 1166, 210
690, 2, 1143, 36, 1167, 67
691, 0, 12, 269, 383, 359
692, 0, 37, 253, 409, 364
692, 1, 683, 253, 731, 360
693, 0, 35, 286, 120, 364
693, 1, 161, 276, 351, 358
693, 2, 658, 303, 830, 356
693, 3, 1081, 44, 1180, 213
694, 0, 52, 270, 242, 366
694, 1, 297, 334, 356, 364
694, 2, 1152, 51, 1200, 212
695, 0, 90, 267, 404, 363
695, 1, 1147, 77, 1199, 207
696, 0, 27, 270, 187, 361
696, 1, 261, 304, 369, 365
696, 2, 672, 250, 826, 346
696, 3, 849, 295, 1005, 348
696, 4, 1127, 46, 1188, 226
697, 0, 17, 245, 195, 357
697, 1, 758, 313, 849, 336
697, 2, 893, 174, 1042, 321
697, 3, 1035, 15, 1202, 159
698, 0, 54, 253, 170, 363
698, 1, 910, 171, 970, 273
699, 0, 12, 277, 132, 361
699, 1, 748, 285, 867, 349
699, 2, 951, 137, 1072, 230
699, 3, 939, 262, 1151, 345
700, 0, 14, 250, 104, 361
700, 1, 739, 278, 871, 358
700, 2, 950, 138, 1040, 246
700, 3, 958, 247, 1088, 345
700, 4, 1032, 49, 1157, 151
701, 0, 970, 146, 1110, 353
702, 0, 954, 113, 1079, 248
702, 1, 1040, 234, 1200, 363
703, 0, 227, 259, 293, 347
703, 1, 972, 46, 1167, 308
704, 0, 233, 265, 295, 354
704, 1, 958, 42, 1138, 227
704, 2, 960, 209, 1184, 346
705, 0, 977, 123, 1209, 300
705, 1, 1058, 339, 1211, 357
705, 2, 1089, 111, 1210, 155
706, 0, 1070, 40, 1196, 217
706, 1, 1045, 232, 1228, 346
706, 2, 997, 114, 1056, 170
707, 0, 35, 253, 188, 338
707, 1, 706, 320, 868, 364
707, 2, 940, 109, 1025, 148
707, 3, 1004, 212, 1196, 340
707, 4, 1075, 57, 1143, 139
708, 0, 67, 251, 158, 361
708, 1, 974, 32, 1051, 143
708, 2, 1059, 199, 1206, 346
708, 3, 1073, 50, 1197, 186
709, 0, 33, 249, 157, 354
709, 1, 683, 285, 826, 358
709, 2, 973, 23, 1197, 263
709, 3, 1080, 229, 1163, 340
709, 4, 1170, 329, 1214, 355
710, 0, 41, 262, 117, 357
710, 1, 978, 83, 1053, 145
710, 2, 1083, 185, 1205, 340
710, 3, 1135, 37, 1191, 120
711, 0, 13, 250, 170, 362
711, 1, 599, 282, 726, 362
711, 2, 998, 43, 1125, 173
711, 3, 1091, 208, 1192, 291
712, 0, 13, 291, 109, 363
712, 1, 128, 246, 240, 338
712, 2, 676, 283, 804, 357
712, 3, 992, 34, 1191, 109
712, 4, 1036, 211, 1194, 304
713, 0, 11, 265, 107, 363
713, 1, 210, 271, 407, 363
713, 2, 691, 324, 848, 356
713, 3, 1038, 187, 1181, 340
713, 4, 1015, 35, 1091, 93
713, 5, 1174, 12, 1212, 218
714, 0, 14, 290, 231, 364
714, 1, 692, 313, 871, 363
714, 2, 1055, 22, 1165, 173
715, 0, 11, 265, 305, 364
715, 1, 693, 283, 916, 363
715, 2, 1080, 32, 1196, 129
716, 0, 10, 270, 152, 359
716, 1, 728, 309, 852, 354
716, 2, 1149, 293, 1197, 344
716, 3, 1124, 14, 1162, 136
717, 0, 26, 275, 228, 355
717, 1, 709, 287, 899, 361
717, 2, 1139, 13, 1200, 149
718, 0, 736, 284, 841, 352
719, 0, 31, 282, 146, 347
719, 1, 719, 318, 865, 355
719, 2, 905, 295, 932, 346
719, 3, 1107, 54, 1196, 236
722, 0, 40, 294, 142, 365
722, 1, 1026, 73, 1139, 193
723, 0, 63, 294, 128, 364
723, 1, 1035, 105, 1121, 197
724, 0, 36, 293, 128, 352
724, 1, 1068, 42, 1186, 151
725, 0, 1063, 102, 1225, 197
726, 0, 1146, 14, 1220, 179
727, 0, 1121, 40, 1202, 202
728, 0, 1024, 36, 1214, 192
729, 0, 1092, 27, 1204, 183
730, 0, 1160, 128, 1217, 170
731, 0, 1064, 24, 1220, 213
732, 0, 1121, 139, 1186, 210
733, 0, 1039, 154, 1211, 224
734, 0, 145, 279, 248, 363
734, 1, 1028, 28, 1221, 231
735, 0, 1110, 136, 1218, 240
736, 0, 1160, 33, 1225, 232
739, 0, 1024, 139, 1183, 224
740, 0, 30, 315, 140, 358
740, 1, 1112, 114, 1166, 213
741, 0, 38, 327, 107, 359
742, 0, 1133, 140, 1170, 214
744, 0, 1172, 116, 1209, 222
747, 0, 30, 329, 185, 363
749, 0, 50, 340, 167, 365
750, 0, 1170, 166, 1200, 228
775, 0, 1097, 26, 1209, 159
