8, 0, 768, 275, 1198, 354
9, 0, 42, 160, 293, 335
9, 1, 554, 270, 789, 343
9, 2, 784, 213, 1206, 352
10, 0, 54, 153, 245, 225
10, 1, 106, 253, 317, 342
10, 2, 693, 329, 815, 359
10, 3, 781, 231, 1067, 351
10, 4, 1110, 180, 1205, 336
11, 0, 46, 136, 214, 343
11, 1, 296, 256, 436, 361
11, 2, 458, 265, 637, 352
11, 3, 731, 225, 1208, 349
12, 0, 31, 125, 212, 316
12, 1, 456, 270, 640, 362
12, 2, 821, 248, 936, 341
12, 3, 1111, 264, 1130, 348
13, 0, 64, 155, 276, 346
13, 1, 382, 277, 646, 365
13, 2, 839, 254, 1021, 366
14, 0, 161, 161, 244, 288
14, 1, 385, 284, 694, 354
14, 2, 912, 224, 1192, 360
14, 3, 1022, 330, 1047, 364
15, 0, 58, 154, 180, 313
15, 1, 418, 285, 635, 356
15, 2, 918, 229, 1056, 365
15, 3, 1112, 240, 1222, 365
16, 0, 47, 157, 251, 220
16, 1, 375, 300, 703, 364
16, 2, 895, 32, 982, 140
16, 3, 964, 318, 1034, 344
16, 4, 1121, 240, 1218, 356
17, 0, 411, 311, 726, 346
17, 1, 936, 302, 1042, 357
17, 2, 1113, 315, 1197, 348
18, 0, 906, 140, 1105, 364
18, 1, 1005, 24, 1139, 122
18, 2, 1131, 336, 1215, 363
19, 0, 838, 226, 1170, 363
19, 1, 1006, 35, 1170, 147
20, 0, 517, 282, 690, 336
20, 1, 783, 228, 982, 357
20, 2, 997, 265, 1113, 356
20, 3, 1019, 213, 1184, 268
21, 0, 810, 260, 905, 331
21, 1, 963, 252, 1053, 341
22, 0, 786, 258, 992, 355
22, 1, 896, 17, 947, 76
22, 2, 992, 248, 1146, 295
23, 0, 875, 28, 988, 133
23, 1, 859, 239, 1086, 332
23, 2, 1113, 208, 1210, 286
24, 0, 929, 30, 978, 134
24, 1, 908, 282, 992, 346
24, 2, 851, 248, 921, 288
25, 0, 901, 30, 976, 129
25, 1, 878, 263, 987, 351
25, 2, 983, 267, 1088, 290
26, 0, 914, 249, 998, 338
27, 0, 896, 75, 935, 129
27, 1, 975, 326, 1022, 361
27, 2, 965, 29, 1010, 64
27, 3, 890, 252, 1081, 363
28, 0, 983, 270, 1156, 359
29, 0, 70, 261, 330, 343
29, 1, 863, 46, 888, 130
29, 2, 962, 277, 1110, 362
29, 3, 1152, 19, 1186, 126
30, 0, 179, 246, 310, 345
30, 1, 880, 89, 920, 144
30, 2, 982, 321, 1154, 359
31, 0, 164, 202, 324, 334
31, 1, 848, 247, 928, 330
31, 2, 901, 23, 1078, 123
31, 3, 970, 277, 1176, 365
32, 0, 101, 281, 178, 314
32, 1, 891, 24, 1013, 155
32, 2, 1007, 290, 1216, 366
33, 0, 17, 261, 91, 316
33, 1, 845, 188, 1226, 365
33, 2, 933, 29, 1112, 152
34, 0, 23, 235, 136, 297
34, 1, 802, 117, 831, 140
34, 2, 944, 334, 1093, 358
34, 3, 935, 27, 1074, 135
34, 4, 897, 188, 1061, 294
35, 0, 17, 216, 99, 268
35, 1, 15, 66, 93, 158
35, 2, 894, 231, 1153, 366
35, 3, 943, 23, 1155, 185
36, 0, 18, 153, 119, 287
36, 1, 831, 103, 872, 133
36, 2, 892, 235, 1139, 358
36, 3, 976, 22, 1181, 183
37, 0, 848, 106, 900, 131
37, 1, 862, 241, 1048, 360
37, 2, 1005, 39, 1081, 114
37, 3, 1033, 227, 1223, 347
38, 0, 22, 161, 238, 227
38, 1, 828, 20, 1189, 150
38, 2, 894, 172, 1166, 363
39, 0, 12, 80, 159, 226
39, 1, 133, 301, 459, 332
39, 2, 880, 29, 1120, 156
39, 3, 955, 315, 1024, 361
40, 0, 92, 78, 115, 204
40, 1, 974, 31, 1057, 195
40, 2, 954, 233, 1109, 360
40, 3, 1125, 227, 1230, 343
41, 0, 1004, 37, 1080, 123
41, 1, 959, 266, 1016, 338
41, 2, 1130, 293, 1233, 358
42, 0, 41, 72, 73, 162
42, 1, 923, 38, 1122, 138
42, 2, 1014, 245, 1141, 347
43, 0, 974, 44, 1145, 147
43, 1, 1035, 273, 1207, 363
43, 2, 1114, 232, 1203, 302
44, 0, 843, 114, 892, 164
44, 1, 1004, 51, 1131, 137
44, 2, 1083, 203, 1229, 348
45, 0, 17, 136, 96, 178
45, 1, 1054, 244, 1111, 332
46, 0, 14, 123, 79, 172
46, 1, 853, 88, 973, 251
47, 0, 965, 89, 1019, 114
48, 0, 802, 191, 1049, 336
48, 1, 992, 77, 1020, 120
49, 0, 734, 268, 881, 360
49, 1, 862, 115, 895, 171
49, 2, 960, 90, 1074, 201
50, 0, 851, 102, 901, 135
50, 1, 931, 255, 1072, 339
50, 2, 969, 80, 1135, 242
51, 0, 780, 176, 1089, 328
51, 1, 843, 36, 923, 136
51, 2, 889, 275, 1046, 364
51, 3, 973, 72, 1164, 137
52, 0, 847, 176, 1156, 364
52, 1, 875, 102, 962, 127
52, 2, 984, 51, 1156, 172
53, 0, 870, 211, 1197, 366
53, 1, 876, 96, 1032, 145
53, 2, 1089, 84, 1154, 118
54, 0, 725, 219, 1189, 366
54, 1, 885, 94, 1027, 127
55, 0, 767, 257, 1048, 353
55, 1, 917, 19, 1037, 219
55, 2, 1065, 49, 1231, 183
55, 3, 1090, 311, 1142, 363
55, 4, 1111, 237, 1196, 309
56, 0, 800, 85, 1034, 264
56, 1, 938, 295, 1129, 358
56, 2, 1020, 190, 1182, 291
57, 0, 731, 322, 863, 353
57, 1, 899, 55, 1103, 138
57, 2, 965, 317, 1123, 356
57, 3, 1068, 197, 1177, 242
58, 0, 737, 262, 891, 352
58, 1, 860, 92, 937, 146
58, 2, 966, 324, 1156, 359
59, 0, 772, 190, 1146, 361
59, 1, 856, 92, 1069, 158
59, 2, 1113, 240, 1211, 359
60, 0, 870, 192, 1086, 358
60, 1, 949, 87, 1204, 320
61, 0, 826, 81, 1030, 136
61, 1, 1032, 266, 1102, 358
61, 2, 1066, 174, 1220, 350
62, 0, 91, 19, 189, 177
62, 1, 826, 258, 1225, 359
62, 2, 832, 79, 1013, 262
63, 0, 828, 255, 940, 361
63, 1, 863, 55, 1071, 137
63, 2, 949, 179, 1086, 345
63, 3, 1115, 142, 1191, 341
64, 0, 14, 238, 68, 350
64, 1, 180, 106, 233, 163
64, 2, 840, 315, 986, 360
64, 3, 844, 30, 1049, 183
64, 4, 910, 225, 1008, 287
65, 0, 68, 105, 228, 166
65, 1, 805, 273, 1128, 363
65, 2, 876, 50, 1066, 165
66, 0, 104, 70, 204, 168
66, 1, 204, 266, 499, 344
66, 2, 761, 169, 1060, 360
66, 3, 889, 25, 1070, 127
66, 4, 1015, 194, 1195, 335
67, 0, 791, 296, 924, 357
67, 1, 875, 20, 1074, 123
67, 2, 921, 268, 1162, 356
68, 0, 93, 44, 177, 171
68, 1, 113, 256, 185, 317
68, 2, 810, 277, 1082, 363
68, 3, 858, 27, 1137, 138
68, 4, 906, 100, 1215, 351
69, 0, 808, 208, 1161, 363
69, 1, 851, 43, 1098, 150
70, 0, 801, 288, 1095, 365
70, 1, 907, 52, 1037, 130
70, 2, 931, 163, 1112, 276
70, 3, 1122, 253, 1221, 343
71, 0, 37, 289, 120, 333
71, 1, 801, 256, 1168, 362
71, 2, 960, 44, 1061, 96
71, 3, 1097, 82, 1187, 209
72, 0, 45, 244, 152, 307
72, 1, 723, 70, 1179, 363
72, 2, 782, 22, 1012, 130
73, 0, 25, 228, 93, 319
73, 1, 685, 299, 869, 355
73, 2, 865, 135, 1153, 365
73, 3, 900, 31, 1195, 103
74, 0, 59, 301, 107, 327
74, 1, 691, 253, 915, 364
74, 2, 864, 33, 1130, 139
74, 3, 926, 255, 1194, 357
75, 0, 663, 291, 860, 360
75, 1, 888, 21, 1053, 108
75, 2, 1010, 252, 1197, 353
75, 3, 1168, 61, 1203, 109
76, 0, 736, 225, 1075, 360
76, 1, 913, 10, 1080, 133
76, 2, 1188, 63, 1202, 104
77, 0, 751, 232, 1181, 362
77, 1, 881, 15, 1151, 121
78, 0, 749, 268, 1148, 361
78, 1, 838, 14, 1222, 318
79, 0, 22, 187, 187, 343
79, 1, 613, 182, 1219, 361
79, 2, 1052, 20, 1227, 102
80, 0, 16, 241, 160, 343
80, 1, 748, 277, 872, 366
80, 2, 824, 36, 1123, 362
80, 3, 1080, 16, 1208, 88
80, 4, 1138, 243, 1200, 343
81, 0, 171, 233, 236, 315
81, 1, 757, 281, 887, 359
81, 2, 848, 85, 909, 150
81, 3, 902, 234, 1121, 365
81, 4, 1034, 24, 1200, 66
81, 5, 1130, 245, 1210, 351
82, 0, 97, 238, 168, 294
82, 1, 767, 219, 1140, 364
82, 2, 862, 45, 977, 187
82, 3, 1066, 220, 1171, 330
82, 4, 1142, 27, 1200, 184
83, 0, 129, 47, 343, 278
83, 1, 979, 41, 1060, 143
83, 2, 931, 197, 1139, 360
83, 3, 1150, 30, 1233, 130
83, 4, 1159, 267, 1227, 345
84, 0, 77, 219, 140, 334
84, 1, 212, 206, 349, 278
84, 2, 729, 183, 1131, 358
84, 3, 891, 55, 1018, 101
85, 0, 792, 204, 1108, 355
85, 1, 862, 71, 953, 142
85, 2, 990, 45, 1052, 121
86, 0, 121, 213, 273, 287
86, 1, 791, 153, 1124, 366
86, 2, 862, 53, 1204, 339
87, 0, 63, 243, 241, 305
87, 1, 722, 262, 1130, 363
87, 2, 832, 24, 1146, 129
88, 0, 46, 86, 254, 337
88, 1, 287, 215, 556, 320
88, 2, 781, 226, 1120, 365
88, 3, 884, 31, 1165, 157
88, 4, 1135, 212, 1217, 347
89, 0, 50, 228, 210, 333
89, 1, 769, 247, 980, 344
89, 2, 859, 21, 1118, 128
89, 3, 1045, 23, 1163, 75
89, 4, 978, 205, 1109, 360
89, 5, 1143, 216, 1215, 338
90, 0, 52, 44, 251, 335
90, 1, 740, 207, 1231, 362
90, 2, 766, 29, 831, 160
90, 3, 875, 49, 1073, 104
91, 0, 57, 41, 159, 315
91, 1, 768, 69, 833, 148
91, 2, 890, 47, 1051, 98
91, 3, 861, 256, 995, 349
91, 4, 1015, 184, 1208, 323
91, 5, 1125, 27, 1142, 88
92, 0, 23, 242, 127, 341
92, 1, 778, 27, 1156, 145
92, 2, 797, 222, 1103, 355
92, 3, 1073, 209, 1217, 322
93, 0, 386, 209, 1157, 343
93, 1, 790, 22, 1091, 139
93, 2, 1056, 206, 1213, 306
94, 0, 778, 193, 1204, 361
94, 1, 798, 34, 1141, 138
95, 0, 38, 278, 137, 338
95, 1, 793, 50, 921, 161
95, 2, 917, 28, 1186, 131
95, 3, 901, 179, 1072, 294
95, 4, 887, 310, 1089, 366
95, 5, 1092, 207, 1212, 352
96, 0, 805, 205, 1018, 361
96, 1, 794, 22, 1015, 147
96, 2, 1056, 204, 1216, 352
97, 0, 935, 229, 1059, 357
97, 1, 811, 27, 934, 134
97, 2, 934, 21, 1212, 341
97, 3, 1103, 285, 1193, 364
98, 0, 15, 307, 135, 361
98, 1, 594, 262, 877, 362
98, 2, 812, 27, 928, 152
98, 3, 886, 238, 1190, 365
98, 4, 957, 40, 1121, 117
98, 5, 969, 169, 1208, 266
99, 0, 35, 100, 123, 197
99, 1, 593, 245, 825, 340
99, 2, 796, 27, 1048, 120
99, 3, 1080, 19, 1147, 120
99, 4, 972, 149, 1193, 283
99, 5, 975, 239, 1031, 363
99, 6, 1049, 290, 1206, 360
100, 0, 934, 12, 1186, 263
100, 1, 953, 226, 1158, 360
100, 2, 1106, 19, 1179, 88
100, 3, 1030, 224, 1180, 310
101, 0, 826, 277, 1053, 364
101, 1, 871, 24, 1050, 117
101, 2, 1152, 35, 1193, 102
101, 3, 1073, 277, 1214, 353
102, 0, 271, 276, 496, 350
102, 1, 900, 234, 1091, 349
102, 2, 965, 13, 1106, 106
102, 3, 1094, 234, 1229, 358
103, 0, 24, 82, 191, 154
103, 1, 378, 267, 467, 361
103, 2, 896, 273, 1147, 357
103, 3, 1045, 29, 1197, 142
104, 0, 42, 300, 123, 357
104, 1, 225, 284, 437, 364
104, 2, 827, 31, 902, 117
104, 3, 896, 282, 1095, 359
104, 4, 1042, 31, 1196, 110
104, 5, 1124, 239, 1211, 356
105, 0, 82, 34, 191, 143
105, 1, 252, 252, 532, 363
105, 2, 893, 276, 1219, 366
105, 3, 1062, 31, 1218, 156
105, 4, 1041, 216, 1187, 313
106, 0, 57, 269, 441, 330
106, 1, 805, 24, 951, 161
106, 2, 806, 262, 1125, 364
106, 3, 1059, 26, 1186, 104
106, 4, 1037, 216, 1177, 346
107, 0, 57, 38, 202, 131
107, 1, 303, 254, 457, 352
107, 2, 815, 212, 1187, 365
107, 3, 820, 18, 1211, 133
108, 0, 172, 277, 424, 350
108, 1, 788, 64, 959, 156
108, 2, 963, 18, 1209, 125
109, 0, 260, 293, 389, 352
109, 1, 861, 228, 1183, 351
109, 2, 998, 32, 1211, 117
109, 3, 1058, 213, 1221, 310
110, 0, 34, 25, 186, 109
110, 1, 239, 261, 398, 347
110, 2, 845, 228, 1142, 364
110, 3, 854, 44, 962, 131
110, 4, 991, 15, 1202, 124
110, 5, 1140, 215, 1221, 340
111, 0, 68, 294, 289, 327
111, 1, 885, 227, 1219, 361
111, 2, 1038, 13, 1145, 151
112, 0, 160, 288, 310, 337
112, 1, 931, 65, 1128, 307
112, 2, 926, 228, 1087, 365
112, 3, 1091, 15, 1228, 332
113, 0, 910, 230, 1154, 363
113, 1, 922, 27, 1190, 134
113, 2, 1087, 214, 1230, 354
114, 0, 947, 297, 1017, 353
114, 1, 949, 237, 1164, 352
115, 0, 172, 297, 409, 343
115, 1, 904, 208, 1212, 364
115, 2, 854, 40, 1072, 125
115, 3, 1123, 211, 1218, 256
116, 0, 111, 324, 318, 357
116, 1, 927, 213, 1146, 357
117, 0, 35, 297, 343, 361
117, 1, 902, 230, 1122, 361
117, 2, 941, 83, 1186, 122
118, 0, 827, 36, 1196, 130
118, 1, 880, 232, 1196, 362
119, 0, 225, 303, 305, 365
119, 1, 976, 248, 1091, 348
119, 2, 1061, 98, 1225, 359
120, 0, 49, 324, 158, 365
120, 1, 233, 290, 349, 358
120, 2, 991, 243, 1179, 366
120, 3, 999, 27, 1157, 109
120, 4, 1137, 88, 1183, 150
121, 0, 27, 41, 140, 188
121, 1, 234, 158, 357, 333
121, 2, 932, 265, 1095, 360
121, 3, 920, 37, 1190, 184
121, 4, 1126, 237, 1197, 359
122, 0, 39, 319, 147, 364
122, 1, 979, 247, 1195, 360
122, 2, 921, 44, 1046, 228
123, 0, 29, 262, 293, 353
123, 1, 57, 88, 240, 185
123, 2, 1019, 231, 1207, 362
124, 0, 16, 14, 242, 218
124, 1, 12, 219, 227, 343
124, 2, 1007, 295, 1121, 363
124, 3, 954, 231, 1211, 358
125, 0, 41, 201, 174, 346
125, 1, 39, 55, 223, 286
125, 2, 731, 150, 1227, 357
125, 3, 1071, 29, 1200, 86
126, 0, 52, 265, 175, 350
126, 1, 27, 147, 156, 286
126, 2, 88, 58, 242, 203
126, 3, 881, 206, 1219, 355
126, 4, 917, 41, 1054, 146
127, 0, 56, 309, 95, 333
127, 1, 30, 89, 277, 257
127, 2, 978, 204, 1217, 362
127, 3, 882, 218, 947, 300
127, 4, 924, 37, 1152, 151
128, 0, 11, 276, 92, 357
128, 1, 28, 39, 236, 235
128, 2, 688, 38, 897, 155
128, 3, 788, 214, 1147, 360
128, 4, 958, 26, 1195, 102
128, 5, 1148, 209, 1217, 359
129, 0, 63, 31, 199, 232
129, 1, 951, 233, 1227, 355
130, 0, 81, 89, 256, 258
130, 1, 950, 211, 1192, 365
130, 2, 988, 23, 1056, 90
131, 0, 21, 77, 137, 331
131, 1, 229, 198, 425, 291
131, 2, 973, 20, 1138, 107
131, 3, 1030, 204, 1220, 341
131, 4, 1035, 318, 1133, 365
132, 0, 11, 27, 292, 353
132, 1, 858, 28, 965, 93
132, 2, 988, 20, 1180, 107
132, 3, 1006, 267, 1206, 364
132, 4, 1111, 187, 1213, 317
133, 0, 104, 81, 371, 314
133, 1, 717, 280, 840, 299
133, 2, 930, 278, 1122, 363
133, 3, 975, 14, 1200, 84
133, 4, 1164, 189, 1215, 362
134, 0, 43, 120, 229, 256
134, 1, 739, 240, 1209, 360
134, 2, 893, 33, 973, 99
134, 3, 1018, 13, 1206, 92
135, 0, 27, 58, 278, 329
135, 1, 763, 210, 1158, 365
135, 2, 901, 26, 1031, 127
135, 3, 1168, 266, 1218, 351
136, 0, 52, 94, 260, 305
136, 1, 777, 240, 1118, 361
136, 2, 967, 13, 1047, 110
136, 3, 1148, 273, 1232, 351
137, 0, 52, 118, 140, 284
137, 1, 788, 263, 1051, 362
137, 2, 821, 16, 1082, 135
137, 3, 976, 130, 1169, 361
137, 4, 1151, 266, 1204, 313
138, 0, 834, 260, 1067, 359
138, 1, 872, 49, 1013, 142
138, 2, 1066, 264, 1206, 356
139, 0, 36, 134, 123, 324
139, 1, 817, 30, 1014, 139
139, 2, 856, 242, 1081, 365
139, 3, 1128, 268, 1207, 359
140, 0, 24, 101, 166, 314
140, 1, 681, 210, 963, 364
140, 2, 821, 14, 1022, 136
140, 3, 981, 278, 1199, 363
141, 0, 855, 206, 1222, 356
141, 1, 863, 34, 1011, 134
142, 0, 861, 307, 1104, 361
142, 1, 880, 38, 958, 117
142, 2, 997, 223, 1190, 360
143, 0, 937, 26, 1028, 134
143, 1, 986, 254, 1217, 360
144, 0, 873, 40, 1159, 153
144, 1, 1117, 259, 1203, 352
145, 0, 62, 175, 174, 344
145, 1, 151, 17, 277, 105
145, 2, 807, 231, 1218, 364
145, 3, 978, 27, 1183, 150
146, 0, 934, 16, 1205, 121
146, 1, 994, 147, 1225, 363
147, 0, 833, 241, 1126, 359
147, 1, 898, 11, 1194, 138
147, 2, 1026, 153, 1196, 356
148, 0, 876, 235, 1192, 363
148, 1, 996, 20, 1098, 147
149, 0, 45, 183, 197, 346
149, 1, 918, 260, 1151, 364
149, 2, 1013, 18, 1120, 171
150, 0, 951, 37, 1181, 168
150, 1, 954, 284, 1013, 339
150, 2, 1103, 295, 1171, 364
151, 0, 69, 106, 203, 205
151, 1, 985, 52, 1205, 362
151, 2, 980, 244, 1142, 357
152, 0, 902, 39, 1041, 138
152, 1, 1017, 277, 1197, 352
152, 2, 1142, 86, 1193, 230
153, 0, 898, 36, 1099, 123
153, 1, 1056, 226, 1213, 360
154, 0, 1102, 288, 1217, 351
155, 0, 1005, 242, 1216, 356
156, 0, 1028, 221, 1071, 252
156, 1, 1093, 226, 1224, 358
156, 2, 1088, 16, 1156, 96
157, 0, 982, 28, 1110, 102
157, 1, 1153, 227, 1221, 350
158, 0, 1016, 208, 1231, 361
158, 1, 959, 23, 1047, 141
159, 0, 1016, 26, 1072, 110
159, 1, 1075, 279, 1230, 356
160, 0, 920, 23, 1196, 162
160, 1, 1137, 252, 1218, 364
161, 0, 70, 136, 124, 284
161, 1, 924, 16, 1145, 135
161, 2, 1035, 254, 1182, 363
161, 3, 1161, 315, 1219, 363
162, 0, 945, 63, 1206, 337
162, 1, 1015, 252, 1116, 365
162, 2, 1091, 24, 1192, 60
163, 0, 934, 65, 1124, 145
163, 1, 999, 193, 1171, 348
164, 0, 1036, 250, 1205, 361
164, 1, 999, 63, 1111, 159
164, 2, 961, 214, 1096, 254
165, 0, 975, 18, 1215, 355
165, 1, 1050, 253, 1141, 352
166, 0, 889, 52, 979, 170
166, 1, 1005, 136, 1224, 327
166, 2, 1025, 31, 1176, 107
167, 0, 882, 19, 1193, 167
167, 1, 1039, 192, 1194, 327
168, 0, 906, 184, 1171, 314
168, 1, 851, 31, 1061, 172
169, 0, 1031, 190, 1104, 240
169, 1, 894, 12, 1024, 139
170, 0, 885, 10, 1088, 187
170, 1, 1160, 129, 1214, 247
170, 2, 1149, 59, 1223, 108
171, 0, 1036, 151, 1183, 340
171, 1, 1008, 22, 1178, 147
171, 2, 880, 60, 963, 108
172, 0, 880, 52, 973, 164
172, 1, 1022, 19, 1144, 125
172, 2, 1082, 161, 1221, 246
173, 0, 1176, 230, 1228, 333
173, 1, 1062, 13, 1176, 150
173, 2, 929, 62, 1038, 122
173, 3, 1105, 181, 1181, 261
175, 0, 13, 276, 142, 353
175, 1, 350, 266, 563, 351
175, 2, 913, 58, 1026, 127
175, 3, 1144, 231, 1228, 274
176, 0, 996, 215, 1193, 360
177, 0, 377, 292, 462, 363
177, 1, 1015, 209, 1202, 359
177, 2, 1036, 28, 1171, 132
178, 0, 87, 33, 129, 79
178, 1, 327, 288, 540, 355
178, 2, 1007, 233, 1195, 365
178, 3, 1034, 42, 1155, 131
179, 0, 303, 287, 549, 366
179, 1, 934, 232, 1208, 362
179, 2, 1128, 49, 1172, 96
179, 3, 1054, 116, 1131, 128
180, 0, 381, 298, 546, 361
180, 1, 937, 238, 1171, 365
180, 2, 1044, 53, 1137, 125
180, 3, 1133, 216, 1232, 292
181, 0, 930, 19, 979, 66
181, 1, 913, 214, 1212, 356
181, 2, 1143, 32, 1202, 127
182, 0, 507, 275, 660, 340
182, 1, 758, 213, 1228, 355
182, 2, 931, 20, 961, 109
183, 0, 940, 26, 972, 100
183, 1, 938, 273, 1210, 352
183, 2, 1142, 226, 1195, 255
184, 0, 922, 25, 997, 123
184, 1, 972, 296, 1088, 354
184, 2, 1112, 232, 1219, 360
185, 0, 977, 17, 1110, 108
185, 1, 1000, 282, 1223, 351
186, 0, 965, 209, 1059, 352
186, 1, 1005, 15, 1081, 120
186, 2, 1079, 231, 1231, 357
187, 0, 1020, 15, 1158, 137
188, 0, 49, 138, 187, 360
188, 1, 831, 40, 957, 228
188, 2, 868, 184, 1230, 362
188, 3, 1044, 25, 1188, 103
189, 0, 811, 189, 1156, 360
189, 1, 886, 24, 970, 105
189, 2, 1077, 34, 1148, 78
189, 3, 1123, 233, 1232, 339
190, 0, 636, 231, 944, 335
190, 1, 869, 15, 985, 126
190, 2, 940, 255, 1229, 360
190, 3, 1081, 16, 1207, 117
191, 0, 734, 271, 893, 358
191, 1, 883, 115, 1043, 343
191, 2, 924, 36, 971, 108
192, 0, 31, 273, 117, 352
192, 1, 772, 183, 1222, 366
192, 2, 876, 13, 1230, 214
193, 0, 26, 222, 95, 359
193, 1, 664, 263, 974, 362
193, 2, 851, 15, 1117, 118
193, 3, 926, 165, 1159, 351
193, 4, 1075, 219, 1167, 303
194, 0, 34, 276, 129, 327
194, 1, 836, 283, 987, 352
194, 2, 933, 57, 1218, 362
195, 0, 916, 200, 1189, 352
195, 1, 999, 88, 1069, 123
196, 0, 11, 285, 110, 349
196, 1, 984, 282, 1152, 355
196, 2, 1039, 78, 1062, 210
196, 3, 1169, 199, 1231, 296
197, 0, 30, 263, 175, 344
197, 1, 881, 232, 988, 297
197, 2, 1066, 57, 1206, 325
198, 0, 28, 281, 192, 342
199, 0, 12, 215, 252, 347
199, 1, 297, 257, 434, 353
200, 0, 14, 264, 264, 361
200, 1, 324, 295, 406, 357
202, 0, 20, 248, 297, 363
202, 1, 376, 299, 404, 361
202, 2, 805, 280, 921, 329
203, 0, 42, 264, 221, 354
203, 1, 287, 275, 425, 364
203, 2, 525, 275, 698, 359
203, 3, 806, 132, 1153, 353
204, 0, 22, 292, 153, 355
204, 1, 241, 266, 521, 359
204, 2, 633, 244, 1136, 355
204, 3, 868, 205, 998, 298
204, 4, 992, 20, 1103, 133
205, 0, 169, 267, 246, 324
205, 1, 275, 190, 1144, 361
206, 0, 23, 295, 161, 346
206, 1, 377, 239, 868, 365
206, 2, 891, 229, 1066, 359
206, 3, 1069, 197, 1167, 326
207, 0, 15, 279, 154, 341
207, 1, 346, 307, 562, 362
207, 2, 659, 303, 745, 357
207, 3, 832, 285, 919, 332
207, 4, 975, 252, 1096, 351
207, 5, 1015, 197, 1122, 290
208, 0, 48, 266, 289, 348
208, 1, 316, 241, 903, 364
208, 2, 769, 88, 808, 150
208, 3, 930, 250, 1151, 358
208, 4, 1009, 199, 1065, 262
208, 5, 1119, 278, 1159, 337
208, 6, 1074, 17, 1226, 85
209, 0, 20, 272, 248, 362
209, 1, 322, 280, 544, 364
209, 2, 658, 289, 965, 359
209, 3, 1136, 184, 1228, 339
209, 4, 949, 245, 1063, 353
209, 5, 1022, 200, 1101, 276
209, 6, 1104, 28, 1220, 66
210, 0, 22, 302, 74, 354
210, 1, 362, 284, 580, 362
210, 2, 769, 86, 824, 136
210, 3, 827, 209, 1130, 360
210, 4, 1147, 218, 1213, 356
211, 0, 18, 288, 233, 360
211, 1, 380, 280, 510, 364
211, 2, 606, 324, 721, 358
211, 3, 993, 244, 1181, 361
212, 0, 33, 216, 151, 351
212, 1, 296, 240, 874, 361
212, 2, 841, 104, 1019, 346
212, 3, 996, 211, 1042, 274
212, 4, 1030, 209, 1197, 354
213, 0, 24, 322, 134, 366
213, 1, 12, 55, 105, 185
213, 2, 337, 291, 523, 354
213, 3, 652, 121, 1114, 362
213, 4, 1050, 233, 1191, 345
214, 0, 25, 246, 209, 365
214, 1, 384, 255, 527, 359
214, 2, 621, 271, 1017, 365
214, 3, 741, 61, 1105, 323
215, 0, 49, 265, 277, 349
215, 1, 535, 267, 797, 366
215, 2, 708, 59, 819, 196
215, 3, 896, 51, 1148, 210
215, 4, 1132, 168, 1202, 276
216, 0, 375, 301, 467, 362
216, 1, 680, 306, 802, 361
216, 2, 820, 29, 1159, 190
217, 0, 372, 296, 427, 361
217, 1, 681, 271, 826, 357
217, 2, 886, 25, 1189, 200
218, 0, 18, 268, 246, 358
218, 1, 373, 289, 426, 364
218, 2, 714, 275, 822, 364
218, 3, 742, 20, 936, 192
218, 4, 990, 46, 1208, 208
219, 0, 369, 276, 780, 361
219, 1, 883, 23, 1190, 211
220, 0, 47, 272, 161, 359
220, 1, 382, 297, 824, 363
220, 2, 790, 86, 1075, 196
221, 0, 36, 254, 255, 360
221, 1, 64, 97, 169, 191
221, 2, 314, 276, 733, 364
221, 3, 768, 64, 1078, 204
221, 4, 798, 291, 853, 351
222, 0, 18, 290, 262, 363
222, 1, 282, 264, 695, 359
222, 2, 764, 138, 1073, 213
222, 3, 813, 324, 874, 356
222, 4, 1059, 15, 1097, 98
223, 0, 23, 283, 183, 345
223, 1, 67, 68, 147, 162
223, 2, 308, 283, 590, 360
223, 3, 688, 274, 897, 362
223, 4, 781, 98, 1019, 201
223, 5, 920, 43, 1181, 84
224, 0, 24, 318, 74, 361
224, 1, 288, 261, 703, 350
224, 2, 806, 159, 815, 204
224, 3, 766, 323, 902, 365
225, 0, 24, 217, 164, 362
225, 1, 75, 51, 130, 112
225, 2, 248, 293, 431, 348
225, 3, 724, 57, 1114, 206
225, 4, 1057, 18, 1166, 74
226, 0, 17, 274, 106, 365
226, 1, 335, 334, 383, 366
226, 2, 726, 254, 920, 364
226, 3, 847, 56, 956, 205
226, 4, 1020, 144, 1121, 199
227, 0, 25, 308, 176, 359
227, 1, 837, 132, 908, 213
227, 2, 953, 44, 1136, 205
228, 0, 64, 298, 136, 347
228, 1, 708, 264, 883, 361
228, 2, 807, 69, 1147, 204
228, 3, 942, 33, 1057, 102
228, 4, 1138, 51, 1172, 95
229, 0, 303, 307, 414, 349
229, 1, 767, 313, 906, 364
229, 2, 754, 63, 1159, 209
229, 3, 886, 158, 973, 201
229, 4, 950, 12, 1016, 122
230, 0, 25, 309, 127, 350
230, 1, 213, 286, 707, 362
230, 2, 754, 316, 883, 364
230, 3, 873, 13, 1065, 206
231, 0, 259, 298, 588, 362
231, 1, 756, 319, 882, 363
231, 2, 744, 21, 1036, 211
232, 0, 339, 287, 615, 366
232, 1, 830, 324, 896, 364
232, 2, 809, 108, 1065, 201
233, 0, 335, 291, 647, 352
233, 1, 768, 330, 871, 364
233, 2, 834, 19, 1048, 204
234, 0, 57, 295, 144, 347
234, 1, 331, 291, 638, 359
234, 2, 765, 307, 890, 364
234, 3, 757, 158, 845, 204
234, 4, 887, 16, 1020, 206
235, 0, 368, 287, 781, 366
235, 1, 777, 13, 1057, 209
236, 0, 246, 309, 474, 349
236, 1, 613, 311, 671, 331
236, 2, 779, 304, 847, 355
236, 3, 803, 82, 1069, 208
236, 4, 977, 17, 1047, 47
237, 0, 45, 292, 150, 350
237, 1, 345, 266, 867, 364
237, 2, 739, 18, 1048, 225
238, 0, 317, 309, 540, 365
238, 1, 637, 277, 797, 366
238, 2, 769, 93, 1029, 210
238, 3, 989, 19, 1043, 64
239, 0, 216, 270, 389, 363
239, 1, 753, 76, 1026, 208
239, 2, 932, 12, 1012, 80
240, 0, 222, 324, 375, 363
240, 1, 810, 24, 1067, 212
240, 2, 1033, 160, 1090, 214
241, 0, 343, 301, 680, 355
241, 1, 770, 61, 982, 190
241, 2, 915, 142, 1081, 283
241, 3, 1016, 24, 1045, 78
242, 0, 347, 272, 597, 350
242, 1, 753, 62, 1092, 243
243, 0, 182, 255, 737, 358
244, 0, 75, 24, 118, 78
244, 1, 492, 263, 622, 335
244, 2, 908, 16, 1196, 201
245, 0, 232, 265, 342, 349
245, 1, 441, 257, 698, 345
245, 2, 1146, 98, 1189, 223
246, 0, 78, 323, 189, 349
246, 1, 208, 253, 869, 357
246, 2, 950, 234, 1169, 366
247, 0, 223, 262, 311, 330
247, 1, 467, 260, 712, 342
247, 2, 810, 242, 1217, 364
247, 3, 1061, 240, 1223, 306
248, 0, 14, 282, 224, 359
248, 1, 266, 286, 460, 361
248, 2, 857, 287, 1016, 363
248, 3, 1099, 241, 1231, 349
249, 0, 26, 277, 198, 358
249, 1, 241, 254, 539, 363
249, 2, 856, 243, 982, 339
249, 3, 1006, 343, 1162, 364
250, 0, 31, 279, 118, 348
250, 1, 163, 263, 386, 344
250, 2, 876, 299, 1090, 364
250, 3, 1168, 240, 1215, 359
251, 0, 35, 302, 121, 344
251, 1, 225, 258, 531, 359
251, 2, 849, 284, 1170, 362
251, 3, 1120, 234, 1221, 310
252, 0, 12, 281, 105, 359
252, 1, 269, 288, 518, 355
252, 2, 1123, 233, 1194, 287
253, 0, 25, 101, 105, 197
253, 1, 58, 252, 149, 317
253, 2, 212, 264, 287, 355
253, 3, 359, 266, 538, 363
253, 4, 903, 249, 1191, 362
254, 0, 300, 294, 399, 317
254, 1, 853, 234, 1216, 359
255, 0, 229, 291, 558, 346
255, 1, 866, 306, 1071, 355
256, 0, 13, 282, 64, 354
256, 1, 252, 269, 510, 337
256, 2, 889, 261, 1065, 365
256, 3, 1109, 238, 1227, 304
257, 0, 51, 292, 168, 342
257, 1, 198, 239, 372, 351
258, 0, 35, 280, 173, 355
258, 1, 247, 312, 339, 347
258, 2, 909, 290, 1094, 357
258, 3, 1105, 263, 1216, 272
259, 0, 225, 264, 359, 351
259, 1, 924, 293, 1075, 365
260, 0, 22, 285, 192, 350
260, 1, 248, 263, 449, 363
261, 0, 270, 300, 639, 363
262, 0, 898, 293, 1005, 364
263, 0, 249, 264, 386, 364
263, 1, 864, 269, 992, 361
264, 0, 176, 297, 658, 360
265, 0, 224, 290, 416, 362
265, 1, 858, 299, 971, 351
266, 0, 187, 269, 388, 364
266, 1, 859, 312, 1000, 363
267, 0, 15, 184, 115, 302
267, 1, 306, 286, 424, 353
269, 0, 45, 250, 126, 356
269, 1, 248, 298, 382, 331
269, 2, 520, 283, 652, 344
269, 3, 832, 278, 1054, 356
269, 4, 1099, 46, 1188, 158
270, 0, 31, 292, 121, 336
271, 0, 63, 258, 134, 334
271, 1, 272, 286, 426, 355
271, 2, 567, 277, 726, 365
271, 3, 967, 257, 1165, 348
272, 0, 13, 249, 181, 356
273, 0, 819, 292, 1098, 356
275, 0, 35, 116, 203, 208
275, 1, 22, 242, 134, 331
275, 2, 585, 237, 954, 364
276, 0, 23, 274, 100, 357
276, 1, 284, 258, 411, 348
276, 2, 586, 263, 970, 355
277, 0, 32, 239, 293, 325
277, 1, 620, 273, 996, 360
278, 0, 57, 148, 276, 320
278, 1, 647, 243, 1035, 364
279, 0, 43, 243, 247, 317
279, 1, 587, 301, 813, 364
279, 2, 797, 268, 983, 341
280, 0, 31, 100, 214, 323
280, 1, 252, 239, 395, 351
280, 2, 661, 279, 1058, 365
280, 3, 726, 27, 760, 54
281, 0, 17, 236, 135, 342
281, 1, 215, 255, 439, 343
281, 2, 655, 308, 786, 364
281, 3, 848, 247, 1100, 360
282, 0, 17, 254, 140, 328
282, 1, 84, 69, 121, 189
282, 2, 184, 266, 402, 362
282, 3, 644, 298, 833, 359
282, 4, 826, 284, 983, 358
283, 0, 36, 255, 138, 356
283, 1, 192, 270, 227, 323
283, 2, 646, 305, 956, 361
284, 0, 24, 280, 134, 343
284, 1, 151, 252, 289, 318
284, 2, 859, 262, 999, 357
285, 0, 68, 163, 482, 361
285, 1, 307, 269, 341, 347
285, 2, 482, 300, 711, 338
285, 3, 902, 305, 1007, 352
286, 0, 112, 133, 362, 360
286, 1, 625, 305, 737, 347
286, 2, 876, 281, 1177, 364
287, 0, 29, 244, 162, 333
287, 1, 169, 193, 379, 359
287, 2, 101, 174, 149, 209
287, 3, 817, 280, 1120, 361
288, 0, 51, 159, 170, 329
288, 1, 362, 184, 465, 353
288, 2, 154, 208, 319, 358
288, 3, 45, 37, 93, 98
289, 0, 16, 157, 297, 362
289, 1, 365, 307, 596, 364
289, 2, 733, 331, 773, 355
289, 3, 758, 239, 1101, 359
289, 4, 1077, 256, 1213, 272
290, 0, 193, 294, 374, 363
290, 1, 51, 200, 284, 327
290, 2, 12, 145, 107, 200
290, 3, 657, 266, 1121, 360
291, 0, 23, 157, 162, 296
291, 1, 119, 248, 264, 351
291, 2, 285, 266, 468, 362
291, 3, 761, 262, 956, 363
