8, 0, 656, 226, 757, 354
8, 1, 1086, 31, 1222, 171
9, 0, 678, 295, 771, 352
9, 1, 1076, 24, 1192, 179
10, 0, 20, 176, 106, 231
10, 1, 659, 231, 778, 356
11, 0, 649, 171, 903, 364
11, 1, 1005, 149, 1174, 340
12, 0, 635, 230, 812, 343
12, 1, 1157, 279, 1221, 315
13, 0, 672, 210, 888, 364
13, 1, 1118, 181, 1198, 337
14, 0, 603, 105, 1035, 359
15, 0, 620, 245, 857, 351
15, 1, 879, 224, 977, 331
16, 0, 646, 173, 1043, 358
16, 1, 1089, 208, 1178, 312
17, 0, 577, 111, 1175, 360
18, 0, 247, 248, 424, 338
18, 1, 581, 218, 901, 359
18, 2, 934, 160, 1128, 360
19, 0, 563, 106, 1188, 359
20, 0, 616, 260, 880, 362
20, 1, 963, 276, 1154, 349
20, 2, 1064, 171, 1130, 205
20, 3, 1131, 86, 1178, 179
21, 0, 689, 287, 881, 360
21, 1, 1121, 303, 1205, 364
21, 2, 1132, 149, 1168, 198
22, 0, 675, 281, 879, 350
22, 1, 1018, 297, 1149, 349
22, 2, 1043, 61, 1194, 175
23, 0, 845, 308, 903, 351
23, 1, 1047, 309, 1122, 333
24, 0, 621, 273, 1127, 350
24, 1, 1098, 31, 1209, 139
25, 0, 679, 275, 999, 352
25, 1, 1125, 16, 1192, 182
25, 2, 1047, 315, 1105, 344
26, 0, 686, 302, 939, 349
26, 1, 1157, 131, 1202, 211
27, 0, 706, 275, 1035, 355
28, 0, 719, 305, 922, 361
28, 1, 877, 257, 1068, 362
28, 2, 986, 48, 1075, 175
29, 0, 572, 300, 933, 361
29, 1, 943, 289, 1105, 345
29, 2, 989, 34, 1035, 122
30, 0, 984, 271, 1132, 335
33, 0, 36, 252, 328, 349
33, 1, 979, 271, 1166, 350
34, 0, 842, 188, 1188, 362
37, 0, 259, 194, 400, 284
37, 1, 830, 204, 1055, 348
38, 0, 22, 129, 96, 311
38, 1, 890, 188, 1079, 321
38, 2, 1063, 48, 1165, 143
39, 0, 1076, 52, 1174, 192
40, 0, 137, 209, 243, 336
40, 1, 679, 272, 793, 320
40, 2, 902, 267, 979, 334
40, 3, 1025, 23, 1190, 288
41, 0, 96, 191, 301, 303
41, 1, 960, 303, 1077, 356
41, 2, 1057, 24, 1200, 146
42, 0, 63, 220, 102, 328
42, 1, 1006, 37, 1195, 172
43, 0, 58, 219, 348, 315
43, 1, 946, 12, 1188, 128
45, 0, 1110, 22, 1200, 133
46, 0, 1028, 17, 1210, 123
47, 0, 956, 186, 1066, 240
47, 1, 1164, 15, 1226, 133
52, 0, 1107, 65, 1179, 131
53, 0, 297, 243, 494, 334
54, 0, 174, 251, 437, 360
54, 1, 652, 287, 814, 331
55, 0, 118, 264, 351, 345
55, 1, 468, 256, 824, 347
55, 2, 1097, 254, 1202, 344
56, 0, 57, 269, 216, 359
59, 0, 898, 251, 1035, 323
59, 1, 971, 107, 1108, 212
60, 0, 956, 117, 1062, 151
61, 0, 916, 109, 1077, 204
62, 0, 604, 230, 718, 299
62, 1, 923, 83, 1094, 159
63, 0, 945, 71, 1149, 156
65, 0, 634, 276, 897, 329
66, 0, 623, 302, 786, 330
66, 1, 850, 311, 894, 336
67, 0, 678, 302, 914, 341
68, 0, 649, 309, 791, 354
68, 1, 840, 301, 904, 351
68, 2, 931, 131, 1034, 190
69, 0, 205, 290, 405, 347
69, 1, 598, 316, 799, 340
70, 0, 171, 293, 397, 358
70, 1, 761, 225, 922, 346
70, 2, 1017, 282, 1096, 338
70, 3, 965, 125, 1093, 159
71, 0, 90, 247, 356, 362
71, 1, 1071, 89, 1224, 174
72, 0, 1097, 94, 1169, 180
73, 0, 1146, 137, 1179, 178
74, 0, 882, 146, 1070, 198
78, 0, 643, 256, 875, 338
78, 1, 825, 17, 1011, 174
78, 2, 1046, 102, 1141, 201
79, 0, 239, 208, 423, 299
79, 1, 750, 213, 874, 335
79, 2, 830, 21, 1044, 71
80, 0, 102, 281, 168, 358
80, 1, 261, 224, 370, 307
80, 2, 707, 276, 860, 336
80, 3, 812, 33, 1017, 148
81, 0, 130, 222, 372, 326
81, 1, 563, 274, 890, 362
81, 2, 919, 39, 1167, 227
82, 0, 88, 221, 326, 346
82, 1, 837, 14, 1159, 195
82, 2, 811, 320, 883, 349
83, 0, 102, 263, 318, 352
83, 1, 725, 327, 867, 349
83, 2, 763, 202, 909, 347
83, 3, 925, 18, 1164, 179
83, 4, 997, 166, 1206, 346
84, 0, 57, 237, 217, 365
84, 1, 580, 267, 876, 364
84, 2, 808, 208, 957, 362
84, 3, 933, 200, 1202, 355
84, 4, 944, 30, 1184, 181
85, 0, 72, 258, 248, 354
85, 1, 650, 185, 1037, 355
85, 2, 993, 25, 1194, 237
85, 3, 1025, 19, 1105, 72
85, 4, 1099, 215, 1178, 342
86, 0, 143, 226, 246, 356
86, 1, 343, 270, 554, 355
86, 2, 686, 296, 871, 359
86, 3, 812, 154, 1188, 350
87, 0, 115, 298, 220, 363
87, 1, 318, 265, 873, 358
87, 2, 873, 101, 1148, 339
87, 3, 1136, 40, 1184, 170
88, 0, 654, 299, 850, 361
88, 1, 834, 185, 1139, 333
89, 0, 50, 315, 120, 338
89, 1, 673, 304, 884, 361
89, 2, 877, 193, 1001, 292
89, 3, 1020, 200, 1194, 359
89, 4, 1034, 62, 1156, 216
90, 0, 677, 296, 916, 341
90, 1, 948, 187, 1221, 360
90, 2, 1075, 27, 1177, 148
91, 0, 718, 307, 937, 355
91, 1, 1084, 252, 1226, 348
91, 2, 1003, 183, 1155, 232
92, 0, 773, 312, 895, 336
92, 1, 1100, 257, 1229, 357
93, 0, 753, 315, 879, 358
93, 1, 1116, 249, 1205, 363
94, 0, 251, 184, 437, 328
94, 1, 757, 310, 958, 362
94, 2, 1139, 244, 1226, 359
95, 0, 168, 205, 245, 297
95, 1, 677, 285, 842, 348
95, 2, 922, 309, 1108, 365
96, 0, 168, 175, 344, 353
96, 1, 811, 322, 907, 347
97, 0, 49, 156, 169, 218
97, 1, 739, 301, 916, 358
98, 0, 170, 170, 303, 319
99, 0, 33, 117, 96, 226
99, 1, 230, 146, 393, 335
99, 2, 751, 308, 845, 362
99, 3, 867, 293, 953, 336
100, 0, 201, 194, 293, 320
100, 1, 746, 317, 901, 360
101, 0, 177, 139, 323, 333
101, 1, 751, 320, 912, 362
102, 0, 44, 101, 267, 309
102, 1, 159, 259, 246, 316
102, 2, 1143, 303, 1220, 333
103, 0, 813, 305, 863, 351
103, 1, 1146, 271, 1196, 334
104, 0, 742, 335, 812, 352
104, 1, 1056, 316, 1198, 344
105, 0, 674, 330, 900, 362
105, 1, 1083, 293, 1207, 359
106, 0, 1158, 317, 1210, 351
108, 0, 845, 113, 902, 221
108, 1, 955, 187, 1130, 360
109, 0, 1019, 211, 1175, 327
109, 1, 1032, 10, 1123, 130
110, 0, 841, 135, 978, 291
110, 1, 1073, 233, 1135, 289
110, 2, 1045, 142, 1121, 157
111, 0, 1138, 253, 1198, 308
111, 1, 1080, 87, 1186, 172
112, 0, 740, 119, 949, 243
112, 1, 1097, 60, 1183, 153
113, 0, 1037, 15, 1216, 43
113, 1, 1159, 107, 1226, 146
114, 0, 1157, 328, 1204, 357
114, 1, 1131, 45, 1207, 149
116, 0, 1041, 11, 1226, 145
117, 0, 840, 283, 1081, 346
119, 0, 742, 303, 1130, 361
120, 0, 747, 301, 944, 355
120, 1, 1027, 316, 1143, 355
121, 0, 1060, 322, 1150, 362
122, 0, 776, 339, 800, 341
122, 1, 1076, 305, 1172, 364
123, 0, 786, 315, 845, 362
123, 1, 1118, 306, 1172, 363
124, 0, 792, 324, 881, 355
124, 1, 1149, 333, 1194, 353
125, 0, 734, 306, 889, 360
125, 1, 1053, 307, 1212, 364
126, 0, 748, 300, 892, 364
126, 1, 1188, 314, 1213, 358
127, 0, 740, 326, 881, 364
128, 0, 720, 297, 885, 363
129, 0, 768, 315, 967, 359
132, 0, 590, 295, 932, 363
133, 0, 591, 334, 708, 359
135, 0, 795, 294, 932, 326
135, 1, 1055, 89, 1125, 168
136, 0, 759, 293, 849, 330
137, 0, 588, 292, 928, 362
140, 0, 706, 269, 933, 353
142, 0, 752, 337, 900, 354
142, 1, 1017, 306, 1125, 355
143, 0, 711, 350, 820, 361
143, 1, 1041, 302, 1114, 360
144, 0, 1043, 302, 1143, 350
145, 0, 1070, 307, 1161, 364
146, 0, 1085, 311, 1212, 359
147, 0, 1101, 262, 1219, 360
148, 0, 862, 158, 944, 229
148, 1, 1025, 260, 1147, 360
148, 2, 1129, 236, 1203, 306
149, 0, 865, 135, 1084, 324
149, 1, 1007, 230, 1164, 359
150, 0, 882, 140, 1111, 249
150, 1, 1045, 293, 1159, 354
151, 0, 949, 299, 1061, 354
151, 1, 972, 129, 1053, 270
151, 2, 1115, 293, 1180, 355
152, 0, 907, 111, 1120, 360
153, 0, 931, 237, 975, 336
153, 1, 979, 131, 1211, 347
154, 0, 979, 117, 1186, 352
155, 0, 741, 335, 824, 346
155, 1, 995, 108, 1185, 359
156, 0, 1035, 129, 1180, 273
156, 1, 1028, 248, 1152, 358
157, 0, 1018, 112, 1209, 280
157, 1, 1072, 284, 1168, 358
158, 0, 1108, 289, 1143, 351
158, 1, 1074, 117, 1190, 193
159, 0, 751, 307, 900, 359
159, 1, 1154, 328, 1167, 364
159, 2, 1080, 173, 1204, 241
160, 0, 1095, 170, 1195, 242
168, 0, 27, 207, 75, 304
168, 1, 783, 318, 839, 348
169, 0, 988, 145, 1006, 193
169, 1, 1005, 23, 1047, 115
170, 0, 1022, 18, 1079, 108
171, 0, 1049, 30, 1152, 196
172, 0, 1085, 142, 1095, 241
173, 0, 1132, 34, 1184, 133
174, 0, 714, 338, 860, 360
176, 0, 997, 44, 1150, 207
178, 0, 300, 200, 358, 252
179, 0, 46, 182, 172, 318
179, 1, 266, 217, 351, 262
180, 0, 291, 199, 429, 356
180, 1, 741, 318, 955, 364
181, 0, 36, 169, 199, 336
181, 1, 745, 332, 817, 350
182, 0, 43, 160, 151, 335
182, 1, 194, 187, 329, 237
182, 2, 758, 335, 837, 347
183, 0, 104, 214, 443, 350
183, 1, 759, 338, 833, 352
183, 2, 1194, 123, 1213, 210
184, 0, 82, 234, 333, 337
184, 1, 762, 348, 827, 357
185, 0, 189, 196, 325, 280
185, 1, 769, 353, 828, 361
186, 0, 84, 230, 178, 357
186, 1, 248, 220, 325, 281
186, 2, 1101, 338, 1198, 361
187, 0, 93, 176, 315, 281
187, 1, 1108, 322, 1187, 357
188, 0, 128, 236, 266, 286
189, 0, 50, 229, 262, 351
193, 0, 191, 198, 310, 315
194, 0, 183, 209, 315, 280
195, 0, 137, 212, 306, 314
196, 0, 190, 183, 297, 280
197, 0, 37, 198, 55, 226
197, 1, 108, 192, 281, 345
198, 0, 134, 196, 280, 342
199, 0, 22, 175, 51, 224
199, 1, 129, 199, 275, 351
200, 0, 117, 191, 210, 340
201, 0, 25, 176, 274, 280
201, 1, 131, 250, 174, 328
201, 2, 1090, 17, 1190, 71
202, 0, 25, 182, 227, 272
202, 1, 1061, 13, 1216, 62
203, 0, 28, 178, 377, 354
203, 1, 1018, 163, 1070, 206
203, 2, 1078, 28, 1192, 49
204, 0, 173, 215, 354, 268
204, 1, 374, 314, 380, 364
204, 2, 1087, 14, 1209, 41
205, 0, 179, 213, 381, 341
205, 1, 1029, 164, 1150, 206
205, 2, 1074, 14, 1195, 50
206, 0, 238, 232, 385, 328
206, 1, 1138, 14, 1185, 45
207, 0, 136, 212, 366, 280
208, 0, 131, 212, 331, 287
209, 0, 226, 223, 334, 285
210, 0, 223, 193, 336, 286
211, 0, 23, 223, 181, 331
211, 1, 223, 227, 337, 340
211, 2, 902, 138, 1128, 210
212, 0, 18, 220, 288, 280
213, 0, 57, 223, 156, 337
214, 0, 20, 205, 155, 339
214, 1, 979, 171, 1186, 362
215, 0, 66, 269, 225, 348
215, 1, 959, 116, 1203, 227
215, 2, 1041, 232, 1168, 346
216, 0, 1086, 275, 1119, 329
216, 1, 1020, 152, 1156, 254
217, 0, 56, 286, 161, 347
217, 1, 969, 96, 1193, 346
218, 0, 1024, 236, 1213, 353
218, 1, 962, 113, 1172, 212
219, 0, 291, 229, 393, 302
219, 1, 1057, 121, 1187, 359
220, 0, 231, 227, 313, 282
220, 1, 1061, 314, 1169, 362
220, 2, 1143, 211, 1215, 262
221, 0, 186, 226, 290, 300
221, 1, 1136, 229, 1219, 358
222, 0, 167, 180, 312, 310
222, 1, 1102, 257, 1208, 331
223, 0, 18, 264, 121, 338
223, 1, 203, 188, 289, 256
223, 2, 967, 236, 1214, 347
224, 0, 236, 217, 389, 347
224, 1, 1156, 269, 1195, 334
225, 0, 258, 190, 295, 249
225, 1, 1000, 304, 1081, 331
225, 2, 1164, 274, 1203, 340
226, 0, 215, 193, 294, 307
226, 1, 947, 298, 1223, 355
227, 0, 226, 219, 343, 330
227, 1, 1149, 292, 1221, 343
228, 0, 206, 197, 309, 275
229, 0, 189, 216, 288, 241
229, 1, 1070, 274, 1219, 350
230, 0, 1126, 279, 1209, 356
231, 0, 27, 224, 144, 351
231, 1, 722, 332, 851, 353
231, 2, 1153, 300, 1218, 355
232, 0, 728, 336, 804, 350
232, 1, 1037, 301, 1215, 355
233, 0, 782, 335, 833, 354
233, 1, 1178, 320, 1228, 360
234, 0, 73, 242, 131, 358
234, 1, 1165, 294, 1204, 349
235, 0, 1053, 299, 1219, 349
236, 0, 1087, 281, 1208, 347
237, 0, 1113, 314, 1216, 355
238, 0, 1074, 244, 1212, 363
240, 0, 193, 191, 318, 269
240, 1, 1074, 313, 1133, 362
241, 0, 241, 232, 299, 272
242, 0, 178, 170, 366, 357
242, 1, 1024, 312, 1126, 363
243, 0, 189, 221, 427, 358
243, 1, 520, 310, 813, 362
243, 2, 985, 303, 1201, 365
244, 0, 147, 167, 838, 364
245, 0, 129, 167, 289, 290
245, 1, 1140, 161, 1212, 268
246, 0, 163, 226, 248, 294
247, 0, 1095, 262, 1226, 349
248, 0, 100, 162, 180, 305
248, 1, 504, 323, 822, 359
249, 0, 696, 332, 838, 353
249, 1, 1055, 177, 1197, 330
251, 0, 759, 336, 799, 358
251, 1, 990, 296, 1182, 359
251, 2, 1010, 178, 1095, 258
253, 0, 855, 207, 1192, 356
254, 0, 989, 160, 1186, 362
255, 0, 1060, 325, 1189, 348
256, 0, 842, 205, 889, 330
256, 1, 979, 237, 1137, 360
257, 0, 857, 207, 1028, 326
257, 1, 1002, 315, 1123, 365
258, 0, 863, 205, 993, 348
258, 1, 1031, 255, 1083, 348
259, 0, 859, 203, 1129, 364
260, 0, 889, 229, 1125, 348
261, 0, 918, 224, 1010, 342
262, 0, 939, 246, 1006, 312
265, 0, 692, 329, 1033, 359
266, 0, 684, 329, 776, 362
268, 0, 692, 335, 773, 364
269, 0, 684, 334, 772, 360
270, 0, 708, 336, 772, 351
274, 0, 116, 166, 140, 316
275, 0, 92, 169, 161, 279
276, 0, 72, 246, 128, 291
281, 0, 356, 131, 402, 212
282, 0, 339, 113, 452, 231
284, 0, 313, 148, 427, 233
286, 0, 147, 154, 314, 244
287, 0, 41, 104, 337, 323
287, 1, 35, 74, 195, 272
288, 0, 43, 103, 337, 354
289, 0, 61, 176, 141, 349
289, 1, 66, 47, 328, 199
289, 2, 339, 151, 423, 361
290, 0, 25, 246, 145, 351
290, 1, 90, 25, 263, 191
291, 0, 73, 238, 191, 347
291, 1, 126, 17, 286, 191
292, 0, 60, 267, 158, 320
292, 1, 271, 113, 385, 204
293, 0, 57, 177, 140, 325
294, 0, 59, 177, 139, 335
294, 1, 178, 46, 353, 184
295, 0, 42, 195, 225, 316
295, 1, 45, 20, 264, 184
297, 0, 42, 20, 179, 202
297, 1, 1023, 121, 1034, 184
299, 0, 176, 228, 222, 259
299, 1, 1043, 20, 1092, 205
301, 0, 61, 216, 202, 281
302, 0, 97, 211, 200, 294
303, 0, 69, 218, 195, 306
303, 1, 1139, 12, 1199, 140
304, 0, 53, 167, 201, 258
304, 1, 1118, 40, 1195, 211
305, 0, 35, 200, 317, 350
306, 0, 101, 212, 192, 283
307, 0, 94, 232, 209, 350
308, 0, 46, 192, 205, 352
309, 0, 45, 187, 232, 303
310, 0, 34, 227, 206, 306
310, 1, 931, 18, 1126, 84
311, 0, 26, 178, 182, 345
311, 1, 983, 30, 1171, 342
312, 0, 87, 213, 190, 269
313, 0, 43, 193, 89, 267
314, 0, 30, 196, 147, 266
314, 1, 1135, 103, 1216, 191
315, 0, 26, 194, 143, 273
316, 0, 28, 192, 205, 325
316, 1, 1112, 143, 1197, 220
317, 0, 20, 207, 97, 330
324, 0, 42, 176, 97, 323
325, 0, 47, 224, 164, 340
326, 0, 18, 175, 160, 347
327, 0, 17, 187, 160, 345
328, 0, 16, 203, 150, 329
329, 0, 32, 213, 171, 333
330, 0, 25, 194, 175, 342
331, 0, 14, 216, 157, 285
332, 0, 58, 217, 143, 254
