11, 0, 25, 195, 147, 350
19, 0, 1182, 198, 1199, 244
22, 0, 1189, 200, 1223, 247
31, 0, 276, 180, 442, 350
34, 0, 273, 207, 364, 243
36, 0, 53, 282, 236, 314
36, 1, 172, 186, 385, 267
37, 0, 79, 191, 288, 336
38, 0, 108, 192, 393, 359
39, 0, 30, 156, 397, 308
40, 0, 43, 164, 401, 302
40, 1, 841, 206, 968, 278
41, 0, 30, 174, 158, 299
41, 1, 197, 190, 405, 276
42, 0, 57, 193, 395, 330
42, 1, 861, 27, 935, 78
42, 2, 855, 131, 1014, 274
42, 3, 1101, 24, 1190, 132
43, 0, 47, 161, 251, 286
43, 1, 306, 195, 390, 246
44, 0, 43, 189, 268, 286
44, 1, 341, 230, 386, 246
44, 2, 880, 24, 1036, 165
44, 3, 855, 172, 1045, 229
44, 4, 989, 246, 1032, 351
44, 5, 1135, 34, 1209, 169
45, 0, 50, 256, 208, 288
45, 1, 261, 211, 409, 257
45, 2, 853, 174, 1030, 341
45, 3, 1035, 90, 1198, 234
46, 0, 58, 219, 408, 304
46, 1, 855, 128, 1081, 308
46, 2, 1012, 14, 1212, 183
47, 0, 55, 191, 350, 302
47, 1, 916, 163, 1117, 313
47, 2, 897, 29, 1204, 204
48, 0, 89, 224, 284, 295
48, 1, 907, 135, 1182, 301
48, 2, 1041, 53, 1186, 210
49, 0, 843, 69, 1125, 138
49, 1, 1026, 279, 1121, 358
49, 2, 1010, 120, 1193, 251
50, 0, 947, 81, 1154, 343
50, 1, 1172, 188, 1207, 226
51, 0, 968, 199, 1111, 364
51, 1, 1037, 55, 1190, 209
52, 0, 996, 238, 1174, 353
52, 1, 991, 50, 1082, 117
52, 2, 1066, 132, 1135, 220
53, 0, 1051, 260, 1132, 356
53, 1, 993, 30, 1189, 284
54, 0, 980, 36, 1128, 193
55, 0, 1016, 245, 1113, 326
55, 1, 959, 112, 1140, 158
56, 0, 1044, 265, 1124, 321
56, 1, 1044, 25, 1196, 130
57, 0, 1057, 22, 1187, 169
58, 0, 971, 193, 1162, 320
58, 1, 1084, 32, 1169, 165
59, 0, 964, 226, 1067, 281
59, 1, 1119, 28, 1193, 194
60, 0, 924, 190, 1181, 338
61, 0, 1103, 259, 1191, 334
62, 0, 978, 213, 1200, 311
63, 0, 1077, 170, 1191, 326
64, 0, 1010, 203, 1204, 350
65, 0, 1060, 222, 1228, 339
66, 0, 1091, 108, 1201, 294
67, 0, 1102, 133, 1180, 331
67, 1, 1124, 65, 1195, 135
68, 0, 1114, 257, 1197, 316
68, 1, 1139, 61, 1218, 169
69, 0, 1123, 266, 1190, 348
70, 0, 334, 258, 406, 324
70, 1, 1188, 275, 1223, 361
74, 0, 239, 257, 463, 349
75, 0, 186, 279, 279, 357
76, 0, 152, 271, 432, 341
77, 0, 140, 270, 291, 347
78, 0, 213, 278, 270, 338
78, 1, 1147, 274, 1211, 342
79, 0, 82, 241, 330, 332
79, 1, 1144, 255, 1216, 312
80, 0, 140, 224, 387, 361
81, 0, 62, 195, 367, 364
82, 0, 11, 242, 83, 355
82, 1, 165, 226, 354, 278
82, 2, 1119, 188, 1224, 294
83, 0, 15, 224, 174, 321
83, 1, 202, 205, 342, 301
83, 2, 1130, 249, 1179, 310
84, 0, 49, 151, 345, 351
84, 1, 59, 303, 83, 342
84, 2, 1096, 199, 1222, 349
85, 0, 62, 194, 386, 343
85, 1, 1036, 189, 1217, 347
86, 0, 10, 149, 362, 352
86, 1, 1053, 239, 1192, 346
86, 2, 1195, 160, 1213, 232
87, 0, 30, 142, 370, 349
87, 1, 1115, 233, 1213, 328
88, 0, 28, 146, 410, 362
88, 1, 1151, 180, 1225, 325
89, 0, 23, 191, 337, 358
89, 1, 1183, 181, 1221, 302
90, 0, 27, 148, 356, 339
91, 0, 1093, 178, 1226, 295
92, 0, 101, 227, 240, 313
92, 1, 1053, 216, 1204, 316
102, 0, 18, 16, 74, 124
103, 0, 41, 11, 85, 127
115, 0, 924, 43, 983, 147
116, 0, 59, 24, 91, 195
116, 1, 976, 234, 998, 255
116, 2, 944, 28, 1017, 136
117, 0, 962, 216, 1115, 350
119, 0, 1086, 13, 1136, 71
119, 1, 997, 49, 1076, 135
119, 2, 998, 186, 1189, 318
120, 0, 1022, 98, 1131, 254
121, 0, 1026, 62, 1059, 277
122, 0, 219, 209, 315, 243
122, 1, 956, 44, 1143, 177
122, 2, 1052, 210, 1133, 289
123, 0, 1061, 35, 1164, 116
125, 0, 46, 23, 98, 126
125, 1, 84, 213, 286, 286
126, 0, 50, 78, 185, 285
128, 0, 1031, 58, 1109, 161
129, 0, 1083, 87, 1124, 134
130, 0, 1105, 253, 1195, 364
131, 0, 1014, 26, 1170, 113
131, 1, 1086, 250, 1126, 298
132, 0, 1007, 59, 1097, 125
132, 1, 1008, 107, 1137, 216
132, 2, 1035, 297, 1178, 323
133, 0, 977, 157, 1095, 359
133, 1, 1028, 29, 1146, 155
134, 0, 950, 70, 1024, 268
134, 1, 1016, 45, 1151, 151
135, 0, 837, 40, 1153, 231
136, 0, 900, 107, 1062, 265
136, 1, 1014, 43, 1119, 118
137, 0, 901, 35, 1132, 181
138, 0, 849, 52, 1160, 249
139, 0, 940, 71, 1046, 158
139, 1, 884, 162, 1014, 254
139, 2, 1070, 64, 1169, 117
140, 0, 866, 158, 1152, 325
140, 1, 975, 75, 1154, 181
141, 0, 973, 214, 1116, 292
141, 1, 1000, 64, 1203, 158
142, 0, 1030, 61, 1220, 141
142, 1, 1018, 242, 1111, 312
143, 0, 1042, 91, 1195, 160
143, 1, 1044, 192, 1137, 305
144, 0, 1025, 56, 1189, 166
144, 1, 1043, 210, 1083, 264
145, 0, 1069, 179, 1188, 355
145, 1, 966, 28, 1195, 200
146, 0, 1082, 229, 1160, 290
146, 1, 1022, 25, 1191, 162
147, 0, 1097, 227, 1153, 272
147, 1, 1123, 25, 1184, 148
148, 0, 1123, 233, 1181, 279
149, 0, 297, 237, 366, 338
153, 0, 77, 147, 241, 328
154, 0, 65, 269, 127, 340
154, 1, 120, 195, 245, 268
156, 0, 47, 203, 126, 295
157, 0, 44, 197, 104, 268
164, 0, 184, 169, 299, 251
164, 1, 936, 120, 1122, 227
164, 2, 1155, 26, 1193, 169
165, 0, 120, 172, 195, 305
165, 1, 970, 204, 1061, 232
166, 0, 83, 183, 166, 248
167, 0, 57, 165, 163, 264
167, 1, 1010, 138, 1050, 239
168, 0, 78, 221, 170, 359
184, 0, 217, 182, 305, 266
184, 1, 990, 121, 1079, 323
185, 0, 873, 121, 1128, 307
186, 0, 1060, 61, 1177, 265
187, 0, 854, 105, 1065, 216
187, 1, 1124, 88, 1227, 256
187, 2, 1143, 271, 1171, 325
188, 0, 923, 20, 1172, 192
188, 1, 1053, 250, 1212, 350
188, 2, 1154, 172, 1201, 228
189, 0, 144, 253, 172, 333
189, 1, 936, 94, 1082, 230
189, 2, 1084, 22, 1201, 78
189, 3, 1130, 132, 1215, 346
190, 0, 1050, 58, 1213, 338
191, 0, 101, 181, 329, 331
191, 1, 1115, 178, 1202, 298
191, 2, 1094, 58, 1188, 138
192, 0, 25, 207, 208, 334
192, 1, 244, 195, 445, 352
192, 2, 1065, 97, 1211, 211
192, 3, 1146, 173, 1193, 304
193, 0, 23, 173, 292, 332
193, 1, 1082, 45, 1198, 216
194, 0, 40, 175, 286, 332
194, 1, 691, 298, 789, 347
194, 2, 1159, 22, 1191, 200
195, 0, 44, 248, 169, 342
195, 1, 49, 140, 337, 299
196, 0, 35, 164, 219, 339
196, 1, 38, 297, 96, 354
196, 2, 227, 164, 282, 327
197, 0, 84, 183, 347, 346
197, 1, 37, 261, 79, 355
198, 0, 37, 219, 295, 353
199, 0, 111, 170, 184, 351
199, 1, 80, 287, 116, 342
199, 2, 780, 219, 864, 349
202, 0, 908, 151, 1033, 357
204, 0, 904, 151, 1082, 340
206, 0, 897, 144, 1085, 306
208, 0, 963, 19, 1168, 321
209, 0, 942, 131, 1065, 178
209, 1, 1055, 243, 1144, 351
210, 0, 1040, 130, 1175, 301
211, 0, 1047, 137, 1156, 340
212, 0, 958, 131, 1134, 198
212, 1, 1132, 210, 1176, 328
213, 0, 1099, 122, 1183, 224
214, 0, 1101, 112, 1193, 177
215, 0, 1007, 114, 1190, 155
221, 0, 1088, 257, 1149, 329
223, 0, 1129, 162, 1186, 278
227, 0, 1054, 24, 1125, 219
228, 0, 1055, 32, 1147, 170
228, 1, 1003, 130, 1173, 293
229, 0, 1110, 50, 1209, 256
230, 0, 296, 175, 421, 230
230, 1, 1067, 245, 1179, 344
230, 2, 1076, 52, 1201, 172
231, 0, 59, 221, 249, 328
231, 1, 271, 178, 442, 282
231, 2, 1123, 15, 1197, 151
232, 0, 247, 171, 417, 278
232, 1, 192, 268, 238, 329
233, 0, 157, 176, 378, 347
234, 0, 120, 177, 388, 354
235, 0, 65, 180, 385, 334
236, 0, 35, 245, 61, 295
236, 1, 61, 159, 379, 333
237, 0, 151, 176, 384, 338
238, 0, 34, 224, 79, 290
238, 1, 116, 168, 340, 351
239, 0, 65, 168, 316, 330
240, 0, 46, 161, 300, 354
240, 1, 1018, 12, 1150, 102
241, 0, 63, 173, 210, 324
241, 1, 1015, 12, 1151, 83
242, 0, 48, 170, 109, 318
243, 0, 52, 163, 136, 317
243, 1, 1028, 22, 1126, 115
244, 0, 1012, 22, 1171, 114
245, 0, 1070, 21, 1170, 79
246, 0, 1071, 289, 1173, 340
246, 1, 1095, 17, 1178, 106
259, 0, 1088, 277, 1181, 314
277, 0, 1071, 208, 1163, 354
283, 0, 187, 175, 316, 232
285, 0, 166, 171, 276, 247
286, 0, 147, 146, 199, 340
287, 0, 92, 165, 179, 319
288, 0, 76, 162, 265, 272
290, 0, 165, 175, 243, 291
291, 0, 32, 158, 182, 283
291, 1, 1060, 332, 1120, 364
292, 0, 836, 256, 964, 289
292, 1, 1098, 336, 1178, 358
296, 0, 777, 259, 950, 336
297, 0, 766, 178, 1025, 342
298, 0, 899, 224, 1052, 350
298, 1, 962, 42, 1146, 121
300, 0, 789, 307, 983, 350
300, 1, 989, 46, 1201, 124
301, 0, 1020, 42, 1207, 128
303, 0, 964, 32, 1163, 170
304, 0, 732, 312, 841, 356
304, 1, 1040, 42, 1096, 185
305, 0, 83, 165, 179, 301
305, 1, 728, 255, 1013, 352
305, 2, 1050, 23, 1193, 265
305, 3, 1119, 294, 1152, 347
307, 0, 824, 286, 909, 360
308, 0, 834, 278, 892, 350
308, 1, 1005, 210, 1198, 350
309, 0, 1016, 305, 1065, 352
310, 0, 669, 243, 1049, 361
311, 0, 632, 239, 1057, 355
312, 0, 855, 284, 992, 352
313, 0, 670, 266, 1167, 357
313, 1, 979, 191, 1035, 275
314, 0, 644, 282, 811, 361
314, 1, 915, 205, 1157, 355
315, 0, 607, 271, 1015, 362
316, 0, 570, 261, 1024, 357
317, 0, 561, 195, 1035, 359
317, 1, 1128, 203, 1207, 323
318, 0, 810, 273, 1133, 346
319, 0, 626, 286, 695, 337
319, 1, 775, 193, 1125, 349
319, 2, 1110, 186, 1187, 282
320, 0, 658, 269, 1050, 359
320, 1, 1116, 181, 1202, 326
321, 0, 579, 251, 1099, 346
321, 1, 1135, 137, 1198, 273
322, 0, 536, 278, 640, 360
322, 1, 753, 167, 1117, 362
323, 0, 580, 182, 1091, 363
323, 1, 1129, 149, 1177, 239
324, 0, 581, 287, 745, 346
324, 1, 917, 257, 1074, 361
325, 0, 585, 244, 1072, 353
325, 1, 1130, 151, 1191, 277
326, 0, 617, 241, 970, 361
326, 1, 1132, 161, 1182, 301
327, 0, 628, 251, 1015, 357
327, 1, 1044, 163, 1180, 303
328, 0, 576, 261, 634, 338
328, 1, 725, 183, 1020, 359
329, 0, 565, 295, 628, 360
329, 1, 744, 268, 1023, 359
330, 0, 585, 230, 1020, 361
331, 0, 556, 183, 1016, 360
332, 0, 579, 256, 1024, 352
333, 0, 520, 240, 1036, 359
334, 0, 628, 235, 1035, 360
335, 0, 528, 235, 972, 361
336, 0, 492, 273, 620, 361
336, 1, 622, 159, 1019, 354
337, 0, 539, 232, 1015, 354
338, 0, 605, 229, 898, 351
339, 0, 792, 172, 949, 340
340, 0, 491, 193, 1014, 363
341, 0, 486, 162, 1056, 360
342, 0, 509, 246, 1010, 361
342, 1, 800, 172, 886, 209
343, 0, 68, 140, 84, 362
343, 1, 483, 138, 994, 358
344, 0, 28, 122, 56, 200
344, 1, 432, 221, 995, 351
345, 0, 443, 215, 1053, 364
345, 1, 760, 141, 909, 208
346, 0, 481, 142, 1031, 359
347, 0, 476, 245, 983, 356
347, 1, 734, 142, 928, 200
348, 0, 482, 158, 990, 355
349, 0, 473, 238, 848, 362
349, 1, 725, 166, 802, 232
350, 0, 449, 245, 879, 346
350, 1, 713, 175, 827, 203
351, 0, 549, 166, 876, 360
352, 0, 433, 280, 563, 342
352, 1, 633, 236, 884, 350
352, 2, 694, 186, 794, 206
353, 0, 463, 183, 895, 356
354, 0, 405, 185, 923, 359
355, 0, 401, 248, 712, 352
355, 1, 664, 189, 911, 352
356, 0, 350, 260, 709, 362
356, 1, 630, 161, 751, 268
357, 0, 426, 194, 773, 358
358, 0, 338, 185, 771, 353
359, 0, 396, 253, 733, 358
360, 0, 545, 260, 703, 358
361, 0, 382, 255, 765, 364
362, 0, 392, 192, 620, 357
363, 0, 355, 256, 729, 360
364, 0, 350, 249, 760, 363
364, 1, 487, 163, 583, 278
365, 0, 332, 266, 545, 363
365, 1, 466, 169, 572, 209
366, 0, 313, 196, 555, 354
367, 0, 301, 271, 535, 359
368, 0, 250, 201, 611, 349
368, 1, 435, 187, 511, 278
369, 0, 219, 262, 516, 355
370, 0, 285, 204, 517, 365
371, 0, 241, 187, 506, 356
372, 0, 235, 202, 263, 249
372, 1, 272, 271, 519, 361
373, 0, 224, 268, 407, 361
373, 1, 314, 181, 490, 343
374, 0, 200, 185, 510, 353
375, 0, 217, 183, 509, 352
375, 1, 189, 302, 246, 341
376, 0, 178, 258, 449, 365
377, 0, 144, 268, 382, 364
378, 0, 30, 247, 323, 346
378, 1, 134, 173, 253, 231
379, 0, 39, 178, 313, 353
379, 1, 382, 296, 465, 324
380, 0, 86, 184, 239, 227
380, 1, 92, 257, 248, 357
381, 0, 43, 176, 229, 356
382, 0, 50, 159, 224, 334
382, 1, 73, 262, 126, 344
383, 0, 53, 159, 163, 211
383, 1, 107, 280, 223, 356
384, 0, 28, 94, 164, 344
385, 0, 78, 191, 190, 342
393, 0, 36, 188, 69, 302
398, 0, 262, 178, 318, 310
400, 0, 183, 181, 368, 322
401, 0, 154, 165, 326, 332
402, 0, 116, 184, 280, 341
403, 0, 58, 187, 227, 359
404, 0, 51, 197, 130, 352
404, 1, 178, 167, 331, 279
406, 0, 247, 168, 326, 299
407, 0, 19, 189, 133, 356
408, 0, 36, 166, 244, 256
411, 0, 15, 220, 83, 334
426, 0, 197, 225, 230, 265
428, 0, 75, 245, 254, 355
429, 0, 37, 254, 252, 360
429, 1, 965, 33, 1091, 134
430, 0, 59, 247, 193, 348
430, 1, 995, 29, 1191, 136
431, 0, 65, 213, 206, 317
431, 1, 978, 16, 1124, 103
432, 0, 1061, 39, 1113, 77
433, 0, 60, 146, 114, 333
433, 1, 1119, 284, 1185, 336
435, 0, 1064, 250, 1159, 314
446, 0, 1059, 215, 1131, 274
447, 0, 1058, 155, 1149, 329
448, 0, 1069, 236, 1169, 289
449, 0, 1112, 239, 1216, 332
451, 0, 122, 22, 265, 137
451, 1, 889, 216, 1188, 340
452, 0, 146, 14, 257, 91
453, 0, 102, 27, 239, 79
453, 1, 1070, 184, 1172, 348
454, 0, 60, 133, 240, 181
454, 1, 152, 47, 244, 114
455, 0, 67, 53, 212, 182
455, 1, 949, 286, 1104, 334
456, 0, 34, 16, 220, 258
457, 0, 30, 48, 224, 212
457, 1, 1016, 245, 1221, 360
458, 0, 73, 66, 157, 180
459, 0, 15, 27, 164, 215
459, 1, 1086, 231, 1182, 354
460, 0, 57, 65, 152, 129
461, 0, 127, 36, 243, 109
462, 0, 52, 46, 168, 121
464, 0, 1116, 121, 1173, 286
465, 0, 67, 17, 192, 152
465, 1, 1043, 24, 1181, 168
466, 0, 1067, 37, 1196, 195
469, 0, 1038, 229, 1186, 337
470, 0, 1024, 194, 1182, 327
473, 0, 1169, 188, 1216, 333
480, 0, 1093, 18, 1207, 81
482, 0, 1072, 11, 1188, 101
483, 0, 276, 201, 343, 261
484, 0, 273, 234, 311, 335
486, 0, 179, 202, 277, 353
487, 0, 33, 163, 273, 352
488, 0, 29, 196, 315, 349
489, 0, 50, 194, 370, 351
490, 0, 89, 198, 361, 322
491, 0, 63, 218, 132, 354
491, 1, 188, 255, 350, 321
491, 2, 489, 318, 565, 365
492, 0, 47, 185, 234, 343
492, 1, 423, 311, 611, 351
493, 0, 48, 204, 385, 345
493, 1, 423, 309, 643, 352
494, 0, 209, 203, 374, 361
494, 1, 984, 14, 1100, 90
495, 0, 227, 186, 307, 357
496, 0, 207, 293, 242, 356
496, 1, 261, 202, 368, 263
497, 0, 146, 201, 370, 358
498, 0, 39, 195, 356, 354
499, 0, 41, 190, 353, 354
500, 0, 26, 320, 135, 349
500, 1, 101, 196, 401, 356
501, 0, 30, 185, 304, 351
501, 1, 294, 214, 387, 298
501, 2, 1125, 13, 1213, 90
502, 0, 35, 202, 317, 289
502, 1, 39, 299, 292, 354
503, 0, 207, 254, 315, 350
504, 0, 211, 194, 348, 346
505, 0, 175, 180, 300, 360
506, 0, 203, 195, 298, 317
506, 1, 180, 288, 248, 345
507, 0, 46, 194, 309, 356
507, 1, 138, 337, 180, 365
508, 0, 21, 165, 366, 357
509, 0, 20, 161, 314, 354
510, 0, 47, 174, 289, 360
511, 0, 44, 216, 284, 349
512, 0, 28, 174, 309, 345
512, 1, 739, 187, 831, 251
513, 0, 193, 274, 328, 357
514, 0, 750, 223, 848, 348
515, 0, 193, 299, 304, 358
516, 0, 210, 323, 331, 365
517, 0, 199, 324, 315, 356
517, 1, 721, 314, 865, 363
518, 0, 721, 266, 937, 358
520, 0, 179, 236, 299, 353
520, 1, 757, 268, 863, 357
525, 0, 215, 282, 245, 354
525, 1, 755, 326, 873, 356
526, 0, 136, 196, 274, 357
526, 1, 751, 302, 895, 347
527, 0, 189, 200, 269, 276
527, 1, 772, 203, 870, 253
528, 0, 165, 209, 259, 353
529, 0, 846, 224, 905, 364
530, 0, 810, 274, 904, 353
531, 0, 841, 204, 917, 356
532, 0, 213, 199, 262, 351
532, 1, 784, 192, 912, 361
533, 0, 1067, 26, 1110, 178
534, 0, 814, 221, 948, 359
534, 1, 1046, 22, 1096, 117
534, 2, 1060, 146, 1164, 222
535, 0, 183, 311, 267, 360
535, 1, 810, 261, 931, 356
535, 2, 1063, 73, 1150, 248
536, 0, 160, 197, 302, 355
536, 1, 807, 227, 970, 363
536, 2, 1042, 23, 1204, 291
537, 0, 1127, 92, 1175, 184
538, 0, 60, 313, 291, 361
538, 1, 808, 257, 903, 362
538, 2, 1086, 29, 1205, 224
539, 0, 1134, 94, 1207, 208
540, 0, 127, 210, 250, 346
540, 1, 889, 243, 962, 360
540, 2, 1205, 183, 1220, 238
540, 3, 1128, 46, 1221, 190
541, 0, 170, 236, 352, 358
541, 1, 809, 205, 973, 358
541, 2, 1116, 28, 1219, 191
542, 0, 185, 216, 348, 359
542, 1, 812, 241, 968, 356
542, 2, 1130, 30, 1221, 186
543, 0, 795, 199, 973, 356
544, 0, 166, 248, 326, 355
544, 1, 789, 241, 1021, 360
545, 0, 172, 238, 245, 338
545, 1, 783, 202, 948, 344
546, 0, 176, 187, 245, 355
546, 1, 782, 186, 917, 357
547, 0, 204, 190, 253, 356
547, 1, 859, 195, 976, 318
548, 0, 141, 231, 282, 359
548, 1, 780, 246, 968, 360
549, 0, 215, 193, 284, 335
549, 1, 808, 194, 986, 360
550, 0, 122, 276, 262, 361
550, 1, 830, 308, 980, 362
551, 0, 180, 215, 283, 355
551, 1, 815, 249, 944, 363
552, 0, 887, 325, 968, 361
553, 0, 780, 254, 1109, 364
553, 1, 1113, 163, 1207, 288
554, 0, 189, 301, 264, 353
554, 1, 788, 232, 997, 361
554, 2, 1112, 161, 1221, 267
555, 0, 148, 307, 220, 360
555, 1, 866, 215, 1107, 364
556, 0, 767, 210, 1110, 361
557, 0, 810, 225, 1084, 361
557, 1, 1122, 173, 1196, 245
558, 0, 177, 206, 254, 361
558, 1, 795, 188, 1139, 361
559, 0, 199, 201, 296, 335
559, 1, 798, 264, 1087, 359
560, 0, 771, 217, 1116, 364
561, 0, 799, 155, 1178, 361
562, 0, 197, 241, 385, 359
562, 1, 890, 151, 1201, 360
563, 0, 828, 276, 967, 352
565, 0, 775, 337, 861, 360
566, 0, 784, 308, 948, 361
567, 0, 218, 181, 379, 333
567, 1, 534, 173, 652, 289
567, 2, 761, 295, 889, 357
567, 3, 888, 220, 965, 361
567, 4, 1021, 180, 1211, 344
568, 0, 900, 182, 1013, 359
569, 0, 811, 166, 966, 354
570, 0, 219, 242, 281, 313
570, 1, 900, 273, 962, 363
570, 2, 984, 165, 1029, 245
571, 0, 806, 275, 1005, 362
571, 1, 807, 201, 1043, 289
572, 0, 217, 234, 266, 289
572, 1, 512, 165, 602, 290
572, 2, 795, 141, 1194, 360
573, 0, 829, 307, 1012, 362
574, 0, 811, 310, 848, 355
576, 0, 887, 293, 976, 351
577, 0, 841, 198, 1174, 358
578, 0, 912, 298, 1022, 337
580, 0, 710, 247, 1043, 356
580, 1, 840, 170, 960, 250
581, 0, 798, 226, 954, 356
582, 0, 926, 252, 1172, 357
583, 0, 798, 261, 933, 361
583, 1, 814, 183, 885, 225
584, 0, 33, 233, 129, 359
584, 1, 836, 186, 902, 248
584, 2, 809, 280, 1039, 360
584, 3, 1060, 255, 1208, 294
585, 0, 368, 201, 461, 291
585, 1, 813, 184, 1209, 359
588, 0, 61, 332, 94, 360
588, 1, 867, 286, 941, 330
588, 2, 1088, 187, 1200, 272
589, 0, 43, 328, 105, 359
589, 1, 771, 169, 1083, 357
589, 2, 1113, 145, 1223, 293
590, 0, 41, 330, 76, 359
590, 1, 1161, 185, 1223, 291
591, 0, 770, 197, 936, 323
591, 1, 1149, 162, 1200, 222
592, 0, 761, 177, 950, 338
592, 1, 1169, 160, 1199, 273
593, 0, 739, 197, 939, 330
594, 0, 738, 179, 908, 355
594, 1, 1122, 213, 1215, 312
594, 2, 1154, 157, 1203, 185
595, 0, 745, 258, 964, 334
595, 1, 1162, 283, 1214, 310
597, 0, 798, 237, 1205, 353
599, 0, 792, 237, 883, 353
600, 0, 829, 253, 878, 357
601, 0, 753, 252, 890, 359
601, 1, 1111, 224, 1215, 336
602, 0, 1116, 192, 1214, 312
603, 0, 705, 260, 909, 360
603, 1, 1108, 200, 1199, 315
604, 0, 832, 263, 870, 329
605, 0, 778, 262, 898, 351
607, 0, 821, 265, 969, 350
607, 1, 1101, 204, 1210, 250
608, 0, 834, 222, 871, 322
609, 0, 776, 225, 871, 319
610, 0, 704, 259, 768, 326
610, 1, 835, 224, 882, 322
610, 2, 1042, 156, 1185, 246
611, 0, 715, 277, 757, 326
611, 1, 841, 194, 916, 323
611, 2, 1038, 158, 1090, 215
611, 3, 1071, 287, 1216, 346
612, 0, 835, 291, 878, 325
612, 1, 1044, 161, 1079, 283
613, 0, 688, 215, 902, 350
613, 1, 1007, 163, 1133, 353
615, 0, 734, 160, 1106, 333
615, 1, 1087, 285, 1193, 349
616, 0, 669, 269, 804, 352
616, 1, 981, 193, 1124, 347
617, 0, 729, 262, 788, 310
617, 1, 949, 157, 1185, 336
618, 0, 192, 214, 221, 277
618, 1, 181, 269, 314, 332
618, 2, 659, 268, 821, 347
618, 3, 964, 144, 1122, 348
619, 0, 190, 183, 308, 225
619, 1, 717, 268, 877, 309
619, 2, 1022, 148, 1200, 361
620, 0, 174, 185, 354, 350
620, 1, 670, 254, 863, 324
620, 2, 943, 142, 1190, 359
621, 0, 172, 168, 298, 350
621, 1, 647, 159, 1188, 364
622, 0, 150, 277, 301, 351
622, 1, 647, 267, 832, 363
622, 2, 900, 171, 1086, 361
623, 0, 856, 177, 1083, 285
624, 0, 874, 144, 950, 280
625, 0, 127, 278, 280, 354
625, 1, 207, 181, 247, 229
625, 2, 919, 168, 1120, 262
625, 3, 958, 275, 1097, 358
626, 0, 115, 170, 251, 350
626, 1, 816, 142, 1091, 362
627, 0, 110, 241, 266, 360
627, 1, 850, 147, 1155, 362
628, 0, 103, 197, 240, 323
628, 1, 835, 195, 1202, 364
629, 0, 838, 163, 1068, 360
630, 0, 81, 180, 269, 346
630, 1, 642, 249, 684, 296
630, 2, 808, 165, 1133, 360
630, 3, 1131, 198, 1208, 357
631, 0, 85, 200, 226, 345
631, 1, 831, 155, 1006, 319
631, 2, 931, 306, 1128, 360
631, 3, 1114, 178, 1200, 328
632, 0, 827, 174, 1033, 360
632, 1, 1109, 197, 1198, 355
633, 0, 60, 193, 237, 355
633, 1, 827, 159, 979, 287
633, 2, 948, 300, 1025, 360
633, 3, 1089, 196, 1211, 327
634, 0, 821, 184, 935, 227
634, 1, 973, 300, 1024, 360
634, 2, 1078, 223, 1195, 355
635, 0, 828, 167, 989, 359
635, 1, 1046, 198, 1179, 351
636, 0, 133, 284, 200, 354
636, 1, 783, 167, 1072, 358
636, 2, 1035, 200, 1189, 355
637, 0, 803, 254, 869, 320
637, 1, 828, 184, 1017, 342
637, 2, 950, 338, 1008, 360
637, 3, 1038, 192, 1189, 351
638, 0, 25, 176, 165, 267
638, 1, 592, 168, 1199, 362
638, 2, 818, 154, 956, 279
638, 3, 1031, 162, 1122, 263
639, 0, 28, 200, 177, 356
639, 1, 820, 151, 913, 280
639, 2, 864, 184, 1178, 364
640, 0, 875, 163, 1059, 332
641, 0, 841, 161, 1151, 357
642, 0, 824, 232, 1162, 355
643, 0, 820, 150, 1099, 364
644, 0, 57, 343, 107, 357
644, 1, 838, 192, 943, 220
645, 0, 36, 330, 90, 358
645, 1, 787, 282, 948, 363
645, 2, 792, 150, 985, 277
646, 0, 30, 183, 92, 363
646, 1, 411, 206, 521, 250
646, 2, 787, 279, 939, 362
646, 3, 822, 185, 1071, 338
647, 0, 793, 148, 1040, 364
648, 0, 849, 178, 1040, 339
649, 0, 720, 158, 1053, 361
650, 0, 382, 199, 441, 284
650, 1, 713, 149, 1066, 363
652, 0, 749, 194, 890, 296
652, 1, 759, 276, 1021, 362
653, 0, 707, 256, 912, 345
653, 1, 845, 196, 964, 259
654, 0, 707, 161, 940, 361
655, 0, 357, 206, 456, 274
655, 1, 665, 163, 998, 340
655, 2, 700, 289, 769, 343
656, 0, 667, 196, 986, 359
657, 0, 837, 190, 877, 300
658, 0, 668, 196, 919, 360
659, 0, 648, 183, 980, 360
660, 0, 317, 219, 376, 306
660, 1, 622, 201, 896, 360
661, 0, 400, 277, 477, 295
661, 1, 648, 184, 858, 361
662, 0, 628, 320, 749, 360
662, 1, 768, 200, 860, 301
663, 0, 684, 266, 800, 334
664, 0, 610, 155, 888, 361
665, 0, 268, 197, 314, 302
665, 1, 600, 216, 845, 361
666, 0, 289, 198, 831, 361
666, 1, 651, 156, 760, 219
667, 0, 590, 302, 674, 363
667, 1, 651, 163, 785, 277
668, 0, 244, 251, 467, 331
668, 1, 590, 194, 840, 363
669, 0, 590, 258, 757, 363
670, 0, 246, 228, 370, 332
671, 0, 264, 169, 837, 338
671, 1, 1176, 159, 1219, 319
672, 0, 1145, 270, 1209, 357
673, 0, 637, 266, 740, 340
673, 1, 1060, 223, 1207, 361
674, 0, 1093, 175, 1207, 354
675, 0, 196, 282, 271, 344
675, 1, 667, 273, 727, 341
675, 2, 1100, 136, 1188, 353
676, 0, 529, 261, 713, 341
676, 1, 1053, 276, 1115, 356
676, 2, 1109, 147, 1217, 319
677, 0, 182, 241, 482, 352
677, 1, 1019, 126, 1199, 356
678, 0, 1045, 136, 1208, 310
678, 1, 1019, 282, 1157, 356
679, 0, 147, 224, 241, 356
679, 1, 541, 312, 698, 364
679, 2, 1019, 304, 1096, 356
679, 3, 1060, 149, 1206, 354
680, 0, 120, 243, 277, 358
680, 1, 963, 264, 1206, 356
680, 2, 1018, 135, 1171, 294
681, 0, 104, 192, 241, 330
681, 1, 941, 278, 1029, 359
681, 2, 996, 161, 1201, 355
682, 0, 87, 188, 256, 349
682, 1, 425, 175, 672, 297
682, 2, 941, 245, 1209, 359
682, 3, 976, 146, 1132, 252
683, 0, 66, 188, 226, 356
683, 1, 476, 239, 674, 361
683, 2, 941, 280, 1204, 359
683, 3, 976, 147, 1099, 249
684, 0, 47, 260, 102, 355
684, 1, 171, 210, 197, 341
684, 2, 940, 145, 1191, 361
685, 0, 32, 261, 81, 335
685, 1, 127, 211, 181, 344
685, 2, 487, 260, 693, 363
685, 3, 912, 150, 1131, 358
686, 0, 29, 261, 178, 347
686, 1, 912, 212, 1016, 358
687, 0, 40, 185, 172, 335
687, 1, 197, 293, 362, 352
687, 2, 948, 144, 1085, 352
688, 0, 20, 204, 173, 348
688, 1, 562, 256, 668, 302
688, 2, 941, 153, 1099, 352
689, 0, 24, 173, 173, 352
689, 1, 914, 141, 1045, 334
690, 0, 19, 176, 155, 285
690, 1, 913, 154, 992, 236
691, 0, 47, 159, 369, 358
691, 1, 470, 162, 551, 324
691, 2, 917, 141, 1048, 339
692, 0, 49, 159, 182, 240
692, 1, 902, 276, 1048, 339
692, 2, 917, 152, 947, 243
693, 0, 44, 179, 141, 282
693, 1, 498, 249, 537, 324
693, 2, 896, 168, 935, 194
693, 3, 902, 272, 981, 318
694, 0, 32, 178, 130, 279
694, 1, 460, 202, 565, 297
694, 2, 880, 259, 981, 319
695, 0, 23, 176, 90, 235
695, 1, 445, 199, 523, 328
695, 2, 880, 190, 1018, 320
696, 0, 23, 176, 84, 229
696, 1, 482, 268, 522, 322
696, 2, 892, 180, 989, 320
697, 0, 422, 180, 589, 363
697, 1, 862, 159, 980, 321
697, 2, 1203, 190, 1222, 287
698, 0, 115, 332, 281, 357
699, 0, 119, 332, 194, 356
699, 1, 413, 181, 524, 279
699, 2, 865, 176, 994, 300
699, 3, 1201, 216, 1220, 321
700, 0, 71, 329, 179, 360
701, 0, 402, 183, 558, 280
701, 1, 824, 182, 958, 300
702, 0, 852, 186, 922, 299
703, 0, 440, 205, 507, 347
703, 1, 1117, 123, 1223, 263
705, 0, 808, 256, 925, 302
707, 0, 336, 215, 489, 327
707, 1, 833, 173, 918, 303
707, 2, 1053, 133, 1185, 213
710, 0, 93, 208, 172, 337
710, 1, 348, 186, 422, 291
710, 2, 802, 182, 844, 289
711, 0, 1044, 179, 1080, 247
714, 0, 72, 208, 137, 355
714, 1, 288, 258, 431, 349
714, 2, 1013, 150, 1071, 205
715, 0, 284, 267, 410, 351
715, 1, 1011, 176, 1164, 357
716, 0, 42, 188, 122, 323
717, 0, 35, 274, 118, 315
717, 1, 324, 209, 406, 345
717, 2, 1007, 178, 1109, 327
719, 0, 42, 234, 71, 332
719, 1, 189, 208, 214, 302
719, 2, 1015, 225, 1143, 326
720, 0, 23, 181, 229, 232
720, 1, 1022, 220, 1141, 343
721, 0, 53, 188, 350, 353
721, 1, 996, 205, 1129, 349
722, 0, 1037, 195, 1070, 283
723, 0, 49, 197, 267, 348
724, 0, 31, 194, 140, 337
724, 1, 1041, 187, 1107, 280
725, 0, 23, 231, 44, 322
725, 1, 94, 188, 158, 258
725, 2, 1045, 185, 1102, 277
726, 0, 27, 240, 160, 323
726, 1, 1067, 193, 1171, 355
727, 0, 24, 189, 172, 296
727, 1, 1043, 160, 1115, 275
728, 0, 37, 181, 129, 341
728, 1, 1059, 213, 1176, 357
729, 0, 54, 158, 221, 350
729, 1, 1057, 273, 1216, 358
729, 2, 1036, 172, 1136, 268
730, 0, 1055, 189, 1143, 288
731, 0, 133, 160, 180, 235
731, 1, 1061, 200, 1199, 360
732, 0, 1048, 272, 1197, 361
732, 1, 1067, 140, 1177, 297
733, 0, 1041, 199, 1183, 361
734, 0, 54, 161, 226, 278
734, 1, 44, 320, 100, 362
734, 2, 1063, 214, 1212, 354
735, 0, 47, 166, 153, 323
735, 1, 975, 218, 1170, 356
736, 0, 1039, 218, 1216, 354
737, 0, 29, 166, 94, 252
737, 1, 1055, 155, 1098, 259
737, 2, 1069, 258, 1151, 360
738, 0, 52, 175, 200, 339
738, 1, 1040, 208, 1142, 362
739, 0, 33, 176, 84, 287
739, 1, 1073, 227, 1184, 357
740, 0, 1059, 167, 1137, 357
741, 0, 1036, 270, 1185, 360
741, 1, 1067, 167, 1177, 249
742, 0, 76, 267, 210, 355
742, 1, 1055, 174, 1178, 347
743, 0, 63, 146, 128, 290
743, 1, 52, 279, 234, 356
743, 2, 1063, 179, 1189, 352
744, 0, 38, 146, 190, 228
744, 1, 1064, 201, 1172, 335
745, 0, 35, 143, 83, 172
745, 1, 39, 310, 194, 358
745, 2, 535, 327, 571, 354
745, 3, 1077, 203, 1191, 350
746, 0, 20, 146, 123, 188
746, 1, 1058, 203, 1180, 301
747, 0, 546, 326, 605, 354
747, 1, 1100, 218, 1203, 298
747, 2, 1137, 325, 1212, 359
748, 0, 1107, 185, 1197, 352
749, 0, 876, 255, 972, 360
749, 1, 1150, 238, 1196, 356
749, 2, 1187, 28, 1223, 222
750, 0, 882, 234, 962, 359
750, 1, 1166, 228, 1194, 299
757, 0, 931, 248, 1009, 307
758, 0, 946, 278, 996, 359
761, 0, 932, 328, 1018, 356
762, 0, 956, 221, 1054, 333
765, 0, 982, 285, 1052, 359
766, 0, 985, 242, 1061, 326
767, 0, 977, 262, 1073, 331
768, 0, 1004, 299, 1099, 327
769, 0, 1008, 254, 1083, 347
770, 0, 989, 36, 1031, 224
770, 1, 1024, 274, 1092, 348
771, 0, 370, 245, 413, 318
771, 1, 954, 39, 1187, 341
771, 2, 1044, 333, 1105, 362
772, 0, 319, 211, 388, 346
772, 1, 1035, 18, 1203, 346
772, 2, 1072, 266, 1112, 343
773, 0, 284, 190, 397, 358
773, 1, 946, 314, 1101, 346
773, 2, 1065, 61, 1181, 312
774, 0, 249, 190, 373, 337
774, 1, 1067, 57, 1127, 148
775, 0, 138, 160, 229, 344
775, 1, 1115, 36, 1168, 182
776, 0, 66, 204, 147, 303
776, 1, 1082, 19, 1186, 138
777, 0, 14, 220, 99, 363
777, 1, 1107, 33, 1191, 200
778, 0, 51, 164, 174, 244
778, 1, 1043, 54, 1199, 148
785, 0, 681, 308, 865, 350
788, 0, 220, 159, 253, 235
788, 1, 699, 286, 1010, 333
790, 0, 155, 39, 230, 246
791, 0, 130, 29, 185, 209
794, 0, 56, 33, 63, 151
797, 0, 40, 123, 148, 191
800, 0, 183, 49, 326, 241
801, 0, 170, 52, 240, 267
802, 0, 162, 52, 283, 189
803, 0, 116, 55, 284, 197
804, 0, 32, 42, 216, 177
805, 0, 37, 22, 240, 174
805, 1, 902, 32, 933, 102
806, 0, 30, 32, 258, 208
807, 0, 24, 101, 136, 181
808, 0, 49, 63, 110, 179
808, 1, 908, 20, 1015, 136
809, 0, 1025, 232, 1157, 359
809, 1, 884, 38, 1049, 81
810, 0, 1088, 237, 1146, 309
810, 1, 981, 32, 1178, 182
811, 0, 1129, 185, 1161, 307
812, 0, 1114, 27, 1130, 185
813, 0, 1102, 38, 1172, 113
816, 0, 83, 74, 152, 159
816, 1, 112, 274, 311, 356
816, 2, 998, 136, 1170, 244
817, 0, 978, 18, 1098, 119
818, 0, 997, 12, 1089, 99
818, 1, 1111, 84, 1209, 212
819, 0, 1007, 17, 1202, 96
819, 1, 1152, 125, 1188, 238
820, 0, 911, 237, 1155, 336
820, 1, 986, 45, 1191, 173
821, 0, 1051, 25, 1140, 107
822, 0, 1078, 14, 1184, 74
823, 0, 1085, 20, 1200, 74
824, 0, 1033, 17, 1175, 144
826, 0, 1188, 12, 1228, 169
827, 0, 1112, 57, 1192, 219
828, 0, 1144, 29, 1174, 142
832, 0, 982, 288, 1097, 337
833, 0, 910, 29, 999, 154
834, 0, 938, 22, 986, 168
836, 0, 1145, 121, 1180, 157
837, 0, 996, 24, 1082, 98
838, 0, 1000, 45, 1110, 109
839, 0, 1008, 42, 1129, 241
840, 0, 1065, 70, 1169, 241
843, 0, 1100, 94, 1186, 354
847, 0, 984, 170, 1147, 299
847, 1, 1056, 12, 1108, 87
848, 0, 704, 324, 851, 356
848, 1, 978, 108, 1150, 303
849, 0, 714, 337, 814, 356
849, 1, 1014, 192, 1190, 313
849, 2, 1080, 17, 1139, 95
850, 0, 746, 311, 861, 361
850, 1, 981, 195, 1134, 259
851, 0, 775, 312, 940, 360
851, 1, 1165, 46, 1176, 100
852, 0, 1098, 178, 1183, 272
861, 0, 93, 252, 216, 345
871, 0, 1012, 37, 1081, 124
872, 0, 1059, 20, 1107, 157
872, 1, 1036, 170, 1083, 229
874, 0, 1091, 43, 1178, 207
876, 0, 1157, 37, 1191, 168
887, 0, 126, 262, 152, 320
889, 0, 10, 266, 99, 338
889, 1, 180, 129, 306, 354
890, 0, 42, 259, 247, 332
891, 0, 89, 208, 236, 332
892, 0, 139, 197, 223, 355
892, 1, 1127, 266, 1196, 338
893, 0, 125, 207, 188, 324
894, 0, 95, 192, 144, 328
898, 0, 212, 137, 359, 283
898, 1, 484, 138, 541, 258
902, 0, 216, 157, 423, 258
904, 0, 357, 172, 561, 280
912, 0, 27, 13, 175, 156
912, 1, 444, 180, 583, 356
912, 2, 982, 91, 991, 223
916, 0, 1006, 177, 1034, 258
918, 0, 85, 125, 491, 363
918, 1, 554, 145, 578, 230
921, 0, 269, 264, 373, 361
922, 0, 251, 308, 411, 357
923, 0, 38, 98, 260, 284
923, 1, 221, 98, 587, 241
923, 2, 248, 240, 408, 358
923, 3, 684, 97, 723, 202
923, 4, 1106, 89, 1194, 181
926, 0, 1163, 99, 1217, 137
930, 0, 377, 312, 414, 350
931, 0, 166, 242, 244, 357
931, 1, 372, 240, 471, 354
935, 0, 159, 256, 197, 342
935, 1, 244, 198, 645, 355
935, 2, 736, 118, 773, 199
935, 3, 814, 181, 931, 335
936, 0, 368, 335, 500, 349
936, 1, 827, 207, 868, 277
937, 0, 448, 300, 529, 355
937, 1, 1048, 204, 1083, 293
938, 0, 153, 156, 326, 321
938, 1, 214, 313, 261, 361
938, 2, 475, 258, 605, 354
938, 3, 1060, 190, 1139, 304
939, 0, 263, 201, 374, 341
939, 1, 219, 334, 244, 362
939, 2, 499, 319, 558, 352
939, 3, 1053, 154, 1093, 294
940, 0, 277, 175, 580, 353
940, 1, 1025, 183, 1151, 302
941, 0, 268, 157, 600, 351
941, 1, 187, 117, 233, 190
941, 2, 1020, 271, 1120, 305
941, 3, 1016, 171, 1093, 258
942, 0, 500, 315, 622, 346
942, 1, 1051, 174, 1103, 235
942, 2, 1008, 246, 1164, 311
943, 0, 143, 117, 218, 205
943, 1, 290, 137, 652, 333
943, 2, 388, 321, 489, 361
943, 3, 985, 244, 1137, 320
943, 4, 1046, 156, 1093, 247
944, 0, 72, 138, 181, 212
944, 1, 577, 301, 645, 345
944, 2, 993, 169, 1135, 306
945, 0, 73, 118, 292, 221
945, 1, 262, 156, 819, 363
945, 2, 120, 333, 228, 361
945, 3, 982, 175, 1121, 331
946, 0, 103, 118, 280, 225
946, 1, 298, 158, 501, 351
946, 2, 120, 332, 244, 359
946, 3, 577, 170, 753, 343
946, 4, 925, 165, 1113, 306
947, 0, 86, 157, 282, 225
947, 1, 121, 327, 245, 358
947, 2, 309, 159, 515, 357
947, 3, 568, 185, 740, 358
947, 4, 927, 157, 1061, 208
948, 0, 183, 159, 317, 267
948, 1, 324, 163, 828, 360
948, 2, 909, 174, 972, 297
949, 0, 358, 170, 764, 358
950, 0, 355, 169, 617, 239
950, 1, 537, 186, 778, 350
951, 0, 353, 162, 905, 360
951, 1, 540, 304, 596, 355
952, 0, 476, 151, 975, 345
952, 1, 543, 291, 632, 358
953, 0, 439, 180, 665, 311
953, 1, 529, 147, 961, 355
954, 0, 459, 290, 540, 356
954, 1, 434, 131, 843, 363
954, 2, 793, 165, 920, 304
955, 0, 469, 235, 918, 362
955, 1, 497, 166, 917, 236
956, 0, 528, 170, 688, 359
956, 1, 627, 167, 879, 328
957, 0, 487, 148, 815, 349
957, 1, 735, 174, 1012, 363
958, 0, 499, 212, 606, 347
958, 1, 651, 148, 838, 279
958, 2, 814, 243, 886, 363
959, 0, 576, 148, 1075, 364
959, 1, 500, 203, 598, 307
960, 0, 431, 150, 580, 226
960, 1, 672, 119, 985, 363
960, 2, 1046, 212, 1077, 256
961, 0, 691, 119, 1002, 364
962, 0, 381, 163, 509, 360
962, 1, 630, 113, 1079, 330
962, 2, 891, 236, 959, 356
963, 0, 568, 112, 759, 346
963, 1, 705, 97, 829, 221
963, 2, 880, 187, 1081, 364
964, 0, 355, 115, 838, 351
964, 1, 382, 287, 524, 361
964, 2, 900, 305, 1007, 364
964, 3, 996, 183, 1081, 304
965, 0, 405, 321, 492, 354
965, 1, 606, 112, 744, 351
965, 2, 941, 311, 1027, 355
965, 3, 991, 156, 1081, 255
966, 0, 310, 200, 458, 340
966, 1, 479, 81, 903, 257
966, 2, 600, 266, 789, 350
966, 3, 964, 178, 1087, 283
966, 4, 933, 308, 1047, 354
967, 0, 294, 134, 470, 348
967, 1, 556, 121, 725, 362
967, 2, 672, 138, 766, 192
967, 3, 966, 254, 1072, 361
967, 4, 1001, 179, 1076, 268
968, 0, 15, 264, 120, 307
968, 1, 63, 329, 131, 354
968, 2, 259, 116, 439, 357
968, 3, 534, 123, 746, 361
968, 4, 986, 283, 1073, 357
968, 5, 1045, 191, 1109, 310
969, 0, 42, 222, 185, 349
969, 1, 250, 118, 351, 225
969, 2, 542, 118, 663, 361
969, 3, 987, 339, 1036, 358
969, 4, 1062, 192, 1158, 353
970, 0, 124, 208, 320, 355
970, 1, 267, 134, 334, 285
970, 2, 529, 113, 599, 196
970, 3, 1008, 209, 1128, 355
971, 0, 193, 227, 360, 355
971, 1, 160, 206, 246, 258
971, 2, 507, 281, 676, 345
971, 3, 501, 124, 568, 208
971, 4, 1035, 209, 1181, 357
972, 0, 130, 200, 235, 351
972, 1, 487, 111, 559, 239
972, 2, 518, 300, 560, 354
972, 3, 1090, 255, 1186, 364
972, 4, 1049, 161, 1205, 246
973, 0, 45, 204, 224, 355
973, 1, 418, 149, 520, 296
973, 2, 1119, 201, 1202, 297
974, 0, 80, 160, 266, 356
974, 1, 364, 112, 509, 202
974, 2, 335, 268, 581, 361
974, 3, 1111, 191, 1195, 352
975, 0, 54, 161, 203, 348
975, 1, 252, 118, 478, 279
975, 2, 429, 236, 583, 355
975, 3, 1123, 196, 1193, 310
976, 0, 49, 189, 202, 362
976, 1, 327, 185, 655, 359
976, 2, 352, 101, 576, 199
976, 3, 1138, 217, 1196, 354
977, 0, 79, 311, 242, 365
977, 1, 39, 158, 219, 296
977, 2, 302, 100, 721, 358
977, 3, 372, 313, 515, 349
978, 0, 55, 98, 459, 241
978, 1, 51, 210, 332, 363
978, 2, 337, 227, 490, 352
978, 3, 524, 108, 732, 354
979, 0, 107, 79, 470, 204
979, 1, 74, 228, 175, 350
979, 2, 190, 214, 441, 363
979, 3, 603, 262, 715, 345
980, 0, 284, 144, 418, 354
980, 1, 237, 182, 297, 258
980, 2, 458, 103, 635, 210
980, 3, 705, 313, 774, 341
981, 0, 189, 121, 453, 351
981, 1, 548, 128, 638, 203
982, 0, 149, 94, 380, 289
982, 1, 177, 189, 326, 354
982, 2, 528, 118, 849, 355
983, 0, 18, 113, 298, 360
983, 1, 566, 116, 673, 219
983, 2, 721, 207, 887, 349
984, 0, 41, 178, 329, 361
984, 1, 188, 95, 421, 155
984, 2, 628, 121, 670, 216
984, 3, 723, 201, 899, 351
985, 0, 128, 193, 253, 350
985, 1, 561, 110, 830, 254
985, 2, 898, 281, 945, 341
986, 0, 58, 99, 418, 252
986, 1, 25, 237, 261, 354
986, 2, 515, 182, 609, 330
986, 3, 645, 168, 772, 346
986, 4, 575, 117, 673, 159
986, 5, 807, 232, 946, 362
987, 0, 29, 177, 229, 348
987, 1, 360, 194, 418, 301
987, 2, 547, 113, 773, 324
987, 3, 817, 224, 971, 340
988, 0, 35, 170, 161, 359
988, 1, 461, 120, 677, 314
988, 2, 637, 206, 998, 360
989, 0, 36, 122, 149, 268
989, 1, 676, 197, 1028, 339
989, 2, 535, 121, 691, 238
990, 0, 538, 218, 594, 259
990, 1, 708, 185, 945, 346
991, 0, 53, 102, 127, 275
991, 1, 47, 312, 190, 353
991, 2, 670, 185, 1080, 352
992, 0, 16, 142, 220, 273
992, 1, 726, 205, 958, 350
992, 2, 1017, 225, 1099, 280
993, 0, 16, 202, 123, 291
993, 1, 789, 235, 829, 304
993, 2, 723, 200, 801, 247
993, 3, 890, 201, 1118, 351
994, 0, 722, 219, 876, 254
994, 1, 887, 201, 1128, 346
995, 0, 793, 198, 1138, 330
996, 0, 850, 196, 1007, 347
996, 1, 1107, 231, 1201, 361
997, 0, 11, 120, 137, 304
997, 1, 717, 239, 917, 359
997, 2, 980, 217, 1021, 293
997, 3, 1100, 179, 1202, 361
998, 0, 19, 221, 161, 364
998, 1, 799, 190, 1044, 248
998, 2, 1113, 193, 1191, 356
999, 0, 804, 315, 886, 356
999, 1, 920, 179, 1174, 359
1000, 0, 942, 183, 1171, 365
1001, 0, 1023, 180, 1185, 361
1002, 0, 1032, 154, 1182, 360
1003, 0, 993, 162, 1170, 342
1004, 0, 965, 178, 1174, 360
1005, 0, 976, 179, 1106, 357
1005, 1, 1160, 159, 1185, 279
1006, 0, 964, 182, 1103, 361
1006, 1, 1161, 159, 1196, 289
1007, 0, 961, 180, 1089, 345
1007, 1, 1160, 169, 1191, 285
1008, 0, 908, 180, 1211, 359
1009, 0, 920, 300, 1020, 357
1009, 1, 908, 181, 1020, 277
1010, 0, 783, 235, 1022, 363
1010, 1, 927, 181, 1022, 258
1011, 0, 860, 206, 1061, 362
1012, 0, 745, 236, 990, 363
1012, 1, 900, 180, 1100, 362
1013, 0, 800, 179, 1088, 364
1014, 0, 786, 240, 1070, 364
1014, 1, 860, 190, 1042, 303
1015, 0, 760, 259, 952, 363
1015, 1, 837, 188, 1059, 361
1016, 0, 656, 324, 745, 363
1016, 1, 732, 199, 921, 363
1017, 0, 656, 280, 734, 364
1017, 1, 740, 199, 924, 360
1018, 0, 668, 263, 844, 363
1018, 1, 727, 192, 951, 248
1018, 2, 990, 347, 1024, 365
1019, 0, 600, 120, 802, 354
1019, 1, 656, 324, 735, 361
1019, 2, 762, 206, 907, 286
1019, 3, 978, 339, 1058, 362
1020, 0, 656, 205, 877, 363
1021, 0, 580, 129, 808, 362
1021, 1, 770, 205, 893, 263
1022, 0, 560, 99, 810, 365
1023, 0, 540, 99, 793, 365
1024, 0, 536, 99, 719, 282
1024, 1, 587, 263, 789, 360
1025, 0, 510, 115, 742, 357
1026, 0, 548, 99, 859, 364
1027, 0, 520, 112, 698, 355
1028, 0, 495, 104, 676, 363
1028, 1, 701, 192, 822, 352
1029, 0, 440, 100, 716, 363
1030, 0, 456, 99, 788, 355
1031, 0, 411, 140, 744, 364
1031, 1, 552, 99, 594, 128
1032, 0, 408, 140, 440, 245
1032, 1, 434, 264, 777, 364
1032, 2, 548, 100, 618, 188
1033, 0, 396, 104, 599, 357
1033, 1, 406, 245, 544, 360
1033, 2, 673, 281, 798, 351
1034, 0, 380, 141, 393, 182
1034, 1, 377, 203, 609, 355
1034, 2, 489, 103, 661, 193
1034, 3, 651, 303, 792, 353
1035, 0, 340, 141, 526, 355
1035, 1, 554, 102, 800, 351
1036, 0, 322, 141, 813, 364
1037, 0, 297, 141, 470, 348
1037, 1, 522, 119, 586, 285
1038, 0, 339, 141, 472, 269
1038, 1, 303, 204, 459, 359
1038, 2, 516, 114, 603, 308
1039, 0, 203, 182, 438, 355
1039, 1, 352, 141, 416, 206
1039, 2, 512, 119, 586, 243
1040, 0, 175, 182, 412, 361
1041, 0, 163, 201, 361, 359
1041, 1, 357, 141, 398, 162
1041, 2, 496, 119, 580, 223
1042, 0, 131, 141, 413, 362
1043, 0, 117, 180, 325, 365
1043, 1, 356, 120, 405, 205
1044, 0, 96, 180, 414, 362
1044, 1, 353, 141, 417, 204
1045, 0, 152, 337, 173, 364
1045, 1, 116, 205, 335, 358
1046, 0, 30, 161, 434, 359
1046, 1, 352, 141, 501, 247
1047, 0, 38, 161, 323, 359
1047, 1, 268, 141, 440, 345
1048, 0, 61, 161, 149, 232
1048, 1, 67, 305, 155, 359
1049, 0, 44, 162, 123, 237
1049, 1, 255, 142, 413, 269
1050, 0, 27, 141, 104, 209
1051, 0, 27, 141, 167, 337
1052, 0, 26, 141, 142, 294
1052, 1, 65, 266, 263, 338
1053, 0, 60, 161, 136, 293
1053, 1, 139, 244, 270, 356
1054, 0, 15, 140, 249, 293
1054, 1, 136, 270, 238, 354
1056, 0, 21, 159, 241, 289
1056, 1, 131, 284, 205, 347
