19, 0, 475, 301, 731, 357
40, 0, 185, 139, 232, 178
42, 0, 40, 120, 170, 169
43, 0, 63, 119, 189, 182
44, 0, 54, 135, 216, 181
45, 0, 18, 130, 238, 184
46, 0, 41, 131, 192, 197
47, 0, 29, 127, 191, 208
48, 0, 16, 123, 187, 180
49, 0, 38, 135, 149, 181
50, 0, 31, 137, 107, 180
66, 0, 45, 174, 252, 338
68, 0, 46, 263, 228, 333
86, 0, 24, 157, 313, 189
103, 0, 68, 261, 106, 298
113, 0, 31, 157, 125, 279
119, 0, 695, 332, 844, 355
126, 0, 333, 339, 398, 354
130, 0, 315, 299, 426, 365
138, 0, 299, 309, 391, 365
147, 0, 387, 336, 431, 356
158, 0, 829, 197, 921, 345
159, 0, 697, 322, 816, 346
159, 1, 822, 181, 940, 271
160, 0, 806, 154, 931, 268
161, 0, 787, 222, 863, 286
162, 0, 759, 157, 916, 321
163, 0, 751, 152, 959, 311
164, 0, 613, 150, 928, 329
165, 0, 601, 173, 931, 351
166, 0, 614, 169, 915, 310
167, 0, 587, 305, 620, 346
167, 1, 808, 166, 896, 237
168, 0, 608, 297, 707, 354
169, 0, 595, 303, 682, 351
170, 0, 563, 314, 604, 333
171, 0, 552, 243, 676, 350
171, 1, 760, 166, 846, 244
179, 0, 518, 262, 705, 308
180, 0, 500, 273, 668, 295
182, 0, 1129, 152, 1150, 188
186, 0, 888, 290, 1094, 364
187, 0, 1112, 66, 1213, 153
188, 0, 943, 320, 1020, 350
189, 0, 954, 308, 1028, 361
190, 0, 954, 312, 1031, 352
190, 1, 1111, 69, 1217, 133
191, 0, 975, 318, 1079, 366
191, 1, 1129, 64, 1226, 138
192, 0, 1137, 110, 1185, 156
195, 0, 1101, 118, 1198, 239
196, 0, 1108, 124, 1227, 200
197, 0, 1129, 92, 1217, 177
198, 0, 1182, 149, 1215, 255
199, 0, 1147, 25, 1200, 78
202, 0, 1153, 29, 1218, 82
204, 0, 1030, 273, 1076, 352
204, 1, 1132, 108, 1208, 277
205, 0, 994, 335, 1068, 354
205, 1, 1031, 238, 1133, 285
205, 2, 1137, 131, 1220, 228
206, 0, 1037, 257, 1148, 364
207, 0, 962, 256, 1087, 357
208, 0, 1028, 223, 1169, 354
209, 0, 1039, 320, 1107, 366
209, 1, 1125, 106, 1212, 171
210, 0, 931, 276, 1106, 366
210, 1, 1132, 129, 1227, 161
211, 0, 1004, 302, 1098, 363
211, 1, 1129, 129, 1209, 161
212, 0, 964, 303, 1109, 361
213, 0, 969, 305, 1093, 363
214, 0, 754, 289, 1121, 365
214, 1, 969, 12, 1049, 55
215, 0, 939, 292, 1052, 317
215, 1, 1008, 32, 1050, 117
216, 0, 989, 28, 1066, 71
217, 0, 834, 165, 1076, 251
217, 1, 988, 40, 1108, 124
217, 2, 940, 298, 1111, 343
218, 0, 996, 25, 1139, 95
219, 0, 936, 271, 1029, 336
219, 1, 1003, 35, 1117, 125
219, 2, 1091, 201, 1164, 245
220, 0, 969, 296, 1122, 339
220, 1, 1062, 42, 1183, 256
221, 0, 823, 191, 871, 225
221, 1, 884, 17, 1206, 336
222, 0, 796, 196, 1034, 363
222, 1, 957, 116, 1204, 357
223, 0, 630, 307, 972, 362
223, 1, 803, 158, 1063, 300
223, 2, 933, 16, 1095, 70
223, 3, 992, 223, 1176, 344
223, 4, 1167, 173, 1218, 204
224, 0, 35, 183, 238, 339
224, 1, 277, 256, 532, 352
224, 2, 681, 310, 798, 350
224, 3, 865, 77, 1121, 342
224, 4, 951, 297, 1013, 356
224, 5, 938, 16, 1126, 74
224, 6, 1074, 294, 1100, 338
225, 0, 17, 150, 226, 324
225, 1, 675, 323, 810, 362
225, 2, 813, 111, 928, 224
225, 3, 892, 130, 1214, 366
225, 4, 909, 16, 1076, 62
226, 0, 32, 176, 138, 258
226, 1, 65, 306, 80, 326
226, 2, 1024, 141, 1207, 336
226, 3, 873, 120, 1042, 342
226, 4, 932, 299, 1022, 367
226, 5, 935, 19, 1081, 84
227, 0, 18, 151, 136, 196
227, 1, 692, 340, 744, 359
227, 2, 915, 30, 1197, 356
227, 3, 966, 24, 1089, 91
228, 0, 34, 49, 114, 200
228, 1, 900, 14, 1156, 183
228, 2, 889, 224, 1170, 359
229, 0, 921, 54, 1129, 122
229, 1, 964, 316, 990, 355
229, 2, 1028, 131, 1203, 343
230, 0, 49, 181, 88, 184
230, 1, 881, 19, 1127, 112
230, 2, 960, 307, 1126, 354
230, 3, 1112, 130, 1185, 320
231, 0, 851, 20, 1173, 195
231, 1, 1067, 244, 1169, 352
232, 0, 889, 13, 1193, 297
232, 1, 974, 313, 1179, 354
233, 0, 914, 308, 1024, 347
233, 1, 883, 20, 1192, 214
233, 2, 1054, 214, 1217, 359
234, 0, 844, 298, 992, 358
234, 1, 940, 33, 1091, 102
234, 2, 1008, 80, 1195, 357
235, 0, 933, 26, 1199, 357
236, 0, 18, 183, 70, 331
236, 1, 857, 317, 984, 352
236, 2, 982, 40, 1201, 347
236, 3, 964, 10, 1049, 79
237, 0, 11, 228, 83, 325
237, 1, 811, 263, 985, 362
237, 2, 1007, 178, 1203, 357
237, 3, 1077, 18, 1220, 149
238, 0, 52, 152, 104, 179
238, 1, 30, 233, 265, 320
238, 2, 536, 297, 915, 367
238, 3, 921, 167, 1205, 366
238, 4, 1069, 19, 1177, 137
239, 0, 35, 151, 102, 276
239, 1, 709, 347, 869, 362
239, 2, 853, 216, 1072, 356
239, 3, 1027, 18, 1191, 332
240, 0, 698, 295, 921, 360
240, 1, 939, 216, 1082, 360
240, 2, 1021, 23, 1227, 324
241, 0, 699, 305, 887, 353
241, 1, 897, 290, 966, 324
241, 2, 994, 214, 1185, 353
241, 3, 1067, 29, 1209, 218
242, 0, 903, 293, 970, 322
242, 1, 1006, 242, 1184, 358
242, 2, 1085, 19, 1206, 127
242, 3, 1076, 136, 1217, 241
243, 0, 924, 175, 1141, 341
243, 1, 1082, 15, 1227, 326
244, 0, 901, 288, 976, 324
244, 1, 1010, 212, 1208, 362
244, 2, 1116, 21, 1225, 201
245, 0, 631, 277, 727, 365
245, 1, 867, 289, 1110, 347
245, 2, 989, 24, 1222, 363
246, 0, 986, 208, 1206, 346
246, 1, 1101, 21, 1227, 248
247, 0, 826, 247, 1102, 353
247, 1, 1109, 210, 1229, 353
247, 2, 1138, 18, 1224, 145
248, 0, 908, 280, 1088, 358
248, 1, 1148, 15, 1229, 56
248, 2, 1088, 239, 1209, 354
249, 0, 936, 303, 1053, 360
249, 1, 1037, 237, 1227, 359
250, 0, 48, 78, 204, 183
250, 1, 846, 290, 1039, 366
250, 2, 1059, 250, 1215, 367
251, 0, 40, 105, 272, 186
251, 1, 639, 324, 779, 362
251, 2, 1089, 135, 1221, 364
251, 3, 1009, 316, 1055, 366
252, 0, 25, 74, 255, 190
252, 1, 825, 297, 1014, 365
252, 2, 1104, 272, 1213, 343
253, 0, 23, 80, 188, 163
253, 1, 867, 312, 1035, 366
254, 0, 24, 84, 156, 158
254, 1, 499, 303, 719, 363
255, 0, 24, 82, 130, 179
255, 1, 857, 315, 962, 358
256, 0, 52, 81, 145, 164
256, 1, 536, 291, 709, 356
256, 2, 881, 199, 958, 346
257, 0, 43, 47, 111, 195
257, 1, 375, 294, 531, 364
257, 2, 624, 13, 842, 118
257, 3, 621, 300, 707, 366
257, 4, 828, 300, 937, 365
258, 0, 902, 318, 955, 366
259, 0, 861, 45, 1021, 138
259, 1, 897, 293, 1020, 347
260, 0, 667, 315, 805, 359
260, 1, 878, 278, 1070, 365
260, 2, 1041, 130, 1219, 274
261, 0, 664, 308, 912, 359
261, 1, 900, 193, 1191, 358
261, 2, 932, 22, 1157, 141
262, 0, 391, 331, 492, 351
262, 1, 657, 295, 915, 359
262, 2, 864, 16, 1069, 152
262, 3, 878, 207, 1180, 351
262, 4, 1054, 17, 1223, 252
263, 0, 757, 338, 839, 366
263, 1, 860, 15, 1215, 123
263, 2, 951, 281, 1123, 360
263, 3, 1092, 143, 1206, 342
264, 0, 19, 282, 140, 362
264, 1, 175, 57, 247, 215
264, 2, 385, 271, 826, 359
264, 3, 836, 15, 1044, 172
264, 4, 862, 19, 1224, 355
265, 0, 118, 40, 259, 192
265, 1, 73, 221, 354, 341
265, 2, 277, 35, 356, 240
265, 3, 809, 22, 1229, 362
266, 0, 59, 319, 154, 349
266, 1, 643, 283, 875, 364
266, 2, 885, 13, 1224, 223
266, 3, 898, 241, 1206, 360
267, 0, 70, 249, 145, 352
267, 1, 902, 11, 1228, 233
267, 2, 949, 195, 1202, 363
268, 0, 54, 260, 126, 350
268, 1, 147, 66, 276, 336
268, 2, 817, 322, 873, 360
268, 3, 877, 263, 1090, 360
268, 4, 909, 31, 1044, 85
268, 5, 972, 16, 1223, 248
269, 0, 60, 267, 80, 362
269, 1, 92, 53, 186, 138
269, 2, 720, 340, 893, 367
269, 3, 909, 10, 1222, 223
269, 4, 887, 273, 1102, 357
270, 0, 56, 291, 195, 343
270, 1, 121, 80, 274, 260
270, 2, 839, 14, 1229, 320
270, 3, 871, 198, 1077, 359
271, 0, 110, 83, 238, 229
271, 1, 829, 15, 1204, 364
272, 0, 33, 52, 327, 290
272, 1, 883, 30, 1026, 104
272, 2, 989, 46, 1202, 359
273, 0, 23, 69, 313, 191
273, 1, 654, 314, 806, 356
273, 2, 880, 19, 1170, 121
273, 3, 1008, 99, 1186, 341
273, 4, 914, 287, 1047, 326
274, 0, 45, 75, 285, 153
274, 1, 785, 17, 1204, 195
274, 2, 942, 258, 1123, 344
274, 3, 1099, 215, 1171, 262
275, 0, 40, 61, 143, 153
275, 1, 672, 308, 738, 364
275, 2, 810, 110, 1154, 347
275, 3, 892, 11, 1192, 119
276, 0, 719, 287, 785, 348
276, 1, 790, 23, 1174, 178
276, 2, 870, 190, 1145, 366
277, 0, 698, 291, 998, 353
277, 1, 822, 126, 1174, 353
277, 2, 913, 16, 1192, 141
278, 0, 686, 310, 796, 364
278, 1, 815, 118, 1177, 360
278, 2, 911, 25, 1142, 154
278, 3, 1065, 97, 1159, 130
279, 0, 686, 296, 895, 362
279, 1, 763, 140, 1177, 350
279, 2, 921, 17, 1160, 236
280, 0, 718, 303, 915, 366
280, 1, 791, 134, 1193, 349
280, 2, 857, 17, 1157, 202
281, 0, 725, 304, 790, 359
281, 1, 813, 108, 1117, 365
281, 2, 942, 20, 1168, 92
282, 0, 11, 52, 200, 173
282, 1, 91, 239, 188, 337
282, 2, 728, 294, 861, 366
282, 3, 860, 157, 1160, 364
282, 4, 951, 14, 1152, 129
283, 0, 738, 322, 832, 364
283, 1, 887, 19, 1151, 244
283, 2, 890, 214, 1146, 366
283, 3, 1111, 306, 1157, 365
284, 0, 706, 343, 857, 366
284, 1, 894, 16, 1137, 254
284, 2, 924, 216, 1080, 335
284, 3, 1062, 274, 1185, 366
285, 0, 42, 154, 166, 310
285, 1, 710, 316, 836, 356
285, 2, 872, 18, 1120, 145
285, 3, 950, 154, 1193, 366
286, 0, 819, 15, 1106, 184
286, 1, 929, 174, 1175, 361
287, 0, 705, 289, 1029, 352
287, 1, 932, 110, 1148, 356
287, 2, 950, 29, 1105, 105
288, 0, 934, 32, 1059, 94
288, 1, 983, 284, 1118, 357
288, 2, 954, 107, 1057, 142
288, 3, 996, 176, 1142, 276
289, 0, 972, 158, 1146, 354
289, 1, 999, 27, 1082, 158
290, 0, 988, 132, 1178, 354
290, 1, 1032, 32, 1056, 126
291, 0, 718, 246, 991, 359
291, 1, 1017, 179, 1175, 363
291, 2, 1051, 27, 1115, 159
292, 0, 836, 276, 1054, 350
292, 1, 1074, 222, 1209, 358
292, 2, 1086, 24, 1159, 199
293, 0, 838, 270, 1043, 350
293, 1, 1067, 204, 1179, 366
293, 2, 1121, 26, 1224, 124
294, 0, 901, 288, 1112, 359
294, 1, 1137, 11, 1175, 158
294, 2, 1147, 320, 1215, 345
295, 0, 986, 29, 1227, 201
295, 1, 1057, 202, 1188, 364
295, 2, 846, 277, 1060, 355
296, 0, 1128, 69, 1149, 115
296, 1, 947, 274, 1103, 362
296, 2, 1076, 192, 1170, 269
297, 0, 1188, 16, 1231, 119
297, 1, 824, 302, 942, 355
297, 2, 957, 293, 1198, 358
297, 3, 1113, 185, 1202, 268
298, 0, 860, 290, 1004, 360
298, 1, 1019, 294, 1117, 357
298, 2, 1068, 142, 1230, 318
299, 0, 1109, 28, 1229, 168
299, 1, 1129, 118, 1189, 238
299, 2, 929, 232, 1151, 358
300, 0, 1171, 23, 1230, 298
300, 1, 964, 254, 1144, 355
301, 0, 969, 298, 1047, 339
301, 1, 1164, 23, 1223, 250
301, 2, 1057, 225, 1208, 325
302, 0, 1054, 207, 1196, 348
302, 1, 983, 328, 1042, 347
302, 2, 1080, 22, 1226, 171
303, 0, 144, 75, 239, 199
303, 1, 909, 221, 1205, 357
303, 2, 977, 16, 1213, 222
304, 0, 129, 96, 204, 199
304, 1, 1078, 24, 1127, 56
304, 2, 1150, 45, 1216, 89
305, 0, 95, 84, 185, 137
305, 1, 1088, 18, 1220, 88
306, 0, 57, 54, 145, 233
306, 1, 1035, 12, 1201, 83
307, 0, 1061, 15, 1221, 83
308, 0, 879, 298, 1034, 350
308, 1, 1061, 18, 1223, 91
309, 0, 932, 151, 1057, 338
309, 1, 1090, 17, 1226, 80
310, 0, 1209, 21, 1231, 47
311, 0, 497, 301, 661, 362
312, 0, 545, 313, 614, 353
312, 1, 909, 259, 1187, 366
313, 0, 994, 320, 1092, 365
314, 0, 570, 324, 670, 366
314, 1, 939, 266, 1184, 363
316, 0, 349, 335, 539, 355
316, 1, 954, 245, 1161, 365
317, 0, 214, 240, 428, 350
317, 1, 944, 220, 1183, 365
318, 0, 130, 265, 272, 365
318, 1, 971, 275, 1177, 364
319, 0, 60, 322, 157, 362
319, 1, 951, 219, 1198, 365
320, 0, 54, 298, 192, 364
320, 1, 217, 48, 263, 104
320, 2, 965, 316, 1083, 364
320, 3, 1135, 239, 1216, 352
321, 0, 132, 272, 267, 354
321, 1, 853, 303, 1002, 356
321, 2, 1015, 224, 1204, 362
322, 0, 96, 289, 193, 359
322, 1, 965, 292, 1201, 365
323, 0, 84, 247, 225, 344
323, 1, 870, 296, 1203, 366
324, 0, 948, 237, 1157, 362
325, 0, 870, 326, 1006, 366
325, 1, 973, 215, 1178, 354
326, 0, 907, 307, 1029, 361
326, 1, 1131, 280, 1197, 338
327, 0, 80, 27, 205, 182
327, 1, 866, 309, 992, 359
327, 2, 1007, 238, 1220, 363
327, 3, 1189, 41, 1229, 153
328, 0, 67, 39, 148, 132
328, 1, 877, 220, 1213, 361
329, 0, 55, 73, 123, 126
329, 1, 910, 302, 951, 355
329, 2, 1029, 254, 1228, 364
330, 0, 919, 301, 1036, 345
330, 1, 1051, 225, 1168, 350
331, 0, 963, 224, 1163, 365
332, 0, 979, 251, 1227, 360
333, 0, 984, 312, 1068, 357
333, 1, 1104, 266, 1225, 355
334, 0, 932, 313, 1083, 366
334, 1, 1134, 276, 1202, 353
335, 0, 415, 346, 491, 365
335, 1, 910, 302, 1055, 366
335, 2, 1150, 293, 1208, 359
336, 0, 34, 36, 243, 117
336, 1, 947, 328, 1159, 364
336, 2, 1093, 12, 1230, 88
337, 0, 59, 54, 202, 107
337, 1, 982, 331, 1037, 365
337, 2, 1090, 12, 1225, 86
338, 0, 958, 317, 1117, 366
338, 1, 1100, 12, 1230, 97
339, 0, 52, 39, 190, 120
339, 1, 939, 301, 1055, 367
339, 2, 1136, 14, 1232, 192
340, 0, 129, 35, 230, 205
340, 1, 882, 295, 1071, 361
340, 2, 1142, 17, 1224, 70
341, 0, 860, 306, 1089, 364
341, 1, 1163, 16, 1230, 53
342, 0, 879, 316, 1037, 365
342, 1, 1176, 29, 1213, 71
343, 0, 848, 293, 1096, 364
343, 1, 1110, 11, 1225, 69
344, 0, 831, 308, 1037, 362
344, 1, 1187, 14, 1227, 66
345, 0, 855, 310, 1063, 363
345, 1, 1139, 225, 1220, 355
345, 2, 1164, 15, 1219, 77
346, 0, 21, 75, 144, 244
346, 1, 862, 309, 964, 361
346, 2, 1004, 317, 1198, 365
346, 3, 1092, 16, 1223, 138
347, 0, 856, 298, 1031, 359
347, 1, 1150, 231, 1216, 345
347, 2, 1093, 17, 1229, 126
348, 0, 22, 56, 123, 216
348, 1, 901, 305, 1030, 367
348, 2, 1122, 282, 1207, 363
348, 3, 1104, 13, 1229, 120
349, 0, 23, 56, 121, 145
349, 1, 802, 183, 948, 229
349, 2, 865, 15, 1221, 169
349, 3, 913, 292, 1028, 355
349, 4, 1163, 220, 1220, 354
350, 0, 853, 218, 1015, 357
350, 1, 1166, 319, 1214, 357
350, 2, 1113, 22, 1228, 129
351, 0, 790, 218, 1049, 360
351, 1, 962, 13, 1218, 183
351, 2, 1115, 276, 1214, 355
352, 0, 157, 213, 259, 304
352, 1, 843, 127, 1111, 350
352, 2, 985, 13, 1222, 185
352, 3, 1129, 290, 1205, 350
353, 0, 105, 236, 219, 336
353, 1, 804, 113, 1225, 365
353, 2, 1053, 19, 1181, 107
354, 0, 121, 254, 181, 320
354, 1, 832, 266, 902, 359
354, 2, 824, 85, 927, 246
354, 3, 947, 179, 1117, 365
354, 4, 1034, 19, 1222, 120
355, 0, 48, 211, 206, 298
355, 1, 941, 178, 1227, 361
355, 2, 921, 18, 1183, 158
356, 0, 22, 212, 199, 353
356, 1, 545, 298, 831, 359
356, 2, 844, 120, 1216, 366
356, 3, 1006, 14, 1225, 124
357, 0, 18, 76, 325, 340
357, 1, 753, 266, 963, 365
357, 2, 956, 183, 1225, 364
357, 3, 939, 19, 1197, 106
358, 0, 23, 208, 96, 245
358, 1, 126, 184, 231, 335
358, 2, 811, 259, 1027, 359
358, 3, 1020, 175, 1220, 366
358, 4, 972, 11, 1213, 106
359, 0, 26, 184, 124, 251
359, 1, 709, 218, 1123, 362
359, 2, 1096, 171, 1226, 364
359, 3, 1095, 13, 1195, 123
360, 0, 728, 303, 869, 367
360, 1, 895, 225, 1150, 353
360, 2, 1145, 191, 1229, 362
360, 3, 1136, 17, 1225, 146
361, 0, 890, 215, 1177, 336
361, 1, 1140, 17, 1217, 96
361, 2, 1185, 126, 1232, 230
362, 0, 706, 305, 931, 361
362, 1, 951, 244, 1083, 366
362, 2, 1075, 121, 1220, 264
362, 3, 1139, 15, 1218, 73
363, 0, 65, 185, 151, 366
363, 1, 832, 303, 930, 359
363, 2, 949, 233, 1099, 331
364, 0, 12, 251, 217, 363
364, 1, 958, 258, 1108, 365
365, 0, 866, 307, 1026, 353
365, 1, 997, 240, 1097, 318
365, 2, 1167, 115, 1226, 291
366, 0, 918, 295, 1025, 348
366, 1, 1055, 223, 1190, 314
367, 0, 961, 299, 1052, 365
367, 1, 1096, 229, 1207, 297
368, 0, 72, 151, 244, 206
368, 1, 893, 25, 1037, 51
368, 2, 965, 233, 1220, 337
369, 0, 74, 144, 208, 181
369, 1, 938, 308, 1078, 340
370, 0, 44, 87, 220, 223
370, 1, 963, 183, 1198, 359
370, 2, 981, 23, 1112, 117
371, 0, 16, 88, 305, 298
371, 1, 857, 119, 1215, 360
371, 2, 1008, 21, 1075, 74
372, 0, 29, 87, 241, 349
372, 1, 808, 305, 958, 362
372, 2, 991, 261, 1069, 355
372, 3, 1024, 37, 1228, 353
373, 0, 12, 112, 217, 306
373, 1, 856, 295, 1040, 360
373, 2, 1073, 116, 1212, 352
374, 0, 40, 194, 290, 360
374, 1, 929, 291, 1116, 358
374, 2, 1065, 25, 1209, 247
375, 0, 64, 226, 128, 329
375, 1, 956, 299, 1130, 363
375, 2, 1065, 67, 1218, 244
376, 0, 47, 197, 256, 331
376, 1, 870, 291, 1162, 358
376, 2, 1047, 41, 1181, 186
376, 3, 1087, 183, 1219, 277
377, 0, 36, 183, 188, 330
377, 1, 894, 157, 1216, 365
377, 2, 1008, 21, 1173, 110
378, 0, 39, 201, 151, 331
378, 1, 1018, 11, 1108, 97
378, 2, 1019, 246, 1165, 358
378, 3, 1121, 180, 1203, 275
378, 4, 928, 304, 1004, 345
379, 0, 77, 235, 113, 343
379, 1, 918, 247, 1170, 357
379, 2, 1010, 22, 1147, 101
379, 3, 1081, 142, 1217, 235
380, 0, 925, 305, 1057, 362
380, 1, 1017, 107, 1216, 338
381, 0, 943, 300, 1015, 367
381, 1, 1059, 178, 1228, 353
382, 0, 886, 305, 1013, 358
382, 1, 983, 191, 1093, 362
382, 2, 991, 78, 1227, 310
383, 0, 918, 332, 1028, 361
383, 1, 1083, 199, 1215, 340
384, 0, 938, 73, 1195, 367
385, 0, 898, 323, 970, 356
385, 1, 1045, 205, 1196, 338
385, 2, 1062, 83, 1114, 201
386, 0, 909, 284, 981, 352
386, 1, 1104, 121, 1187, 290
387, 0, 922, 289, 1062, 359
387, 1, 1124, 209, 1182, 333
387, 2, 1133, 64, 1189, 111
388, 0, 688, 290, 862, 361
388, 1, 895, 280, 980, 363
389, 0, 903, 276, 1033, 357
390, 0, 906, 252, 1047, 357
391, 0, 825, 34, 913, 120
391, 1, 906, 233, 1053, 361
392, 0, 666, 323, 759, 363
392, 1, 876, 252, 1033, 342
393, 0, 45, 134, 226, 161
394, 0, 922, 25, 1105, 270
394, 1, 981, 273, 1027, 338
395, 0, 21, 111, 122, 187
395, 1, 199, 139, 289, 192
395, 2, 870, 190, 1081, 355
395, 3, 883, 13, 1100, 182
396, 0, 847, 292, 1023, 353
396, 1, 911, 14, 1108, 155
396, 2, 924, 185, 1098, 232
397, 0, 921, 300, 1063, 353
397, 1, 936, 15, 1145, 135
397, 2, 967, 173, 1126, 221
398, 0, 32, 122, 149, 301
398, 1, 790, 297, 986, 357
398, 2, 948, 119, 1121, 365
398, 3, 955, 14, 1110, 87
399, 0, 21, 120, 218, 283
399, 1, 920, 292, 1007, 355
399, 2, 951, 176, 1109, 359
399, 3, 985, 11, 1222, 167
400, 0, 23, 121, 278, 323
400, 1, 924, 168, 1113, 354
400, 2, 945, 15, 1095, 147
401, 0, 16, 121, 269, 328
401, 1, 888, 248, 1083, 353
401, 2, 953, 146, 1197, 262
401, 3, 973, 18, 1113, 169
402, 0, 108, 221, 152, 324
402, 1, 872, 189, 1162, 359
402, 2, 1024, 16, 1100, 122
403, 0, 698, 266, 797, 361
403, 1, 941, 181, 1167, 352
403, 2, 1037, 23, 1096, 118
404, 0, 940, 26, 1202, 302
404, 1, 950, 197, 1083, 348
405, 0, 714, 285, 866, 362
405, 1, 850, 179, 1118, 358
405, 2, 916, 10, 1111, 99
405, 3, 1080, 176, 1172, 263
406, 0, 698, 298, 867, 365
406, 1, 912, 175, 1207, 360
406, 2, 921, 15, 1062, 156
406, 3, 1058, 56, 1081, 77
407, 0, 28, 46, 169, 132
407, 1, 717, 325, 838, 359
407, 2, 812, 181, 1147, 358
407, 3, 911, 14, 1066, 168
408, 0, 40, 56, 145, 158
408, 1, 817, 157, 1176, 355
408, 2, 902, 20, 1040, 88
409, 0, 22, 54, 109, 156
409, 1, 837, 194, 1136, 355
409, 2, 975, 23, 1066, 72
410, 0, 30, 65, 205, 153
410, 1, 862, 187, 1114, 315
411, 0, 26, 53, 149, 249
411, 1, 851, 213, 1136, 357
412, 0, 935, 244, 1040, 316
413, 0, 980, 19, 1014, 86
414, 0, 29, 94, 127, 161
414, 1, 65, 264, 297, 340
414, 2, 688, 299, 782, 347
414, 3, 852, 182, 1048, 312
415, 0, 846, 170, 970, 307
415, 1, 917, 11, 1022, 70
416, 0, 865, 179, 986, 327
416, 1, 932, 13, 1013, 113
417, 0, 889, 11, 994, 79
417, 1, 891, 193, 1029, 296
418, 0, 872, 102, 1057, 305
418, 1, 920, 16, 1018, 85
419, 0, 868, 191, 1033, 311
419, 1, 893, 13, 1022, 67
420, 0, 39, 90, 228, 329
420, 1, 732, 321, 794, 345
420, 2, 856, 189, 1025, 343
420, 3, 893, 15, 996, 72
421, 0, 850, 206, 1055, 289
421, 1, 916, 16, 1016, 134
422, 0, 830, 216, 1046, 330
422, 1, 908, 17, 1045, 116
423, 0, 881, 13, 994, 106
423, 1, 936, 227, 1097, 309
424, 0, 755, 205, 1013, 306
425, 0, 736, 148, 1065, 312
425, 1, 932, 26, 1014, 156
426, 0, 731, 176, 1057, 360
426, 1, 935, 29, 1043, 151
427, 0, 801, 220, 1034, 329
427, 1, 955, 30, 1048, 182
428, 0, 784, 144, 1072, 289
429, 0, 107, 60, 197, 186
429, 1, 850, 152, 1046, 299
430, 0, 18, 77, 202, 254
430, 1, 834, 204, 1065, 361
431, 0, 11, 57, 191, 189
431, 1, 856, 190, 1072, 343
431, 2, 1020, 277, 1065, 346
432, 0, 21, 53, 186, 294
432, 1, 861, 252, 1095, 360
433, 0, 54, 60, 197, 340
433, 1, 723, 255, 947, 363
434, 0, 92, 64, 170, 166
434, 1, 75, 289, 247, 343
434, 2, 695, 236, 1024, 361
435, 0, 46, 49, 182, 119
435, 1, 771, 47, 923, 138
436, 0, 31, 69, 368, 292
436, 1, 152, 50, 297, 111
436, 2, 866, 36, 906, 153
437, 0, 712, 281, 790, 346
437, 1, 862, 31, 977, 364
438, 0, 707, 271, 836, 363
438, 1, 874, 31, 947, 202
438, 2, 892, 252, 981, 317
439, 0, 748, 308, 807, 352
439, 1, 889, 24, 961, 141
439, 2, 931, 210, 1015, 274
440, 0, 27, 103, 114, 213
440, 1, 745, 313, 835, 356
440, 2, 847, 20, 964, 50
440, 3, 977, 213, 1044, 275
440, 4, 899, 274, 997, 339
441, 0, 122, 255, 306, 320
441, 1, 386, 278, 459, 345
441, 2, 900, 11, 1021, 211
441, 3, 976, 235, 1090, 301
442, 0, 31, 85, 144, 163
442, 1, 877, 198, 1110, 301
443, 0, 25, 108, 92, 272
443, 1, 762, 261, 865, 355
443, 2, 902, 213, 1138, 354
443, 3, 892, 19, 1104, 139
444, 0, 41, 109, 86, 255
444, 1, 939, 172, 1172, 314
444, 2, 898, 25, 1076, 127
445, 0, 46, 107, 216, 165
445, 1, 48, 220, 117, 288
445, 2, 895, 221, 1030, 302
445, 3, 921, 14, 1173, 216
445, 4, 1045, 250, 1160, 307
446, 0, 90, 124, 180, 266
446, 1, 737, 299, 916, 362
446, 2, 873, 13, 1092, 124
446, 3, 917, 124, 1116, 317
447, 0, 845, 13, 1087, 160
447, 1, 964, 236, 1071, 320
448, 0, 855, 220, 1166, 364
448, 1, 872, 12, 940, 153
448, 2, 954, 29, 1093, 124
449, 0, 47, 78, 278, 157
449, 1, 942, 12, 1116, 129
449, 2, 962, 196, 1126, 362
450, 0, 573, 286, 650, 335
450, 1, 917, 207, 1172, 366
450, 2, 919, 17, 1125, 126
451, 0, 789, 289, 1024, 365
451, 1, 929, 15, 1122, 158
451, 2, 1028, 230, 1165, 359
452, 0, 560, 310, 647, 352
452, 1, 902, 13, 1140, 130
452, 2, 1032, 182, 1143, 365
453, 0, 586, 319, 646, 344
453, 1, 968, 18, 1124, 91
453, 2, 1028, 295, 1154, 338
454, 0, 593, 328, 654, 355
454, 1, 746, 236, 848, 353
454, 2, 926, 24, 1206, 363
455, 0, 610, 212, 1082, 361
455, 1, 865, 14, 1133, 147
455, 2, 1070, 179, 1219, 352
456, 0, 659, 317, 882, 362
456, 1, 943, 17, 1178, 278
456, 2, 1099, 136, 1220, 354
457, 0, 193, 135, 318, 294
457, 1, 850, 234, 1160, 358
457, 2, 960, 17, 1142, 109
457, 3, 1159, 207, 1222, 337
458, 0, 57, 136, 320, 322
458, 1, 762, 230, 934, 359
458, 2, 910, 142, 1157, 358
458, 3, 980, 21, 1099, 62
458, 4, 1060, 44, 1173, 188
459, 0, 59, 190, 433, 334
459, 1, 753, 247, 977, 358
459, 2, 795, 177, 1096, 351
459, 3, 966, 12, 1211, 362
460, 0, 80, 171, 213, 332
460, 1, 767, 160, 1107, 366
460, 2, 986, 13, 1218, 351
461, 0, 72, 200, 180, 328
461, 1, 29, 66, 268, 116
461, 2, 712, 260, 906, 358
461, 3, 931, 161, 1174, 361
461, 4, 984, 16, 1142, 112
461, 5, 1101, 41, 1219, 275
462, 0, 33, 69, 211, 320
462, 1, 825, 161, 961, 349
462, 2, 988, 10, 1208, 355
462, 3, 946, 229, 1102, 365
463, 0, 29, 158, 157, 361
463, 1, 661, 305, 914, 359
463, 2, 812, 177, 1051, 344
463, 3, 940, 42, 1201, 317
463, 4, 1025, 21, 1091, 58
464, 0, 32, 154, 152, 358
464, 1, 687, 299, 831, 358
464, 2, 846, 15, 1111, 358
465, 0, 52, 57, 250, 350
465, 1, 667, 312, 914, 363
465, 2, 877, 191, 1103, 358
465, 3, 1004, 23, 1086, 142
466, 0, 72, 178, 177, 316
466, 1, 565, 288, 870, 362
466, 2, 891, 272, 1110, 351
466, 3, 1048, 15, 1080, 53
466, 4, 1066, 123, 1088, 150
467, 0, 94, 211, 200, 327
467, 1, 716, 314, 863, 366
467, 2, 971, 279, 1166, 361
468, 0, 59, 151, 169, 304
468, 1, 147, 156, 268, 244
468, 2, 983, 311, 1187, 367
469, 0, 657, 326, 843, 360
469, 1, 1009, 133, 1078, 325
469, 2, 1098, 330, 1150, 355
470, 0, 1042, 277, 1157, 354
471, 0, 92, 213, 186, 272
471, 1, 1094, 327, 1163, 358
472, 0, 1095, 315, 1166, 359
473, 0, 120, 133, 345, 299
473, 1, 64, 253, 191, 316
473, 2, 1046, 327, 1186, 366
474, 0, 860, 255, 901, 345
475, 0, 859, 256, 957, 311
475, 1, 818, 15, 985, 151
476, 0, 857, 248, 1043, 358
476, 1, 942, 32, 1084, 159
477, 0, 903, 304, 964, 327
477, 1, 868, 24, 1147, 149
478, 0, 1000, 243, 1058, 290
478, 1, 961, 58, 1065, 132
478, 2, 1081, 70, 1144, 112
479, 0, 660, 308, 809, 342
479, 1, 888, 30, 1021, 97
479, 2, 1023, 68, 1148, 178
480, 0, 25, 261, 231, 304
480, 1, 912, 15, 1097, 296
480, 2, 1098, 61, 1151, 79
481, 0, 36, 162, 112, 278
481, 1, 927, 28, 1026, 57
481, 2, 974, 43, 1167, 323
482, 0, 28, 198, 168, 326
482, 1, 796, 312, 909, 357
482, 2, 941, 16, 1178, 142
482, 3, 1004, 201, 1128, 307
483, 0, 855, 289, 1024, 366
483, 1, 968, 14, 1153, 310
484, 0, 656, 312, 711, 358
484, 1, 912, 30, 1188, 233
484, 2, 820, 228, 1123, 363
485, 0, 856, 178, 1158, 358
485, 1, 908, 15, 1210, 128
486, 0, 762, 280, 1020, 351
486, 1, 905, 38, 1045, 151
486, 2, 975, 223, 1071, 303
486, 3, 1066, 31, 1136, 140
486, 4, 1146, 204, 1185, 255
487, 0, 42, 87, 164, 318
487, 1, 797, 253, 933, 362
487, 2, 926, 224, 1169, 357
487, 3, 938, 19, 1113, 162
488, 0, 113, 132, 276, 288
488, 1, 787, 298, 898, 357
488, 2, 874, 23, 991, 135
488, 3, 1028, 34, 1159, 259
488, 4, 934, 260, 1054, 351
489, 0, 671, 291, 970, 364
489, 1, 869, 21, 1159, 359
490, 0, 86, 189, 160, 294
490, 1, 795, 290, 922, 356
490, 2, 896, 22, 1040, 63
490, 3, 963, 63, 1093, 131
490, 4, 958, 274, 1096, 359
490, 5, 1110, 154, 1166, 273
491, 0, 32, 89, 74, 261
491, 1, 685, 291, 975, 357
491, 2, 1019, 45, 1163, 362
492, 0, 672, 280, 883, 364
492, 1, 949, 284, 1034, 345
492, 2, 911, 11, 1100, 85
492, 3, 1071, 60, 1175, 333
493, 0, 28, 88, 166, 194
493, 1, 674, 223, 961, 357
493, 2, 891, 18, 1126, 91
493, 3, 1013, 202, 1190, 359
493, 4, 1111, 62, 1191, 159
494, 0, 671, 302, 718, 341
494, 1, 770, 221, 991, 343
494, 2, 903, 22, 929, 61
494, 3, 977, 24, 1156, 207
494, 4, 1023, 304, 1136, 353
494, 5, 1071, 165, 1207, 300
495, 0, 600, 301, 765, 353
495, 1, 804, 36, 1183, 365
495, 2, 990, 11, 1048, 189
496, 0, 154, 88, 258, 196
496, 1, 656, 311, 725, 353
496, 2, 737, 230, 999, 365
496, 3, 993, 27, 1129, 270
496, 4, 1169, 227, 1216, 259
497, 0, 814, 17, 1189, 350
498, 0, 40, 84, 96, 146
498, 1, 186, 84, 300, 283
498, 2, 697, 267, 875, 366
498, 3, 934, 292, 1009, 364
498, 4, 1103, 165, 1175, 286
498, 5, 1071, 36, 1136, 102
499, 0, 43, 184, 228, 345
499, 1, 88, 82, 193, 241
499, 2, 1061, 290, 1088, 361
500, 0, 38, 88, 171, 210
500, 1, 996, 212, 1159, 321
500, 2, 759, 287, 923, 362
501, 0, 17, 223, 189, 338
501, 1, 61, 80, 182, 145
501, 2, 706, 295, 870, 359
502, 0, 69, 75, 315, 196
502, 1, 87, 225, 259, 344
502, 2, 758, 295, 910, 350
503, 0, 37, 72, 288, 184
503, 1, 74, 244, 250, 334
503, 2, 787, 295, 904, 367
504, 0, 18, 60, 345, 301
504, 1, 87, 282, 235, 364
504, 2, 815, 257, 992, 365
505, 0, 70, 146, 263, 276
505, 1, 105, 255, 198, 353
505, 2, 271, 60, 419, 188
505, 3, 807, 293, 920, 349
506, 0, 78, 64, 229, 337
506, 1, 207, 60, 300, 261
506, 2, 855, 190, 1050, 363
507, 0, 60, 138, 194, 255
507, 1, 185, 111, 294, 189
507, 2, 796, 301, 989, 340
507, 3, 967, 189, 1044, 303
508, 0, 825, 300, 955, 354
508, 1, 1000, 12, 1023, 61
508, 2, 971, 156, 1044, 348
509, 0, 151, 110, 376, 193
509, 1, 814, 156, 1119, 354
509, 2, 974, 19, 1095, 55
510, 0, 806, 304, 880, 355
510, 1, 921, 179, 1170, 361
511, 0, 574, 39, 692, 41
511, 1, 585, 274, 850, 360
511, 2, 934, 218, 1162, 365
511, 3, 1006, 35, 1094, 114
512, 0, 597, 35, 696, 36
512, 1, 799, 264, 847, 355
512, 2, 1010, 226, 1163, 363
513, 0, 624, 31, 723, 33
513, 1, 755, 290, 958, 357
513, 2, 1005, 241, 1184, 367
514, 0, 13, 169, 98, 272
514, 1, 663, 31, 699, 36
514, 2, 1062, 241, 1204, 354
515, 0, 23, 170, 82, 335
515, 1, 1090, 252, 1218, 349
516, 0, 741, 310, 873, 359
516, 1, 1151, 317, 1207, 351
517, 0, 38, 130, 178, 351
517, 1, 941, 145, 1125, 303
518, 0, 47, 129, 209, 323
518, 1, 602, 343, 735, 359
518, 2, 931, 126, 1139, 221
518, 3, 1139, 187, 1228, 352
519, 0, 94, 102, 189, 236
519, 1, 610, 256, 781, 361
519, 2, 854, 300, 1016, 355
519, 3, 947, 148, 1217, 325
520, 0, 706, 326, 982, 363
520, 1, 1010, 40, 1210, 348
521, 0, 686, 71, 829, 103
521, 1, 958, 192, 1169, 330
522, 0, 1105, 161, 1182, 244
523, 0, 1086, 157, 1175, 267
524, 0, 45, 72, 247, 172
524, 1, 689, 253, 809, 301
524, 2, 753, 23, 986, 267
525, 0, 171, 96, 265, 124
525, 1, 752, 24, 913, 49
525, 2, 686, 126, 916, 323
526, 0, 64, 81, 263, 185
526, 1, 715, 230, 869, 352
527, 0, 64, 83, 343, 186
527, 1, 842, 126, 1054, 191
528, 0, 34, 78, 160, 232
528, 1, 730, 236, 845, 335
528, 2, 941, 150, 1026, 189
529, 0, 27, 107, 245, 302
529, 1, 742, 188, 803, 326
529, 2, 857, 153, 1148, 290
529, 3, 889, 25, 917, 105
530, 0, 29, 103, 253, 267
531, 0, 32, 77, 223, 234
531, 1, 772, 133, 922, 274
532, 0, 44, 101, 205, 226
532, 1, 746, 165, 932, 297
532, 2, 905, 26, 958, 123
533, 0, 99, 93, 173, 160
533, 1, 764, 199, 910, 349
534, 0, 24, 82, 120, 119
535, 0, 820, 195, 920, 262
535, 1, 761, 272, 872, 351
536, 0, 818, 202, 936, 322
536, 1, 963, 12, 1050, 190
537, 0, 854, 215, 984, 335
538, 0, 158, 149, 191, 352
538, 1, 732, 243, 872, 337
538, 2, 923, 213, 963, 289
538, 3, 946, 23, 1011, 99
539, 0, 767, 212, 1063, 362
539, 1, 848, 23, 1017, 74
540, 0, 925, 272, 1105, 355
541, 0, 68, 236, 213, 362
541, 1, 750, 259, 1039, 357
543, 0, 773, 233, 887, 346
547, 0, 64, 98, 266, 147
549, 0, 28, 87, 340, 195
549, 1, 28, 264, 57, 324
549, 2, 191, 188, 284, 341
549, 3, 860, 248, 965, 288
550, 0, 24, 92, 200, 117
550, 1, 10, 239, 86, 273
550, 2, 849, 251, 946, 306
551, 0, 27, 84, 197, 237
551, 1, 17, 239, 180, 330
551, 2, 862, 244, 946, 294
552, 0, 41, 92, 170, 195
552, 1, 18, 192, 51, 278
553, 0, 23, 87, 72, 111
553, 1, 27, 253, 155, 303
553, 2, 141, 116, 307, 256
554, 0, 23, 78, 188, 118
554, 1, 921, 274, 982, 321
555, 0, 38, 94, 94, 204
557, 0, 51, 84, 198, 241
560, 0, 91, 83, 282, 209
562, 0, 60, 73, 295, 142
563, 0, 25, 69, 123, 123
564, 0, 22, 67, 145, 112
566, 0, 30, 65, 119, 125
567, 0, 33, 69, 163, 204
569, 0, 33, 90, 106, 284
570, 0, 907, 31, 999, 63
571, 0, 927, 12, 1021, 68
572, 0, 899, 18, 1028, 67
574, 0, 1016, 21, 1104, 88
577, 0, 750, 230, 889, 352
578, 0, 748, 339, 830, 355
579, 0, 10, 251, 66, 337
579, 1, 757, 227, 862, 358
580, 0, 782, 287, 867, 364
581, 0, 779, 273, 872, 365
582, 0, 801, 334, 864, 360
584, 0, 776, 325, 853, 365
586, 0, 155, 207, 180, 283
587, 0, 64, 78, 261, 211
587, 1, 75, 248, 114, 285
588, 0, 43, 139, 210, 298
591, 0, 23, 92, 201, 168
592, 0, 64, 87, 159, 132
593, 0, 40, 56, 120, 130
595, 0, 189, 87, 274, 152
597, 0, 94, 72, 193, 145
597, 1, 118, 198, 186, 321
599, 0, 228, 132, 266, 317
601, 0, 307, 62, 348, 210
601, 1, 38, 238, 273, 326
601, 2, 808, 306, 884, 356
602, 0, 284, 59, 328, 146
603, 0, 184, 50, 295, 204
603, 1, 786, 293, 896, 367
604, 0, 89, 40, 266, 264
604, 1, 798, 287, 864, 351
605, 0, 80, 99, 172, 263
605, 1, 187, 52, 229, 151
606, 0, 64, 93, 149, 140
606, 1, 24, 284, 161, 353
607, 0, 23, 79, 83, 133
616, 0, 53, 114, 227, 215
617, 0, 87, 135, 249, 240
621, 0, 95, 128, 128, 217
629, 0, 218, 138, 282, 255
629, 1, 303, 292, 386, 335
630, 0, 182, 142, 192, 187
631, 0, 107, 141, 132, 185
631, 1, 282, 308, 303, 345
632, 0, 13, 132, 37, 184
633, 0, 33, 196, 96, 316
637, 0, 158, 279, 382, 353
638, 0, 195, 297, 259, 353
639, 0, 166, 248, 413, 361
640, 0, 239, 255, 275, 358
641, 0, 188, 188, 625, 365
642, 0, 155, 249, 571, 365
642, 1, 17, 194, 147, 326
643, 0, 20, 193, 146, 355
643, 1, 149, 241, 355, 359
644, 0, 13, 184, 227, 344
644, 1, 224, 287, 375, 354
645, 0, 17, 188, 231, 349
646, 0, 26, 191, 299, 363
647, 0, 27, 229, 370, 354
648, 0, 38, 188, 298, 346
649, 0, 17, 240, 297, 365
649, 1, 656, 329, 708, 365
650, 0, 15, 261, 176, 360
650, 1, 231, 270, 298, 337
651, 0, 26, 261, 261, 362
651, 1, 50, 90, 94, 139
652, 0, 27, 217, 260, 353
653, 0, 27, 225, 229, 352
654, 0, 16, 154, 148, 355
654, 1, 139, 233, 210, 342
655, 0, 41, 208, 244, 353
655, 1, 497, 308, 647, 349
656, 0, 28, 114, 333, 364
657, 0, 16, 332, 166, 359
657, 1, 33, 165, 435, 364
658, 0, 17, 167, 287, 361
659, 0, 43, 111, 403, 351
659, 1, 484, 288, 663, 360
660, 0, 39, 60, 424, 353
660, 1, 36, 312, 79, 361
661, 0, 19, 81, 155, 275
661, 1, 15, 254, 204, 363
662, 0, 52, 302, 163, 360
663, 0, 65, 332, 167, 357
663, 1, 217, 331, 325, 353
664, 0, 171, 239, 300, 304
666, 0, 45, 77, 242, 354
667, 0, 59, 221, 519, 360
668, 0, 13, 221, 276, 360
669, 0, 37, 205, 402, 356
670, 0, 38, 231, 148, 332
671, 0, 12, 234, 198, 338
672, 0, 61, 260, 151, 334
673, 0, 13, 306, 158, 348
673, 1, 505, 274, 666, 365
674, 0, 34, 324, 90, 342
675, 0, 11, 323, 30, 354
675, 1, 79, 183, 278, 295
675, 2, 519, 279, 658, 340
676, 0, 27, 202, 348, 364
676, 1, 500, 278, 656, 354
677, 0, 36, 154, 205, 360
678, 0, 44, 271, 314, 362
678, 1, 69, 157, 215, 300
679, 0, 35, 176, 188, 359
679, 1, 298, 305, 482, 357
679, 2, 892, 306, 1018, 354
680, 0, 44, 184, 243, 358
680, 1, 920, 321, 999, 363
681, 0, 40, 210, 175, 351
682, 0, 49, 54, 122, 183
682, 1, 220, 268, 531, 358
683, 0, 69, 269, 123, 364
688, 0, 12, 242, 78, 351
689, 0, 21, 238, 124, 358
689, 1, 182, 338, 289, 353
690, 0, 28, 289, 84, 362
691, 0, 44, 281, 97, 350
693, 0, 203, 26, 312, 135
693, 1, 516, 308, 675, 365
694, 0, 484, 288, 595, 347
695, 0, 64, 45, 153, 217
695, 1, 68, 299, 287, 358
696, 0, 66, 15, 264, 340
696, 1, 525, 320, 576, 347
697, 0, 59, 238, 154, 358
697, 1, 156, 187, 315, 338
698, 0, 33, 248, 259, 362
698, 1, 313, 239, 684, 347
698, 2, 780, 281, 868, 326
700, 0, 18, 171, 814, 357
700, 1, 143, 133, 236, 224
701, 0, 28, 242, 524, 359
702, 0, 146, 273, 280, 345
702, 1, 98, 77, 224, 221
703, 0, 48, 224, 672, 359
704, 0, 30, 221, 320, 361
705, 0, 41, 202, 491, 363
706, 0, 13, 200, 416, 365
706, 1, 727, 264, 878, 317
707, 0, 94, 262, 255, 363
708, 0, 887, 298, 937, 335
709, 0, 32, 182, 139, 297
711, 0, 25, 216, 155, 363
711, 1, 241, 272, 336, 364
712, 0, 18, 221, 55, 308
712, 1, 216, 285, 345, 365
714, 0, 38, 241, 316, 352
715, 0, 43, 225, 160, 306
716, 0, 10, 193, 252, 342
716, 1, 426, 298, 473, 366
717, 0, 30, 174, 142, 343
717, 1, 130, 105, 311, 365
717, 2, 540, 272, 669, 328
717, 3, 903, 14, 1071, 155
718, 0, 22, 199, 300, 355
718, 1, 33, 70, 193, 172
718, 2, 1048, 22, 1150, 119
719, 0, 12, 264, 117, 340
719, 1, 298, 232, 455, 349
719, 2, 570, 211, 650, 346
720, 0, 11, 192, 194, 322
720, 1, 163, 235, 337, 365
721, 0, 19, 284, 85, 365
721, 1, 53, 197, 344, 324
721, 2, 520, 193, 672, 252
722, 0, 17, 282, 232, 366
722, 1, 66, 156, 188, 263
723, 0, 22, 277, 291, 358
723, 1, 57, 172, 203, 307
724, 0, 32, 151, 59, 323
724, 1, 100, 183, 302, 361
724, 2, 840, 298, 1110, 363
725, 0, 17, 286, 334, 367
726, 0, 77, 288, 289, 364
727, 0, 56, 83, 402, 358
728, 0, 46, 89, 119, 208
728, 1, 27, 225, 309, 365
729, 0, 26, 66, 301, 365
730, 0, 19, 64, 294, 310
731, 0, 40, 191, 455, 360
732, 0, 12, 191, 235, 356
732, 1, 260, 178, 462, 355
733, 0, 56, 230, 429, 358
734, 0, 14, 184, 370, 355
735, 0, 54, 228, 173, 340
735, 1, 289, 264, 519, 367
736, 0, 47, 240, 119, 352
736, 1, 101, 146, 195, 278
737, 0, 40, 204, 174, 315
738, 0, 29, 204, 252, 326
739, 0, 40, 80, 97, 210
739, 1, 90, 208, 208, 286
740, 0, 40, 230, 297, 332
740, 1, 162, 161, 274, 231
741, 0, 36, 236, 381, 352
741, 1, 104, 168, 174, 237
742, 0, 20, 158, 216, 357
743, 0, 43, 192, 188, 332
744, 0, 36, 208, 184, 313
745, 0, 36, 214, 184, 348
746, 0, 41, 211, 261, 364
747, 0, 26, 207, 235, 361
748, 0, 66, 208, 175, 355
749, 0, 15, 205, 172, 366
750, 0, 13, 204, 186, 358
751, 0, 21, 204, 179, 358
752, 0, 17, 221, 149, 355
753, 0, 82, 229, 208, 353
754, 0, 24, 145, 393, 366
754, 1, 458, 288, 628, 342
755, 0, 32, 228, 178, 326
756, 0, 26, 179, 172, 364
757, 0, 21, 286, 294, 362
757, 1, 58, 174, 222, 265
758, 0, 12, 275, 162, 358
759, 0, 24, 223, 178, 363
760, 0, 24, 220, 167, 349
761, 0, 28, 205, 142, 312
762, 0, 23, 223, 204, 291
762, 1, 377, 335, 446, 362
763, 0, 18, 224, 177, 301
763, 1, 371, 318, 478, 366
764, 0, 35, 205, 144, 270
765, 0, 18, 204, 279, 336
765, 1, 311, 300, 471, 366
766, 0, 19, 237, 173, 281
767, 0, 30, 226, 137, 264
768, 0, 18, 182, 337, 263
769, 0, 26, 183, 309, 262
770, 0, 20, 225, 95, 267
771, 0, 178, 181, 341, 234
772, 0, 64, 226, 190, 255
773, 0, 27, 205, 141, 264
775, 0, 54, 183, 120, 236
776, 0, 59, 185, 109, 222
777, 0, 18, 187, 147, 224
785, 0, 24, 172, 127, 258
