10, 0, 67, 193, 235, 310
10, 1, 316, 38, 412, 280
10, 2, 516, 178, 849, 334
10, 3, 757, 78, 926, 215
10, 4, 954, 32, 1064, 107
11, 0, 20, 190, 175, 332
11, 1, 269, 19, 1005, 347
11, 2, 1063, 27, 1119, 91
12, 0, 184, 185, 362, 299
12, 1, 295, 18, 684, 183
12, 2, 400, 234, 766, 341
12, 3, 594, 184, 704, 254
12, 4, 834, 42, 1023, 220
13, 0, 256, 19, 422, 211
13, 1, 190, 224, 534, 326
13, 2, 595, 206, 787, 345
13, 3, 828, 157, 1010, 283
13, 4, 794, 39, 1191, 149
14, 0, 189, 34, 783, 337
14, 1, 96, 222, 405, 343
14, 2, 632, 184, 749, 234
14, 3, 880, 38, 1090, 290
15, 0, 105, 42, 575, 334
15, 1, 516, 38, 755, 182
15, 2, 518, 181, 640, 233
15, 3, 907, 55, 1080, 244
15, 4, 888, 50, 948, 139
16, 0, 191, 28, 842, 340
16, 1, 925, 11, 1017, 108
16, 2, 912, 78, 1115, 276
17, 0, 85, 25, 832, 310
17, 1, 919, 55, 1005, 128
17, 2, 1019, 16, 1107, 229
18, 0, 97, 24, 854, 363
18, 1, 922, 57, 999, 223
18, 2, 1010, 74, 1161, 242
19, 0, 57, 19, 848, 346
19, 1, 930, 48, 997, 120
19, 2, 1055, 84, 1202, 285
20, 0, 51, 15, 933, 361
20, 1, 931, 47, 1048, 121
20, 2, 1018, 76, 1192, 216
21, 0, 35, 14, 961, 352
21, 1, 876, 43, 1129, 147
21, 2, 1008, 139, 1186, 216
22, 0, 49, 157, 303, 353
22, 1, 71, 49, 232, 227
22, 2, 215, 14, 982, 361
22, 3, 883, 42, 1087, 139
22, 4, 1049, 77, 1208, 223
23, 0, 35, 209, 281, 341
23, 1, 186, 13, 1208, 329
23, 2, 940, 34, 1109, 131
24, 0, 40, 208, 52, 241
24, 1, 76, 292, 297, 349
24, 2, 67, 43, 158, 231
24, 3, 176, 14, 1074, 303
24, 4, 559, 41, 1188, 341
25, 0, 151, 16, 1199, 333
25, 1, 433, 277, 864, 352
26, 0, 66, 210, 285, 345
26, 1, 46, 16, 1178, 358
27, 0, 106, 172, 297, 350
27, 1, 105, 16, 1208, 354
28, 0, 74, 20, 1218, 354
28, 1, 226, 15, 387, 69
28, 2, 1017, 288, 1129, 331
29, 0, 35, 20, 1193, 349
29, 1, 653, 23, 1177, 222
30, 0, 36, 16, 1210, 346
30, 1, 43, 229, 114, 344
30, 2, 709, 153, 964, 233
30, 3, 1149, 317, 1200, 345
31, 0, 54, 193, 129, 334
31, 1, 65, 16, 1207, 344
31, 2, 1189, 342, 1213, 365
32, 0, 43, 15, 1217, 348
32, 1, 782, 37, 983, 188
32, 2, 978, 280, 1169, 338
32, 3, 952, 20, 1213, 128
33, 0, 48, 14, 586, 316
33, 1, 579, 180, 935, 341
33, 2, 655, 19, 1209, 265
34, 0, 28, 15, 1167, 349
35, 0, 55, 18, 1200, 359
35, 1, 747, 126, 824, 185
35, 2, 1007, 27, 1182, 76
36, 0, 56, 18, 1208, 360
36, 1, 762, 11, 1190, 152
37, 0, 56, 85, 201, 261
37, 1, 71, 14, 1212, 338
38, 0, 62, 14, 1206, 330
38, 1, 119, 24, 375, 97
38, 2, 977, 257, 1177, 358
38, 3, 986, 120, 1188, 253
39, 0, 63, 86, 841, 343
39, 1, 71, 32, 322, 157
39, 2, 399, 16, 1165, 212
39, 3, 997, 108, 1196, 228
40, 0, 62, 18, 893, 339
40, 1, 764, 48, 810, 101
40, 2, 871, 16, 1206, 155
41, 0, 52, 17, 926, 301
41, 1, 913, 19, 1134, 161
42, 0, 17, 15, 952, 352
42, 1, 49, 10, 97, 54
42, 2, 939, 45, 1124, 164
43, 0, 73, 13, 1061, 321
43, 1, 72, 25, 152, 84
43, 2, 1069, 31, 1165, 170
44, 0, 52, 157, 715, 334
44, 1, 75, 50, 233, 128
44, 2, 378, 14, 843, 154
44, 3, 814, 180, 1027, 248
44, 4, 906, 31, 1095, 140
45, 0, 51, 16, 861, 329
45, 1, 784, 180, 1027, 254
45, 2, 1025, 27, 1157, 140
46, 0, 53, 17, 791, 353
46, 1, 844, 149, 1082, 334
46, 2, 963, 13, 1206, 89
47, 0, 55, 25, 347, 322
47, 1, 309, 13, 1119, 313
47, 2, 993, 19, 1205, 152
48, 0, 54, 15, 892, 303
48, 1, 57, 130, 284, 313
48, 2, 921, 150, 1201, 280
48, 3, 943, 39, 1133, 99
49, 0, 59, 135, 134, 344
49, 1, 64, 19, 963, 312
49, 2, 951, 160, 1204, 351
49, 3, 1004, 27, 1187, 75
50, 0, 61, 17, 1202, 347
50, 1, 951, 157, 1112, 335
51, 0, 60, 24, 868, 359
51, 1, 363, 17, 1142, 190
51, 2, 1060, 161, 1153, 348
52, 0, 88, 27, 354, 349
52, 1, 322, 15, 983, 334
52, 2, 843, 22, 1179, 189
53, 0, 55, 39, 422, 350
53, 1, 354, 14, 1009, 341
53, 2, 851, 18, 1168, 189
54, 0, 117, 37, 417, 348
54, 1, 329, 14, 1036, 339
54, 2, 887, 20, 1182, 191
55, 0, 76, 33, 395, 344
55, 1, 305, 14, 1172, 356
56, 0, 160, 102, 408, 344
56, 1, 323, 14, 1142, 346
56, 2, 940, 35, 1177, 191
57, 0, 172, 93, 360, 315
57, 1, 301, 25, 1164, 350
57, 2, 613, 258, 808, 353
58, 0, 74, 21, 837, 320
58, 1, 695, 180, 1119, 342
58, 2, 864, 78, 954, 181
59, 0, 53, 143, 165, 335
59, 1, 155, 20, 1013, 338
59, 2, 602, 184, 1145, 341
59, 3, 889, 294, 1121, 328
60, 0, 66, 19, 950, 336
60, 1, 555, 185, 1120, 327
60, 2, 990, 37, 1022, 152
61, 0, 63, 183, 222, 319
61, 1, 120, 18, 1065, 349
61, 2, 816, 38, 1030, 215
62, 0, 55, 26, 462, 322
62, 1, 612, 25, 717, 104
62, 2, 826, 138, 985, 272
62, 3, 811, 46, 1051, 189
62, 4, 1027, 135, 1120, 280
63, 0, 47, 25, 750, 343
63, 1, 890, 45, 1128, 348
63, 2, 1150, 157, 1206, 224
64, 0, 47, 20, 824, 344
64, 1, 907, 64, 1151, 303
65, 0, 49, 19, 752, 338
65, 1, 909, 19, 1165, 131
65, 2, 968, 127, 1121, 341
66, 0, 101, 23, 612, 331
66, 1, 577, 249, 780, 309
66, 2, 930, 148, 1134, 289
66, 3, 919, 44, 1051, 183
67, 0, 61, 19, 976, 309
67, 1, 1005, 140, 1129, 250
67, 2, 980, 36, 1178, 119
68, 0, 99, 19, 1064, 339
68, 1, 943, 133, 1193, 360
68, 2, 1042, 24, 1205, 64
69, 0, 70, 10, 980, 334
69, 1, 940, 175, 1101, 290
69, 2, 1081, 148, 1177, 328
69, 3, 986, 19, 1188, 142
70, 0, 66, 18, 1185, 344
70, 1, 1073, 18, 1190, 76
71, 0, 70, 21, 1158, 350
71, 1, 1059, 322, 1166, 352
71, 2, 1087, 18, 1178, 72
72, 0, 46, 18, 1171, 354
72, 1, 1043, 16, 1195, 101
73, 0, 66, 108, 211, 339
73, 1, 106, 17, 1204, 348
74, 0, 133, 26, 886, 341
74, 1, 650, 138, 1087, 344
74, 2, 857, 16, 1214, 124
74, 3, 925, 246, 1142, 344
75, 0, 81, 31, 274, 104
75, 1, 189, 91, 1155, 344
75, 2, 358, 22, 921, 174
75, 3, 886, 15, 1195, 122
76, 0, 77, 32, 266, 99
76, 1, 163, 91, 565, 295
76, 2, 355, 32, 633, 68
76, 3, 651, 262, 770, 343
76, 4, 722, 18, 1205, 151
76, 5, 804, 124, 1146, 300
77, 0, 12, 29, 214, 96
77, 1, 160, 91, 1081, 335
77, 2, 318, 21, 976, 152
77, 3, 1078, 155, 1158, 360
77, 4, 931, 18, 1167, 104
78, 0, 126, 149, 582, 310
78, 1, 114, 30, 196, 100
78, 2, 298, 62, 1056, 337
78, 3, 318, 19, 850, 185
78, 4, 890, 14, 1198, 105
78, 5, 1016, 136, 1129, 156
79, 0, 76, 47, 1222, 333
79, 1, 282, 16, 1200, 154
80, 0, 77, 82, 754, 323
80, 1, 284, 62, 560, 257
80, 2, 276, 23, 990, 156
80, 3, 857, 145, 1219, 351
80, 4, 830, 150, 959, 212
80, 5, 967, 17, 1192, 131
81, 0, 63, 19, 1201, 333
81, 1, 479, 252, 734, 336
81, 2, 1011, 161, 1161, 227
81, 3, 1022, 250, 1163, 352
82, 0, 47, 69, 191, 249
82, 1, 213, 20, 1205, 339
82, 2, 986, 243, 1174, 316
82, 3, 1037, 142, 1153, 228
83, 0, 57, 21, 686, 337
83, 1, 662, 264, 853, 317
83, 2, 801, 29, 855, 127
83, 3, 754, 131, 858, 235
83, 4, 916, 20, 1188, 224
83, 5, 988, 153, 1189, 296
84, 0, 63, 103, 245, 223
84, 1, 225, 16, 757, 305
84, 2, 651, 270, 834, 309
84, 3, 807, 35, 1091, 209
84, 4, 921, 149, 1129, 252
84, 5, 1086, 159, 1186, 226
84, 6, 1066, 21, 1207, 102
85, 0, 47, 100, 180, 231
85, 1, 197, 18, 912, 324
85, 2, 839, 21, 1194, 255
85, 3, 1067, 139, 1192, 229
86, 0, 73, 70, 143, 146
86, 1, 186, 21, 746, 332
86, 2, 795, 277, 891, 326
86, 3, 866, 73, 937, 127
86, 4, 870, 152, 939, 219
86, 5, 1011, 157, 1129, 258
86, 6, 988, 12, 1222, 157
86, 7, 1177, 182, 1230, 227
87, 0, 67, 86, 111, 131
87, 1, 190, 25, 260, 319
87, 2, 350, 27, 749, 109
87, 3, 274, 236, 509, 309
87, 4, 873, 46, 985, 117
87, 5, 838, 145, 994, 244
87, 6, 1072, 113, 1219, 329
87, 7, 1056, 14, 1215, 111
88, 0, 26, 11, 297, 327
88, 1, 315, 18, 811, 320
88, 2, 887, 87, 1230, 253
88, 3, 957, 12, 1232, 131
88, 4, 1104, 258, 1214, 324
89, 0, 44, 25, 214, 248
89, 1, 204, 185, 747, 329
89, 2, 329, 14, 875, 166
89, 3, 955, 28, 1162, 225
89, 4, 1128, 186, 1228, 331
90, 0, 27, 35, 117, 264
90, 1, 295, 15, 820, 162
90, 2, 286, 163, 784, 337
90, 3, 951, 174, 1018, 238
90, 4, 954, 29, 1177, 204
91, 0, 65, 123, 206, 335
91, 1, 259, 17, 823, 334
91, 2, 855, 15, 1159, 308
91, 3, 1162, 187, 1213, 204
92, 0, 166, 216, 232, 328
92, 1, 239, 36, 841, 317
92, 2, 1012, 38, 1149, 344
92, 3, 955, 152, 1029, 208
92, 4, 1180, 30, 1210, 199
92, 5, 940, 35, 1002, 125
93, 0, 41, 226, 189, 355
93, 1, 174, 155, 305, 308
93, 2, 133, 34, 849, 356
93, 3, 827, 31, 1014, 286
93, 4, 995, 34, 1194, 343
94, 0, 166, 181, 331, 315
94, 1, 193, 18, 880, 337
94, 2, 1056, 245, 1165, 354
94, 3, 877, 102, 1005, 301
94, 4, 983, 26, 1201, 270
95, 0, 56, 73, 392, 331
95, 1, 155, 22, 949, 358
95, 2, 1032, 149, 1202, 357
95, 3, 1010, 31, 1206, 213
96, 0, 63, 19, 1022, 363
96, 1, 1056, 213, 1168, 342
96, 2, 1051, 49, 1209, 218
96, 3, 1124, 28, 1159, 70
97, 0, 75, 161, 333, 338
97, 1, 100, 16, 1205, 360
98, 0, 67, 159, 173, 328
98, 1, 56, 25, 1190, 355
98, 2, 768, 16, 1186, 231
99, 0, 69, 13, 1198, 345
99, 1, 26, 190, 148, 326
99, 2, 535, 97, 1193, 354
100, 0, 100, 84, 246, 316
100, 1, 131, 20, 1205, 356
100, 2, 522, 236, 908, 353
101, 0, 71, 20, 1214, 348
102, 0, 50, 19, 1204, 325
102, 1, 679, 266, 942, 334
103, 0, 73, 22, 1090, 342
103, 1, 840, 19, 1154, 192
104, 0, 65, 122, 363, 319
104, 1, 72, 19, 1187, 334
104, 2, 955, 233, 1160, 332
105, 0, 60, 17, 585, 333
105, 1, 688, 160, 1145, 333
105, 2, 659, 16, 884, 154
105, 3, 894, 33, 1196, 144
106, 0, 58, 73, 130, 299
106, 1, 131, 16, 1229, 343
106, 2, 941, 32, 1045, 109
107, 0, 60, 16, 957, 329
107, 1, 914, 94, 1221, 332
107, 2, 945, 15, 1181, 88
108, 0, 60, 20, 1009, 326
108, 1, 986, 20, 1118, 104
108, 2, 1067, 141, 1143, 238
109, 0, 46, 19, 1166, 326
109, 1, 1005, 20, 1151, 80
110, 0, 34, 18, 577, 323
110, 1, 636, 117, 1119, 328
110, 2, 722, 23, 857, 165
110, 3, 932, 26, 1174, 72
111, 0, 43, 18, 981, 263
111, 1, 246, 120, 844, 309
111, 2, 1151, 22, 1179, 48
112, 0, 30, 117, 479, 310
112, 1, 30, 27, 827, 298
112, 2, 778, 288, 862, 325
112, 3, 857, 116, 1103, 304
113, 0, 44, 16, 910, 321
113, 1, 220, 92, 1035, 325
113, 2, 1006, 35, 1166, 155
114, 0, 43, 18, 914, 323
114, 1, 905, 74, 1166, 260
114, 2, 1045, 26, 1137, 97
115, 0, 25, 22, 930, 349
115, 1, 157, 87, 792, 329
115, 2, 949, 198, 1035, 272
115, 3, 1076, 16, 1183, 140
116, 0, 30, 87, 142, 321
116, 1, 91, 21, 954, 216
116, 2, 179, 83, 728, 342
116, 3, 655, 203, 882, 338
116, 4, 988, 198, 1100, 313
116, 5, 1099, 14, 1211, 130
117, 0, 33, 21, 956, 341
117, 1, 168, 78, 923, 327
117, 2, 1081, 10, 1141, 94
118, 0, 32, 19, 845, 308
118, 1, 808, 13, 1133, 276
119, 0, 16, 11, 487, 297
119, 1, 534, 177, 802, 312
119, 2, 666, 31, 882, 261
119, 3, 839, 27, 1023, 277
119, 4, 1070, 14, 1104, 73
120, 0, 21, 18, 849, 329
120, 1, 539, 32, 944, 291
120, 2, 878, 17, 1101, 215
121, 0, 24, 52, 140, 320
121, 1, 167, 22, 607, 344
121, 2, 702, 63, 933, 265
121, 3, 962, 53, 1089, 261
122, 0, 17, 48, 169, 322
122, 1, 156, 25, 983, 343
122, 2, 389, 26, 821, 125
122, 3, 1076, 22, 1128, 134
123, 0, 64, 45, 373, 340
123, 1, 358, 21, 1017, 334
123, 2, 1046, 16, 1122, 113
124, 0, 80, 26, 264, 356
124, 1, 326, 20, 821, 297
124, 2, 729, 145, 1093, 332
124, 3, 971, 23, 1131, 123
125, 0, 79, 23, 199, 341
125, 1, 322, 24, 715, 289
125, 2, 677, 51, 1096, 305
125, 3, 961, 14, 1175, 116
126, 0, 11, 43, 267, 342
126, 1, 281, 24, 981, 296
126, 2, 785, 73, 1122, 315
126, 3, 1018, 17, 1176, 67
127, 0, 51, 46, 72, 214
127, 1, 32, 277, 111, 334
127, 2, 149, 141, 204, 335
127, 3, 263, 22, 1006, 307
127, 4, 1108, 56, 1177, 114
128, 0, 188, 30, 994, 312
129, 0, 149, 23, 1022, 333
130, 0, 98, 19, 999, 341
130, 1, 960, 33, 1106, 110
131, 0, 47, 18, 1013, 304
131, 1, 532, 311, 654, 326
131, 2, 1007, 33, 1158, 66
132, 0, 60, 34, 209, 104
132, 1, 67, 106, 687, 346
132, 2, 312, 21, 659, 80
132, 3, 616, 265, 861, 341
132, 4, 764, 17, 1031, 156
133, 0, 53, 68, 928, 321
133, 1, 222, 21, 329, 47
133, 2, 425, 21, 785, 189
133, 3, 847, 20, 1059, 157
134, 0, 25, 30, 594, 307
134, 1, 44, 21, 188, 106
134, 2, 554, 23, 726, 88
134, 3, 686, 155, 949, 309
134, 4, 831, 25, 1047, 151
135, 0, 36, 23, 923, 324
135, 1, 654, 27, 761, 142
135, 2, 815, 22, 1085, 130
136, 0, 40, 22, 963, 339
136, 1, 30, 21, 274, 78
136, 2, 860, 17, 1106, 129
137, 0, 31, 24, 326, 334
137, 1, 306, 26, 980, 331
137, 2, 929, 17, 1097, 121
138, 0, 38, 22, 729, 339
138, 1, 662, 46, 1068, 311
138, 2, 837, 21, 961, 119
138, 3, 981, 23, 1126, 126
139, 0, 84, 24, 204, 174
139, 1, 171, 19, 957, 323
139, 2, 804, 28, 1200, 142
140, 0, 47, 54, 173, 198
140, 1, 198, 162, 348, 304
140, 2, 285, 17, 559, 163
140, 3, 688, 139, 958, 328
140, 4, 885, 22, 1139, 164
141, 0, 54, 19, 1086, 343
141, 1, 84, 224, 252, 325
142, 0, 81, 20, 1112, 343
142, 1, 820, 141, 1031, 337
143, 0, 60, 42, 163, 318
143, 1, 178, 21, 1164, 320
143, 2, 986, 141, 1107, 302
144, 0, 55, 22, 858, 334
144, 1, 681, 20, 1198, 159
144, 2, 966, 164, 1060, 216
145, 0, 82, 24, 652, 348
145, 1, 704, 19, 1094, 159
145, 2, 1034, 142, 1116, 219
146, 0, 38, 22, 986, 345
146, 1, 756, 21, 1196, 129
147, 0, 56, 125, 154, 274
147, 1, 50, 16, 1094, 344
147, 2, 922, 153, 1025, 281
148, 0, 50, 15, 1160, 349
148, 1, 932, 143, 1092, 292
149, 0, 54, 50, 295, 313
149, 1, 334, 281, 441, 348
149, 2, 481, 254, 848, 353
149, 3, 728, 125, 972, 211
149, 4, 764, 26, 847, 155
149, 5, 978, 185, 1078, 301
150, 0, 46, 18, 1184, 354
150, 1, 953, 123, 1130, 343
151, 0, 48, 18, 1156, 353
151, 1, 1072, 125, 1137, 331
152, 0, 40, 41, 846, 349
152, 1, 524, 28, 587, 52
152, 2, 682, 24, 1171, 224
152, 3, 1104, 170, 1168, 227
153, 0, 42, 47, 487, 347
153, 1, 283, 20, 863, 339
153, 2, 697, 21, 1194, 267
153, 3, 1142, 130, 1160, 184
154, 0, 27, 48, 228, 310
154, 1, 306, 18, 589, 137
154, 2, 347, 232, 549, 240
154, 3, 296, 241, 882, 345
154, 4, 709, 31, 1182, 184
154, 5, 917, 209, 965, 287
154, 6, 1040, 122, 1092, 232
155, 0, 10, 21, 992, 346
155, 1, 243, 29, 589, 240
155, 2, 732, 14, 1207, 158
156, 0, 34, 21, 752, 347
156, 1, 276, 16, 709, 252
156, 2, 745, 29, 1142, 248
156, 3, 989, 17, 1182, 122
157, 0, 27, 87, 157, 321
157, 1, 193, 163, 283, 299
157, 2, 258, 17, 993, 345
157, 3, 762, 31, 961, 100
157, 4, 987, 130, 1195, 311
157, 5, 1024, 37, 1176, 129
158, 0, 38, 22, 776, 349
158, 1, 778, 29, 1204, 301
158, 2, 662, 185, 812, 282
158, 3, 683, 93, 738, 163
158, 4, 1014, 128, 1199, 336
159, 0, 25, 20, 803, 354
159, 1, 780, 10, 1196, 151
159, 2, 833, 136, 950, 278
159, 3, 1047, 111, 1182, 249
160, 0, 31, 20, 382, 347
160, 1, 505, 234, 818, 347
160, 2, 721, 62, 1122, 347
160, 3, 922, 36, 1201, 132
160, 4, 1079, 131, 1206, 262
161, 0, 22, 18, 819, 353
161, 1, 775, 29, 1022, 274
161, 2, 1099, 113, 1207, 252
161, 3, 1049, 35, 1195, 140
162, 0, 24, 16, 1200, 347
162, 1, 776, 42, 873, 149
162, 2, 944, 24, 1039, 81
163, 0, 37, 14, 855, 355
163, 1, 36, 69, 317, 336
163, 2, 774, 66, 860, 151
163, 3, 932, 87, 1172, 275
163, 4, 985, 20, 1208, 149
164, 0, 27, 17, 913, 357
164, 1, 742, 211, 977, 340
164, 2, 1017, 180, 1183, 296
164, 3, 1039, 24, 1218, 162
165, 0, 28, 18, 856, 349
165, 1, 749, 300, 943, 345
165, 2, 1038, 20, 1228, 295
165, 3, 983, 30, 1145, 72
166, 0, 27, 161, 222, 347
166, 1, 29, 19, 875, 357
166, 2, 867, 300, 926, 340
166, 3, 1036, 20, 1192, 292
166, 4, 1110, 258, 1154, 299
166, 5, 1001, 16, 1069, 91
167, 0, 23, 90, 342, 354
167, 1, 39, 16, 976, 362
167, 2, 1071, 26, 1220, 327
167, 3, 1026, 13, 1086, 94
168, 0, 22, 14, 711, 356
168, 1, 770, 271, 993, 343
168, 2, 722, 21, 1013, 271
168, 3, 1034, 15, 1224, 122
168, 4, 1048, 107, 1226, 297
169, 0, 23, 15, 1127, 347
169, 1, 37, 305, 418, 362
169, 2, 1084, 134, 1216, 294
169, 3, 1044, 15, 1224, 131
170, 0, 39, 19, 911, 360
170, 1, 605, 18, 1223, 331
170, 2, 1043, 13, 1223, 154
171, 0, 23, 137, 993, 362
171, 1, 43, 11, 692, 138
171, 2, 813, 12, 1225, 157
171, 3, 1074, 173, 1195, 327
172, 0, 24, 137, 146, 344
172, 1, 42, 22, 964, 364
172, 2, 476, 12, 691, 139
172, 3, 763, 67, 949, 233
172, 4, 813, 17, 1046, 158
172, 5, 1074, 155, 1194, 340
172, 6, 1059, 16, 1222, 152
173, 0, 20, 12, 1221, 356
173, 1, 832, 269, 1128, 342
174, 0, 23, 11, 1210, 360
175, 0, 27, 11, 1213, 362
175, 1, 864, 278, 1153, 350
176, 0, 34, 17, 368, 348
176, 1, 511, 310, 889, 340
176, 2, 915, 281, 1187, 348
176, 3, 908, 14, 1220, 235
177, 0, 17, 11, 1215, 353
178, 0, 23, 18, 1201, 348
178, 1, 469, 12, 1211, 254
179, 0, 18, 133, 104, 280
179, 1, 33, 13, 551, 352
179, 2, 539, 289, 1198, 348
179, 3, 853, 17, 1219, 257
180, 0, 18, 20, 458, 325
180, 1, 594, 291, 1215, 351
180, 2, 784, 18, 1216, 258
181, 0, 11, 12, 1208, 362
182, 0, 24, 41, 1012, 355
182, 1, 265, 19, 334, 49
182, 2, 429, 11, 1214, 261
182, 3, 1019, 304, 1210, 354
183, 0, 15, 20, 342, 64
183, 1, 43, 172, 1191, 362
183, 2, 498, 13, 1211, 260
184, 0, 29, 12, 1210, 359
185, 0, 17, 24, 691, 358
185, 1, 511, 13, 787, 70
185, 2, 746, 16, 1214, 332
186, 0, 35, 11, 1208, 364
187, 0, 38, 11, 1213, 362
188, 0, 20, 11, 1194, 364
189, 0, 31, 12, 1199, 365
190, 0, 53, 10, 1204, 360
190, 1, 32, 278, 250, 362
191, 0, 26, 12, 1207, 363
192, 0, 37, 15, 1208, 357
192, 1, 564, 11, 994, 79
193, 0, 24, 17, 1209, 364
194, 0, 34, 17, 1208, 366
195, 0, 45, 18, 1182, 364
195, 1, 613, 16, 1197, 235
196, 0, 54, 15, 1197, 363
197, 0, 63, 117, 819, 363
197, 1, 121, 15, 1225, 361
198, 0, 72, 98, 699, 362
198, 1, 127, 14, 815, 100
198, 2, 707, 25, 1205, 361
199, 0, 79, 14, 1219, 362
200, 0, 87, 14, 1198, 362
200, 1, 715, 117, 1222, 359
201, 0, 98, 121, 1142, 362
201, 1, 146, 13, 1221, 343
202, 0, 101, 45, 388, 351
202, 1, 358, 288, 772, 362
202, 2, 443, 16, 705, 62
202, 3, 749, 24, 1201, 363
203, 0, 109, 15, 778, 361
203, 1, 409, 342, 660, 351
203, 2, 779, 22, 1207, 363
204, 0, 162, 13, 1182, 257
204, 1, 118, 224, 1213, 364
205, 0, 129, 13, 1185, 361
206, 0, 140, 48, 450, 360
206, 1, 464, 14, 1179, 258
206, 2, 687, 140, 1221, 363
207, 0, 204, 14, 1209, 350
207, 1, 153, 269, 764, 365
208, 0, 144, 14, 1161, 185
208, 1, 167, 183, 1166, 362
209, 0, 182, 16, 1218, 362
209, 1, 187, 333, 512, 361
210, 0, 200, 13, 1195, 366
210, 1, 203, 330, 550, 362
211, 0, 205, 22, 1218, 287
211, 1, 249, 241, 1142, 362
212, 0, 243, 41, 323, 110
212, 1, 257, 97, 1164, 363
212, 2, 240, 331, 629, 361
212, 3, 629, 18, 1198, 252
213, 0, 260, 15, 1186, 350
213, 1, 277, 332, 573, 360
214, 0, 273, 16, 1148, 354
215, 0, 294, 15, 1195, 357
216, 0, 316, 126, 514, 359
216, 1, 330, 13, 720, 158
216, 2, 621, 310, 837, 333
216, 3, 784, 26, 1165, 353
217, 0, 322, 13, 1149, 363
218, 0, 321, 15, 1155, 362
219, 0, 333, 18, 1168, 355
219, 1, 356, 348, 478, 364
220, 0, 365, 14, 1203, 350
220, 1, 328, 151, 627, 324
221, 0, 340, 16, 1146, 348
221, 1, 346, 347, 453, 362
221, 2, 670, 19, 1170, 197
222, 0, 331, 12, 1179, 353
222, 1, 357, 316, 467, 364
223, 0, 335, 18, 1224, 350
223, 1, 391, 321, 492, 362
224, 0, 335, 116, 625, 327
224, 1, 362, 17, 1183, 344
224, 2, 375, 331, 526, 361
225, 0, 344, 10, 1231, 355
225, 1, 380, 316, 571, 361
226, 0, 359, 12, 1129, 337
226, 1, 368, 322, 589, 363
226, 2, 925, 228, 1078, 345
226, 3, 1077, 276, 1173, 345
226, 4, 1135, 134, 1226, 296
227, 0, 352, 15, 1117, 338
227, 1, 366, 328, 612, 364
227, 2, 1116, 137, 1222, 235
228, 0, 330, 17, 932, 345
228, 1, 389, 332, 584, 357
228, 2, 1018, 13, 1114, 36
228, 3, 962, 95, 1117, 157
229, 0, 317, 12, 1159, 362
230, 0, 197, 89, 979, 363
230, 1, 772, 17, 1159, 173
231, 0, 267, 14, 1111, 360
231, 1, 113, 255, 236, 345
231, 2, 1098, 128, 1158, 150
232, 0, 264, 47, 646, 364
232, 1, 81, 230, 251, 340
232, 2, 539, 21, 1190, 335
232, 3, 1012, 229, 1102, 278
233, 0, 255, 47, 1130, 363
233, 1, 36, 232, 270, 349
233, 2, 564, 13, 1164, 214
234, 0, 152, 16, 1212, 363
234, 1, 52, 236, 122, 345
235, 0, 143, 40, 636, 363
235, 1, 681, 11, 1228, 350
236, 0, 124, 47, 168, 86
236, 1, 189, 21, 1217, 357
236, 2, 92, 215, 180, 346
236, 3, 414, 272, 676, 363
237, 0, 91, 37, 175, 80
237, 1, 223, 17, 1231, 359
237, 2, 60, 170, 224, 245
237, 3, 114, 287, 270, 334
237, 4, 1047, 194, 1161, 323
238, 0, 60, 25, 156, 76
238, 1, 65, 17, 1209, 360
239, 0, 51, 18, 145, 69
239, 1, 15, 14, 1214, 363
239, 2, 1067, 279, 1182, 348
240, 0, 61, 51, 132, 66
240, 1, 49, 13, 1204, 363
240, 2, 1073, 13, 1223, 128
241, 0, 15, 15, 1211, 365
241, 1, 944, 252, 1100, 325
242, 0, 26, 14, 1199, 363
242, 1, 602, 264, 821, 347
242, 2, 1115, 221, 1190, 365
243, 0, 54, 27, 555, 361
243, 1, 937, 157, 1169, 343
243, 2, 906, 10, 1231, 125
244, 0, 30, 74, 516, 361
244, 1, 666, 22, 1164, 259
244, 2, 742, 249, 949, 350
244, 3, 972, 241, 1105, 341
245, 0, 24, 23, 524, 363
245, 1, 811, 204, 911, 335
245, 2, 981, 231, 1097, 345
245, 3, 918, 21, 1203, 238
246, 0, 24, 150, 239, 331
246, 1, 25, 52, 585, 363
246, 2, 689, 14, 876, 61
246, 3, 765, 23, 1191, 319
246, 4, 1042, 169, 1191, 344
247, 0, 24, 151, 200, 343
247, 1, 25, 23, 514, 361
247, 2, 678, 13, 1206, 328
248, 0, 37, 11, 1203, 361
249, 0, 20, 11, 1174, 356
249, 1, 989, 153, 1185, 335
250, 0, 37, 15, 625, 361
250, 1, 631, 156, 1206, 353
250, 2, 698, 14, 1189, 206
251, 0, 27, 18, 726, 357
251, 1, 693, 13, 1209, 208
251, 2, 706, 158, 1230, 341
252, 0, 35, 162, 469, 362
252, 1, 28, 14, 1204, 346
252, 2, 1122, 297, 1204, 355
253, 0, 30, 162, 1218, 364
253, 1, 40, 16, 1203, 214
254, 0, 28, 183, 158, 353
254, 1, 31, 22, 1205, 365
254, 2, 704, 18, 1211, 192
255, 0, 41, 181, 292, 308
255, 1, 44, 19, 948, 363
255, 2, 47, 299, 436, 362
255, 3, 700, 17, 1217, 189
255, 4, 967, 165, 1211, 323
256, 0, 25, 17, 912, 308
256, 1, 34, 210, 866, 362
256, 2, 827, 19, 1218, 230
256, 3, 978, 166, 1196, 327
257, 0, 30, 15, 1210, 362
257, 1, 46, 246, 415, 360
257, 2, 1170, 165, 1212, 198
258, 0, 21, 27, 1209, 358
258, 1, 29, 27, 592, 244
258, 2, 691, 14, 886, 63
258, 3, 1184, 160, 1211, 191
259, 0, 24, 276, 192, 362
259, 1, 36, 23, 1040, 364
259, 2, 711, 27, 1213, 184
260, 0, 55, 17, 694, 362
260, 1, 56, 296, 217, 350
260, 2, 574, 186, 866, 336
260, 3, 711, 24, 1214, 201
260, 4, 919, 188, 1101, 319
261, 0, 30, 281, 185, 358
261, 1, 58, 16, 651, 233
261, 2, 237, 176, 832, 357
261, 3, 710, 20, 1192, 174
261, 4, 929, 171, 1048, 311
261, 5, 1093, 198, 1134, 320
262, 0, 54, 17, 883, 357
262, 1, 96, 330, 148, 353
262, 2, 711, 14, 1197, 184
262, 3, 960, 97, 1142, 328
263, 0, 84, 100, 365, 347
263, 1, 208, 20, 817, 354
263, 2, 711, 17, 1200, 155
263, 3, 867, 67, 1200, 324
264, 0, 67, 87, 311, 346
264, 1, 181, 18, 1209, 348
265, 0, 51, 21, 639, 340
265, 1, 86, 267, 187, 339
265, 2, 680, 184, 883, 345
265, 3, 695, 26, 1212, 187
265, 4, 895, 118, 1188, 343
266, 0, 37, 20, 618, 348
266, 1, 709, 17, 1063, 195
266, 2, 943, 22, 1204, 315
267, 0, 42, 23, 553, 333
267, 1, 790, 231, 877, 308
267, 2, 708, 18, 1202, 182
267, 3, 972, 88, 1206, 337
268, 0, 46, 21, 475, 341
268, 1, 668, 131, 851, 294
268, 2, 707, 17, 1123, 219
268, 3, 995, 81, 1216, 326
269, 0, 32, 21, 546, 338
269, 1, 649, 182, 907, 313
269, 2, 715, 18, 1195, 233
269, 3, 1044, 175, 1194, 299
270, 0, 78, 120, 277, 320
270, 1, 60, 19, 588, 285
270, 2, 619, 159, 1046, 303
270, 3, 721, 18, 1177, 186
270, 4, 992, 199, 1142, 342
271, 0, 46, 148, 198, 348
271, 1, 111, 30, 1114, 335
271, 2, 746, 18, 1189, 183
272, 0, 22, 27, 589, 308
272, 1, 620, 206, 1007, 328
272, 2, 720, 12, 1134, 247
273, 0, 51, 41, 378, 339
273, 1, 184, 25, 471, 203
273, 2, 620, 239, 801, 340
273, 3, 840, 31, 1166, 270
274, 0, 53, 21, 1168, 337
274, 1, 719, 26, 1175, 180
275, 0, 49, 24, 659, 341
275, 1, 708, 154, 1196, 337
275, 2, 718, 24, 1177, 178
276, 0, 70, 118, 257, 332
276, 1, 90, 22, 251, 89
276, 2, 236, 38, 656, 338
276, 3, 714, 154, 1169, 342
276, 4, 785, 22, 1188, 218
277, 0, 32, 112, 114, 284
277, 1, 89, 25, 1165, 344
277, 2, 716, 18, 1200, 160
278, 0, 40, 20, 205, 280
278, 1, 166, 39, 581, 355
278, 2, 643, 297, 837, 347
278, 3, 690, 16, 1192, 327
279, 0, 28, 21, 182, 269
279, 1, 178, 42, 907, 354
279, 2, 625, 131, 1098, 339
279, 3, 834, 18, 1195, 183
280, 0, 167, 45, 578, 347
280, 1, 59, 26, 137, 90
280, 2, 728, 171, 1141, 345
280, 3, 710, 27, 1121, 252
281, 0, 131, 46, 953, 360
281, 1, 780, 191, 1193, 350
281, 2, 687, 42, 975, 188
281, 3, 1071, 58, 1154, 137
282, 0, 61, 21, 536, 350
282, 1, 813, 217, 1151, 344
282, 2, 722, 182, 928, 255
282, 3, 712, 29, 1008, 183
282, 4, 1090, 49, 1153, 126
283, 0, 50, 15, 1006, 349
283, 1, 924, 218, 1175, 341
284, 0, 55, 13, 449, 338
284, 1, 727, 119, 1205, 337
284, 2, 733, 19, 973, 154
285, 0, 34, 13, 502, 353
285, 1, 671, 118, 1125, 291
285, 2, 956, 279, 1008, 356
285, 3, 788, 13, 977, 126
286, 0, 41, 13, 1147, 356
286, 1, 892, 22, 993, 67
287, 0, 27, 11, 1125, 359
287, 1, 816, 299, 946, 340
288, 0, 16, 29, 1160, 358
288, 1, 631, 278, 885, 342
288, 2, 687, 16, 904, 154
288, 3, 901, 14, 1024, 63
289, 0, 37, 10, 791, 359
289, 1, 532, 18, 930, 235
289, 2, 939, 110, 1145, 307
290, 0, 38, 14, 1145, 357
290, 1, 962, 15, 1135, 167
291, 0, 32, 18, 854, 358
291, 1, 667, 21, 1089, 258
291, 2, 1063, 119, 1174, 312
292, 0, 37, 14, 1037, 359
292, 1, 1104, 141, 1131, 175
293, 0, 39, 15, 1044, 359
294, 0, 48, 14, 1047, 360
295, 0, 41, 32, 724, 362
295, 1, 635, 19, 1073, 332
296, 0, 37, 15, 1142, 366
297, 0, 54, 24, 523, 279
297, 1, 42, 253, 498, 361
297, 2, 600, 157, 1177, 356
297, 3, 669, 21, 1210, 164
298, 0, 42, 14, 1219, 294
298, 1, 61, 253, 497, 363
298, 2, 591, 178, 875, 328
298, 3, 885, 153, 1085, 316
299, 0, 47, 234, 642, 364
299, 1, 43, 19, 536, 94
299, 2, 697, 13, 1221, 154
299, 3, 843, 134, 1064, 309
300, 0, 25, 257, 498, 364
300, 1, 47, 13, 1070, 290
300, 2, 610, 107, 1000, 300
300, 3, 983, 148, 1096, 325
300, 4, 1122, 54, 1185, 78
301, 0, 27, 278, 460, 359
301, 1, 44, 20, 581, 292
301, 2, 655, 100, 1086, 283
301, 3, 1096, 288, 1123, 319
301, 4, 810, 13, 1085, 150
302, 0, 25, 289, 607, 360
302, 1, 50, 15, 278, 268
302, 2, 343, 53, 396, 179
302, 3, 632, 14, 1162, 300
302, 4, 892, 132, 1142, 255
303, 0, 28, 285, 491, 361
303, 1, 97, 11, 1074, 289
303, 2, 67, 102, 301, 280
303, 3, 609, 285, 784, 331
303, 4, 1196, 306, 1207, 326
304, 0, 11, 246, 462, 358
304, 1, 56, 11, 1116, 160
304, 2, 56, 95, 225, 286
304, 3, 373, 180, 833, 266
304, 4, 650, 251, 941, 342
304, 5, 932, 133, 1085, 277
305, 0, 52, 327, 227, 356
305, 1, 55, 43, 132, 290
305, 2, 173, 33, 536, 342
305, 3, 583, 187, 757, 244
305, 4, 767, 190, 880, 334
305, 5, 698, 15, 981, 160
305, 6, 962, 90, 1122, 311
306, 0, 83, 17, 1008, 336
306, 1, 936, 134, 1107, 323
306, 2, 1086, 180, 1126, 324
306, 3, 1089, 52, 1160, 85
307, 0, 70, 24, 913, 347
307, 1, 697, 16, 1062, 161
308, 0, 86, 22, 910, 350
308, 1, 699, 15, 817, 43
308, 2, 828, 26, 970, 159
308, 3, 1005, 48, 1181, 159
309, 0, 51, 16, 969, 351
309, 1, 64, 260, 225, 345
309, 2, 699, 14, 1016, 141
310, 0, 78, 15, 522, 347
310, 1, 699, 13, 998, 325
311, 0, 64, 21, 841, 356
311, 1, 671, 13, 1016, 188
312, 0, 87, 19, 919, 345
312, 1, 679, 13, 1060, 118
312, 2, 969, 247, 1157, 331
313, 0, 49, 19, 913, 356
313, 1, 680, 13, 1038, 188
313, 2, 1034, 91, 1173, 339
314, 0, 79, 13, 1056, 360
315, 0, 63, 13, 1044, 354
316, 0, 65, 18, 1037, 362
316, 1, 373, 24, 564, 95
316, 2, 652, 13, 1120, 160
317, 0, 111, 17, 494, 155
317, 1, 168, 157, 924, 340
317, 2, 495, 313, 634, 344
317, 3, 653, 16, 1090, 156
317, 4, 976, 182, 1166, 291
318, 0, 99, 17, 281, 328
318, 1, 315, 21, 873, 352
318, 2, 652, 11, 1118, 200
318, 3, 1023, 153, 1147, 358
319, 0, 85, 19, 241, 334
319, 1, 284, 21, 923, 351
319, 2, 652, 15, 1130, 199
320, 0, 57, 17, 285, 327
320, 1, 279, 21, 969, 347
320, 2, 652, 15, 1127, 194
321, 0, 68, 26, 243, 297
321, 1, 273, 20, 1014, 336
321, 2, 652, 12, 1172, 190
322, 0, 30, 23, 340, 346
322, 1, 234, 20, 512, 210
322, 2, 561, 157, 872, 340
322, 3, 756, 17, 1228, 189
322, 4, 904, 170, 1080, 331
322, 5, 1127, 104, 1204, 226
323, 0, 36, 22, 184, 269
323, 1, 205, 15, 1191, 347
324, 0, 42, 15, 1193, 342
324, 1, 50, 147, 282, 338
324, 2, 1045, 268, 1160, 335
325, 0, 169, 15, 1187, 317
325, 1, 84, 196, 185, 271
326, 0, 123, 35, 335, 203
326, 1, 329, 15, 1190, 317
326, 2, 965, 182, 1162, 280
327, 0, 74, 30, 443, 323
327, 1, 293, 15, 1172, 315
327, 2, 878, 186, 922, 332
327, 3, 1018, 240, 1099, 339
327, 4, 1012, 183, 1119, 207
328, 0, 56, 26, 491, 361
328, 1, 343, 14, 1008, 326
328, 2, 672, 18, 1151, 188
329, 0, 102, 21, 870, 346
329, 1, 349, 13, 516, 87
329, 2, 630, 20, 1022, 159
329, 3, 998, 192, 1043, 267
329, 4, 1107, 26, 1185, 162
330, 0, 18, 20, 415, 351
330, 1, 306, 14, 1149, 307
330, 2, 439, 286, 565, 334
330, 3, 822, 186, 937, 303
331, 0, 50, 21, 779, 358
331, 1, 322, 14, 1065, 182
331, 2, 539, 283, 681, 352
331, 3, 858, 178, 952, 313
332, 0, 28, 24, 829, 354
332, 1, 43, 298, 135, 360
332, 2, 294, 15, 1098, 187
332, 3, 941, 185, 1038, 328
333, 0, 14, 24, 494, 349
333, 1, 29, 270, 76, 352
333, 2, 275, 16, 418, 217
333, 3, 619, 199, 1061, 350
333, 4, 654, 19, 1118, 190
334, 0, 28, 30, 294, 225
334, 1, 32, 279, 276, 364
334, 2, 259, 16, 922, 188
334, 3, 374, 270, 764, 355
334, 4, 481, 153, 883, 292
334, 5, 969, 92, 1147, 304
335, 0, 29, 29, 268, 302
335, 1, 35, 259, 209, 342
335, 2, 130, 18, 924, 361
335, 3, 621, 18, 1113, 186
335, 4, 1012, 194, 1098, 303
336, 0, 59, 78, 356, 353
336, 1, 70, 199, 162, 344
336, 2, 256, 19, 1051, 160
336, 3, 329, 138, 902, 353
337, 0, 81, 19, 938, 351
337, 1, 637, 20, 1098, 187
338, 0, 42, 18, 834, 343
338, 1, 13, 245, 111, 340
338, 2, 671, 25, 1131, 186
338, 3, 835, 161, 1010, 334
339, 0, 93, 20, 1079, 347
339, 1, 687, 20, 1172, 168
340, 0, 50, 16, 1178, 345
340, 1, 917, 189, 1101, 308
341, 0, 36, 13, 1012, 353
341, 1, 961, 189, 1156, 336
341, 2, 1030, 59, 1180, 104
342, 0, 38, 12, 1031, 356
342, 1, 1026, 199, 1134, 310
342, 2, 1096, 26, 1130, 147
343, 0, 54, 13, 681, 365
343, 1, 550, 17, 1043, 213
343, 2, 862, 132, 1057, 319
343, 3, 1155, 26, 1181, 139
344, 0, 27, 90, 396, 358
344, 1, 39, 14, 1078, 359
345, 0, 45, 87, 367, 350
345, 1, 37, 16, 1067, 257
345, 2, 563, 190, 810, 362
345, 3, 938, 115, 1075, 328
346, 0, 23, 15, 1113, 344
346, 1, 315, 287, 390, 355
346, 2, 929, 134, 1102, 228
347, 0, 46, 89, 355, 334
347, 1, 42, 18, 1102, 187
347, 2, 361, 128, 877, 348
347, 3, 279, 290, 624, 345
347, 4, 959, 120, 1114, 232
348, 0, 36, 15, 1152, 355
348, 1, 978, 147, 1127, 232
349, 0, 24, 13, 1190, 353
349, 1, 216, 305, 607, 358
350, 0, 27, 15, 991, 346
350, 1, 294, 303, 888, 345
350, 2, 994, 221, 1032, 251
350, 3, 1013, 22, 1197, 221
351, 0, 24, 13, 786, 337
351, 1, 341, 286, 585, 329
351, 2, 591, 15, 1194, 245
351, 3, 831, 320, 908, 346
351, 4, 1025, 220, 1072, 245
352, 0, 36, 13, 1184, 323
352, 1, 814, 22, 1189, 200
352, 2, 1115, 29, 1222, 104
353, 0, 24, 87, 155, 326
353, 1, 24, 13, 967, 297
353, 2, 852, 16, 1229, 175
353, 3, 1034, 217, 1188, 266
353, 4, 1158, 26, 1230, 119
354, 0, 19, 14, 1219, 360
355, 0, 23, 14, 1219, 357
355, 1, 857, 354, 926, 362
356, 0, 19, 15, 1209, 363
357, 0, 19, 15, 882, 361
357, 1, 489, 17, 1199, 287
358, 0, 23, 15, 1227, 360
358, 1, 900, 113, 1212, 322
359, 0, 19, 16, 1215, 364
359, 1, 517, 13, 1212, 172
360, 0, 27, 13, 858, 323
360, 1, 344, 133, 1182, 345
360, 2, 230, 211, 369, 330
360, 3, 900, 14, 1232, 158
361, 0, 17, 17, 1213, 352
361, 1, 240, 212, 299, 238
361, 2, 363, 134, 437, 245
362, 0, 13, 17, 430, 336
362, 1, 200, 150, 397, 308
362, 2, 398, 143, 1165, 344
362, 3, 645, 22, 1217, 208
363, 0, 15, 17, 896, 334
363, 1, 454, 185, 1134, 351
363, 2, 417, 131, 444, 186
363, 3, 249, 190, 333, 243
363, 4, 901, 20, 1202, 154
363, 5, 1074, 168, 1174, 263
364, 0, 21, 15, 892, 289
364, 1, 386, 126, 1139, 345
364, 2, 38, 252, 175, 363
364, 3, 243, 223, 500, 341
364, 4, 927, 10, 1195, 169
364, 5, 1125, 218, 1173, 259
365, 0, 22, 18, 1204, 357
365, 1, 351, 129, 1146, 352
365, 2, 982, 19, 1163, 72
366, 0, 13, 17, 1149, 347
366, 1, 28, 297, 110, 348
366, 2, 192, 210, 274, 316
366, 3, 961, 12, 1185, 144
367, 0, 14, 20, 350, 328
367, 1, 277, 160, 1030, 359
367, 2, 33, 297, 173, 353
367, 3, 422, 17, 1190, 229
367, 4, 936, 177, 970, 233
368, 0, 15, 16, 1073, 225
368, 1, 16, 217, 186, 362
368, 2, 129, 228, 212, 280
368, 3, 288, 153, 1041, 365
368, 4, 947, 180, 1002, 241
368, 5, 1117, 16, 1211, 140
369, 0, 15, 89, 195, 316
369, 1, 26, 15, 1125, 347
369, 2, 290, 192, 411, 321
369, 3, 168, 269, 242, 330
369, 4, 343, 127, 372, 173
369, 5, 466, 15, 1099, 225
369, 6, 976, 173, 1036, 278
369, 7, 1107, 10, 1212, 143
370, 0, 15, 62, 228, 287
370, 1, 26, 15, 658, 353
370, 2, 241, 156, 326, 199
370, 3, 636, 16, 1196, 351
370, 4, 311, 111, 410, 205
370, 5, 277, 201, 356, 304
370, 6, 466, 19, 667, 45
370, 7, 966, 130, 1075, 283
370, 8, 1153, 15, 1218, 99
371, 0, 513, 17, 1132, 227
371, 1, 14, 88, 193, 320
371, 2, 253, 112, 1032, 340
371, 3, 28, 16, 443, 213
371, 4, 1001, 180, 1113, 253
371, 5, 1148, 24, 1223, 126
372, 0, 21, 114, 171, 312
372, 1, 27, 17, 1222, 198
372, 2, 279, 155, 1003, 365
372, 3, 1013, 163, 1146, 255
373, 0, 649, 92, 797, 118
373, 1, 259, 122, 942, 355
373, 2, 204, 182, 323, 246
373, 3, 25, 18, 1225, 334
374, 0, 304, 114, 366, 157
374, 1, 540, 12, 1224, 236
374, 2, 26, 16, 947, 364
374, 3, 33, 155, 124, 257
374, 4, 91, 267, 166, 315
374, 5, 161, 135, 249, 224
375, 0, 678, 17, 1227, 233
375, 1, 32, 188, 154, 319
375, 2, 27, 16, 1099, 352
375, 3, 349, 289, 609, 348
375, 4, 303, 91, 458, 137
376, 0, 756, 117, 842, 233
376, 1, 266, 204, 560, 351
376, 2, 672, 71, 738, 117
376, 3, 35, 18, 1230, 348
377, 0, 23, 159, 155, 279
377, 1, 25, 20, 1232, 360
378, 0, 23, 17, 1228, 365
379, 0, 20, 21, 1227, 357
379, 1, 725, 139, 1165, 261
380, 0, 21, 16, 1230, 356
380, 1, 775, 227, 1032, 300
381, 0, 30, 21, 1231, 357
382, 0, 28, 24, 1231, 360
382, 1, 383, 20, 865, 113
383, 0, 28, 18, 1229, 359
384, 0, 30, 14, 1227, 315
384, 1, 32, 230, 649, 359
385, 0, 22, 17, 1226, 358
386, 0, 15, 157, 701, 359
386, 1, 17, 16, 1225, 309
386, 2, 724, 192, 956, 311
387, 0, 16, 10, 1225, 359
387, 1, 839, 191, 980, 362
388, 0, 19, 24, 380, 359
388, 1, 374, 16, 856, 307
388, 2, 763, 211, 910, 348
388, 3, 846, 143, 1207, 344
388, 4, 833, 12, 1233, 203
389, 0, 16, 12, 1231, 362
389, 1, 873, 109, 1207, 347
390, 0, 17, 13, 874, 363
390, 1, 888, 150, 1223, 301
390, 2, 881, 297, 981, 342
390, 3, 751, 13, 1232, 201
391, 0, 14, 11, 1231, 360
391, 1, 962, 160, 1207, 301
391, 2, 851, 185, 1020, 333
392, 0, 14, 10, 1231, 358
392, 1, 901, 139, 1206, 330
393, 0, 15, 10, 1230, 357
393, 1, 971, 138, 1221, 361
393, 2, 897, 294, 990, 328
394, 0, 16, 13, 1232, 275
394, 1, 16, 148, 915, 355
394, 2, 844, 292, 935, 353
394, 3, 945, 145, 1219, 363
395, 0, 44, 14, 437, 99
395, 1, 22, 161, 653, 353
395, 2, 870, 291, 909, 342
395, 3, 807, 149, 951, 249
395, 4, 926, 117, 1220, 356
395, 5, 1046, 14, 1140, 101
396, 0, 17, 13, 1230, 352
396, 1, 861, 156, 1166, 362
396, 2, 1152, 145, 1225, 235
397, 0, 12, 17, 625, 347
397, 1, 775, 12, 1229, 204
397, 2, 869, 148, 1129, 364
397, 3, 1140, 142, 1228, 226
398, 0, 12, 12, 1230, 364
398, 1, 97, 251, 660, 365
398, 2, 1153, 144, 1222, 232
399, 0, 13, 11, 1230, 363
399, 1, 99, 272, 750, 365
400, 0, 16, 12, 1229, 362
400, 1, 74, 271, 771, 363
401, 0, 19, 18, 791, 359
401, 1, 137, 270, 595, 360
401, 2, 514, 11, 1227, 244
401, 3, 911, 244, 1074, 357
402, 0, 22, 11, 1231, 354
402, 1, 170, 205, 982, 357
403, 0, 25, 11, 961, 343
403, 1, 151, 190, 1065, 358
403, 2, 839, 12, 1226, 285
404, 0, 10, 13, 1225, 349
404, 1, 149, 265, 849, 351
405, 0, 11, 15, 1229, 348
405, 1, 119, 265, 474, 349
406, 0, 13, 17, 1227, 348
406, 1, 185, 267, 476, 348
407, 0, 15, 19, 1223, 123
407, 1, 71, 162, 1226, 347
407, 2, 190, 265, 478, 347
408, 0, 17, 20, 660, 324
408, 1, 169, 284, 459, 366
408, 2, 559, 282, 1087, 365
408, 3, 800, 20, 1223, 283
409, 0, 18, 21, 1222, 364
409, 1, 173, 259, 943, 365
410, 0, 19, 22, 530, 281
410, 1, 176, 263, 401, 364
410, 2, 800, 22, 1221, 364
411, 0, 20, 22, 1221, 363
411, 1, 180, 267, 421, 363
412, 0, 20, 22, 525, 363
412, 1, 900, 43, 1221, 364
413, 0, 20, 22, 1221, 364
413, 1, 180, 275, 541, 363
414, 0, 20, 21, 498, 362
414, 1, 860, 21, 1221, 362
415, 0, 20, 19, 881, 361
415, 1, 780, 19, 1221, 360
416, 0, 20, 20, 901, 361
416, 1, 740, 19, 1221, 361
416, 2, 759, 220, 842, 301
417, 0, 20, 20, 1221, 361
418, 0, 20, 20, 1221, 361
418, 1, 198, 300, 481, 361
419, 0, 20, 20, 441, 306
419, 1, 197, 221, 861, 361
419, 2, 520, 20, 1061, 81
419, 3, 840, 20, 1221, 361
420, 0, 20, 20, 1221, 361
420, 1, 172, 264, 341, 361
421, 0, 20, 20, 1221, 361
421, 1, 197, 292, 341, 361
422, 0, 20, 20, 461, 290
422, 1, 142, 280, 441, 361
422, 2, 840, 20, 1222, 361
423, 0, 20, 20, 601, 273
423, 1, 151, 280, 401, 361
423, 2, 640, 260, 1101, 361
423, 3, 940, 20, 1221, 201
424, 0, 20, 20, 1221, 260
424, 1, 117, 240, 1101, 361
425, 0, 20, 20, 1221, 321
425, 1, 190, 240, 1081, 361
426, 0, 20, 20, 461, 261
426, 1, 183, 280, 881, 361
426, 2, 520, 20, 921, 81
426, 3, 820, 20, 1221, 361
427, 0, 20, 20, 1221, 361
427, 1, 131, 320, 381, 361
428, 0, 20, 20, 1221, 361
428, 1, 131, 331, 361, 361
429, 0, 20, 20, 321, 281
429, 1, 120, 300, 981, 361
429, 2, 380, 20, 981, 61
429, 3, 940, 20, 1221, 281
430, 0, 11, 20, 921, 301
430, 1, 139, 260, 901, 361
430, 2, 800, 20, 1221, 361
431, 0, 12, 20, 1221, 361
432, 0, 20, 20, 1081, 361
432, 1, 900, 20, 1221, 301
433, 0, 20, 20, 1061, 361
433, 1, 800, 20, 1221, 321
434, 0, 20, 20, 1221, 361
434, 1, 21, 220, 101, 336
434, 2, 800, 140, 1081, 361
435, 0, 20, 20, 1221, 361
435, 1, 20, 220, 121, 361
436, 0, 20, 20, 1221, 361
436, 1, 20, 220, 181, 361
437, 0, 20, 20, 361, 361
437, 1, 20, 220, 81, 361
437, 2, 400, 20, 761, 61
437, 3, 420, 320, 821, 361
437, 4, 840, 20, 1221, 361
438, 0, 20, 20, 1221, 361
438, 1, 20, 220, 241, 361
439, 0, 20, 20, 1061, 361
439, 1, 20, 220, 121, 361
439, 2, 860, 20, 1221, 281
440, 0, 20, 20, 1061, 361
440, 1, 20, 220, 241, 361
440, 2, 820, 20, 1221, 281
441, 0, 20, 20, 1221, 361
441, 1, 20, 220, 121, 361
442, 0, 20, 20, 1221, 361
442, 1, 20, 220, 241, 361
443, 0, 20, 20, 221, 261
443, 1, 20, 220, 101, 301
443, 2, 380, 360, 581, 361
443, 3, 960, 80, 1221, 301
443, 4, 1120, 20, 1221, 121
444, 0, 20, 20, 841, 301
444, 1, 20, 220, 1021, 361
444, 2, 760, 20, 1221, 321
