8, 0, 22, 23, 964, 345
8, 1, 781, 25, 839, 154
8, 2, 904, 24, 1009, 149
8, 3, 1060, 114, 1152, 298
8, 4, 1179, 188, 1213, 223
9, 0, 73, 17, 196, 179
9, 1, 23, 183, 348, 337
9, 2, 331, 201, 445, 267
9, 3, 348, 25, 888, 305
9, 4, 601, 179, 694, 241
9, 5, 930, 246, 968, 347
9, 6, 937, 37, 1043, 110
10, 0, 14, 114, 261, 300
10, 1, 315, 25, 985, 315
10, 2, 949, 32, 1084, 116
11, 0, 88, 218, 239, 327
11, 1, 184, 86, 405, 336
11, 2, 320, 26, 920, 326
11, 3, 994, 212, 1087, 284
11, 4, 960, 81, 1001, 118
11, 5, 1041, 32, 1129, 93
12, 0, 62, 192, 197, 351
12, 1, 256, 26, 859, 338
12, 2, 623, 25, 957, 221
12, 3, 962, 67, 1038, 123
12, 4, 1085, 27, 1187, 84
13, 0, 84, 265, 160, 339
13, 1, 95, 74, 143, 243
13, 2, 206, 24, 1125, 352
14, 0, 198, 21, 655, 343
14, 1, 685, 36, 1044, 208
14, 2, 841, 179, 893, 242
14, 3, 997, 163, 1065, 220
15, 0, 60, 31, 343, 331
15, 1, 234, 20, 832, 331
15, 2, 803, 35, 1158, 256
16, 0, 120, 16, 744, 338
16, 1, 580, 132, 837, 233
16, 2, 889, 43, 1159, 225
17, 0, 112, 18, 846, 340
17, 1, 911, 28, 1165, 327
18, 0, 88, 12, 881, 314
18, 1, 918, 48, 985, 119
18, 2, 1021, 19, 1084, 59
18, 3, 1012, 71, 1098, 257
18, 4, 1010, 277, 1111, 335
19, 0, 94, 18, 777, 363
19, 1, 545, 156, 888, 334
19, 2, 869, 47, 1033, 123
19, 3, 967, 77, 1138, 307
19, 4, 1109, 15, 1177, 93
19, 5, 1152, 305, 1186, 339
20, 0, 50, 35, 524, 309
20, 1, 552, 81, 1212, 341
20, 2, 809, 48, 1101, 152
21, 0, 61, 20, 752, 362
21, 1, 242, 135, 395, 249
21, 2, 570, 254, 752, 332
21, 3, 818, 66, 1197, 347
21, 4, 842, 47, 1070, 186
22, 0, 33, 28, 776, 357
22, 1, 646, 19, 1054, 269
22, 2, 928, 38, 1189, 188
23, 0, 45, 158, 340, 332
23, 1, 64, 17, 1209, 360
24, 0, 29, 115, 1214, 349
24, 1, 90, 24, 322, 226
24, 2, 190, 26, 484, 307
24, 3, 580, 20, 796, 82
24, 4, 730, 114, 991, 218
24, 5, 947, 11, 1183, 167
25, 0, 40, 95, 1199, 349
25, 1, 53, 20, 1115, 288
26, 0, 140, 202, 244, 346
26, 1, 157, 19, 1205, 357
27, 0, 41, 203, 188, 352
27, 1, 18, 17, 1186, 358
28, 0, 104, 27, 1199, 353
28, 1, 538, 17, 1015, 187
28, 2, 1014, 28, 1152, 120
29, 0, 74, 15, 1198, 354
29, 1, 997, 278, 1113, 330
30, 0, 28, 17, 1214, 356
30, 1, 1053, 282, 1183, 341
31, 0, 37, 17, 1217, 349
31, 1, 42, 207, 221, 345
31, 2, 1152, 331, 1202, 356
32, 0, 38, 15, 1215, 357
32, 1, 563, 271, 873, 338
33, 0, 33, 19, 1215, 342
33, 1, 571, 157, 927, 354
33, 2, 963, 248, 1170, 318
34, 0, 51, 18, 1216, 341
34, 1, 1035, 219, 1195, 328
35, 0, 66, 20, 823, 344
35, 1, 752, 18, 1171, 324
36, 0, 50, 17, 1182, 342
37, 0, 71, 15, 1227, 363
38, 0, 60, 18, 1216, 345
38, 1, 58, 19, 319, 99
39, 0, 59, 95, 376, 325
39, 1, 99, 14, 1193, 341
39, 2, 955, 99, 1193, 327
40, 0, 52, 19, 1201, 352
40, 1, 1062, 150, 1127, 277
41, 0, 57, 43, 913, 345
41, 1, 76, 26, 299, 100
41, 2, 664, 18, 1201, 157
42, 0, 49, 17, 744, 339
42, 1, 539, 180, 1000, 338
42, 2, 775, 23, 1130, 165
43, 0, 11, 18, 998, 350
43, 1, 58, 10, 159, 96
43, 2, 930, 26, 1174, 170
44, 0, 27, 161, 167, 363
44, 1, 64, 15, 972, 338
44, 2, 935, 38, 1210, 166
45, 0, 50, 136, 434, 337
45, 1, 58, 17, 1179, 323
45, 2, 741, 186, 1053, 332
46, 0, 55, 19, 1182, 318
46, 1, 802, 149, 1038, 311
47, 0, 55, 16, 1157, 338
47, 1, 917, 19, 1202, 180
48, 0, 47, 18, 879, 346
48, 1, 876, 144, 1224, 329
48, 2, 980, 19, 1200, 110
49, 0, 60, 191, 170, 346
49, 1, 66, 19, 936, 338
49, 2, 838, 149, 1211, 324
49, 3, 987, 17, 1169, 87
50, 0, 36, 11, 998, 334
50, 1, 54, 139, 145, 327
50, 2, 939, 160, 1202, 307
50, 3, 985, 22, 1193, 98
51, 0, 65, 21, 950, 336
51, 1, 649, 22, 1195, 189
51, 2, 921, 167, 1169, 326
52, 0, 19, 18, 1199, 353
52, 1, 1063, 156, 1144, 329
53, 0, 76, 16, 1171, 357
54, 0, 48, 30, 345, 342
54, 1, 324, 15, 1162, 361
55, 0, 44, 20, 855, 357
55, 1, 705, 18, 1170, 326
56, 0, 68, 28, 428, 348
56, 1, 318, 15, 1211, 354
57, 0, 128, 34, 896, 348
57, 1, 317, 23, 623, 246
57, 2, 710, 42, 1175, 350
57, 3, 916, 22, 1139, 141
57, 4, 1149, 30, 1198, 58
58, 0, 72, 14, 1166, 341
58, 1, 530, 169, 784, 229
58, 2, 987, 41, 1163, 208
59, 0, 75, 16, 1097, 338
59, 1, 894, 248, 1115, 340
59, 2, 920, 37, 1131, 157
60, 0, 51, 180, 231, 342
60, 1, 159, 16, 1125, 342
60, 2, 939, 183, 1149, 336
61, 0, 49, 20, 1027, 344
61, 1, 67, 301, 190, 339
61, 2, 1015, 184, 1113, 308
61, 3, 938, 45, 1024, 158
61, 4, 1106, 16, 1195, 67
62, 0, 66, 34, 300, 328
62, 1, 370, 185, 638, 349
62, 2, 684, 232, 843, 321
62, 3, 812, 17, 1143, 306
62, 4, 1013, 13, 1211, 107
63, 0, 40, 23, 1166, 329
64, 0, 52, 19, 739, 313
64, 1, 812, 132, 1046, 261
64, 2, 895, 47, 1128, 139
64, 3, 1104, 130, 1223, 275
65, 0, 39, 18, 803, 312
65, 1, 901, 127, 1158, 324
65, 2, 905, 49, 1052, 140
66, 0, 45, 21, 957, 333
66, 1, 979, 275, 1099, 338
66, 2, 973, 142, 1123, 296
66, 3, 960, 31, 1132, 123
67, 0, 101, 19, 817, 326
67, 1, 860, 52, 1171, 350
67, 2, 1019, 32, 1156, 96
68, 0, 67, 22, 1002, 342
68, 1, 1028, 145, 1229, 317
68, 2, 966, 32, 1169, 147
69, 0, 30, 23, 1178, 334
69, 1, 1049, 30, 1195, 84
70, 0, 73, 21, 1185, 358
70, 1, 1057, 25, 1139, 79
71, 0, 66, 20, 1206, 356
71, 1, 1018, 18, 1202, 106
72, 0, 80, 19, 1214, 354
72, 1, 135, 275, 270, 333
73, 0, 43, 17, 1191, 354
74, 0, 72, 19, 1194, 350
75, 0, 60, 111, 251, 325
75, 1, 100, 19, 1184, 346
76, 0, 10, 184, 127, 363
76, 1, 102, 20, 1187, 244
76, 2, 191, 86, 570, 330
76, 3, 647, 156, 1139, 345
77, 0, 45, 24, 228, 105
77, 1, 166, 130, 769, 320
77, 2, 25, 226, 176, 343
77, 3, 663, 28, 1156, 317
78, 0, 15, 39, 108, 151
78, 1, 147, 18, 1184, 321
78, 2, 52, 254, 119, 313
78, 3, 311, 19, 446, 48
78, 4, 728, 132, 1143, 333
79, 0, 101, 16, 1122, 333
79, 1, 473, 231, 964, 343
79, 2, 874, 21, 1216, 134
80, 0, 59, 18, 1205, 336
81, 0, 59, 22, 1183, 337
81, 1, 1018, 25, 1183, 117
82, 0, 45, 20, 1210, 361
83, 0, 51, 20, 1190, 329
83, 1, 962, 152, 1205, 364
84, 0, 66, 21, 891, 300
84, 1, 726, 18, 1220, 250
85, 0, 64, 25, 1169, 339
85, 1, 743, 26, 1212, 205
85, 2, 1167, 201, 1216, 287
86, 0, 41, 90, 184, 261
86, 1, 181, 23, 1197, 335
86, 2, 988, 26, 1207, 136
87, 0, 76, 66, 183, 153
87, 1, 146, 27, 852, 342
87, 2, 800, 144, 1120, 301
87, 3, 869, 64, 950, 112
87, 4, 1095, 184, 1229, 320
87, 5, 1026, 22, 1229, 157
88, 0, 40, 18, 135, 152
88, 1, 161, 12, 996, 340
88, 2, 773, 268, 1026, 329
88, 3, 921, 69, 1121, 158
88, 4, 1088, 286, 1169, 360
88, 5, 1087, 129, 1218, 231
88, 6, 1054, 27, 1209, 126
89, 0, 30, 41, 354, 342
89, 1, 319, 63, 668, 330
89, 2, 473, 14, 802, 57
89, 3, 868, 39, 1229, 363
89, 4, 955, 15, 1148, 123
90, 0, 25, 24, 260, 340
90, 1, 281, 15, 837, 338
90, 2, 894, 130, 1209, 340
90, 3, 909, 26, 1169, 160
91, 0, 21, 55, 311, 341
91, 1, 276, 22, 830, 327
91, 2, 925, 41, 1164, 338
92, 0, 66, 167, 263, 347
92, 1, 185, 16, 827, 332
92, 2, 810, 79, 937, 278
92, 3, 958, 24, 1215, 337
93, 0, 151, 91, 219, 322
93, 1, 208, 20, 947, 343
93, 2, 1018, 245, 1137, 350
93, 3, 895, 223, 960, 358
93, 4, 1166, 292, 1228, 349
93, 5, 962, 73, 1209, 265
93, 6, 981, 22, 1155, 106
94, 0, 11, 286, 119, 360
94, 1, 113, 18, 1038, 355
94, 2, 147, 184, 427, 352
94, 3, 975, 150, 1192, 354
94, 4, 1086, 293, 1206, 356
94, 5, 995, 28, 1204, 166
95, 0, 92, 159, 329, 343
95, 1, 67, 14, 1188, 359
95, 2, 1006, 18, 1074, 139
95, 3, 1179, 287, 1207, 324
95, 4, 1086, 34, 1137, 77
96, 0, 55, 14, 1207, 363
96, 1, 1105, 304, 1218, 363
97, 0, 43, 16, 1209, 360
97, 1, 1120, 158, 1204, 227
98, 0, 65, 159, 238, 340
98, 1, 87, 14, 1204, 365
99, 0, 61, 164, 177, 342
99, 1, 48, 14, 1204, 358
99, 2, 1091, 247, 1182, 336
100, 0, 70, 15, 1208, 339
100, 1, 516, 211, 1130, 354
101, 0, 85, 16, 1209, 353
102, 0, 78, 24, 915, 351
102, 1, 503, 18, 1188, 350
103, 0, 72, 20, 1192, 350
104, 0, 60, 93, 348, 331
104, 1, 100, 23, 1178, 340
105, 0, 70, 89, 232, 337
105, 1, 54, 19, 931, 312
105, 2, 555, 133, 1145, 339
105, 3, 871, 24, 1194, 108
106, 0, 59, 20, 1158, 333
106, 1, 917, 22, 1196, 137
107, 0, 62, 121, 189, 341
107, 1, 107, 24, 516, 342
107, 2, 580, 19, 923, 223
107, 3, 602, 135, 1227, 305
107, 4, 948, 18, 1222, 107
108, 0, 53, 142, 166, 342
108, 1, 72, 21, 1216, 337
108, 2, 910, 27, 1176, 114
109, 0, 53, 19, 969, 353
109, 1, 961, 26, 1109, 91
109, 2, 1022, 143, 1145, 301
110, 0, 39, 118, 142, 254
110, 1, 57, 19, 948, 333
110, 2, 662, 121, 1171, 325
110, 3, 966, 20, 1147, 158
111, 0, 28, 151, 176, 302
111, 1, 54, 19, 1151, 344
111, 2, 904, 30, 1015, 162
111, 3, 1096, 21, 1163, 88
112, 0, 41, 19, 1073, 333
112, 1, 1093, 23, 1213, 52
113, 0, 26, 18, 1125, 340
113, 1, 944, 29, 1006, 127
114, 0, 40, 19, 715, 339
114, 1, 670, 44, 1005, 290
114, 2, 1000, 25, 1167, 161
115, 0, 35, 20, 679, 266
115, 1, 377, 280, 711, 337
115, 2, 697, 41, 1059, 296
115, 3, 1041, 24, 1166, 161
116, 0, 11, 22, 926, 363
116, 1, 950, 193, 1034, 247
116, 2, 1021, 11, 1167, 141
117, 0, 28, 20, 944, 352
117, 1, 1062, 105, 1106, 305
117, 2, 1068, 14, 1216, 135
118, 0, 32, 21, 971, 355
118, 1, 1063, 14, 1192, 144
119, 0, 36, 11, 1113, 326
119, 1, 673, 280, 798, 337
120, 0, 15, 18, 1083, 341
120, 1, 860, 16, 1107, 235
121, 0, 22, 20, 984, 336
121, 1, 23, 26, 163, 119
121, 2, 850, 21, 1042, 186
122, 0, 21, 31, 214, 329
122, 1, 127, 22, 974, 346
122, 2, 944, 40, 1083, 221
123, 0, 16, 21, 551, 339
123, 1, 354, 19, 1011, 305
123, 2, 937, 13, 1130, 218
124, 0, 55, 31, 368, 332
124, 1, 342, 23, 1056, 335
124, 2, 1001, 13, 1167, 196
125, 0, 67, 34, 329, 346
125, 1, 324, 23, 1100, 341
125, 2, 946, 23, 1127, 80
126, 0, 81, 35, 227, 302
126, 1, 11, 249, 124, 317
126, 2, 228, 19, 1096, 339
126, 3, 959, 14, 1174, 107
127, 0, 11, 42, 309, 347
127, 1, 176, 15, 1092, 340
127, 2, 1108, 59, 1192, 97
128, 0, 51, 20, 1175, 345
129, 0, 87, 18, 1203, 339
129, 1, 68, 197, 157, 301
129, 2, 930, 196, 1112, 362
130, 0, 108, 17, 735, 342
130, 1, 43, 196, 171, 326
130, 2, 653, 25, 912, 278
130, 3, 898, 24, 1170, 127
131, 0, 53, 15, 1125, 335
131, 1, 134, 134, 418, 336
132, 0, 84, 17, 618, 337
132, 1, 555, 29, 1033, 160
132, 2, 692, 135, 853, 298
132, 3, 931, 182, 1076, 278
132, 4, 1055, 23, 1150, 106
133, 0, 59, 19, 1114, 335
134, 0, 40, 22, 870, 331
134, 1, 830, 11, 1213, 158
134, 2, 1001, 195, 1186, 273
135, 0, 29, 22, 1120, 359
136, 0, 36, 118, 882, 352
136, 1, 61, 12, 1087, 264
136, 2, 783, 29, 977, 128
137, 0, 48, 27, 925, 360
137, 1, 712, 95, 961, 263
137, 2, 816, 29, 914, 145
137, 3, 935, 15, 1163, 131
138, 0, 34, 69, 216, 347
138, 1, 83, 22, 426, 338
138, 2, 514, 253, 757, 327
138, 3, 651, 21, 1145, 257
138, 4, 844, 186, 1014, 337
139, 0, 40, 28, 1083, 341
139, 1, 303, 27, 561, 283
139, 2, 675, 16, 1130, 170
140, 0, 87, 14, 1197, 339
140, 1, 176, 213, 311, 319
141, 0, 48, 19, 977, 330
141, 1, 116, 199, 303, 324
141, 2, 661, 22, 978, 166
141, 3, 944, 10, 1187, 133
142, 0, 48, 18, 747, 340
142, 1, 697, 15, 1167, 163
142, 2, 782, 162, 1124, 337
143, 0, 59, 19, 843, 336
143, 1, 761, 11, 1118, 113
143, 2, 893, 111, 1017, 282
143, 3, 1020, 146, 1097, 267
144, 0, 49, 18, 1189, 340
144, 1, 944, 156, 1107, 329
145, 0, 37, 22, 1162, 350
145, 1, 999, 169, 1134, 353
146, 0, 43, 28, 824, 351
146, 1, 687, 21, 1083, 259
146, 2, 1047, 69, 1160, 239
147, 0, 39, 33, 639, 347
147, 1, 701, 17, 1111, 277
147, 2, 754, 129, 983, 333
148, 0, 48, 18, 1193, 356
149, 0, 44, 25, 1050, 363
149, 1, 727, 16, 1135, 216
150, 0, 37, 21, 719, 361
150, 1, 678, 16, 1188, 282
150, 2, 957, 150, 1061, 317
151, 0, 48, 18, 1150, 349
151, 1, 1010, 159, 1169, 324
152, 0, 75, 137, 259, 330
152, 1, 58, 14, 819, 354
152, 2, 670, 21, 1152, 301
152, 3, 1072, 156, 1140, 331
153, 0, 38, 25, 747, 359
153, 1, 730, 23, 1190, 320
153, 2, 999, 129, 1166, 277
154, 0, 43, 25, 685, 349
154, 1, 264, 33, 868, 336
154, 2, 680, 15, 1187, 296
155, 0, 25, 18, 1185, 342
156, 0, 18, 20, 1098, 343
156, 1, 548, 31, 593, 71
156, 2, 730, 16, 1199, 158
157, 0, 24, 143, 305, 340
157, 1, 32, 20, 603, 324
157, 2, 529, 32, 593, 71
157, 3, 746, 21, 986, 158
157, 4, 706, 128, 1140, 328
157, 5, 1010, 18, 1197, 119
158, 0, 32, 164, 515, 330
158, 1, 18, 22, 1181, 328
158, 2, 762, 21, 988, 189
158, 3, 1024, 19, 1164, 113
159, 0, 38, 26, 806, 338
159, 1, 720, 18, 1185, 321
159, 2, 1015, 122, 1208, 334
160, 0, 30, 14, 551, 334
160, 1, 21, 50, 69, 122
160, 2, 580, 231, 987, 343
160, 3, 720, 12, 979, 159
160, 4, 835, 128, 1203, 263
160, 5, 949, 11, 1213, 144
161, 0, 25, 27, 518, 355
161, 1, 34, 118, 210, 353
161, 2, 702, 234, 1128, 341
161, 3, 721, 13, 1209, 154
161, 4, 821, 91, 1223, 269
162, 0, 23, 19, 754, 335
162, 1, 31, 40, 95, 119
162, 2, 600, 183, 828, 332
162, 3, 772, 68, 858, 159
162, 4, 883, 90, 1210, 344
162, 5, 908, 26, 1014, 122
162, 6, 1060, 30, 1185, 148
163, 0, 25, 15, 884, 359
163, 1, 906, 124, 1186, 332
163, 2, 944, 39, 1195, 144
163, 3, 1086, 17, 1214, 91
164, 0, 24, 15, 908, 349
164, 1, 902, 22, 1212, 337
164, 2, 938, 11, 1029, 77
165, 0, 25, 11, 948, 356
165, 1, 505, 16, 869, 235
165, 2, 874, 82, 1199, 288
165, 3, 1009, 13, 1218, 130
166, 0, 25, 17, 504, 344
166, 1, 595, 263, 921, 360
166, 2, 721, 29, 1027, 270
166, 3, 1057, 104, 1221, 310
166, 4, 1074, 14, 1230, 108
167, 0, 23, 17, 982, 264
167, 1, 25, 160, 951, 361
167, 2, 1030, 15, 1176, 122
167, 3, 1040, 109, 1191, 320
168, 0, 23, 161, 651, 358
168, 1, 44, 18, 1130, 351
168, 2, 1070, 134, 1220, 302
168, 3, 1040, 11, 1216, 132
169, 0, 22, 161, 684, 361
169, 1, 43, 26, 968, 300
169, 2, 775, 315, 1017, 350
169, 3, 834, 24, 1231, 312
169, 4, 1039, 17, 1226, 170
170, 0, 22, 14, 1217, 360
170, 1, 787, 289, 868, 348
170, 2, 1054, 174, 1202, 304
171, 0, 42, 13, 1038, 362
171, 1, 799, 266, 978, 352
171, 2, 1047, 156, 1220, 345
171, 3, 1055, 20, 1221, 154
172, 0, 24, 136, 418, 359
172, 1, 43, 14, 1219, 361
172, 2, 808, 261, 1076, 353
172, 3, 1166, 305, 1212, 346
173, 0, 21, 13, 1210, 361
174, 0, 22, 11, 1218, 357
174, 1, 842, 258, 1173, 338
175, 0, 25, 10, 1222, 360
175, 1, 30, 255, 197, 355
176, 0, 29, 22, 890, 358
176, 1, 278, 22, 327, 51
176, 2, 443, 12, 1211, 208
176, 3, 906, 229, 1194, 344
177, 0, 35, 13, 1199, 357
177, 1, 880, 12, 1213, 186
178, 0, 18, 14, 1194, 357
178, 1, 765, 12, 1217, 260
179, 0, 24, 11, 1223, 356
180, 0, 13, 12, 1223, 364
181, 0, 22, 13, 1218, 357
182, 0, 10, 29, 413, 358
182, 1, 557, 272, 1191, 337
182, 2, 831, 13, 1215, 292
183, 0, 21, 24, 642, 362
183, 1, 494, 12, 596, 52
183, 2, 729, 275, 1212, 336
183, 3, 769, 22, 1211, 254
184, 0, 19, 11, 1213, 360
185, 0, 19, 12, 1215, 360
186, 0, 29, 12, 590, 361
186, 1, 433, 302, 968, 362
186, 2, 806, 22, 1213, 322
187, 0, 43, 12, 1211, 361
187, 1, 13, 217, 66, 282
188, 0, 28, 29, 787, 366
188, 1, 519, 11, 727, 73
188, 2, 749, 23, 1213, 346
189, 0, 31, 11, 1207, 363
190, 0, 21, 12, 1211, 362
191, 0, 31, 35, 896, 362
191, 1, 344, 14, 799, 79
191, 2, 778, 11, 1195, 340
192, 0, 16, 15, 1200, 362
193, 0, 83, 12, 1197, 158
193, 1, 23, 165, 1201, 362
194, 0, 32, 40, 983, 363
194, 1, 373, 13, 1200, 102
194, 2, 805, 75, 1199, 361
195, 0, 40, 19, 418, 357
195, 1, 665, 142, 1199, 361
195, 2, 848, 28, 1205, 279
196, 0, 48, 119, 1158, 361
196, 1, 96, 17, 1207, 331
197, 0, 55, 118, 402, 357
197, 1, 100, 19, 404, 100
197, 2, 664, 27, 1205, 356
197, 3, 725, 161, 952, 352
198, 0, 62, 16, 1205, 360
199, 0, 67, 39, 352, 356
199, 1, 883, 321, 1203, 353
200, 0, 72, 13, 1224, 361
201, 0, 77, 13, 891, 358
201, 1, 718, 25, 1203, 354
202, 0, 101, 177, 157, 259
202, 1, 125, 15, 1125, 121
202, 2, 81, 285, 1199, 359
202, 3, 1039, 159, 1171, 229
203, 0, 117, 16, 1212, 362
203, 1, 87, 326, 473, 360
204, 0, 95, 47, 396, 362
204, 1, 503, 177, 1224, 360
204, 2, 864, 30, 1127, 94
205, 0, 103, 15, 1226, 362
206, 0, 147, 14, 1193, 332
206, 1, 112, 263, 1133, 363
207, 0, 122, 35, 873, 362
207, 1, 424, 12, 1226, 315
207, 2, 809, 141, 1159, 361
208, 0, 159, 15, 1208, 360
208, 1, 134, 247, 859, 362
209, 0, 130, 16, 1099, 365
209, 1, 147, 326, 630, 361
209, 2, 858, 24, 1154, 255
209, 3, 886, 136, 1056, 254
210, 0, 130, 25, 1141, 362
210, 1, 163, 325, 297, 355
210, 2, 575, 18, 1221, 282
211, 0, 167, 16, 1207, 360
211, 1, 180, 325, 610, 360
212, 0, 185, 24, 627, 360
212, 1, 680, 23, 1232, 364
213, 0, 199, 19, 1188, 363
214, 0, 220, 16, 1182, 363
215, 0, 247, 127, 940, 361
215, 1, 258, 14, 1142, 243
215, 2, 761, 114, 1166, 349
216, 0, 255, 14, 1195, 360
217, 0, 257, 13, 1081, 361
217, 1, 819, 33, 1205, 353
218, 0, 270, 13, 1158, 363
219, 0, 300, 14, 1148, 349
219, 1, 269, 153, 1094, 361
220, 0, 279, 15, 1106, 355
220, 1, 288, 315, 562, 364
220, 2, 670, 19, 1183, 348
221, 0, 272, 18, 1171, 350
221, 1, 301, 317, 659, 362
222, 0, 274, 15, 1172, 350
222, 1, 332, 335, 450, 361
222, 2, 662, 14, 1167, 258
223, 0, 271, 13, 1222, 348
223, 1, 316, 318, 471, 361
224, 0, 277, 18, 1221, 346
224, 1, 320, 315, 511, 361
224, 2, 764, 83, 1149, 245
225, 0, 290, 16, 1207, 349
225, 1, 311, 319, 502, 365
226, 0, 285, 15, 1232, 365
226, 1, 304, 318, 551, 361
227, 0, 270, 14, 1210, 346
227, 1, 317, 315, 570, 363
227, 2, 1151, 133, 1229, 238
228, 0, 281, 14, 1145, 361
228, 1, 1140, 170, 1220, 245
229, 0, 179, 10, 1168, 361
229, 1, 1109, 234, 1150, 309
230, 0, 120, 13, 1136, 362
231, 0, 236, 17, 1131, 364
231, 1, 94, 223, 247, 331
231, 2, 1117, 109, 1204, 140
232, 0, 219, 14, 1160, 363
232, 1, 19, 230, 258, 343
233, 0, 157, 12, 1169, 359
233, 1, 49, 232, 126, 350
233, 2, 347, 188, 690, 354
234, 0, 155, 13, 1180, 363
234, 1, 37, 256, 110, 334
234, 2, 1006, 233, 1131, 307
235, 0, 111, 57, 155, 98
235, 1, 201, 13, 1206, 361
235, 2, 32, 213, 329, 354
236, 0, 35, 30, 871, 365
236, 1, 519, 186, 1041, 327
236, 2, 581, 15, 1209, 215
237, 0, 55, 19, 1219, 363
238, 0, 46, 17, 1233, 364
239, 0, 25, 18, 1196, 364
240, 0, 17, 15, 1187, 361
240, 1, 867, 131, 1214, 342
240, 2, 1044, 232, 1105, 246
241, 0, 36, 11, 1220, 361
242, 0, 26, 15, 1206, 363
242, 1, 980, 237, 1067, 333
243, 0, 44, 15, 1049, 365
243, 1, 663, 15, 1213, 250
244, 0, 27, 15, 822, 365
244, 1, 648, 179, 935, 268
244, 2, 671, 15, 1200, 236
244, 3, 931, 230, 1040, 317
244, 4, 1048, 235, 1179, 351
245, 0, 30, 173, 571, 366
245, 1, 21, 34, 450, 304
245, 2, 688, 227, 769, 337
245, 3, 680, 18, 1201, 301
245, 4, 976, 229, 1170, 324
246, 0, 33, 197, 194, 322
246, 1, 201, 26, 359, 177
246, 2, 307, 279, 521, 360
246, 3, 995, 271, 1140, 329
246, 4, 976, 158, 1077, 236
246, 5, 1002, 29, 1180, 90
247, 0, 25, 12, 1198, 361
247, 1, 697, 128, 1181, 334
248, 0, 22, 11, 554, 362
248, 1, 712, 13, 1232, 342
248, 2, 1057, 273, 1192, 306
249, 0, 21, 11, 1209, 357
249, 1, 703, 152, 1200, 355
250, 0, 28, 14, 864, 360
250, 1, 760, 153, 1177, 324
250, 2, 751, 13, 1201, 202
250, 3, 1076, 274, 1216, 358
251, 0, 32, 18, 1173, 359
251, 1, 686, 17, 1200, 270
252, 0, 25, 19, 1233, 363
253, 0, 38, 16, 609, 241
253, 1, 64, 165, 1209, 362
253, 2, 702, 23, 1194, 121
254, 0, 33, 165, 460, 366
254, 1, 28, 21, 1215, 363
254, 2, 698, 29, 1210, 193
255, 0, 26, 185, 130, 274
255, 1, 43, 18, 1188, 366
255, 2, 44, 299, 461, 366
255, 3, 695, 29, 1214, 194
256, 0, 34, 19, 553, 299
256, 1, 44, 166, 1210, 365
256, 2, 691, 24, 1219, 190
257, 0, 46, 261, 428, 357
257, 1, 27, 38, 836, 358
257, 2, 711, 18, 1207, 115
257, 3, 798, 113, 1054, 288
257, 4, 1075, 161, 1193, 320
258, 0, 29, 260, 280, 359
258, 1, 44, 16, 1019, 358
258, 2, 709, 13, 1206, 230
259, 0, 31, 106, 1066, 359
259, 1, 48, 27, 633, 190
259, 2, 708, 14, 1207, 201
260, 0, 30, 261, 267, 359
260, 1, 38, 26, 1123, 359
260, 2, 708, 30, 1211, 200
261, 0, 46, 294, 225, 354
261, 1, 53, 24, 839, 360
261, 2, 708, 22, 1212, 184
261, 3, 899, 171, 1154, 329
262, 0, 40, 297, 180, 352
262, 1, 77, 25, 827, 361
262, 2, 419, 36, 674, 115
262, 3, 777, 27, 1215, 220
262, 4, 928, 175, 1073, 330
262, 5, 1117, 229, 1206, 301
263, 0, 41, 333, 176, 356
263, 1, 43, 16, 1196, 359
263, 2, 709, 13, 992, 153
263, 3, 1045, 245, 1163, 324
264, 0, 75, 17, 1085, 356
264, 1, 709, 14, 1199, 225
265, 0, 64, 19, 845, 359
265, 1, 710, 15, 1036, 183
265, 2, 841, 33, 1208, 316
266, 0, 52, 16, 806, 325
266, 1, 782, 153, 1192, 321
266, 2, 708, 31, 1209, 184
267, 0, 33, 22, 861, 333
267, 1, 713, 16, 1194, 229
267, 2, 949, 122, 1197, 341
268, 0, 32, 19, 453, 335
268, 1, 712, 285, 877, 339
268, 2, 714, 28, 1198, 233
268, 3, 983, 175, 1201, 340
269, 0, 29, 19, 475, 334
269, 1, 737, 27, 1221, 232
269, 2, 889, 195, 1197, 341
270, 0, 30, 20, 523, 327
270, 1, 618, 159, 887, 286
270, 2, 717, 27, 1195, 216
270, 3, 892, 177, 1199, 337
271, 0, 65, 120, 529, 336
271, 1, 52, 22, 592, 133
271, 2, 619, 234, 965, 324
271, 3, 719, 11, 1094, 182
271, 4, 1047, 107, 1176, 344
272, 0, 58, 21, 1008, 355
272, 1, 719, 20, 1200, 240
272, 2, 1104, 282, 1132, 330
273, 0, 36, 115, 136, 358
273, 1, 59, 26, 592, 345
273, 2, 621, 209, 1102, 348
273, 3, 733, 19, 1133, 212
274, 0, 59, 27, 1007, 346
274, 1, 719, 19, 1177, 278
275, 0, 48, 28, 763, 345
275, 1, 701, 155, 1173, 277
275, 2, 739, 16, 1180, 183
276, 0, 58, 37, 974, 350
276, 1, 721, 19, 1189, 277
276, 2, 908, 306, 1102, 348
277, 0, 36, 33, 978, 349
277, 1, 714, 20, 1188, 300
278, 0, 32, 21, 1193, 357
278, 1, 716, 17, 1204, 198
279, 0, 39, 37, 243, 342
279, 1, 190, 45, 1180, 346
279, 2, 714, 17, 1193, 156
280, 0, 30, 39, 182, 287
280, 1, 171, 50, 531, 347
280, 2, 746, 164, 1150, 346
280, 3, 734, 16, 1198, 244
281, 0, 66, 52, 542, 342
281, 1, 78, 46, 142, 100
281, 2, 789, 227, 1231, 351
281, 3, 714, 21, 1186, 253
282, 0, 53, 31, 676, 357
282, 1, 751, 112, 1207, 355
282, 2, 771, 29, 974, 110
282, 3, 1062, 39, 1168, 140
283, 0, 50, 25, 581, 356
283, 1, 668, 134, 1011, 289
283, 2, 691, 27, 998, 164
283, 3, 859, 189, 1214, 349
283, 4, 1096, 40, 1184, 132
284, 0, 47, 18, 1160, 359
285, 0, 45, 15, 1214, 351
285, 1, 892, 267, 973, 335
286, 0, 37, 16, 453, 343
286, 1, 470, 17, 1144, 311
287, 0, 39, 13, 1103, 350
287, 1, 856, 266, 1160, 344
288, 0, 27, 11, 1180, 346
288, 1, 443, 191, 951, 359
289, 0, 14, 13, 884, 360
289, 1, 669, 15, 1183, 341
290, 0, 39, 21, 832, 359
290, 1, 646, 19, 1050, 242
290, 2, 935, 109, 1138, 335
291, 0, 30, 19, 1067, 355
291, 1, 931, 109, 1153, 326
292, 0, 38, 23, 1093, 360
292, 1, 987, 112, 1171, 183
292, 2, 1088, 213, 1151, 320
293, 0, 35, 15, 1090, 365
293, 1, 1092, 112, 1142, 181
294, 0, 37, 19, 851, 365
294, 1, 802, 85, 994, 301
294, 2, 850, 14, 949, 110
295, 0, 38, 16, 1018, 365
295, 1, 672, 13, 1075, 145
296, 0, 41, 15, 1137, 364
297, 0, 36, 21, 1187, 359
298, 0, 58, 241, 651, 362
298, 1, 40, 16, 1042, 286
298, 2, 661, 139, 1091, 356
298, 3, 1092, 57, 1211, 87
299, 0, 50, 241, 488, 362
299, 1, 38, 19, 532, 305
299, 2, 602, 151, 1185, 338
299, 3, 698, 14, 1220, 178
300, 0, 43, 264, 485, 364
300, 1, 46, 13, 1213, 317
301, 0, 23, 15, 1169, 363
301, 1, 44, 17, 542, 277
301, 2, 697, 18, 786, 43
302, 0, 30, 155, 1060, 361
302, 1, 56, 10, 586, 323
302, 2, 697, 17, 1157, 197
302, 3, 1090, 270, 1122, 311
303, 0, 27, 232, 492, 360
303, 1, 54, 21, 311, 204
303, 2, 406, 19, 1177, 200
303, 3, 583, 285, 840, 345
303, 4, 778, 135, 1065, 245
303, 5, 962, 247, 1202, 357
304, 0, 25, 300, 488, 360
304, 1, 78, 19, 1215, 334
305, 0, 19, 305, 410, 360
305, 1, 60, 32, 198, 279
305, 2, 187, 19, 521, 349
305, 3, 660, 190, 946, 330
305, 4, 698, 18, 1097, 163
305, 5, 919, 121, 1117, 280
306, 0, 37, 335, 109, 361
306, 1, 56, 103, 257, 355
306, 2, 118, 20, 916, 354
306, 3, 658, 249, 889, 337
306, 4, 698, 13, 1145, 162
306, 5, 954, 137, 1118, 300
307, 0, 31, 15, 1039, 341
307, 1, 1016, 45, 1169, 316
308, 0, 60, 19, 541, 347
308, 1, 704, 153, 1111, 325
308, 2, 821, 15, 1194, 187
309, 0, 76, 20, 532, 357
309, 1, 594, 202, 762, 281
309, 2, 672, 14, 977, 327
309, 3, 1061, 57, 1156, 155
310, 0, 60, 15, 721, 335
310, 1, 407, 264, 709, 363
310, 2, 699, 22, 984, 261
310, 3, 830, 289, 935, 342
311, 0, 68, 14, 1025, 346
311, 1, 673, 15, 1036, 184
312, 0, 27, 16, 1158, 352
312, 1, 141, 283, 188, 356
313, 0, 53, 13, 1030, 356
313, 1, 951, 34, 1174, 315
314, 0, 55, 19, 923, 365
314, 1, 654, 14, 1061, 156
314, 2, 999, 161, 1178, 338
315, 0, 71, 14, 1110, 362
316, 0, 52, 13, 1058, 363
317, 0, 61, 17, 725, 363
317, 1, 618, 118, 1136, 349
317, 2, 683, 11, 1182, 200
318, 0, 14, 14, 784, 364
318, 1, 683, 20, 1167, 254
318, 2, 974, 121, 1181, 321
319, 0, 99, 17, 639, 350
319, 1, 588, 162, 918, 343
319, 2, 704, 15, 1094, 192
319, 3, 1053, 134, 1213, 336
320, 0, 40, 15, 710, 357
320, 1, 661, 159, 955, 329
320, 2, 705, 13, 1174, 188
321, 0, 52, 19, 717, 345
321, 1, 29, 150, 285, 320
321, 2, 565, 179, 977, 330
321, 3, 683, 16, 1212, 187
322, 0, 49, 18, 1195, 349
322, 1, 683, 16, 1187, 183
323, 0, 31, 22, 1201, 345
323, 1, 611, 15, 1197, 179
324, 0, 37, 20, 807, 349
324, 1, 607, 158, 829, 281
324, 2, 685, 11, 1219, 346
325, 0, 42, 15, 1200, 346
325, 1, 1048, 204, 1171, 345
326, 0, 114, 21, 518, 339
326, 1, 581, 111, 1070, 328
326, 2, 999, 37, 1174, 218
327, 0, 122, 19, 914, 336
327, 1, 686, 15, 1193, 226
327, 2, 855, 277, 957, 341
327, 3, 985, 192, 1056, 300
328, 0, 49, 19, 1147, 334
328, 1, 1019, 184, 1109, 325
329, 0, 42, 18, 476, 366
329, 1, 574, 156, 979, 329
329, 2, 566, 260, 818, 339
329, 3, 708, 19, 1150, 160
329, 4, 1074, 182, 1145, 236
330, 0, 15, 17, 1185, 358
330, 1, 992, 190, 1044, 315
331, 0, 12, 31, 389, 227
331, 1, 31, 259, 897, 357
331, 2, 338, 20, 489, 47
331, 3, 671, 155, 938, 261
331, 4, 708, 29, 1164, 178
332, 0, 29, 18, 387, 360
332, 1, 295, 15, 1068, 346
332, 2, 638, 203, 755, 303
333, 0, 32, 16, 448, 357
333, 1, 36, 315, 149, 365
333, 2, 282, 22, 1092, 345
334, 0, 14, 34, 745, 360
334, 1, 214, 21, 1124, 284
334, 2, 877, 186, 1094, 310
335, 0, 13, 261, 112, 366
335, 1, 24, 17, 1045, 347
335, 2, 967, 27, 1148, 309
336, 0, 29, 40, 285, 347
336, 1, 173, 14, 1046, 210
336, 2, 501, 188, 905, 348
336, 3, 967, 98, 1177, 329
337, 0, 25, 46, 216, 334
337, 1, 119, 27, 486, 266
337, 2, 459, 171, 836, 355
337, 3, 616, 86, 988, 260
337, 4, 802, 20, 1048, 161
337, 5, 1021, 123, 1098, 222
338, 0, 65, 24, 483, 340
338, 1, 494, 170, 1034, 346
338, 2, 610, 141, 773, 188
338, 3, 775, 28, 1199, 168
339, 0, 83, 16, 1027, 354
339, 1, 616, 26, 1144, 164
339, 2, 1061, 158, 1186, 233
340, 0, 68, 18, 1187, 355
340, 1, 1008, 206, 1082, 311
341, 0, 74, 14, 1027, 341
341, 1, 722, 14, 1168, 161
341, 2, 1057, 234, 1129, 334
342, 0, 89, 16, 1016, 348
342, 1, 370, 311, 541, 357
342, 2, 506, 130, 1092, 351
342, 3, 1078, 19, 1170, 137
343, 0, 33, 16, 1040, 355
343, 1, 618, 25, 1146, 147
343, 2, 1037, 195, 1164, 290
344, 0, 44, 90, 384, 355
344, 1, 35, 17, 1159, 350
344, 2, 686, 17, 1019, 209
344, 3, 1099, 25, 1173, 182
345, 0, 26, 92, 340, 352
345, 1, 36, 18, 626, 242
345, 2, 349, 237, 808, 363
345, 3, 688, 17, 1036, 234
345, 4, 903, 105, 1087, 310
346, 0, 28, 19, 1070, 364
346, 1, 320, 298, 466, 365
346, 2, 933, 122, 1092, 321
347, 0, 39, 118, 842, 361
347, 1, 31, 15, 1122, 228
348, 0, 35, 18, 1173, 361
349, 0, 32, 14, 1188, 344
349, 1, 275, 279, 890, 359
349, 2, 960, 217, 1015, 246
350, 0, 27, 15, 1195, 353
351, 0, 21, 16, 1214, 338
351, 1, 711, 300, 869, 348
352, 0, 34, 12, 1195, 342
352, 1, 716, 330, 913, 333
353, 0, 25, 14, 589, 359
353, 1, 552, 18, 1174, 234
353, 2, 678, 131, 1058, 267
353, 3, 1071, 25, 1229, 177
354, 0, 21, 14, 1224, 361
354, 1, 916, 355, 979, 363
354, 2, 1099, 24, 1228, 120
355, 0, 11, 12, 1220, 363
356, 0, 22, 11, 1219, 354
357, 0, 21, 17, 540, 359
357, 1, 604, 182, 903, 358
357, 2, 849, 82, 1191, 269
357, 3, 903, 14, 1215, 180
358, 0, 17, 21, 1189, 363
358, 1, 516, 16, 1200, 186
359, 0, 17, 14, 1185, 360
359, 1, 12, 340, 85, 359
359, 2, 685, 17, 1227, 208
360, 0, 20, 14, 1213, 366
360, 1, 22, 304, 106, 364
361, 0, 10, 24, 427, 324
361, 1, 286, 147, 1167, 350
361, 2, 609, 21, 1230, 208
362, 0, 13, 13, 1229, 329
362, 1, 452, 137, 1184, 349
362, 2, 415, 120, 442, 188
362, 3, 267, 192, 357, 230
363, 0, 16, 13, 1223, 363
363, 1, 387, 118, 1166, 349
363, 2, 30, 253, 134, 327
363, 3, 262, 218, 547, 348
364, 0, 14, 23, 391, 333
364, 1, 354, 131, 449, 350
364, 2, 658, 217, 1178, 346
364, 3, 718, 17, 1205, 231
365, 0, 17, 17, 1197, 349
365, 1, 44, 286, 150, 351
365, 2, 188, 216, 277, 296
366, 0, 17, 13, 1204, 328
366, 1, 261, 171, 1150, 359
366, 2, 32, 250, 117, 356
367, 0, 20, 21, 1165, 354
367, 1, 128, 321, 171, 357
367, 2, 232, 233, 284, 294
367, 3, 12, 216, 268, 355
367, 4, 525, 20, 1069, 231
367, 5, 1092, 21, 1208, 148
368, 0, 22, 254, 139, 356
368, 1, 20, 20, 1078, 350
368, 2, 333, 199, 1163, 364
368, 3, 1084, 17, 1221, 144
369, 0, 12, 113, 277, 280
369, 1, 18, 20, 1082, 351
369, 2, 18, 295, 326, 365
369, 3, 617, 89, 781, 223
369, 4, 318, 200, 464, 340
369, 5, 1032, 16, 1204, 143
370, 0, 532, 68, 801, 224
370, 1, 18, 90, 226, 294
370, 2, 19, 21, 486, 159
370, 3, 261, 113, 495, 340
370, 4, 73, 275, 239, 364
370, 5, 235, 261, 312, 341
370, 6, 548, 200, 1032, 351
370, 7, 595, 22, 1104, 224
370, 8, 965, 179, 1037, 254
370, 9, 1112, 19, 1205, 131
371, 0, 17, 93, 238, 297
371, 1, 19, 19, 1207, 181
371, 2, 281, 156, 1060, 352
371, 3, 986, 164, 1078, 254
372, 0, 16, 97, 155, 302
372, 1, 646, 93, 925, 227
372, 2, 19, 22, 1218, 144
372, 3, 254, 116, 983, 351
372, 4, 138, 186, 233, 317
372, 5, 994, 163, 1113, 248
373, 0, 18, 133, 185, 250
373, 1, 679, 93, 824, 228
373, 2, 20, 15, 1223, 364
373, 3, 310, 115, 372, 158
373, 4, 91, 263, 229, 310
373, 5, 220, 150, 257, 197
374, 0, 678, 21, 1224, 242
374, 1, 19, 22, 933, 348
374, 2, 351, 217, 437, 358
374, 3, 222, 157, 255, 202
374, 4, 311, 93, 572, 256
375, 0, 777, 116, 977, 256
375, 1, 20, 22, 939, 328
375, 2, 291, 202, 579, 363
375, 3, 691, 21, 1228, 232
376, 0, 46, 302, 78, 324
376, 1, 481, 38, 529, 134
376, 2, 29, 174, 186, 270
376, 3, 38, 22, 983, 354
376, 4, 760, 13, 1226, 144
376, 5, 871, 133, 1110, 235
377, 0, 34, 11, 1231, 354
378, 0, 41, 11, 1010, 359
378, 1, 25, 92, 103, 328
378, 2, 769, 12, 1231, 233
379, 0, 23, 12, 1232, 356
379, 1, 25, 115, 64, 312
380, 0, 29, 12, 1231, 355
380, 1, 21, 116, 520, 358
381, 0, 25, 12, 1229, 357
382, 0, 21, 11, 1232, 357
383, 0, 24, 11, 1229, 353
383, 1, 430, 11, 771, 66
384, 0, 26, 12, 510, 141
384, 1, 38, 151, 1049, 353
384, 2, 812, 156, 1177, 272
384, 3, 857, 23, 1230, 198
385, 0, 18, 15, 1231, 358
386, 0, 17, 11, 1231, 362
387, 0, 20, 11, 1232, 359
387, 1, 763, 199, 946, 304
388, 0, 16, 10, 500, 351
388, 1, 516, 222, 865, 358
388, 2, 586, 11, 1231, 300
388, 3, 845, 180, 1026, 340
389, 0, 17, 12, 1220, 359
389, 1, 567, 14, 880, 37
389, 2, 875, 187, 972, 338
389, 3, 950, 13, 1231, 203
390, 0, 16, 13, 1232, 357
390, 1, 851, 134, 1219, 327
391, 0, 16, 13, 1229, 352
391, 1, 884, 144, 1217, 324
392, 0, 19, 11, 1231, 246
392, 1, 15, 147, 932, 349
392, 2, 969, 134, 1218, 295
392, 3, 892, 294, 1057, 360
393, 0, 23, 12, 1232, 282
393, 1, 19, 168, 907, 348
393, 2, 839, 289, 929, 347
393, 3, 941, 99, 1218, 357
394, 0, 22, 16, 950, 347
394, 1, 859, 289, 925, 339
394, 2, 922, 154, 1081, 351
394, 3, 816, 12, 1230, 175
394, 4, 1083, 141, 1209, 234
395, 0, 13, 13, 1228, 347
395, 1, 858, 155, 1163, 363
395, 2, 1150, 144, 1221, 234
396, 0, 14, 13, 1228, 363
396, 1, 1139, 141, 1222, 225
397, 0, 15, 11, 1229, 363
397, 1, 1152, 144, 1231, 232
398, 0, 15, 12, 1228, 363
399, 0, 20, 17, 433, 324
399, 1, 47, 183, 1028, 361
399, 2, 421, 163, 597, 251
399, 3, 859, 13, 1227, 359
400, 0, 22, 11, 615, 315
400, 1, 135, 270, 383, 357
400, 2, 487, 203, 1069, 357
400, 3, 778, 13, 1226, 310
401, 0, 24, 11, 1230, 353
401, 1, 92, 265, 660, 356
402, 0, 26, 12, 1226, 252
402, 1, 127, 119, 1167, 353
402, 2, 55, 273, 183, 343
403, 0, 10, 13, 1225, 349
403, 1, 172, 284, 786, 351
404, 0, 11, 14, 1229, 326
404, 1, 173, 220, 1109, 348
405, 0, 12, 15, 1227, 345
405, 1, 172, 262, 476, 346
406, 0, 15, 18, 1021, 343
406, 1, 192, 192, 1069, 345
406, 2, 900, 20, 1225, 263
407, 0, 17, 20, 1224, 366
407, 1, 169, 222, 1045, 366
408, 0, 18, 21, 1222, 364
408, 1, 173, 323, 963, 365
409, 0, 19, 22, 530, 272
409, 1, 176, 272, 401, 364
409, 2, 800, 262, 1041, 364
409, 3, 880, 22, 1222, 363
410, 0, 20, 22, 540, 285
410, 1, 180, 258, 821, 364
410, 2, 540, 22, 661, 23
410, 3, 840, 22, 1221, 364
411, 0, 20, 22, 1221, 363
412, 0, 20, 22, 515, 293
412, 1, 180, 265, 781, 363
412, 2, 540, 22, 781, 43
412, 3, 800, 22, 1221, 363
413, 0, 19, 21, 479, 363
413, 1, 860, 21, 1221, 362
414, 0, 19, 19, 1221, 361
414, 1, 860, 119, 1221, 340
415, 0, 20, 19, 1221, 361
416, 0, 20, 20, 1121, 361
416, 1, 920, 40, 1221, 241
417, 0, 20, 20, 1221, 361
417, 1, 20, 220, 481, 361
418, 0, 20, 20, 1221, 361
419, 0, 20, 20, 441, 341
419, 1, 177, 262, 361, 361
419, 2, 820, 20, 1221, 361
420, 0, 20, 20, 1221, 361
420, 1, 196, 262, 341, 361
421, 0, 20, 20, 1222, 311
421, 1, 152, 240, 1081, 361
422, 0, 20, 20, 961, 361
422, 1, 199, 299, 273, 361
422, 2, 880, 20, 1221, 321
423, 0, 20, 20, 1221, 304
423, 1, 161, 260, 1081, 361
423, 2, 1060, 160, 1221, 241
424, 0, 20, 20, 921, 316
424, 1, 175, 260, 1081, 361
424, 2, 840, 20, 1221, 281
425, 0, 20, 20, 481, 361
425, 1, 126, 301, 381, 361
425, 2, 760, 300, 921, 361
425, 3, 800, 180, 901, 281
425, 4, 820, 20, 1221, 361
426, 0, 20, 20, 1221, 361
426, 1, 137, 320, 401, 361
427, 0, 20, 20, 461, 361
427, 1, 131, 331, 321, 361
427, 2, 780, 220, 1081, 361
427, 3, 860, 20, 1221, 321
428, 0, 20, 20, 1221, 361
428, 1, 120, 330, 381, 361
429, 0, 11, 20, 581, 361
429, 1, 139, 325, 261, 361
429, 2, 740, 20, 1221, 361
429, 3, 780, 300, 881, 361
430, 0, 12, 20, 1221, 361
431, 0, 20, 20, 1221, 361
432, 0, 20, 20, 381, 361
432, 1, 840, 20, 1221, 361
433, 0, 20, 20, 1221, 181
433, 1, 21, 160, 1221, 361
434, 0, 20, 20, 461, 361
434, 1, 20, 220, 281, 361
434, 2, 740, 280, 1061, 361
434, 3, 780, 140, 1001, 301
434, 4, 820, 20, 1221, 321
435, 0, 20, 20, 1221, 141
435, 1, 20, 220, 1221, 361
436, 0, 20, 20, 461, 281
436, 1, 20, 220, 661, 361
436, 2, 540, 20, 1221, 101
436, 3, 740, 60, 1221, 361
437, 0, 20, 20, 661, 181
437, 1, 540, 100, 1221, 361
438, 0, 20, 20, 601, 361
438, 1, 20, 220, 241, 361
438, 2, 580, 340, 821, 361
438, 3, 760, 20, 1221, 361
439, 0, 20, 20, 661, 81
439, 1, 480, 300, 1061, 361
439, 2, 1120, 21, 1221, 141
440, 0, 20, 20, 1221, 361
440, 1, 20, 220, 401, 361
441, 0, 20, 20, 1221, 361
441, 1, 20, 220, 241, 361
442, 0, 20, 20, 341, 201
442, 1, 20, 260, 681, 361
442, 2, 540, 20, 1221, 121
442, 3, 860, 180, 1221, 361
443, 0, 20, 20, 1221, 361
443, 1, 20, 220, 221, 361
444, 0, 20, 20, 1221, 281
444, 1, 20, 220, 1061, 361
445, 0, 1100, 20, 1181, 81
445, 1, 1140, 100, 1221, 221
