6, 0, 66, 20, 1131, 350
6, 1, 1053, 26, 1124, 127
7, 0, 34, 15, 844, 342
7, 1, 595, 98, 1151, 337
7, 2, 905, 24, 1011, 184
7, 3, 1164, 170, 1219, 232
8, 0, 31, 187, 118, 283
8, 1, 76, 12, 309, 328
8, 2, 340, 17, 1169, 343
9, 0, 22, 191, 275, 302
9, 1, 23, 72, 222, 189
9, 2, 306, 17, 1006, 306
9, 3, 1014, 35, 1126, 129
10, 0, 70, 219, 258, 330
10, 1, 105, 85, 207, 210
10, 2, 273, 16, 1013, 346
10, 3, 645, 24, 1120, 208
11, 0, 75, 101, 213, 356
11, 1, 147, 34, 1006, 345
11, 2, 1026, 214, 1119, 290
11, 3, 1066, 25, 1221, 80
12, 0, 100, 22, 920, 354
12, 1, 668, 181, 767, 239
12, 2, 689, 49, 1020, 290
12, 3, 810, 28, 1022, 166
13, 0, 85, 46, 433, 334
13, 1, 211, 22, 1188, 338
13, 2, 767, 149, 858, 227
14, 0, 60, 43, 1041, 348
14, 1, 197, 30, 525, 278
14, 2, 668, 27, 780, 114
14, 3, 865, 40, 1154, 211
15, 0, 93, 18, 854, 342
15, 1, 881, 50, 1150, 341
16, 0, 120, 15, 913, 342
16, 1, 860, 20, 1228, 344
17, 0, 94, 15, 804, 236
17, 1, 110, 204, 467, 330
17, 2, 578, 113, 973, 345
17, 3, 860, 50, 1177, 326
17, 4, 1045, 280, 1102, 330
17, 5, 1017, 17, 1084, 58
18, 0, 64, 22, 1163, 359
18, 1, 630, 182, 1083, 345
18, 2, 1123, 316, 1197, 348
18, 3, 1103, 14, 1156, 103
19, 0, 44, 26, 1215, 355
19, 1, 529, 25, 1176, 185
19, 2, 924, 272, 1046, 343
20, 0, 32, 22, 1203, 360
20, 1, 947, 260, 1107, 341
20, 2, 912, 23, 1209, 164
21, 0, 42, 23, 875, 357
21, 1, 52, 267, 256, 361
21, 2, 644, 16, 1203, 264
21, 3, 983, 155, 1196, 329
22, 0, 37, 158, 98, 251
22, 1, 42, 115, 1203, 362
22, 2, 60, 23, 499, 293
22, 3, 750, 32, 1168, 119
23, 0, 34, 19, 1208, 360
24, 0, 42, 119, 878, 357
24, 1, 101, 15, 647, 261
24, 2, 758, 28, 915, 182
24, 3, 943, 181, 1134, 341
24, 4, 974, 30, 1200, 213
25, 0, 90, 203, 134, 259
25, 1, 64, 17, 1162, 359
25, 2, 645, 12, 1207, 216
26, 0, 44, 212, 229, 340
26, 1, 36, 37, 195, 75
26, 2, 137, 15, 1187, 358
27, 0, 57, 192, 460, 341
27, 1, 88, 29, 1104, 362
27, 2, 538, 25, 1213, 220
28, 0, 42, 11, 1197, 366
29, 0, 26, 11, 1161, 352
29, 1, 34, 219, 187, 357
29, 2, 583, 20, 1216, 277
30, 0, 40, 20, 795, 348
30, 1, 45, 201, 224, 343
30, 2, 582, 18, 1209, 213
30, 3, 733, 158, 1216, 359
31, 0, 46, 19, 1217, 354
32, 0, 52, 17, 1210, 343
33, 0, 49, 18, 1214, 341
34, 0, 43, 20, 1179, 360
35, 0, 57, 17, 1186, 351
36, 0, 59, 27, 1229, 354
36, 1, 467, 15, 1191, 180
37, 0, 53, 101, 234, 336
37, 1, 75, 16, 1219, 331
38, 0, 53, 15, 1185, 353
39, 0, 27, 17, 1154, 351
39, 1, 964, 96, 1188, 305
40, 0, 62, 17, 1201, 346
40, 1, 77, 21, 330, 107
41, 0, 64, 18, 1157, 332
42, 0, 27, 75, 234, 345
42, 1, 31, 11, 1174, 354
43, 0, 11, 18, 1210, 333
43, 1, 56, 182, 89, 300
44, 0, 48, 17, 1010, 332
44, 1, 908, 30, 1173, 262
45, 0, 10, 19, 679, 339
45, 1, 761, 148, 1065, 364
45, 2, 833, 25, 1214, 191
46, 0, 53, 20, 1168, 335
46, 1, 957, 20, 1191, 118
46, 2, 1112, 219, 1208, 327
47, 0, 51, 20, 933, 346
47, 1, 862, 156, 1225, 324
47, 2, 933, 26, 1200, 165
48, 0, 57, 190, 212, 348
48, 1, 66, 11, 1203, 353
49, 0, 54, 140, 79, 271
49, 1, 62, 22, 1204, 357
50, 0, 63, 17, 1195, 362
51, 0, 42, 21, 1199, 362
51, 1, 48, 298, 150, 359
51, 2, 1049, 165, 1144, 336
52, 0, 75, 19, 449, 360
52, 1, 361, 17, 1176, 355
53, 0, 44, 15, 1202, 360
53, 1, 862, 19, 1202, 163
54, 0, 50, 288, 147, 340
54, 1, 78, 16, 871, 347
54, 2, 644, 16, 1182, 332
55, 0, 66, 17, 1217, 353
55, 1, 693, 132, 771, 203
56, 0, 60, 19, 1190, 356
57, 0, 39, 158, 318, 355
57, 1, 193, 19, 1163, 349
58, 0, 49, 18, 1149, 343
58, 1, 915, 27, 1125, 103
59, 0, 39, 19, 1146, 341
59, 1, 937, 37, 1122, 158
60, 0, 34, 17, 1133, 360
60, 1, 979, 15, 1191, 136
61, 0, 42, 15, 1192, 344
61, 1, 988, 13, 1203, 138
62, 0, 50, 15, 1203, 347
63, 0, 44, 17, 1225, 338
63, 1, 827, 269, 1127, 343
63, 2, 1131, 138, 1228, 266
64, 0, 38, 20, 773, 356
64, 1, 402, 18, 1186, 347
64, 2, 901, 234, 1089, 332
64, 3, 950, 43, 1052, 105
65, 0, 51, 20, 950, 358
65, 1, 109, 274, 127, 318
65, 2, 324, 261, 421, 342
65, 3, 983, 146, 1125, 353
65, 4, 948, 40, 1078, 147
66, 0, 98, 19, 1127, 343
66, 1, 1018, 188, 1175, 346
66, 2, 1026, 18, 1147, 91
67, 0, 65, 18, 1120, 341
67, 1, 1084, 157, 1219, 325
67, 2, 1030, 15, 1171, 88
68, 0, 37, 17, 1184, 360
68, 1, 998, 24, 1195, 155
69, 0, 66, 16, 1179, 360
69, 1, 1047, 22, 1196, 80
70, 0, 63, 16, 1231, 360
71, 0, 76, 20, 1216, 355
72, 0, 56, 147, 202, 345
72, 1, 62, 18, 1197, 354
73, 0, 60, 18, 1202, 352
74, 0, 72, 120, 165, 324
74, 1, 127, 17, 1170, 347
75, 0, 44, 189, 213, 339
75, 1, 75, 15, 1198, 340
76, 0, 46, 34, 179, 90
76, 1, 27, 14, 1204, 341
76, 2, 545, 131, 1158, 344
76, 3, 700, 109, 865, 209
77, 0, 16, 15, 1173, 335
77, 1, 542, 227, 945, 336
77, 2, 1066, 137, 1161, 349
78, 0, 16, 31, 825, 344
78, 1, 605, 15, 1212, 337
79, 0, 51, 16, 1229, 348
79, 1, 58, 29, 202, 67
80, 0, 71, 18, 1190, 363
80, 1, 239, 23, 351, 56
81, 0, 46, 20, 1203, 363
82, 0, 44, 22, 1200, 343
83, 0, 57, 19, 1203, 345
84, 0, 56, 17, 1211, 350
84, 1, 1133, 184, 1208, 237
85, 0, 35, 16, 1039, 339
85, 1, 950, 153, 1199, 321
85, 2, 986, 33, 1194, 155
86, 0, 35, 20, 1217, 327
86, 1, 133, 247, 202, 339
86, 2, 769, 278, 886, 323
86, 3, 784, 108, 1201, 299
86, 4, 971, 198, 1216, 328
86, 5, 1148, 324, 1209, 361
87, 0, 38, 20, 807, 345
87, 1, 67, 259, 150, 329
87, 2, 820, 11, 1213, 359
88, 0, 25, 12, 382, 351
88, 1, 308, 14, 745, 310
88, 2, 788, 149, 1212, 349
88, 3, 763, 24, 813, 136
88, 4, 959, 14, 1232, 220
89, 0, 35, 15, 924, 341
89, 1, 921, 146, 1229, 345
89, 2, 958, 29, 1160, 143
90, 0, 30, 39, 488, 335
90, 1, 275, 17, 880, 345
90, 2, 876, 220, 1084, 335
90, 3, 910, 31, 1148, 260
91, 0, 74, 15, 1171, 354
91, 1, 938, 154, 1212, 358
91, 2, 1142, 290, 1205, 362
92, 0, 48, 161, 422, 351
92, 1, 125, 22, 1052, 354
92, 2, 1018, 283, 1210, 363
92, 3, 983, 21, 1217, 306
92, 4, 1071, 42, 1119, 85
93, 0, 57, 16, 1125, 359
93, 1, 115, 289, 188, 359
93, 2, 1049, 279, 1207, 357
93, 3, 973, 16, 1195, 202
93, 4, 1094, 160, 1124, 207
94, 0, 37, 16, 1209, 361
94, 1, 1083, 15, 1199, 67
95, 0, 54, 101, 381, 349
95, 1, 62, 17, 1208, 356
96, 0, 54, 17, 1230, 353
97, 0, 61, 159, 229, 313
97, 1, 86, 17, 1201, 349
97, 2, 532, 206, 969, 364
98, 0, 52, 11, 1202, 355
99, 0, 52, 16, 1207, 352
99, 1, 25, 192, 250, 327
100, 0, 87, 15, 1211, 350
101, 0, 43, 16, 1189, 331
101, 1, 453, 181, 1165, 353
102, 0, 49, 16, 467, 315
102, 1, 514, 229, 966, 347
102, 2, 580, 17, 1198, 330
103, 0, 60, 131, 281, 333
103, 1, 92, 17, 1122, 343
103, 2, 703, 30, 1183, 249
104, 0, 59, 25, 1148, 341
104, 1, 858, 29, 1196, 165
105, 0, 54, 98, 276, 335
105, 1, 54, 22, 1156, 336
105, 2, 909, 31, 1190, 125
106, 0, 56, 21, 934, 346
106, 1, 925, 23, 1232, 106
106, 2, 954, 137, 1173, 314
107, 0, 56, 22, 597, 338
107, 1, 675, 31, 1227, 330
107, 2, 706, 242, 793, 311
107, 3, 891, 26, 1168, 114
108, 0, 55, 21, 1144, 327
108, 1, 1036, 23, 1115, 99
109, 0, 18, 128, 151, 343
109, 1, 55, 19, 1174, 355
110, 0, 27, 25, 1135, 339
110, 1, 1081, 22, 1171, 73
111, 0, 26, 22, 626, 268
111, 1, 191, 106, 1112, 343
111, 2, 730, 27, 828, 190
111, 3, 921, 13, 1205, 156
112, 0, 26, 100, 149, 241
112, 1, 21, 21, 1080, 341
112, 2, 958, 21, 1125, 162
113, 0, 44, 25, 742, 339
113, 1, 671, 21, 1169, 299
114, 0, 35, 16, 1144, 341
115, 0, 29, 22, 1060, 343
115, 1, 464, 228, 809, 331
115, 2, 1026, 299, 1043, 336
115, 3, 1005, 15, 1185, 156
116, 0, 31, 19, 1103, 362
116, 1, 694, 11, 1210, 185
117, 0, 31, 16, 1193, 342
118, 0, 44, 13, 1115, 331
118, 1, 1116, 79, 1200, 242
119, 0, 22, 59, 455, 308
119, 1, 12, 15, 577, 119
119, 2, 492, 178, 813, 339
119, 3, 688, 27, 1092, 308
119, 4, 821, 14, 1109, 213
120, 0, 40, 19, 1133, 346
120, 1, 32, 20, 353, 128
121, 0, 22, 24, 668, 347
121, 1, 522, 25, 975, 328
121, 2, 895, 42, 1137, 349
122, 0, 19, 17, 1033, 344
122, 1, 909, 11, 1145, 266
123, 0, 58, 18, 1215, 344
124, 0, 62, 13, 1122, 350
124, 1, 1072, 66, 1171, 107
125, 0, 87, 13, 1186, 344
125, 1, 21, 205, 292, 357
126, 0, 12, 17, 1137, 348
126, 1, 844, 109, 1093, 339
126, 2, 1162, 48, 1200, 86
127, 0, 40, 19, 1170, 355
128, 0, 89, 25, 1165, 343
128, 1, 69, 127, 162, 290
129, 0, 74, 27, 737, 341
129, 1, 52, 169, 153, 334
129, 2, 550, 21, 1212, 273
129, 3, 1047, 237, 1103, 296
130, 0, 108, 23, 1202, 344
130, 1, 50, 283, 307, 344
131, 0, 59, 17, 1219, 334
132, 0, 45, 18, 1066, 338
132, 1, 958, 162, 1093, 334
133, 0, 41, 12, 1077, 328
133, 1, 1024, 191, 1189, 297
134, 0, 37, 96, 808, 342
134, 1, 34, 24, 1111, 322
135, 0, 33, 14, 1088, 352
135, 1, 60, 22, 234, 93
135, 2, 1132, 269, 1213, 335
136, 0, 35, 13, 1169, 362
137, 0, 32, 14, 1161, 344
138, 0, 51, 24, 717, 341
138, 1, 693, 11, 1203, 334
139, 0, 82, 27, 1107, 344
139, 1, 692, 19, 1208, 162
140, 0, 57, 17, 1189, 342
141, 0, 45, 20, 694, 342
141, 1, 434, 114, 1086, 334
141, 2, 802, 18, 1177, 139
142, 0, 38, 16, 1121, 341
142, 1, 882, 166, 1005, 338
143, 0, 60, 23, 1152, 352
143, 1, 739, 20, 1182, 120
144, 0, 41, 24, 1162, 348
144, 1, 33, 256, 106, 332
144, 2, 1040, 191, 1160, 365
145, 0, 53, 20, 1156, 346
145, 1, 477, 230, 696, 352
146, 0, 38, 21, 480, 341
146, 1, 242, 180, 976, 349
146, 2, 592, 21, 1094, 155
146, 3, 712, 110, 879, 206
146, 4, 1064, 126, 1139, 298
147, 0, 46, 20, 1060, 357
147, 1, 678, 20, 1144, 207
148, 0, 48, 19, 1193, 357
149, 0, 44, 19, 788, 360
149, 1, 698, 23, 1165, 332
150, 0, 47, 21, 872, 349
150, 1, 550, 35, 572, 76
150, 2, 715, 31, 1169, 332
151, 0, 46, 22, 676, 352
151, 1, 693, 22, 1169, 351
152, 0, 20, 112, 557, 348
152, 1, 53, 14, 1184, 350
153, 0, 32, 313, 202, 343
153, 1, 39, 21, 1197, 346
153, 2, 1057, 127, 1186, 293
154, 0, 19, 20, 1068, 366
154, 1, 715, 24, 1200, 182
154, 2, 1041, 204, 1096, 247
155, 0, 13, 13, 974, 343
155, 1, 727, 18, 1207, 256
156, 0, 26, 21, 448, 163
156, 1, 24, 71, 781, 344
156, 2, 682, 22, 1172, 319
156, 3, 998, 26, 1188, 132
157, 0, 19, 23, 575, 256
157, 1, 35, 110, 1198, 344
157, 2, 719, 27, 1180, 185
158, 0, 47, 22, 854, 350
158, 1, 679, 12, 1205, 347
159, 0, 35, 11, 863, 342
159, 1, 514, 19, 576, 81
159, 2, 770, 17, 1190, 342
160, 0, 42, 162, 98, 253
160, 1, 28, 22, 519, 357
160, 2, 575, 39, 684, 142
160, 3, 601, 206, 1162, 346
160, 4, 749, 73, 1108, 261
160, 5, 894, 10, 1219, 235
161, 0, 30, 15, 866, 351
161, 1, 681, 50, 851, 264
161, 2, 876, 95, 1061, 320
161, 3, 888, 13, 1054, 98
161, 4, 1048, 22, 1217, 314
162, 0, 28, 15, 863, 356
162, 1, 864, 147, 1081, 329
162, 2, 929, 17, 1216, 257
163, 0, 27, 156, 329, 345
163, 1, 37, 15, 1192, 356
163, 2, 931, 20, 1185, 127
163, 3, 1161, 12, 1214, 107
164, 0, 25, 24, 948, 359
164, 1, 24, 158, 208, 347
164, 2, 814, 30, 886, 85
164, 3, 938, 16, 1211, 162
164, 4, 1004, 135, 1203, 304
165, 0, 24, 13, 1014, 362
165, 1, 1043, 163, 1224, 320
165, 2, 1033, 88, 1199, 186
165, 3, 1078, 11, 1232, 99
166, 0, 23, 32, 421, 332
166, 1, 24, 163, 968, 362
166, 2, 488, 16, 568, 41
166, 3, 741, 30, 1040, 297
166, 4, 935, 19, 1173, 310
166, 5, 1035, 14, 1181, 157
167, 0, 22, 163, 504, 358
167, 1, 43, 12, 1223, 358
167, 2, 769, 292, 994, 351
167, 3, 1051, 174, 1179, 331
168, 0, 43, 12, 1030, 363
168, 1, 50, 312, 340, 362
168, 2, 778, 259, 976, 344
168, 3, 1015, 153, 1228, 340
168, 4, 1046, 12, 1224, 157
169, 0, 22, 14, 1217, 362
169, 1, 784, 256, 1029, 353
170, 0, 22, 13, 1217, 363
171, 0, 21, 12, 1216, 362
172, 0, 24, 13, 1193, 363
172, 1, 804, 24, 1215, 248
173, 0, 24, 26, 857, 363
173, 1, 879, 256, 1189, 356
173, 2, 780, 23, 1215, 248
174, 0, 27, 27, 1175, 362
174, 1, 469, 14, 718, 52
174, 2, 828, 11, 1216, 246
175, 0, 31, 28, 1191, 364
175, 1, 509, 16, 698, 54
175, 2, 808, 12, 1219, 253
176, 0, 36, 28, 1203, 350
176, 1, 828, 13, 1219, 250
177, 0, 20, 27, 959, 344
177, 1, 476, 14, 1211, 348
178, 0, 23, 51, 219, 203
178, 1, 31, 224, 850, 345
178, 2, 481, 12, 1215, 252
178, 3, 940, 280, 1201, 344
179, 0, 12, 12, 1220, 345
180, 0, 19, 14, 1208, 360
180, 1, 1026, 140, 1206, 207
181, 0, 26, 50, 1208, 364
181, 1, 842, 13, 1218, 250
182, 0, 13, 15, 1200, 362
182, 1, 720, 12, 1212, 307
183, 0, 20, 30, 1192, 360
183, 1, 681, 12, 1205, 279
184, 0, 10, 30, 831, 362
184, 1, 501, 12, 728, 76
184, 2, 793, 12, 1212, 343
185, 0, 26, 12, 1213, 364
186, 0, 31, 12, 1212, 364
187, 0, 20, 12, 1212, 364
188, 0, 27, 15, 1200, 363
188, 1, 534, 12, 1208, 302
189, 0, 12, 13, 1209, 364
190, 0, 16, 16, 437, 358
190, 1, 740, 11, 1198, 274
190, 2, 744, 266, 1197, 353
191, 0, 65, 38, 180, 59
191, 1, 23, 197, 640, 361
191, 2, 778, 11, 1209, 352
192, 0, 29, 12, 1205, 361
193, 0, 35, 120, 360, 354
193, 1, 70, 20, 361, 101
193, 2, 764, 13, 1210, 350
194, 0, 41, 159, 1202, 365
194, 1, 75, 14, 1211, 254
195, 0, 47, 13, 1196, 366
196, 0, 51, 17, 1199, 364
197, 0, 54, 15, 1221, 363
198, 0, 58, 37, 637, 356
198, 1, 471, 14, 777, 118
198, 2, 776, 27, 1206, 364
199, 0, 60, 39, 375, 345
199, 1, 432, 14, 757, 98
199, 2, 464, 350, 728, 359
199, 3, 798, 29, 1207, 361
200, 0, 77, 15, 1196, 304
200, 1, 63, 283, 925, 360
200, 2, 717, 159, 1213, 364
201, 0, 67, 17, 1214, 365
202, 0, 72, 23, 1060, 359
202, 1, 621, 18, 1221, 357
203, 0, 98, 24, 529, 167
203, 1, 79, 166, 385, 358
203, 2, 482, 164, 1207, 360
203, 3, 628, 19, 1193, 253
204, 0, 63, 33, 270, 187
204, 1, 86, 227, 1170, 361
204, 2, 269, 17, 1215, 363
205, 0, 97, 15, 1186, 357
205, 1, 94, 328, 543, 358
206, 0, 104, 14, 1182, 357
206, 1, 103, 325, 575, 358
207, 0, 97, 23, 479, 309
207, 1, 113, 132, 1175, 355
207, 2, 786, 14, 1179, 90
208, 0, 94, 24, 393, 199
208, 1, 125, 322, 244, 349
208, 2, 663, 222, 968, 353
208, 3, 691, 19, 1164, 353
209, 0, 112, 19, 483, 327
209, 1, 382, 301, 495, 358
209, 2, 707, 222, 1094, 365
209, 3, 720, 14, 1209, 327
210, 0, 125, 15, 1198, 364
211, 0, 144, 18, 720, 358
211, 1, 637, 18, 1228, 364
212, 0, 176, 128, 375, 237
212, 1, 183, 23, 433, 179
212, 2, 224, 261, 1030, 359
212, 3, 499, 18, 770, 75
212, 4, 816, 24, 1201, 357
213, 0, 183, 14, 1187, 362
214, 0, 187, 15, 1165, 365
214, 1, 596, 268, 1205, 361
215, 0, 199, 13, 1174, 364
216, 0, 225, 12, 1156, 309
216, 1, 200, 192, 1197, 357
217, 0, 210, 13, 1157, 359
217, 1, 220, 307, 583, 364
218, 0, 225, 14, 1153, 285
218, 1, 238, 268, 1129, 363
219, 0, 209, 18, 507, 363
219, 1, 749, 16, 1184, 348
219, 2, 816, 245, 1063, 349
220, 0, 206, 14, 580, 256
220, 1, 262, 199, 1199, 363
220, 2, 723, 16, 1168, 253
221, 0, 209, 45, 495, 234
221, 1, 265, 311, 587, 365
221, 2, 493, 15, 1181, 281
221, 3, 741, 198, 1138, 357
222, 0, 216, 13, 1191, 354
222, 1, 246, 311, 473, 364
222, 2, 605, 324, 688, 356
223, 0, 210, 19, 1148, 255
223, 1, 236, 123, 1218, 362
224, 0, 199, 19, 1162, 233
224, 1, 252, 309, 530, 363
224, 2, 479, 139, 1202, 362
225, 0, 196, 17, 1208, 364
226, 0, 140, 15, 1102, 362
226, 1, 1032, 224, 1159, 348
226, 2, 1130, 144, 1226, 300
227, 0, 106, 44, 719, 359
227, 1, 591, 14, 1189, 299
227, 2, 994, 201, 1102, 299
227, 3, 1194, 178, 1231, 239
228, 0, 93, 16, 1187, 360
228, 1, 1031, 19, 1103, 41
229, 0, 24, 13, 1154, 362
230, 0, 26, 18, 1155, 355
231, 0, 39, 16, 1187, 359
232, 0, 60, 17, 1185, 360
233, 0, 25, 18, 931, 363
233, 1, 543, 15, 1179, 235
233, 2, 1004, 218, 1146, 328
234, 0, 37, 33, 703, 365
234, 1, 559, 15, 1216, 330
235, 0, 37, 25, 826, 365
235, 1, 702, 15, 1229, 333
236, 0, 36, 16, 1219, 365
237, 0, 43, 16, 1233, 365
238, 0, 15, 21, 1228, 360
239, 0, 49, 14, 1213, 358
239, 1, 10, 230, 94, 318
239, 2, 1050, 232, 1160, 334
240, 0, 48, 22, 856, 362
240, 1, 712, 16, 1215, 326
240, 2, 1093, 195, 1189, 248
241, 0, 16, 22, 1182, 364
241, 1, 659, 19, 1210, 283
242, 0, 21, 22, 1006, 364
242, 1, 646, 18, 1205, 241
242, 2, 1022, 272, 1207, 362
243, 0, 22, 13, 1193, 362
243, 1, 1015, 261, 1065, 302
244, 0, 30, 16, 583, 366
244, 1, 682, 106, 1185, 345
244, 2, 674, 25, 870, 72
244, 3, 895, 22, 1178, 162
245, 0, 19, 14, 1183, 363
245, 1, 864, 20, 1203, 228
246, 0, 14, 12, 575, 363
246, 1, 696, 175, 1190, 355
246, 2, 685, 13, 1192, 154
247, 0, 24, 154, 204, 344
247, 1, 22, 12, 1223, 363
248, 0, 20, 14, 1212, 360
249, 0, 20, 17, 1196, 360
250, 0, 26, 21, 1192, 358
250, 1, 541, 185, 766, 286
250, 2, 698, 20, 1205, 187
251, 0, 29, 12, 1210, 363
252, 0, 23, 21, 870, 363
252, 1, 693, 14, 803, 62
252, 2, 751, 15, 1206, 349
253, 0, 27, 17, 1207, 314
253, 1, 17, 171, 1221, 365
254, 0, 32, 180, 457, 365
254, 1, 28, 305, 175, 363
254, 2, 36, 16, 1209, 358
254, 3, 492, 53, 554, 100
254, 4, 708, 30, 1207, 208
255, 0, 31, 251, 318, 359
255, 1, 30, 20, 1205, 363
255, 2, 707, 22, 1204, 225
256, 0, 27, 181, 892, 359
256, 1, 27, 19, 635, 299
256, 2, 706, 17, 1213, 327
257, 0, 38, 17, 1203, 361
257, 1, 29, 17, 634, 250
257, 2, 31, 168, 198, 276
257, 3, 705, 16, 949, 85
257, 4, 1167, 175, 1204, 273
258, 0, 24, 176, 1108, 358
258, 1, 28, 19, 634, 253
258, 2, 705, 15, 1205, 202
259, 0, 28, 16, 1155, 365
259, 1, 41, 281, 278, 359
259, 2, 705, 17, 1207, 201
260, 0, 53, 289, 224, 358
260, 1, 53, 17, 1178, 359
260, 2, 706, 19, 1212, 206
261, 0, 32, 295, 187, 352
261, 1, 77, 118, 1133, 361
261, 2, 214, 18, 532, 289
261, 3, 706, 18, 1212, 222
262, 0, 27, 324, 173, 349
262, 1, 67, 118, 132, 296
262, 2, 143, 16, 1149, 356
262, 3, 500, 25, 614, 100
262, 4, 818, 16, 1215, 156
263, 0, 69, 16, 1158, 358
263, 1, 707, 14, 1196, 182
263, 2, 1056, 219, 1215, 303
264, 0, 60, 19, 1203, 359
264, 1, 707, 17, 1003, 163
264, 2, 1036, 203, 1202, 258
265, 0, 58, 18, 887, 344
265, 1, 709, 18, 1207, 211
265, 2, 939, 179, 1200, 338
266, 0, 39, 19, 1180, 345
266, 1, 710, 17, 1210, 211
267, 0, 43, 18, 886, 344
267, 1, 711, 17, 1190, 210
267, 2, 945, 177, 1204, 340
268, 0, 35, 15, 540, 341
268, 1, 668, 184, 1200, 335
268, 2, 712, 15, 1220, 207
269, 0, 34, 21, 1192, 342
269, 1, 714, 19, 1204, 207
270, 0, 32, 125, 190, 343
270, 1, 68, 27, 595, 343
270, 2, 620, 158, 1111, 357
270, 3, 720, 17, 1169, 261
271, 0, 32, 24, 956, 341
271, 1, 739, 32, 1200, 264
271, 2, 1054, 260, 1161, 352
272, 0, 38, 26, 615, 333
272, 1, 570, 198, 1086, 339
272, 2, 721, 29, 1143, 262
273, 0, 43, 23, 1043, 343
273, 1, 719, 28, 1192, 265
274, 0, 51, 22, 1186, 357
275, 0, 41, 22, 1177, 360
275, 1, 695, 21, 1187, 264
276, 0, 49, 21, 1164, 357
276, 1, 717, 20, 1194, 288
276, 2, 739, 156, 896, 205
277, 0, 13, 15, 1204, 356
278, 0, 31, 27, 540, 356
278, 1, 643, 114, 1190, 350
278, 2, 736, 16, 1182, 207
279, 0, 33, 29, 672, 350
279, 1, 633, 163, 909, 244
279, 2, 730, 165, 1180, 342
279, 3, 693, 18, 1200, 187
280, 0, 70, 37, 584, 355
280, 1, 79, 29, 158, 83
280, 2, 653, 169, 1188, 349
280, 3, 738, 300, 918, 338
280, 4, 696, 24, 1185, 211
281, 0, 51, 25, 1211, 365
281, 1, 71, 26, 133, 80
282, 0, 55, 25, 1150, 358
282, 1, 833, 265, 1226, 355
282, 2, 695, 33, 1015, 212
282, 3, 1086, 38, 1189, 133
283, 0, 37, 19, 1040, 353
283, 1, 698, 198, 1163, 343
284, 0, 33, 37, 983, 359
284, 1, 664, 117, 1209, 283
284, 2, 717, 16, 964, 113
285, 0, 26, 14, 1146, 360
285, 1, 947, 272, 1013, 356
285, 2, 1128, 310, 1228, 354
286, 0, 41, 15, 1163, 356
287, 0, 25, 22, 566, 344
287, 1, 462, 180, 865, 359
287, 2, 673, 21, 995, 112
287, 3, 849, 103, 1219, 364
288, 0, 18, 10, 884, 360
288, 1, 696, 15, 1222, 340
288, 2, 869, 215, 993, 336
289, 0, 27, 12, 1143, 359
290, 0, 31, 15, 849, 361
290, 1, 644, 117, 1148, 347
290, 2, 696, 12, 1060, 176
291, 0, 34, 16, 1091, 363
291, 1, 1083, 210, 1147, 312
291, 2, 1024, 100, 1164, 176
292, 0, 37, 14, 1114, 363
292, 1, 1105, 111, 1145, 173
293, 0, 41, 23, 989, 359
293, 1, 697, 15, 1085, 196
293, 2, 1118, 29, 1166, 111
294, 0, 45, 14, 1178, 355
295, 0, 38, 35, 547, 280
295, 1, 51, 254, 726, 364
295, 2, 668, 134, 1075, 341
295, 3, 698, 26, 1138, 182
296, 0, 31, 228, 673, 363
296, 1, 56, 30, 412, 262
296, 2, 698, 21, 1173, 178
296, 3, 836, 149, 1140, 338
297, 0, 25, 221, 506, 361
297, 1, 54, 18, 590, 259
297, 2, 599, 21, 1229, 327
297, 3, 1138, 273, 1189, 332
298, 0, 37, 263, 549, 360
298, 1, 47, 31, 419, 302
298, 2, 638, 106, 1149, 351
298, 3, 698, 21, 1226, 233
298, 4, 1168, 241, 1213, 333
299, 0, 46, 264, 592, 363
299, 1, 43, 12, 1199, 309
299, 2, 587, 177, 1039, 340
299, 3, 1102, 50, 1215, 171
300, 0, 14, 266, 511, 364
300, 1, 43, 16, 547, 308
300, 2, 592, 228, 754, 306
300, 3, 654, 20, 1129, 309
300, 4, 999, 236, 1127, 339
300, 5, 1107, 48, 1221, 173
301, 0, 34, 273, 221, 357
301, 1, 59, 16, 1193, 360
302, 0, 27, 289, 247, 358
302, 1, 43, 15, 796, 361
302, 2, 590, 116, 1123, 328
302, 3, 699, 24, 1188, 163
302, 4, 1085, 270, 1210, 335
303, 0, 34, 292, 476, 359
303, 1, 52, 105, 306, 288
303, 2, 102, 18, 1117, 324
303, 3, 568, 116, 786, 267
303, 4, 719, 13, 1212, 162
303, 5, 1175, 302, 1214, 338
304, 0, 17, 295, 190, 361
304, 1, 62, 23, 365, 351
304, 2, 193, 21, 633, 350
304, 3, 611, 94, 1100, 281
304, 4, 624, 277, 937, 337
304, 5, 697, 19, 1175, 163
305, 0, 26, 329, 173, 360
305, 1, 54, 14, 548, 354
305, 2, 660, 188, 919, 337
305, 3, 720, 15, 1193, 162
305, 4, 977, 135, 1126, 316
306, 0, 62, 26, 745, 344
306, 1, 674, 15, 1175, 335
307, 0, 56, 25, 1195, 359
307, 1, 679, 21, 1040, 185
307, 2, 776, 273, 845, 335
308, 0, 73, 21, 931, 353
308, 1, 812, 18, 1065, 158
308, 2, 1061, 131, 1131, 268
309, 0, 58, 19, 860, 359
309, 1, 598, 156, 1071, 338
309, 2, 679, 18, 1214, 179
310, 0, 65, 13, 1162, 357
310, 1, 655, 17, 1012, 183
311, 0, 56, 13, 804, 361
311, 1, 680, 18, 1169, 327
312, 0, 57, 16, 709, 355
312, 1, 547, 15, 1187, 239
312, 2, 567, 159, 813, 333
312, 3, 913, 140, 1164, 339
313, 0, 61, 22, 863, 358
313, 1, 681, 16, 1065, 243
313, 2, 1037, 45, 1212, 355
314, 0, 68, 12, 1036, 358
314, 1, 675, 12, 1154, 196
315, 0, 57, 12, 1214, 360
316, 0, 65, 21, 1158, 362
316, 1, 682, 19, 1156, 129
317, 0, 13, 17, 1215, 356
318, 0, 66, 13, 1157, 358
318, 1, 568, 157, 676, 202
318, 2, 703, 14, 874, 48
318, 3, 1002, 212, 1183, 362
318, 4, 948, 14, 1170, 115
319, 0, 60, 17, 1039, 356
319, 1, 682, 13, 1142, 181
319, 2, 1044, 125, 1160, 275
320, 0, 36, 17, 970, 359
320, 1, 635, 18, 1194, 205
320, 2, 1089, 116, 1205, 273
321, 0, 28, 19, 781, 348
321, 1, 635, 15, 1197, 328
322, 0, 23, 24, 1208, 351
322, 1, 611, 158, 721, 256
322, 2, 676, 14, 1228, 180
323, 0, 27, 28, 801, 358
323, 1, 683, 15, 1219, 332
324, 0, 48, 28, 502, 338
324, 1, 49, 154, 216, 330
324, 2, 555, 112, 958, 343
324, 3, 684, 20, 1204, 210
324, 4, 1042, 148, 1233, 345
325, 0, 69, 222, 170, 325
325, 1, 124, 26, 1125, 343
325, 2, 636, 19, 1205, 207
326, 0, 128, 22, 985, 343
326, 1, 706, 18, 1194, 162
326, 2, 964, 182, 1180, 297
327, 0, 53, 20, 1034, 356
327, 1, 706, 18, 1168, 184
327, 2, 1012, 185, 1118, 333
328, 0, 31, 96, 126, 225
328, 1, 116, 19, 506, 306
328, 2, 86, 151, 1148, 357
328, 3, 536, 156, 705, 199
328, 4, 705, 16, 1153, 160
329, 0, 12, 16, 1218, 363
329, 1, 38, 291, 299, 359
329, 2, 992, 157, 1122, 216
330, 0, 30, 15, 1172, 356
330, 1, 48, 309, 151, 362
331, 0, 25, 14, 777, 361
331, 1, 502, 87, 1022, 342
331, 2, 896, 27, 1074, 87
332, 0, 18, 317, 115, 364
332, 1, 33, 20, 991, 355
332, 2, 632, 22, 1093, 175
332, 3, 959, 260, 1038, 325
333, 0, 23, 296, 168, 362
333, 1, 12, 13, 1116, 353
333, 2, 856, 184, 1033, 331
334, 0, 14, 233, 122, 366
334, 1, 26, 12, 497, 357
334, 2, 480, 163, 1142, 351
334, 3, 627, 16, 1143, 207
335, 0, 28, 108, 276, 341
335, 1, 75, 12, 826, 359
335, 2, 626, 14, 1175, 283
335, 3, 623, 140, 767, 240
335, 4, 1004, 187, 1206, 343
336, 0, 36, 53, 233, 341
336, 1, 152, 13, 1138, 344
337, 0, 151, 24, 1052, 358
337, 1, 78, 133, 119, 295
337, 2, 309, 300, 529, 350
337, 3, 690, 18, 1208, 168
338, 0, 36, 17, 1158, 351
339, 0, 32, 17, 1186, 353
340, 0, 51, 15, 1178, 365
340, 1, 1054, 162, 1175, 334
341, 0, 30, 12, 1174, 344
341, 1, 68, 112, 225, 332
342, 0, 26, 22, 969, 352
342, 1, 690, 25, 1008, 227
342, 2, 1020, 110, 1175, 304
342, 3, 1056, 12, 1162, 148
343, 0, 32, 17, 1069, 357
343, 1, 1102, 50, 1177, 183
344, 0, 30, 12, 1096, 363
345, 0, 23, 18, 1143, 361
345, 1, 941, 295, 1064, 330
346, 0, 26, 12, 844, 365
346, 1, 721, 20, 1179, 236
346, 2, 933, 213, 1027, 245
347, 0, 38, 15, 974, 359
347, 1, 396, 29, 679, 99
347, 2, 764, 21, 1144, 241
348, 0, 26, 18, 932, 360
348, 1, 722, 21, 1168, 233
349, 0, 27, 88, 1071, 362
349, 1, 41, 16, 571, 260
349, 2, 739, 21, 1221, 254
350, 0, 20, 16, 1209, 349
351, 0, 22, 14, 1189, 343
351, 1, 38, 286, 89, 343
352, 0, 39, 113, 138, 362
352, 1, 29, 16, 1075, 310
352, 2, 737, 16, 1197, 230
353, 0, 18, 15, 1232, 350
354, 0, 21, 15, 1219, 356
354, 1, 845, 346, 948, 356
355, 0, 19, 16, 1200, 362
355, 1, 32, 283, 93, 336
356, 0, 15, 20, 912, 364
356, 1, 733, 19, 1216, 288
357, 0, 19, 12, 1205, 360
357, 1, 14, 309, 154, 361
358, 0, 23, 12, 1230, 360
358, 1, 12, 314, 187, 361
359, 0, 17, 11, 1210, 365
359, 1, 14, 287, 94, 366
359, 2, 691, 21, 1204, 232
360, 0, 14, 12, 501, 335
360, 1, 388, 121, 472, 212
360, 2, 285, 183, 1207, 345
360, 3, 608, 14, 1232, 230
361, 0, 19, 13, 1225, 318
361, 1, 282, 135, 1198, 352
361, 2, 12, 290, 54, 312
362, 0, 23, 14, 1152, 351
362, 1, 228, 216, 305, 245
362, 2, 762, 17, 1229, 175
362, 3, 762, 90, 958, 227
363, 0, 16, 16, 1184, 333
363, 1, 302, 162, 1168, 358
363, 2, 1057, 201, 1172, 265
364, 0, 31, 88, 1212, 351
364, 1, 253, 232, 347, 295
364, 2, 41, 224, 117, 359
364, 3, 907, 15, 1181, 191
365, 0, 24, 251, 157, 357
365, 1, 27, 26, 494, 344
365, 2, 811, 228, 1172, 351
365, 3, 809, 21, 1211, 255
366, 0, 15, 26, 1140, 355
366, 1, 89, 287, 186, 354
366, 2, 740, 11, 1207, 251
367, 0, 13, 15, 1216, 349
367, 1, 29, 299, 220, 362
367, 2, 269, 254, 377, 364
368, 0, 24, 18, 1210, 300
368, 1, 13, 277, 399, 362
368, 2, 555, 94, 718, 135
368, 3, 274, 178, 1078, 351
369, 0, 13, 12, 1208, 284
369, 1, 67, 270, 307, 356
369, 2, 641, 95, 1036, 253
369, 3, 230, 192, 345, 322
369, 4, 265, 117, 1142, 358
370, 0, 13, 29, 206, 283
370, 1, 131, 199, 223, 320
370, 2, 266, 222, 451, 347
370, 3, 227, 136, 588, 256
370, 4, 667, 158, 1106, 350
370, 5, 849, 17, 1216, 250
371, 0, 21, 26, 1215, 335
371, 1, 674, 73, 805, 255
371, 2, 130, 158, 996, 351
371, 3, 359, 232, 428, 345
371, 4, 315, 95, 463, 118
372, 0, 19, 48, 759, 311
372, 1, 757, 116, 934, 313
372, 2, 89, 253, 182, 351
372, 3, 310, 201, 530, 362
372, 4, 652, 26, 1216, 255
373, 0, 54, 293, 118, 352
373, 1, 79, 156, 212, 265
373, 2, 21, 28, 908, 358
373, 3, 419, 12, 693, 67
373, 4, 799, 11, 1227, 249
374, 0, 25, 11, 1226, 365
375, 0, 29, 11, 1226, 357
376, 0, 24, 11, 1230, 355
377, 0, 28, 76, 76, 323
377, 1, 55, 12, 969, 357
377, 2, 761, 14, 1231, 252
378, 0, 25, 120, 338, 361
378, 1, 37, 13, 1232, 345
379, 0, 21, 97, 368, 358
379, 1, 22, 14, 828, 359
379, 2, 435, 19, 547, 98
379, 3, 774, 13, 1230, 277
380, 0, 21, 12, 1229, 358
381, 0, 20, 11, 1232, 357
382, 0, 26, 11, 1231, 357
383, 0, 20, 12, 1230, 356
384, 0, 34, 12, 293, 135
384, 1, 31, 136, 979, 355
384, 2, 380, 11, 1230, 265
385, 0, 18, 13, 1197, 355
385, 1, 942, 11, 1230, 200
386, 0, 19, 12, 999, 354
386, 1, 755, 13, 1231, 292
387, 0, 20, 11, 1232, 356
387, 1, 323, 22, 509, 94
387, 2, 940, 14, 1232, 142
388, 0, 23, 11, 1231, 343
388, 1, 846, 117, 1215, 320
389, 0, 15, 119, 395, 362
389, 1, 28, 14, 1230, 250
389, 2, 457, 163, 900, 344
389, 3, 887, 127, 1213, 355
390, 0, 15, 16, 785, 363
390, 1, 756, 12, 1229, 226
390, 2, 810, 287, 922, 361
390, 3, 936, 144, 1212, 362
391, 0, 15, 17, 832, 363
391, 1, 573, 11, 1228, 160
391, 2, 807, 168, 933, 359
391, 3, 918, 160, 1220, 344
392, 0, 15, 10, 1227, 362
393, 0, 15, 11, 1227, 359
393, 1, 1109, 140, 1211, 225
394, 0, 19, 11, 1227, 358
394, 1, 1150, 148, 1221, 231
395, 0, 23, 11, 1226, 140
395, 1, 23, 100, 1218, 357
396, 0, 18, 19, 978, 357
396, 1, 345, 13, 1227, 310
396, 2, 881, 163, 990, 287
397, 0, 19, 14, 1063, 357
397, 1, 900, 15, 1232, 244
398, 0, 27, 20, 294, 103
398, 1, 38, 181, 492, 353
398, 2, 410, 14, 1225, 101
398, 3, 415, 162, 588, 249
398, 4, 638, 328, 744, 350
398, 5, 868, 143, 1229, 351
399, 0, 28, 14, 1225, 350
399, 1, 102, 256, 849, 353
399, 2, 537, 19, 881, 81
400, 0, 12, 14, 599, 284
400, 1, 48, 262, 391, 351
400, 2, 493, 326, 640, 348
400, 3, 779, 15, 1232, 349
401, 0, 12, 14, 1228, 347
401, 1, 74, 282, 475, 348
402, 0, 12, 15, 1227, 366
402, 1, 166, 282, 476, 366
403, 0, 14, 16, 580, 335
403, 1, 170, 281, 478, 365
403, 2, 780, 16, 1226, 364
404, 0, 16, 18, 569, 343
404, 1, 174, 301, 499, 363
404, 2, 761, 240, 1046, 363
404, 3, 780, 18, 1224, 363
405, 0, 18, 20, 881, 343
405, 1, 177, 281, 1084, 363
405, 2, 840, 20, 1222, 302
406, 0, 20, 22, 1222, 334
406, 1, 176, 303, 1082, 364
407, 0, 20, 22, 1001, 364
407, 1, 180, 303, 401, 364
407, 2, 800, 23, 1221, 344
408, 0, 20, 22, 1221, 363
408, 1, 180, 322, 421, 363
409, 0, 20, 22, 1221, 364
409, 1, 180, 320, 241, 364
410, 0, 20, 21, 1021, 362
410, 1, 840, 21, 1221, 322
411, 0, 19, 19, 1221, 361
412, 0, 19, 20, 1221, 361
413, 0, 20, 20, 1221, 363
414, 0, 20, 20, 781, 293
414, 1, 20, 220, 801, 361
414, 2, 780, 20, 1221, 361
415, 0, 20, 20, 1081, 361
415, 1, 20, 220, 341, 361
415, 2, 840, 20, 1221, 261
416, 0, 20, 20, 661, 141
416, 1, 20, 180, 420, 361
416, 2, 480, 220, 1201, 361
416, 3, 920, 20, 1221, 181
417, 0, 20, 20, 661, 348
417, 1, 23, 280, 139, 330
417, 2, 460, 60, 1221, 361
418, 0, 20, 20, 1081, 361
418, 1, 198, 301, 310, 351
418, 2, 960, 20, 1221, 241
419, 0, 20, 20, 1221, 361
419, 1, 200, 280, 421, 361
420, 0, 20, 20, 461, 301
420, 1, 182, 282, 461, 361
420, 2, 820, 20, 1221, 361
421, 0, 20, 20, 421, 332
421, 1, 200, 302, 381, 361
421, 2, 560, 360, 741, 361
421, 3, 840, 20, 1221, 361
422, 0, 20, 20, 481, 301
422, 1, 172, 282, 381, 361
422, 2, 800, 20, 1221, 361
423, 0, 20, 100, 311, 310
423, 1, 166, 272, 1081, 361
423, 2, 220, 20, 861, 41
423, 3, 1060, 20, 1221, 241
424, 0, 20, 20, 761, 361
424, 1, 460, 300, 881, 361
424, 2, 820, 20, 1221, 361
425, 0, 20, 20, 1221, 361
425, 1, 187, 330, 281, 361
426, 0, 20, 20, 1221, 361
426, 1, 139, 260, 941, 361
427, 0, 12, 20, 1221, 361
428, 0, 20, 20, 1221, 121
428, 1, 20, 220, 1220, 361
429, 0, 20, 20, 601, 340
429, 1, 560, 180, 1221, 361
430, 0, 20, 20, 1221, 361
430, 1, 21, 220, 101, 336
431, 0, 20, 20, 1221, 361
431, 1, 20, 220, 101, 361
432, 0, 20, 20, 1061, 361
432, 1, 20, 220, 101, 321
432, 2, 960, 20, 1221, 241
433, 0, 20, 20, 741, 341
433, 1, 20, 220, 301, 361
433, 2, 440, 300, 881, 361
433, 3, 780, 20, 1221, 361
434, 0, 20, 20, 1201, 281
434, 1, 20, 220, 881, 361
434, 2, 860, 60, 1221, 361
435, 0, 20, 20, 201, 81
435, 1, 20, 240, 281, 361
435, 2, 840, 300, 1081, 361
435, 3, 900, 20, 1221, 201
436, 0, 20, 20, 1221, 361
436, 1, 20, 220, 241, 361
437, 0, 20, 20, 961, 361
437, 1, 20, 220, 161, 361
437, 2, 820, 20, 1221, 321
438, 0, 20, 20, 801, 321
438, 1, 20, 220, 201, 361
438, 2, 380, 280, 1061, 361
438, 3, 900, 20, 1221, 241
439, 0, 20, 20, 1221, 241
439, 1, 20, 180, 1161, 361
440, 0, 20, 20, 1221, 361
440, 1, 20, 220, 141, 361
441, 0, 20, 20, 781, 281
441, 1, 20, 220, 261, 361
441, 2, 380, 320, 1061, 361
441, 3, 900, 20, 1221, 281
442, 0, 20, 20, 1221, 361
442, 1, 20, 220, 181, 361
443, 0, 20, 20, 1221, 361
443, 1, 20, 220, 121, 361
444, 0, 20, 20, 1221, 361
444, 1, 20, 220, 281, 361
