10, 0, 15, 179, 187, 296
11, 0, 93, 221, 141, 310
12, 0, 20, 208, 116, 332
15, 0, 911, 38, 1074, 188
16, 0, 890, 50, 936, 139
19, 0, 1038, 84, 1106, 169
21, 0, 1029, 51, 1192, 216
22, 0, 876, 46, 959, 121
22, 1, 1016, 43, 1122, 122
22, 2, 1064, 157, 1182, 195
23, 0, 962, 42, 1082, 75
24, 0, 35, 90, 100, 326
24, 1, 1099, 163, 1208, 238
24, 2, 1100, 41, 1155, 103
26, 0, 987, 31, 1174, 88
30, 0, 127, 117, 159, 220
31, 0, 59, 183, 144, 328
32, 0, 53, 118, 120, 254
33, 0, 43, 101, 95, 228
39, 0, 1001, 14, 1206, 151
40, 0, 1090, 16, 1165, 35
41, 0, 1022, 17, 1206, 96
42, 0, 1078, 19, 1105, 103
48, 0, 993, 27, 1205, 152
50, 0, 65, 227, 181, 344
50, 1, 1032, 164, 1190, 268
63, 0, 876, 46, 1027, 163
64, 0, 1013, 45, 1065, 76
65, 0, 1001, 165, 1151, 275
65, 1, 907, 64, 1066, 164
66, 0, 914, 19, 1165, 115
66, 1, 979, 161, 1108, 331
67, 0, 921, 44, 1129, 150
67, 1, 935, 157, 1134, 289
68, 0, 932, 47, 1043, 126
69, 0, 837, 44, 1064, 200
69, 1, 1081, 35, 1184, 89
69, 2, 1095, 171, 1142, 255
70, 0, 949, 56, 1015, 113
70, 1, 1105, 19, 1188, 74
71, 0, 1005, 18, 1151, 105
72, 0, 1059, 249, 1166, 352
83, 0, 986, 194, 1155, 316
86, 0, 975, 63, 1036, 133
86, 1, 1067, 151, 1192, 229
87, 0, 1128, 182, 1225, 227
88, 0, 1072, 110, 1219, 329
89, 0, 962, 20, 1173, 105
89, 1, 1141, 139, 1225, 221
90, 0, 1128, 186, 1228, 321
90, 1, 955, 28, 1069, 88
90, 2, 1033, 135, 1079, 225
91, 0, 33, 35, 117, 93
91, 1, 1072, 110, 1140, 204
92, 0, 923, 15, 1159, 156
92, 1, 1028, 185, 1118, 288
93, 0, 1004, 103, 1201, 314
93, 1, 1051, 38, 1094, 120
94, 0, 73, 285, 182, 355
94, 1, 918, 31, 1141, 227
94, 2, 995, 268, 1136, 338
95, 0, 944, 65, 1033, 129
95, 1, 1004, 200, 1132, 270
95, 2, 1085, 26, 1201, 149
98, 0, 595, 167, 888, 360
98, 1, 1155, 228, 1180, 309
98, 2, 1116, 18, 1178, 65
108, 0, 1115, 158, 1209, 240
109, 0, 938, 28, 1117, 155
109, 1, 1072, 141, 1143, 236
110, 0, 1005, 23, 1151, 80
111, 0, 1107, 37, 1174, 71
126, 0, 80, 52, 106, 217
126, 1, 1022, 14, 1151, 116
127, 0, 14, 130, 50, 213
127, 1, 1039, 20, 1176, 111
128, 0, 54, 124, 61, 139
136, 0, 959, 22, 1085, 130
137, 0, 995, 49, 1106, 129
138, 0, 1041, 17, 1069, 104
140, 0, 1041, 35, 1110, 191
141, 0, 1061, 57, 1139, 101
142, 0, 1003, 80, 1085, 117
143, 0, 1065, 20, 1112, 116
144, 0, 1091, 21, 1164, 121
149, 0, 483, 319, 604, 333
160, 0, 931, 10, 1044, 125
161, 0, 862, 39, 1096, 123
162, 0, 1066, 60, 1127, 126
163, 0, 944, 34, 1117, 129
163, 1, 961, 151, 1028, 200
164, 0, 997, 20, 1208, 156
165, 0, 1039, 24, 1218, 115
165, 1, 1073, 122, 1163, 278
166, 0, 1096, 20, 1222, 121
167, 0, 1087, 86, 1148, 170
167, 1, 1001, 17, 1069, 91
168, 0, 1026, 45, 1215, 230
168, 1, 975, 13, 1071, 63
169, 0, 1034, 15, 1180, 98
169, 1, 1048, 122, 1167, 232
170, 0, 1126, 134, 1209, 329
170, 1, 1053, 15, 1224, 122
171, 0, 1050, 13, 1223, 154
171, 1, 1139, 265, 1223, 331
172, 0, 963, 12, 1225, 157
174, 0, 1138, 40, 1221, 97
203, 0, 1123, 336, 1201, 363
204, 0, 1149, 338, 1207, 358
206, 0, 841, 31, 933, 55
210, 0, 946, 16, 983, 45
210, 1, 1075, 31, 1218, 62
215, 0, 273, 41, 364, 128
218, 0, 455, 33, 472, 87
223, 0, 770, 28, 912, 106
224, 0, 745, 28, 887, 121
225, 0, 858, 19, 995, 120
226, 0, 847, 156, 1181, 272
226, 1, 783, 71, 907, 164
227, 0, 925, 238, 1057, 345
227, 1, 826, 67, 907, 125
227, 2, 968, 15, 1049, 85
227, 3, 1130, 226, 1220, 302
229, 0, 888, 66, 1092, 161
231, 0, 952, 98, 1148, 157
234, 0, 1090, 240, 1130, 272
234, 1, 1056, 123, 1164, 156
234, 2, 1052, 25, 1152, 63
235, 0, 1012, 16, 1087, 66
235, 1, 1140, 127, 1212, 154
236, 0, 1174, 123, 1228, 238
236, 1, 1027, 19, 1124, 51
237, 0, 1089, 27, 1217, 140
238, 0, 1081, 19, 1179, 49
239, 0, 1088, 20, 1174, 40
240, 0, 987, 18, 1184, 65
241, 0, 1094, 13, 1170, 112
242, 0, 1094, 20, 1187, 37
243, 0, 40, 167, 144, 213
263, 0, 66, 133, 109, 166
265, 0, 73, 111, 177, 167
267, 0, 37, 118, 142, 151
267, 1, 1097, 72, 1167, 158
270, 0, 59, 99, 92, 177
297, 0, 946, 150, 1040, 240
302, 0, 949, 130, 1037, 256
306, 0, 1014, 137, 1118, 212
307, 0, 1070, 56, 1126, 211
319, 0, 978, 35, 1147, 358
324, 0, 1043, 288, 1113, 347
324, 1, 1088, 27, 1175, 110
326, 0, 1148, 42, 1155, 119
343, 0, 1093, 199, 1134, 269
350, 0, 1092, 135, 1169, 221
351, 0, 1082, 156, 1197, 212
353, 0, 1090, 29, 1222, 132
353, 1, 1134, 199, 1184, 235
355, 0, 34, 142, 73, 255
355, 1, 1207, 77, 1219, 164
359, 0, 194, 220, 296, 332
361, 0, 78, 239, 209, 323
361, 1, 1032, 71, 1099, 179
363, 0, 47, 254, 268, 336
363, 1, 245, 143, 399, 228
363, 2, 1046, 27, 1097, 148
364, 0, 54, 212, 225, 333
364, 1, 1069, 86, 1144, 148
365, 0, 38, 252, 106, 363
365, 1, 139, 175, 299, 289
366, 0, 50, 299, 126, 357
367, 0, 28, 264, 184, 348
367, 1, 132, 191, 255, 251
368, 0, 40, 297, 173, 353
368, 1, 157, 229, 243, 328
369, 0, 32, 208, 219, 362
370, 0, 219, 192, 411, 247
370, 1, 168, 269, 242, 330
370, 2, 70, 234, 159, 316
371, 0, 49, 241, 122, 283
371, 1, 277, 213, 339, 304
372, 0, 156, 120, 344, 244
372, 1, 20, 228, 99, 320
373, 0, 281, 185, 442, 259
373, 1, 40, 183, 210, 312
373, 2, 1013, 163, 1146, 229
374, 0, 26, 186, 141, 334
375, 0, 91, 214, 174, 315
376, 0, 33, 169, 154, 319
377, 0, 50, 136, 202, 306
378, 0, 35, 170, 125, 279
379, 0, 536, 152, 603, 193
380, 0, 577, 159, 774, 259
382, 0, 778, 223, 860, 290
383, 0, 505, 153, 684, 217
383, 1, 741, 217, 901, 290
385, 0, 535, 150, 677, 198
385, 1, 685, 208, 863, 248
386, 0, 502, 150, 717, 222
387, 0, 790, 211, 917, 273
389, 0, 530, 156, 700, 206
389, 1, 846, 207, 1031, 344
390, 0, 845, 143, 1102, 345
391, 0, 897, 137, 1079, 305
392, 0, 962, 138, 1111, 269
393, 0, 941, 121, 1154, 269
394, 0, 1054, 164, 1179, 259
395, 0, 844, 206, 907, 353
395, 1, 945, 152, 1219, 363
396, 0, 932, 157, 1215, 354
397, 0, 937, 162, 1115, 247
397, 1, 1141, 176, 1225, 235
398, 0, 68, 227, 114, 313
398, 1, 1062, 161, 1129, 241
398, 2, 1151, 153, 1228, 226
399, 0, 43, 243, 303, 335
399, 1, 1042, 162, 1132, 242
399, 2, 1153, 162, 1213, 232
400, 0, 1055, 166, 1225, 232
401, 0, 1082, 163, 1229, 246
402, 0, 1124, 162, 1195, 224
403, 0, 104, 232, 139, 344
406, 0, 79, 207, 161, 339
407, 0, 50, 226, 125, 335
411, 0, 422, 180, 497, 225
412, 0, 196, 235, 305, 295
413, 0, 175, 205, 314, 313
414, 0, 70, 223, 262, 319
414, 1, 218, 236, 289, 291
415, 0, 89, 231, 289, 345
416, 0, 61, 231, 283, 338
417, 0, 60, 291, 159, 351
418, 0, 71, 300, 108, 331
418, 1, 127, 222, 216, 328
418, 2, 170, 312, 231, 345
419, 0, 67, 201, 177, 347
420, 0, 72, 192, 272, 306
421, 0, 82, 201, 212, 299
422, 0, 94, 209, 270, 268
422, 1, 197, 292, 242, 352
423, 0, 91, 215, 199, 248
424, 0, 97, 197, 261, 273
424, 1, 161, 329, 266, 343
426, 0, 80, 208, 168, 249
427, 0, 80, 216, 268, 278
428, 0, 47, 217, 132, 348
430, 0, 80, 230, 126, 281
431, 0, 11, 229, 150, 274
432, 0, 18, 215, 125, 261
433, 0, 21, 229, 152, 333
