6, 0, 151, 33, 281, 137
6, 1, 87, 265, 293, 350
6, 2, 196, 147, 287, 258
6, 3, 832, 156, 1131, 320
6, 4, 895, 25, 978, 153
6, 5, 1053, 26, 1124, 156
7, 0, 31, 25, 384, 342
7, 1, 760, 20, 1070, 337
7, 2, 905, 24, 1011, 184
7, 3, 1077, 98, 1219, 232
8, 0, 31, 101, 366, 330
8, 1, 76, 12, 307, 245
8, 2, 765, 114, 894, 211
8, 3, 792, 23, 1169, 120
8, 4, 894, 226, 1003, 343
9, 0, 22, 191, 297, 312
9, 1, 23, 72, 222, 189
9, 2, 316, 18, 388, 292
9, 3, 732, 275, 808, 304
9, 4, 733, 35, 1006, 267
9, 5, 1014, 35, 1126, 129
10, 0, 70, 219, 258, 330
10, 1, 105, 85, 293, 210
10, 2, 800, 24, 1120, 297
11, 0, 75, 101, 213, 356
11, 1, 147, 54, 304, 342
11, 2, 804, 38, 1006, 186
11, 3, 852, 160, 977, 305
11, 4, 1026, 214, 1119, 290
11, 5, 1066, 25, 1221, 80
12, 0, 100, 75, 296, 344
12, 1, 431, 284, 884, 354
12, 2, 815, 38, 1022, 244
13, 0, 85, 46, 433, 334
13, 1, 211, 22, 451, 254
13, 2, 624, 191, 1091, 338
13, 3, 803, 32, 1188, 223
14, 0, 60, 43, 396, 337
14, 1, 198, 30, 327, 242
14, 2, 443, 270, 829, 348
14, 3, 865, 40, 1154, 225
15, 0, 93, 18, 698, 324
15, 1, 881, 53, 1150, 341
16, 0, 120, 22, 634, 342
16, 1, 543, 155, 875, 299
16, 2, 860, 20, 1228, 344
17, 0, 92, 25, 406, 326
17, 1, 802, 265, 1024, 345
17, 2, 860, 50, 1177, 233
17, 3, 1045, 283, 1102, 330
17, 4, 1017, 17, 1084, 58
18, 0, 64, 26, 446, 359
18, 1, 580, 248, 908, 346
18, 2, 830, 51, 1163, 345
18, 3, 1123, 316, 1197, 348
18, 4, 1103, 14, 1156, 103
19, 0, 44, 36, 136, 234
19, 1, 476, 258, 917, 347
19, 2, 924, 272, 1139, 343
19, 3, 843, 43, 1215, 310
20, 0, 32, 26, 470, 360
20, 1, 427, 266, 635, 345
20, 2, 579, 253, 819, 345
20, 3, 921, 138, 1203, 341
20, 4, 937, 23, 1209, 184
21, 0, 42, 24, 120, 263
21, 1, 52, 230, 356, 361
21, 2, 227, 48, 342, 107
21, 3, 450, 258, 899, 357
21, 4, 601, 25, 767, 38
21, 5, 983, 207, 1110, 329
21, 6, 876, 33, 1090, 106
21, 7, 1095, 43, 1203, 186
22, 0, 42, 292, 178, 360
22, 1, 164, 45, 1137, 362
22, 2, 959, 32, 1168, 164
22, 3, 1159, 134, 1203, 186
23, 0, 39, 38, 961, 355
23, 1, 874, 29, 1104, 181
23, 2, 1035, 75, 1208, 323
24, 0, 42, 32, 878, 357
24, 1, 82, 298, 245, 344
24, 2, 514, 15, 647, 92
24, 3, 767, 65, 993, 182
24, 4, 980, 75, 1207, 341
24, 5, 974, 30, 1104, 138
25, 0, 64, 29, 921, 359
25, 1, 889, 12, 1129, 186
25, 2, 952, 78, 1207, 353
26, 0, 44, 212, 220, 340
26, 1, 36, 21, 457, 295
26, 2, 548, 329, 660, 358
26, 3, 788, 80, 1187, 345
26, 4, 887, 15, 1134, 188
27, 0, 57, 192, 387, 341
27, 1, 88, 29, 421, 260
27, 2, 493, 235, 888, 361
27, 3, 815, 25, 1213, 337
28, 0, 42, 11, 410, 366
28, 1, 652, 167, 1167, 350
28, 2, 847, 12, 1197, 213
29, 0, 26, 11, 402, 261
29, 1, 38, 222, 187, 357
29, 2, 447, 120, 1216, 352
29, 3, 846, 31, 1176, 164
30, 0, 40, 20, 629, 340
30, 1, 45, 201, 185, 343
30, 2, 706, 28, 1209, 213
30, 3, 722, 236, 1216, 359
31, 0, 46, 30, 1217, 354
31, 1, 676, 25, 1207, 237
32, 0, 52, 35, 494, 343
32, 1, 585, 269, 754, 304
32, 2, 736, 25, 1192, 208
32, 3, 1101, 232, 1176, 328
33, 0, 76, 181, 254, 278
33, 1, 147, 19, 350, 102
33, 2, 772, 22, 1177, 185
33, 3, 791, 133, 938, 248
33, 4, 1125, 229, 1194, 330
34, 0, 43, 23, 812, 360
34, 1, 762, 23, 1165, 179
34, 2, 800, 148, 1165, 279
35, 0, 59, 18, 624, 351
35, 1, 700, 105, 1040, 285
35, 2, 855, 22, 1180, 112
35, 3, 1087, 110, 1183, 219
36, 0, 59, 22, 468, 354
36, 1, 583, 241, 1103, 334
36, 2, 823, 15, 1229, 243
37, 0, 53, 101, 364, 336
37, 1, 75, 27, 384, 130
37, 2, 798, 21, 1130, 159
37, 3, 935, 59, 1219, 331
37, 4, 1063, 242, 1168, 330
38, 0, 53, 22, 374, 335
38, 1, 777, 93, 1185, 353
38, 2, 931, 15, 1165, 156
39, 0, 27, 24, 284, 336
39, 1, 964, 96, 1188, 305
39, 2, 883, 17, 1152, 156
40, 0, 62, 109, 216, 332
40, 1, 77, 21, 590, 346
40, 2, 685, 270, 895, 322
40, 3, 751, 82, 902, 226
40, 4, 897, 17, 1201, 153
41, 0, 64, 20, 315, 332
41, 1, 401, 276, 463, 311
41, 2, 809, 22, 1157, 217
42, 0, 27, 106, 261, 345
42, 1, 31, 11, 305, 102
42, 2, 436, 184, 944, 354
42, 3, 693, 25, 1174, 167
43, 0, 11, 24, 506, 333
43, 1, 56, 182, 89, 300
43, 2, 611, 32, 949, 108
43, 3, 795, 150, 994, 332
43, 4, 982, 27, 1210, 166
44, 0, 48, 19, 439, 332
44, 1, 520, 151, 1010, 329
44, 2, 908, 30, 1173, 262
45, 0, 10, 19, 433, 339
45, 1, 509, 258, 679, 274
45, 2, 761, 319, 964, 364
45, 3, 750, 19, 1214, 191
45, 4, 757, 148, 1065, 284
45, 5, 1050, 222, 1111, 285
46, 0, 53, 26, 431, 315
46, 1, 513, 114, 1168, 330
46, 2, 758, 30, 860, 110
46, 3, 957, 20, 1191, 114
46, 4, 1112, 219, 1208, 327
47, 0, 51, 24, 419, 346
47, 1, 365, 20, 571, 81
47, 2, 741, 23, 1225, 240
47, 3, 894, 204, 1204, 324
47, 4, 933, 26, 1200, 165
48, 0, 64, 190, 286, 348
48, 1, 66, 28, 228, 223
48, 2, 466, 254, 796, 353
48, 3, 922, 240, 1084, 336
48, 4, 889, 11, 1203, 236
49, 0, 54, 191, 273, 343
49, 1, 368, 257, 841, 357
49, 2, 747, 42, 1204, 243
49, 3, 995, 22, 1198, 92
50, 0, 58, 22, 897, 362
50, 1, 764, 113, 852, 188
50, 2, 824, 18, 1195, 238
50, 3, 997, 155, 1150, 323
51, 0, 42, 23, 927, 362
51, 1, 48, 298, 150, 359
51, 2, 777, 21, 1199, 239
51, 3, 1049, 165, 1144, 336
52, 0, 75, 18, 784, 360
52, 1, 725, 17, 1176, 219
52, 2, 753, 113, 944, 316
53, 0, 44, 15, 640, 360
53, 1, 746, 277, 833, 345
53, 2, 865, 19, 1202, 163
53, 3, 874, 158, 1202, 340
54, 0, 50, 288, 147, 340
54, 1, 46, 16, 871, 347
54, 2, 814, 16, 1182, 241
54, 3, 885, 239, 1096, 332
55, 0, 66, 17, 1106, 353
55, 1, 822, 35, 1217, 210
56, 0, 60, 19, 875, 356
56, 1, 738, 28, 1175, 341
57, 0, 39, 158, 275, 355
57, 1, 193, 36, 375, 275
57, 2, 439, 280, 671, 342
57, 3, 724, 33, 1157, 243
57, 4, 790, 158, 1163, 349
58, 0, 49, 32, 336, 329
58, 1, 423, 272, 703, 335
58, 2, 730, 43, 998, 206
58, 3, 829, 182, 1149, 342
58, 4, 915, 27, 1125, 103
59, 0, 45, 33, 668, 341
59, 1, 763, 90, 977, 186
59, 2, 827, 183, 1146, 330
59, 3, 936, 37, 1122, 158
60, 0, 34, 29, 469, 345
60, 1, 533, 285, 794, 360
60, 2, 726, 19, 1133, 279
60, 3, 979, 15, 1191, 136
61, 0, 42, 26, 315, 319
61, 1, 507, 296, 873, 344
61, 2, 705, 15, 1192, 302
61, 3, 988, 13, 1203, 114
62, 0, 50, 22, 762, 318
62, 1, 787, 163, 1176, 337
62, 2, 765, 15, 1203, 232
63, 0, 44, 18, 539, 338
63, 1, 702, 18, 1225, 343
63, 2, 1131, 138, 1228, 266
64, 0, 38, 19, 697, 356
64, 1, 741, 18, 1186, 347
64, 2, 977, 234, 1089, 332
64, 3, 950, 43, 1043, 105
65, 0, 51, 20, 804, 358
65, 1, 109, 274, 247, 341
65, 2, 324, 249, 486, 342
65, 3, 606, 23, 950, 237
65, 4, 983, 146, 1125, 353
65, 5, 948, 40, 1078, 147
66, 0, 98, 21, 748, 343
66, 1, 1018, 188, 1175, 346
66, 2, 811, 23, 1127, 277
66, 3, 1026, 33, 1147, 91
67, 0, 65, 18, 1120, 341
67, 1, 709, 40, 860, 138
67, 2, 1084, 157, 1219, 325
67, 3, 1030, 15, 1171, 88
68, 0, 37, 24, 950, 360
68, 1, 685, 28, 758, 135
68, 2, 939, 48, 1184, 302
68, 3, 1060, 24, 1195, 82
69, 0, 77, 23, 1112, 358
69, 1, 1010, 135, 1179, 261
69, 2, 988, 20, 1196, 111
70, 0, 63, 23, 417, 342
70, 1, 419, 133, 1231, 360
70, 2, 890, 17, 1202, 112
71, 0, 73, 176, 262, 345
71, 1, 76, 31, 852, 348
71, 2, 713, 20, 1209, 134
71, 3, 789, 129, 1216, 355
72, 0, 56, 131, 362, 345
72, 1, 425, 265, 888, 352
72, 2, 712, 31, 820, 133
72, 3, 962, 128, 1172, 160
72, 4, 988, 248, 1170, 342
72, 5, 1035, 18, 1197, 84
73, 0, 60, 22, 741, 349
73, 1, 817, 18, 1202, 133
73, 2, 797, 111, 1184, 352
74, 0, 72, 120, 158, 324
74, 1, 127, 33, 460, 340
74, 2, 556, 132, 1160, 347
74, 3, 737, 17, 1170, 131
75, 0, 44, 189, 134, 338
75, 1, 93, 33, 414, 339
75, 2, 359, 233, 1134, 340
75, 3, 735, 20, 1015, 160
75, 4, 1007, 131, 1158, 244
75, 5, 1067, 15, 1198, 83
76, 0, 46, 31, 359, 116
76, 1, 27, 114, 347, 341
76, 2, 572, 164, 1158, 344
76, 3, 739, 14, 1204, 160
77, 0, 16, 34, 439, 322
77, 1, 785, 135, 1066, 261
77, 2, 863, 34, 986, 111
78, 0, 79, 31, 568, 344
78, 1, 678, 270, 1190, 341
78, 2, 838, 107, 1124, 270
78, 3, 843, 15, 1212, 113
79, 0, 51, 28, 454, 315
79, 1, 58, 29, 202, 67
79, 2, 746, 16, 1207, 138
79, 3, 790, 135, 1229, 348
80, 0, 71, 55, 701, 339
80, 1, 239, 23, 427, 56
80, 2, 557, 18, 1189, 162
80, 3, 864, 152, 1190, 363
81, 0, 46, 23, 486, 361
81, 1, 721, 20, 1203, 363
82, 0, 44, 22, 613, 334
82, 1, 718, 22, 1200, 343
82, 2, 774, 37, 831, 150
82, 3, 1063, 170, 1210, 341
83, 0, 57, 23, 535, 327
83, 1, 766, 20, 1203, 345
84, 0, 56, 22, 470, 350
84, 1, 760, 17, 1211, 192
84, 2, 898, 181, 1106, 304
84, 3, 1133, 184, 1208, 237
85, 0, 35, 26, 613, 336
85, 1, 642, 37, 1039, 288
85, 2, 950, 153, 1199, 321
85, 3, 986, 32, 1194, 155
86, 0, 35, 24, 698, 327
86, 1, 526, 20, 641, 58
86, 2, 769, 235, 872, 321
86, 3, 788, 31, 1217, 196
86, 4, 936, 108, 1216, 328
86, 5, 1148, 324, 1209, 361
87, 0, 38, 20, 772, 345
87, 1, 820, 11, 1213, 359
88, 0, 25, 12, 613, 344
88, 1, 788, 153, 1212, 349
88, 2, 948, 14, 1232, 220
89, 0, 35, 25, 718, 341
89, 1, 921, 146, 1229, 345
89, 2, 794, 81, 924, 262
89, 3, 958, 32, 1160, 143
90, 0, 30, 18, 488, 335
90, 1, 543, 211, 833, 345
90, 2, 567, 17, 918, 221
90, 3, 879, 224, 1084, 335
90, 4, 910, 31, 1148, 223
91, 0, 74, 30, 870, 354
91, 1, 938, 154, 1212, 358
91, 2, 1142, 290, 1205, 362
91, 3, 938, 15, 1171, 209
92, 0, 48, 161, 416, 351
92, 1, 125, 22, 742, 212
92, 2, 526, 232, 851, 354
92, 3, 1018, 272, 1210, 363
92, 4, 904, 156, 1040, 337
92, 5, 933, 21, 1217, 306
92, 6, 1071, 42, 1119, 85
93, 0, 57, 16, 1031, 359
93, 1, 115, 289, 188, 359
93, 2, 639, 16, 1138, 260
93, 3, 1049, 279, 1207, 357
93, 4, 1094, 99, 1166, 207
94, 0, 37, 20, 478, 350
94, 1, 452, 183, 1206, 361
94, 2, 644, 110, 808, 200
94, 3, 872, 16, 1209, 236
94, 4, 1083, 15, 1199, 67
95, 0, 54, 101, 294, 349
95, 1, 62, 17, 952, 356
95, 2, 831, 21, 1208, 351
96, 0, 54, 21, 543, 344
96, 1, 389, 17, 568, 29
96, 2, 486, 188, 1230, 354
97, 0, 61, 159, 229, 342
97, 1, 86, 26, 357, 331
97, 2, 551, 22, 782, 149
97, 3, 500, 227, 969, 364
97, 4, 930, 21, 1201, 349
98, 0, 52, 11, 1202, 342
98, 1, 502, 209, 1182, 355
99, 0, 52, 19, 498, 342
99, 1, 25, 192, 250, 327
99, 2, 537, 257, 645, 333
99, 3, 600, 16, 1207, 239
99, 4, 699, 290, 831, 349
99, 5, 851, 233, 1156, 352
100, 0, 87, 18, 459, 345
100, 1, 706, 15, 1211, 343
100, 2, 724, 296, 915, 350
101, 0, 43, 101, 284, 331
101, 1, 63, 16, 487, 332
101, 2, 707, 17, 1189, 349
101, 3, 840, 210, 910, 346
102, 0, 49, 22, 325, 315
102, 1, 670, 263, 835, 342
102, 2, 741, 21, 1161, 334
102, 3, 973, 17, 1198, 113
102, 4, 1081, 252, 1155, 329
103, 0, 60, 131, 281, 333
103, 1, 92, 28, 520, 297
103, 2, 672, 213, 1122, 343
103, 3, 783, 33, 1183, 249
104, 0, 59, 25, 539, 341
104, 1, 827, 29, 1196, 165
104, 2, 893, 221, 1138, 335
104, 3, 891, 136, 1148, 223
105, 0, 54, 98, 318, 335
105, 1, 54, 22, 526, 335
105, 2, 685, 137, 1156, 331
105, 3, 724, 33, 894, 212
105, 4, 909, 31, 1190, 119
106, 0, 56, 21, 582, 346
106, 1, 762, 278, 934, 322
106, 2, 780, 31, 1158, 225
106, 3, 925, 23, 1173, 159
107, 0, 62, 22, 438, 329
107, 1, 706, 135, 1227, 330
107, 2, 875, 26, 1168, 125
108, 0, 55, 102, 301, 280
108, 1, 849, 127, 1144, 227
108, 2, 894, 224, 1125, 318
108, 3, 882, 35, 1008, 157
108, 4, 1036, 23, 1115, 99
109, 0, 55, 23, 262, 343
109, 1, 262, 157, 394, 207
109, 2, 849, 81, 1174, 234
109, 3, 942, 19, 1153, 161
110, 0, 27, 27, 495, 339
110, 1, 580, 270, 733, 335
110, 2, 872, 170, 1135, 316
110, 3, 821, 97, 970, 215
110, 4, 868, 27, 1056, 160
110, 5, 1081, 22, 1171, 73
111, 0, 26, 22, 667, 343
111, 1, 775, 13, 1205, 278
112, 0, 26, 100, 149, 241
112, 1, 21, 21, 350, 341
112, 2, 438, 274, 699, 335
112, 3, 735, 236, 864, 328
112, 4, 766, 133, 1080, 263
112, 5, 824, 65, 891, 137
112, 6, 958, 21, 1125, 162
113, 0, 44, 101, 663, 341
113, 1, 816, 160, 1044, 333
113, 2, 772, 108, 892, 230
113, 3, 961, 32, 1169, 155
114, 0, 35, 99, 316, 245
114, 1, 591, 301, 726, 341
114, 2, 892, 115, 1125, 289
115, 0, 29, 22, 365, 343
115, 1, 694, 24, 1060, 269
115, 2, 702, 234, 809, 303
115, 3, 1026, 299, 1043, 336
115, 4, 1016, 22, 1185, 156
116, 0, 31, 19, 275, 341
116, 1, 388, 304, 490, 362
116, 2, 817, 11, 1210, 320
117, 0, 31, 21, 496, 340
117, 1, 376, 296, 549, 333
117, 2, 830, 16, 1193, 276
118, 0, 35, 43, 448, 331
118, 1, 681, 305, 910, 337
118, 2, 796, 14, 1115, 285
119, 0, 22, 48, 365, 308
119, 1, 12, 15, 167, 119
119, 2, 564, 177, 813, 313
119, 3, 719, 27, 782, 154
119, 4, 821, 14, 1109, 213
119, 5, 889, 250, 1092, 308
120, 0, 49, 106, 244, 318
120, 1, 32, 21, 332, 181
120, 2, 786, 197, 1133, 323
120, 3, 857, 19, 1120, 267
121, 0, 22, 24, 415, 347
121, 1, 672, 25, 844, 158
121, 2, 700, 181, 975, 328
121, 3, 895, 42, 1137, 349
122, 0, 19, 17, 442, 344
122, 1, 745, 24, 976, 241
122, 2, 771, 241, 870, 319
122, 3, 909, 11, 1145, 266
123, 0, 58, 21, 574, 314
123, 1, 779, 123, 1033, 334
123, 2, 761, 18, 1215, 183
124, 0, 62, 29, 420, 350
124, 1, 495, 262, 650, 350
124, 2, 738, 13, 1122, 301
124, 3, 1072, 66, 1171, 107
125, 0, 87, 17, 357, 248
125, 1, 21, 205, 347, 357
125, 2, 467, 294, 548, 344
125, 3, 785, 146, 1092, 329
125, 4, 822, 13, 1150, 134
126, 0, 12, 20, 547, 348
126, 1, 727, 17, 1137, 156
126, 2, 758, 109, 1093, 339
126, 3, 1162, 48, 1200, 86
127, 0, 40, 22, 464, 338
127, 1, 781, 19, 1170, 183
127, 2, 892, 190, 1037, 329
128, 0, 89, 28, 476, 343
128, 1, 58, 249, 142, 308
128, 2, 537, 257, 1025, 342
128, 3, 797, 40, 1165, 214
128, 4, 1021, 195, 1107, 302
129, 0, 74, 30, 443, 341
129, 1, 52, 169, 247, 334
129, 2, 488, 271, 737, 341
129, 3, 804, 35, 1212, 218
129, 4, 1047, 237, 1103, 296
130, 0, 99, 162, 258, 273
130, 1, 108, 28, 198, 111
130, 2, 50, 283, 223, 344
130, 3, 509, 305, 664, 343
130, 4, 812, 46, 911, 282
130, 5, 967, 88, 1012, 287
130, 6, 1077, 31, 1202, 125
131, 0, 47, 39, 361, 332
131, 1, 422, 308, 612, 326
131, 2, 545, 17, 1219, 267
132, 0, 45, 18, 354, 334
132, 1, 414, 301, 749, 338
132, 2, 840, 23, 1066, 158
132, 3, 958, 162, 1093, 334
133, 0, 41, 21, 370, 326
133, 1, 432, 306, 621, 328
133, 2, 720, 236, 919, 318
133, 3, 707, 12, 1077, 243
133, 4, 1029, 191, 1189, 256
134, 0, 37, 93, 409, 338
134, 1, 34, 24, 199, 66
134, 2, 832, 29, 1194, 191
134, 3, 998, 185, 1111, 322
135, 0, 33, 121, 347, 347
135, 1, 60, 22, 334, 129
135, 2, 674, 287, 817, 324
135, 3, 759, 187, 929, 317
135, 4, 791, 14, 1088, 215
135, 5, 1132, 269, 1213, 335
136, 0, 35, 88, 415, 344
136, 1, 52, 22, 358, 123
136, 2, 703, 302, 863, 330
136, 3, 795, 121, 1145, 321
136, 4, 796, 13, 1169, 143
137, 0, 32, 23, 442, 344
137, 1, 649, 61, 1011, 189
137, 2, 682, 223, 1130, 338
137, 3, 873, 14, 1161, 123
138, 0, 51, 24, 375, 341
138, 1, 871, 169, 1084, 334
138, 2, 907, 292, 1004, 334
138, 3, 840, 88, 952, 161
138, 4, 925, 11, 1203, 141
139, 0, 82, 27, 349, 300
139, 1, 850, 184, 1107, 344
139, 2, 942, 19, 1208, 129
140, 0, 57, 27, 628, 333
140, 1, 741, 17, 1189, 242
140, 2, 754, 252, 957, 342
141, 0, 45, 20, 314, 205
141, 1, 434, 282, 720, 334
141, 2, 863, 157, 1086, 319
141, 3, 955, 18, 1177, 139
142, 0, 97, 139, 288, 203
142, 1, 458, 274, 648, 341
142, 2, 863, 131, 1005, 306
142, 3, 978, 18, 1121, 134
143, 0, 54, 23, 690, 329
143, 1, 765, 19, 1182, 221
143, 2, 993, 267, 1038, 315
144, 0, 41, 24, 639, 348
144, 1, 33, 256, 106, 332
144, 2, 739, 32, 1162, 164
144, 3, 770, 136, 1126, 304
144, 4, 1074, 273, 1160, 365
145, 0, 49, 20, 450, 346
145, 1, 477, 264, 696, 352
145, 2, 791, 29, 1156, 157
145, 3, 865, 155, 1129, 264
146, 0, 38, 21, 411, 349
146, 1, 499, 293, 676, 349
146, 2, 741, 24, 1087, 231
146, 3, 777, 180, 976, 336
146, 4, 1064, 126, 1139, 298
147, 0, 46, 20, 642, 357
147, 1, 758, 177, 1060, 335
147, 2, 815, 25, 1144, 154
148, 0, 48, 19, 355, 350
148, 1, 366, 282, 680, 357
148, 2, 797, 177, 1125, 343
148, 3, 836, 130, 911, 204
148, 4, 835, 24, 1193, 157
149, 0, 88, 26, 420, 114
149, 1, 49, 136, 232, 311
149, 2, 469, 304, 684, 360
149, 3, 840, 26, 1165, 332
150, 0, 47, 22, 643, 349
150, 1, 725, 31, 1169, 149
150, 2, 791, 136, 1122, 332
151, 0, 46, 22, 334, 340
151, 1, 529, 323, 643, 352
151, 2, 883, 33, 1158, 140
151, 3, 1063, 141, 1169, 320
152, 0, 20, 95, 260, 348
152, 1, 53, 23, 179, 118
152, 2, 686, 67, 905, 202
152, 3, 992, 135, 1154, 269
152, 4, 942, 32, 1184, 145
153, 0, 32, 313, 222, 343
153, 1, 39, 21, 375, 305
153, 2, 779, 27, 1197, 183
153, 3, 864, 220, 1004, 339
154, 0, 19, 20, 506, 366
154, 1, 715, 24, 1200, 312
154, 2, 1041, 204, 1096, 247
155, 0, 13, 18, 234, 340
155, 1, 808, 18, 1177, 182
155, 2, 948, 150, 1098, 309
156, 0, 26, 21, 401, 145
156, 1, 24, 71, 820, 344
156, 2, 718, 24, 990, 296
156, 3, 966, 130, 1172, 319
156, 4, 998, 26, 1188, 132
157, 0, 19, 29, 129, 186
157, 1, 35, 184, 240, 329
157, 2, 801, 27, 1180, 183
157, 3, 967, 110, 1198, 344
158, 0, 47, 22, 688, 346
158, 1, 39, 211, 193, 336
158, 2, 826, 12, 1205, 160
158, 3, 815, 114, 1204, 347
159, 0, 35, 11, 1106, 342
159, 1, 778, 17, 1190, 283
160, 0, 42, 162, 98, 253
160, 1, 28, 22, 277, 353
160, 2, 360, 280, 519, 314
160, 3, 749, 73, 866, 89
160, 4, 765, 293, 1162, 344
160, 5, 815, 127, 1108, 255
160, 6, 894, 10, 1219, 235
161, 0, 30, 26, 475, 351
161, 1, 570, 253, 910, 350
161, 2, 841, 115, 1061, 320
161, 3, 888, 13, 1054, 98
161, 4, 1048, 22, 1217, 314
162, 0, 28, 15, 516, 356
162, 1, 614, 265, 859, 341
162, 2, 767, 48, 865, 261
162, 3, 864, 147, 1179, 329
162, 4, 929, 17, 1216, 203
163, 0, 63, 203, 473, 356
163, 1, 618, 278, 709, 340
163, 2, 842, 108, 1188, 308
163, 3, 931, 20, 1159, 136
163, 4, 1161, 12, 1214, 79
164, 0, 25, 13, 530, 320
164, 1, 24, 158, 442, 359
164, 2, 622, 228, 912, 334
164, 3, 721, 30, 948, 259
164, 4, 938, 16, 1211, 317
165, 0, 24, 13, 378, 120
165, 1, 132, 301, 480, 346
165, 2, 577, 277, 1014, 362
165, 3, 1049, 171, 1224, 320
165, 4, 1033, 88, 1199, 184
165, 5, 1078, 11, 1232, 99
166, 0, 23, 15, 383, 332
166, 1, 24, 163, 968, 362
166, 2, 805, 30, 1040, 297
166, 3, 935, 19, 1173, 310
166, 4, 1035, 14, 1181, 157
167, 0, 22, 163, 455, 358
167, 1, 43, 14, 646, 358
167, 2, 766, 229, 878, 350
167, 3, 759, 12, 1223, 351
167, 4, 1051, 174, 1179, 331
168, 0, 43, 12, 675, 363
168, 1, 50, 334, 148, 362
168, 2, 733, 259, 976, 344
168, 3, 778, 21, 1030, 229
168, 4, 1015, 153, 1228, 340
168, 5, 1046, 12, 1224, 155
169, 0, 22, 28, 676, 362
169, 1, 784, 258, 1055, 353
169, 2, 827, 18, 1217, 329
170, 0, 22, 26, 1215, 363
170, 1, 848, 14, 1217, 229
171, 0, 21, 26, 721, 362
171, 1, 821, 257, 1187, 349
171, 2, 848, 23, 1216, 255
172, 0, 24, 14, 506, 362
172, 1, 522, 180, 1193, 363
172, 2, 829, 24, 1215, 226
173, 0, 24, 26, 423, 355
173, 1, 532, 284, 796, 363
173, 2, 832, 281, 895, 356
173, 3, 827, 23, 1215, 352
174, 0, 27, 27, 361, 342
174, 1, 586, 181, 1175, 362
174, 2, 895, 11, 1216, 246
175, 0, 31, 28, 272, 346
175, 1, 614, 276, 667, 364
175, 2, 771, 276, 1191, 352
175, 3, 1002, 14, 1219, 253
176, 0, 36, 28, 366, 348
176, 1, 892, 185, 1203, 350
176, 2, 904, 15, 1219, 250
177, 0, 20, 27, 466, 344
177, 1, 818, 229, 1201, 348
177, 2, 809, 14, 1211, 251
178, 0, 27, 30, 411, 345
178, 1, 581, 186, 1201, 344
178, 2, 863, 12, 1217, 252
179, 0, 1067, 283, 1204, 339
180, 0, 19, 52, 224, 360
180, 1, 387, 279, 1208, 343
180, 2, 1026, 162, 1190, 251
180, 3, 1047, 14, 1215, 207
181, 0, 26, 31, 393, 364
181, 1, 519, 203, 1208, 343
181, 2, 842, 13, 1218, 250
182, 0, 13, 30, 369, 362
182, 1, 693, 225, 1185, 344
182, 2, 869, 12, 1212, 309
183, 0, 106, 329, 230, 360
183, 1, 486, 320, 649, 356
183, 2, 750, 278, 1192, 339
184, 0, 10, 30, 1204, 362
184, 1, 501, 12, 561, 36
184, 2, 748, 12, 1212, 276
185, 0, 26, 31, 358, 364
185, 1, 488, 319, 760, 347
185, 2, 815, 27, 1213, 359
186, 0, 31, 33, 309, 362
186, 1, 472, 330, 611, 364
186, 2, 844, 180, 1187, 358
186, 3, 862, 12, 1212, 273
187, 0, 20, 13, 433, 364
187, 1, 738, 223, 1201, 358
187, 2, 760, 12, 1212, 274
188, 0, 27, 15, 373, 362
188, 1, 733, 267, 945, 353
188, 2, 739, 12, 1208, 356
189, 0, 12, 16, 375, 364
189, 1, 756, 248, 1196, 355
189, 2, 761, 13, 1209, 274
190, 0, 16, 37, 305, 358
190, 1, 799, 317, 954, 344
190, 2, 845, 11, 1198, 353
191, 0, 23, 38, 142, 352
191, 1, 1028, 297, 1209, 352
191, 2, 1048, 11, 1195, 274
191, 3, 1044, 97, 1146, 273
192, 0, 29, 19, 446, 360
192, 1, 700, 12, 1205, 324
192, 2, 730, 316, 1181, 351
194, 0, 41, 120, 228, 352
194, 1, 75, 41, 247, 82
194, 2, 907, 141, 1202, 364
194, 3, 958, 14, 1211, 275
195, 0, 47, 42, 247, 352
195, 1, 899, 13, 1196, 346
196, 0, 51, 19, 408, 352
196, 1, 730, 30, 1199, 364
197, 0, 54, 17, 569, 357
197, 1, 608, 15, 1202, 292
197, 2, 724, 287, 1221, 364
198, 0, 58, 37, 334, 348
198, 1, 801, 242, 1191, 364
198, 2, 818, 27, 1206, 291
199, 0, 60, 38, 393, 348
199, 1, 756, 29, 1207, 361
200, 0, 77, 42, 244, 300
200, 1, 446, 350, 642, 358
200, 2, 912, 31, 1213, 364
201, 0, 67, 44, 202, 348
201, 1, 913, 182, 1209, 365
201, 2, 934, 33, 1176, 276
202, 0, 72, 45, 370, 356
202, 1, 746, 30, 1221, 357
203, 0, 79, 33, 257, 353
203, 1, 860, 30, 1207, 351
203, 2, 883, 250, 1075, 350
204, 0, 63, 33, 382, 357
204, 1, 725, 272, 1170, 354
204, 2, 738, 142, 863, 297
204, 3, 760, 17, 1215, 363
205, 0, 97, 31, 371, 311
205, 1, 94, 328, 355, 355
205, 2, 745, 15, 1186, 357
206, 0, 846, 33, 950, 57
206, 1, 954, 349, 1182, 357
206, 2, 1126, 25, 1179, 160
207, 0, 97, 23, 397, 308
207, 1, 113, 323, 437, 358
207, 2, 652, 268, 1175, 355
207, 3, 703, 14, 1179, 276
208, 0, 99, 23, 393, 301
208, 1, 125, 322, 322, 350
208, 2, 709, 266, 1027, 353
208, 3, 737, 19, 1164, 353
209, 0, 112, 34, 191, 107
209, 1, 792, 271, 1094, 365
209, 2, 922, 14, 1209, 327
210, 0, 174, 36, 277, 107
210, 1, 877, 247, 1161, 363
210, 2, 956, 15, 1198, 225
211, 0, 144, 27, 349, 356
211, 1, 719, 18, 1228, 364
212, 0, 175, 128, 383, 357
212, 1, 183, 23, 396, 162
212, 2, 672, 266, 1030, 356
212, 3, 686, 23, 1201, 357
213, 0, 205, 35, 227, 105
213, 1, 183, 141, 416, 362
213, 2, 728, 266, 1147, 355
213, 3, 756, 21, 1187, 304
214, 0, 739, 19, 1205, 361
215, 0, 199, 29, 484, 364
215, 1, 889, 304, 1149, 362
215, 2, 864, 17, 1174, 307
216, 0, 1008, 109, 1197, 357
216, 1, 1075, 39, 1147, 131
217, 0, 212, 27, 294, 250
217, 1, 718, 270, 1101, 359
217, 2, 732, 155, 859, 249
217, 3, 752, 19, 1157, 350
218, 0, 272, 331, 431, 363
218, 1, 726, 19, 1154, 348
219, 0, 281, 326, 478, 363
219, 1, 764, 16, 1184, 260
219, 2, 833, 301, 1063, 349
219, 3, 844, 178, 1141, 348
220, 0, 216, 49, 247, 175
220, 1, 262, 320, 478, 363
220, 2, 752, 108, 1199, 350
220, 3, 759, 16, 1168, 253
221, 0, 209, 45, 263, 233
221, 1, 264, 330, 471, 365
221, 2, 734, 198, 1156, 348
221, 3, 738, 84, 1040, 250
221, 4, 764, 19, 1171, 252
222, 0, 246, 320, 449, 359
222, 1, 710, 21, 1191, 346
222, 2, 782, 16, 1189, 220
223, 0, 210, 42, 352, 255
223, 1, 264, 322, 492, 362
223, 2, 690, 19, 1218, 352
224, 0, 199, 97, 315, 212
224, 1, 252, 314, 572, 363
224, 2, 798, 96, 1202, 362
224, 3, 774, 19, 1188, 166
225, 0, 196, 36, 512, 364
225, 1, 682, 197, 1208, 356
225, 2, 691, 17, 1195, 244
226, 0, 140, 82, 558, 362
226, 1, 672, 199, 989, 324
226, 2, 693, 15, 1102, 190
226, 3, 1032, 224, 1159, 348
226, 4, 1124, 144, 1226, 300
227, 0, 106, 44, 561, 358
227, 1, 675, 14, 1189, 235
227, 2, 766, 205, 902, 281
227, 3, 994, 201, 1102, 299
227, 4, 1194, 178, 1231, 239
228, 0, 138, 83, 250, 345
228, 1, 93, 244, 136, 337
228, 2, 313, 278, 629, 360
228, 3, 757, 16, 1187, 237
229, 0, 24, 45, 770, 362
229, 1, 602, 13, 1154, 313
230, 0, 296, 284, 767, 355
230, 1, 859, 189, 986, 279
230, 2, 951, 95, 1155, 165
230, 3, 1039, 24, 1112, 86
231, 0, 39, 88, 279, 355
231, 1, 350, 287, 650, 358
231, 2, 789, 20, 1187, 173
231, 3, 843, 191, 1046, 336
232, 0, 60, 62, 301, 346
232, 1, 315, 210, 809, 360
232, 2, 800, 20, 1185, 240
232, 3, 927, 208, 1115, 340
233, 0, 25, 187, 207, 310
233, 1, 328, 286, 715, 363
233, 2, 807, 36, 889, 175
233, 3, 1003, 93, 1179, 328
233, 4, 1026, 18, 1123, 64
234, 0, 37, 33, 703, 356
234, 1, 662, 15, 1216, 328
234, 2, 695, 233, 752, 283
235, 0, 37, 25, 643, 365
235, 1, 702, 15, 1229, 333
236, 0, 36, 19, 665, 365
236, 1, 788, 16, 1219, 342
237, 0, 43, 26, 1163, 363
237, 1, 673, 16, 1233, 227
238, 0, 15, 150, 154, 257
238, 1, 329, 318, 707, 360
238, 2, 868, 202, 1212, 336
238, 3, 993, 22, 1228, 180
239, 0, 49, 22, 700, 358
239, 1, 10, 230, 94, 318
239, 2, 680, 14, 1213, 346
239, 3, 1050, 235, 1160, 334
240, 0, 48, 21, 477, 313
240, 1, 355, 177, 1010, 362
240, 2, 735, 16, 1215, 233
240, 3, 1093, 195, 1189, 248
241, 0, 16, 23, 499, 364
241, 1, 698, 203, 1093, 347
241, 2, 723, 19, 1210, 242
242, 0, 21, 23, 581, 362
242, 1, 871, 228, 1006, 334
242, 2, 870, 113, 1204, 241
242, 3, 1022, 272, 1207, 362
242, 4, 891, 18, 1182, 139
243, 0, 22, 13, 649, 357
243, 1, 851, 261, 1065, 337
243, 2, 813, 18, 1193, 252
243, 3, 836, 227, 1047, 263
244, 0, 29, 16, 550, 366
244, 1, 756, 177, 1115, 339
244, 2, 783, 22, 1185, 256
245, 0, 19, 14, 830, 363
245, 1, 821, 20, 1203, 292
246, 0, 14, 12, 563, 363
246, 1, 706, 13, 1192, 345
247, 0, 24, 154, 204, 344
247, 1, 22, 12, 785, 363
247, 2, 791, 16, 1223, 358
247, 3, 896, 281, 1025, 329
248, 0, 20, 14, 855, 360
248, 1, 834, 18, 1212, 155
248, 2, 948, 152, 1204, 340
249, 0, 20, 17, 888, 357
249, 1, 743, 18, 1196, 360
250, 0, 26, 21, 1192, 358
250, 1, 917, 20, 1205, 166
251, 0, 29, 169, 88, 236
251, 1, 66, 311, 304, 363
251, 2, 184, 114, 326, 288
251, 3, 397, 316, 795, 362
251, 4, 717, 13, 913, 17
251, 5, 1014, 272, 1154, 336
251, 6, 1102, 167, 1200, 191
251, 7, 1167, 18, 1210, 167
252, 0, 50, 291, 744, 363
252, 1, 218, 21, 318, 149
252, 2, 1092, 271, 1206, 349
253, 0, 27, 19, 392, 314
253, 1, 17, 291, 902, 365
253, 2, 817, 171, 1221, 356
253, 3, 798, 36, 1207, 214
254, 0, 32, 177, 766, 362
254, 1, 28, 309, 236, 365
254, 2, 36, 16, 378, 162
254, 3, 848, 120, 928, 251
254, 4, 864, 30, 1207, 221
254, 5, 981, 190, 1209, 326
255, 0, 31, 251, 234, 359
255, 1, 30, 20, 823, 363
255, 2, 809, 178, 1205, 332
255, 3, 793, 22, 1204, 202
256, 0, 27, 270, 305, 359
256, 1, 27, 19, 539, 358
256, 2, 584, 220, 727, 343
256, 3, 783, 174, 1213, 327
256, 4, 818, 17, 1204, 206
257, 0, 38, 247, 930, 361
257, 1, 28, 17, 363, 303
257, 2, 796, 173, 1023, 276
257, 3, 818, 16, 1203, 223
257, 4, 1167, 175, 1204, 273
258, 0, 28, 19, 360, 306
258, 1, 37, 273, 775, 358
258, 2, 763, 173, 1108, 295
258, 3, 794, 15, 1205, 199
259, 0, 28, 16, 815, 365
259, 1, 41, 281, 278, 359
259, 2, 816, 17, 1207, 309
260, 0, 53, 289, 224, 358
260, 1, 53, 17, 697, 355
260, 2, 762, 177, 1178, 329
260, 3, 771, 19, 1212, 181
261, 0, 32, 265, 806, 361
261, 1, 77, 51, 165, 180
261, 2, 214, 27, 286, 215
261, 3, 826, 94, 1135, 334
261, 4, 1098, 18, 1212, 134
262, 0, 27, 324, 173, 349
262, 1, 67, 118, 132, 296
262, 2, 143, 16, 743, 356
262, 3, 826, 120, 1149, 324
262, 4, 843, 16, 1215, 156
263, 0, 69, 20, 369, 350
263, 1, 470, 317, 682, 351
263, 2, 880, 14, 1196, 232
263, 3, 1056, 219, 1215, 303
264, 0, 60, 19, 406, 347
264, 1, 472, 155, 1068, 352
264, 2, 892, 16, 1203, 184
264, 3, 1056, 203, 1202, 258
265, 0, 58, 18, 560, 343
265, 1, 820, 207, 887, 344
265, 2, 800, 18, 1207, 211
265, 3, 939, 179, 1200, 338
266, 0, 39, 35, 190, 341
266, 1, 402, 309, 627, 339
266, 2, 917, 17, 1210, 312
267, 0, 43, 18, 477, 344
267, 1, 537, 257, 909, 320
267, 2, 753, 17, 1204, 272
267, 3, 974, 276, 1139, 340
268, 0, 35, 25, 457, 341
268, 1, 693, 180, 1200, 335
268, 2, 754, 15, 1220, 186
269, 0, 35, 21, 454, 339
269, 1, 754, 203, 1192, 342
269, 2, 756, 19, 1204, 253
270, 0, 32, 100, 233, 343
270, 1, 68, 27, 231, 130
270, 2, 689, 255, 744, 328
270, 3, 832, 254, 1111, 332
270, 4, 979, 17, 1169, 235
271, 0, 32, 24, 426, 335
271, 1, 932, 33, 1200, 264
271, 2, 1054, 267, 1161, 352
272, 0, 56, 26, 630, 337
272, 1, 815, 29, 1143, 265
272, 2, 844, 159, 1059, 315
273, 0, 43, 63, 390, 312
273, 1, 406, 213, 1189, 341
273, 2, 869, 30, 1192, 156
274, 0, 51, 22, 1123, 357
274, 1, 783, 24, 1186, 263
275, 0, 41, 22, 802, 360
275, 1, 865, 21, 1187, 264
275, 2, 912, 205, 1177, 344
276, 0, 49, 21, 560, 359
276, 1, 747, 204, 1164, 339
276, 2, 806, 20, 1194, 288
277, 0, 13, 25, 341, 295
277, 1, 402, 295, 554, 356
277, 2, 705, 257, 847, 337
277, 3, 892, 18, 1204, 332
278, 0, 31, 27, 365, 285
278, 1, 405, 263, 778, 356
278, 2, 881, 160, 1190, 328
278, 3, 893, 133, 964, 181
278, 4, 963, 16, 1182, 207
279, 0, 33, 29, 483, 350
279, 1, 730, 138, 1180, 342
279, 2, 772, 18, 1200, 143
280, 0, 70, 42, 370, 339
280, 1, 391, 300, 584, 351
280, 2, 916, 90, 1070, 312
280, 3, 1007, 24, 1185, 195
281, 0, 51, 55, 1211, 365
281, 1, 71, 26, 133, 82
281, 2, 790, 25, 1176, 166
281, 3, 853, 142, 990, 191
282, 0, 55, 25, 624, 358
282, 1, 833, 137, 1226, 355
282, 2, 717, 35, 990, 112
282, 3, 1086, 38, 1189, 133
283, 0, 37, 21, 471, 349
283, 1, 743, 254, 1163, 343
283, 2, 716, 19, 1163, 291
284, 0, 45, 15, 341, 333
284, 1, 390, 278, 585, 359
284, 2, 638, 273, 983, 329
284, 3, 758, 18, 1209, 283
285, 0, 26, 15, 1146, 360
285, 1, 757, 15, 1062, 144
285, 2, 947, 272, 1013, 356
285, 3, 1128, 310, 1228, 354
286, 0, 41, 20, 278, 320
286, 1, 398, 193, 1163, 356
286, 2, 834, 15, 1053, 197
287, 0, 25, 22, 410, 344
287, 1, 462, 194, 1219, 364
287, 2, 716, 21, 1006, 133
287, 3, 867, 107, 1126, 175
288, 0, 18, 10, 388, 327
288, 1, 490, 288, 761, 360
288, 2, 768, 106, 1222, 341
288, 3, 759, 15, 1029, 165
289, 0, 27, 14, 884, 359
289, 1, 695, 12, 1143, 335
289, 2, 1001, 19, 1117, 149
290, 0, 31, 15, 273, 258
290, 1, 483, 305, 660, 359
290, 2, 826, 83, 1148, 347
290, 3, 844, 12, 1060, 83
291, 0, 34, 32, 975, 363
291, 1, 740, 16, 968, 151
291, 2, 1083, 210, 1147, 312
291, 3, 1024, 115, 1164, 176
291, 4, 1036, 29, 1091, 101
292, 0, 37, 29, 1030, 362
292, 1, 803, 14, 1114, 172
292, 2, 1105, 111, 1145, 173
293, 0, 41, 23, 858, 359
293, 1, 697, 15, 1085, 309
294, 0, 45, 17, 784, 355
294, 1, 718, 14, 1178, 190
294, 2, 762, 156, 1027, 313
295, 0, 38, 35, 309, 280
295, 1, 54, 235, 726, 364
295, 2, 769, 159, 1075, 341
295, 3, 786, 25, 1138, 182
296, 0, 31, 230, 606, 363
296, 1, 30, 30, 380, 279
296, 2, 662, 154, 1140, 338
296, 3, 718, 21, 1173, 178
297, 0, 25, 260, 492, 361
297, 1, 54, 32, 385, 259
297, 2, 698, 21, 1229, 327
297, 3, 1038, 219, 1079, 357
297, 4, 1138, 273, 1189, 332
298, 0, 53, 263, 624, 360
298, 1, 47, 17, 360, 284
298, 2, 762, 21, 1226, 233
298, 3, 824, 175, 1149, 351
298, 4, 1168, 241, 1213, 333
299, 0, 56, 264, 345, 363
299, 1, 43, 12, 554, 360
299, 2, 720, 21, 1199, 214
299, 3, 783, 180, 1039, 340
299, 4, 1102, 50, 1215, 171
300, 0, 14, 266, 511, 363
300, 1, 43, 29, 260, 283
300, 2, 859, 136, 1129, 339
300, 3, 826, 20, 1060, 156
300, 4, 1107, 48, 1221, 173
301, 0, 34, 274, 466, 360
301, 1, 59, 28, 359, 231
301, 2, 806, 20, 1193, 354
302, 0, 27, 270, 739, 361
302, 1, 43, 19, 421, 269
302, 2, 742, 24, 1188, 162
302, 3, 867, 122, 1123, 328
302, 4, 1085, 270, 1210, 335
303, 0, 37, 292, 512, 356
303, 1, 52, 105, 306, 288
303, 2, 102, 17, 490, 291
303, 3, 765, 19, 1212, 162
303, 4, 818, 161, 1117, 313
303, 5, 1175, 302, 1214, 338
304, 0, 17, 295, 190, 361
304, 1, 62, 23, 532, 351
304, 2, 167, 21, 476, 293
304, 3, 765, 19, 1175, 163
304, 4, 819, 189, 966, 333
304, 5, 925, 138, 1100, 281
305, 0, 26, 294, 548, 360
305, 1, 116, 111, 166, 185
305, 2, 660, 256, 888, 337
305, 3, 825, 15, 1193, 186
305, 4, 1002, 116, 1126, 284
306, 0, 62, 26, 541, 344
306, 1, 737, 133, 1130, 335
306, 2, 719, 15, 1175, 187
307, 0, 56, 25, 365, 342
307, 1, 440, 276, 612, 359
307, 2, 787, 21, 1040, 161
307, 3, 907, 33, 1195, 333
308, 0, 73, 21, 503, 353
308, 1, 720, 18, 1065, 189
308, 2, 741, 204, 947, 306
308, 3, 1061, 131, 1131, 268
309, 0, 58, 18, 297, 350
309, 1, 429, 277, 696, 359
309, 2, 811, 18, 1214, 155
309, 3, 896, 215, 1071, 316
310, 0, 66, 13, 391, 286
310, 1, 408, 34, 1156, 357
310, 2, 766, 20, 1012, 193
311, 0, 59, 13, 1139, 361
311, 1, 744, 18, 1169, 183
312, 0, 57, 16, 1164, 354
312, 1, 769, 15, 1187, 187
313, 0, 61, 22, 741, 358
313, 1, 826, 184, 935, 338
313, 2, 841, 16, 1051, 187
313, 3, 1037, 47, 1184, 355
314, 0, 68, 24, 706, 358
314, 1, 788, 187, 1036, 257
314, 2, 865, 12, 1154, 152
314, 3, 917, 94, 1022, 189
315, 0, 57, 23, 1214, 360
315, 1, 844, 12, 1147, 193
316, 0, 65, 21, 760, 362
316, 1, 770, 19, 1157, 193
316, 2, 815, 197, 1158, 341
317, 0, 13, 17, 804, 356
317, 1, 747, 18, 1172, 189
317, 2, 935, 117, 1215, 355
318, 0, 66, 13, 805, 358
318, 1, 841, 14, 1178, 185
318, 2, 1039, 212, 1183, 362
319, 0, 60, 17, 981, 356
319, 1, 793, 13, 1142, 183
319, 2, 1044, 125, 1160, 275
320, 0, 36, 17, 656, 359
320, 1, 607, 176, 970, 352
320, 2, 793, 18, 1194, 205
320, 3, 1089, 116, 1205, 273
321, 0, 28, 19, 412, 348
321, 1, 492, 261, 740, 346
321, 2, 782, 105, 1189, 328
321, 3, 768, 15, 1197, 180
322, 0, 23, 24, 1208, 351
322, 1, 771, 14, 1228, 184
323, 0, 27, 31, 375, 338
323, 1, 464, 274, 714, 358
323, 2, 792, 146, 1214, 332
323, 3, 823, 19, 1219, 223
324, 0, 48, 27, 825, 343
324, 1, 49, 154, 216, 330
324, 2, 837, 189, 958, 283
324, 3, 821, 20, 1204, 210
324, 4, 1042, 148, 1233, 345
325, 0, 69, 222, 170, 325
325, 1, 124, 29, 731, 343
325, 2, 930, 194, 1018, 292
325, 3, 899, 30, 1205, 294
326, 0, 128, 27, 270, 250
326, 1, 205, 208, 551, 343
326, 2, 579, 160, 782, 334
326, 3, 932, 132, 1180, 324
326, 4, 1044, 25, 1194, 158
327, 0, 53, 28, 117, 252
327, 1, 369, 313, 522, 356
327, 2, 1012, 130, 1168, 338
328, 0, 31, 96, 126, 225
328, 1, 116, 23, 271, 152
328, 2, 86, 283, 467, 355
328, 3, 873, 106, 1153, 218
329, 0, 12, 73, 204, 282
329, 1, 38, 282, 684, 363
329, 2, 957, 125, 1218, 216
330, 0, 30, 21, 467, 352
330, 1, 48, 309, 150, 362
330, 2, 618, 266, 830, 356
330, 3, 747, 15, 1172, 176
330, 4, 764, 180, 955, 321
331, 0, 25, 21, 478, 361
331, 1, 622, 225, 882, 341
331, 2, 673, 14, 1074, 325
332, 0, 18, 317, 85, 364
332, 1, 30, 24, 464, 355
332, 2, 563, 234, 752, 355
332, 3, 697, 16, 1093, 322
333, 0, 23, 296, 94, 362
333, 1, 12, 21, 161, 287
333, 2, 213, 306, 526, 352
333, 3, 619, 302, 734, 349
333, 4, 652, 121, 1116, 240
334, 0, 14, 233, 122, 366
334, 1, 26, 28, 479, 357
334, 2, 575, 259, 694, 338
334, 3, 639, 161, 1142, 333
334, 4, 812, 16, 1143, 207
335, 0, 57, 108, 259, 341
335, 1, 75, 19, 297, 191
335, 2, 601, 279, 682, 353
335, 3, 623, 159, 776, 208
335, 4, 840, 184, 909, 283
335, 5, 1004, 158, 1206, 343
335, 6, 888, 14, 1175, 168
336, 0, 36, 108, 170, 341
336, 1, 81, 13, 404, 337
336, 2, 616, 184, 770, 209
336, 3, 686, 200, 930, 316
336, 4, 814, 18, 1136, 184
337, 0, 78, 24, 383, 345
337, 1, 854, 241, 1030, 345
337, 2, 832, 133, 1052, 212
337, 3, 985, 25, 1187, 168
338, 0, 36, 23, 1084, 351
338, 1, 714, 19, 1158, 168
339, 0, 32, 18, 283, 340
339, 1, 319, 68, 355, 286
339, 2, 373, 255, 813, 353
339, 3, 593, 137, 651, 204
339, 4, 795, 85, 1080, 333
339, 5, 1023, 25, 1186, 170
340, 0, 54, 16, 252, 341
340, 1, 312, 24, 359, 92
340, 2, 374, 298, 471, 365
340, 3, 565, 281, 793, 359
340, 4, 579, 154, 666, 202
340, 5, 865, 36, 1178, 251
340, 6, 1054, 162, 1175, 334
341, 0, 44, 13, 1174, 344
341, 1, 68, 112, 225, 332
341, 2, 578, 135, 655, 200
341, 3, 774, 12, 1173, 183
342, 0, 26, 22, 969, 352
342, 1, 547, 136, 639, 201
342, 2, 732, 27, 1008, 227
342, 3, 1020, 110, 1158, 304
342, 4, 1056, 12, 1162, 181
343, 0, 32, 25, 1038, 357
343, 1, 771, 134, 868, 211
343, 2, 820, 19, 1056, 142
343, 3, 1098, 115, 1177, 225
343, 4, 1102, 50, 1174, 67
344, 0, 31, 12, 1071, 363
344, 1, 522, 32, 1077, 234
345, 0, 29, 28, 708, 361
345, 1, 494, 145, 700, 271
345, 2, 785, 33, 1143, 202
345, 3, 928, 190, 1064, 330
346, 0, 26, 165, 215, 359
346, 1, 192, 16, 278, 156
346, 2, 299, 276, 641, 352
346, 3, 494, 143, 783, 362
346, 4, 827, 33, 1179, 216
346, 5, 933, 213, 1027, 245
347, 0, 38, 15, 387, 356
347, 1, 483, 141, 605, 207
347, 2, 487, 119, 1136, 355
347, 3, 902, 21, 1144, 139
348, 0, 36, 211, 382, 354
348, 1, 159, 26, 233, 163
348, 2, 472, 153, 576, 204
348, 3, 529, 260, 932, 360
348, 4, 818, 28, 1167, 233
349, 0, 27, 88, 1071, 362
349, 1, 41, 16, 366, 255
349, 2, 453, 152, 563, 203
349, 3, 806, 21, 1221, 254
350, 0, 20, 16, 588, 341
350, 1, 597, 203, 1016, 331
350, 2, 807, 18, 1209, 230
351, 0, 26, 20, 784, 343
351, 1, 38, 286, 89, 343
351, 2, 309, 152, 583, 251
351, 3, 777, 14, 1188, 254
352, 0, 39, 113, 138, 362
352, 1, 29, 16, 503, 310
352, 2, 712, 179, 1075, 291
352, 3, 814, 16, 1197, 230
353, 0, 18, 16, 702, 350
353, 1, 735, 15, 1232, 259
353, 2, 771, 234, 880, 287
354, 0, 21, 25, 781, 356
354, 1, 360, 139, 500, 235
354, 2, 895, 17, 1219, 257
355, 0, 19, 27, 516, 353
355, 1, 32, 283, 93, 336
355, 2, 729, 289, 930, 362
355, 3, 733, 16, 1200, 285
356, 0, 15, 20, 503, 358
356, 1, 505, 298, 912, 364
356, 2, 905, 68, 1096, 185
356, 3, 964, 19, 1216, 161
357, 0, 19, 25, 484, 341
357, 1, 14, 309, 154, 361
357, 2, 605, 12, 1205, 293
357, 3, 630, 236, 905, 360
358, 0, 23, 24, 488, 342
358, 1, 12, 315, 89, 361
358, 2, 786, 135, 1195, 360
358, 3, 807, 17, 1230, 184
359, 0, 17, 11, 456, 339
359, 1, 14, 287, 94, 366
359, 2, 697, 126, 1210, 365
359, 3, 734, 21, 1204, 232
360, 0, 14, 12, 390, 335
360, 1, 386, 132, 650, 345
360, 2, 736, 183, 1207, 338
360, 3, 736, 14, 1232, 229
361, 0, 19, 31, 327, 318
361, 1, 282, 135, 441, 264
361, 2, 12, 290, 46, 312
361, 3, 804, 197, 1198, 344
361, 4, 783, 13, 1225, 181
362, 0, 23, 14, 394, 335
362, 1, 228, 140, 445, 351
362, 2, 696, 183, 1180, 349
362, 3, 740, 17, 1229, 193
363, 0, 16, 28, 287, 333
363, 1, 286, 143, 796, 358
363, 2, 891, 16, 1184, 173
363, 3, 1027, 296, 1168, 336
363, 4, 1057, 201, 1172, 265
364, 0, 27, 27, 707, 333
364, 1, 41, 189, 162, 359
364, 2, 892, 216, 1212, 351
364, 3, 947, 15, 1181, 167
365, 0, 24, 251, 157, 357
365, 1, 27, 26, 644, 344
365, 2, 749, 228, 1172, 351
365, 3, 762, 25, 1060, 255
365, 4, 1061, 24, 1211, 199
366, 0, 15, 26, 410, 340
366, 1, 89, 287, 186, 354
366, 2, 24, 275, 94, 355
366, 3, 718, 11, 1207, 351
367, 0, 13, 26, 421, 329
367, 1, 29, 299, 171, 362
367, 2, 269, 254, 423, 364
367, 3, 696, 26, 1160, 297
367, 4, 710, 256, 1216, 349
367, 5, 1082, 15, 1205, 128
368, 0, 12, 27, 445, 300
368, 1, 13, 277, 480, 362
368, 2, 555, 18, 1210, 260
368, 3, 274, 180, 376, 282
368, 4, 586, 257, 1078, 350
368, 5, 713, 222, 850, 259
369, 0, 13, 12, 295, 284
369, 1, 67, 270, 307, 356
369, 2, 641, 12, 1208, 253
369, 3, 218, 192, 345, 278
369, 4, 262, 117, 444, 228
369, 5, 667, 223, 1142, 347
370, 0, 13, 27, 275, 283
370, 1, 124, 199, 223, 320
370, 2, 281, 231, 417, 347
370, 3, 227, 136, 472, 227
370, 4, 827, 256, 1106, 338
370, 5, 825, 17, 1216, 252
371, 0, 21, 27, 275, 328
371, 1, 130, 158, 463, 318
371, 2, 584, 312, 968, 351
371, 3, 823, 26, 1215, 335
372, 0, 23, 94, 498, 291
372, 1, 89, 256, 182, 351
372, 2, 310, 201, 750, 362
372, 3, 877, 27, 1152, 255
372, 4, 1093, 26, 1216, 134
373, 0, 54, 293, 118, 352
373, 1, 86, 156, 212, 265
373, 2, 21, 28, 575, 358
373, 3, 736, 224, 913, 311
373, 4, 758, 11, 1227, 251
374, 0, 25, 12, 621, 365
374, 1, 755, 11, 1226, 287
374, 2, 767, 203, 886, 257
375, 0, 29, 28, 618, 357
375, 1, 932, 21, 1187, 206
375, 2, 1125, 31, 1226, 123
376, 0, 24, 11, 643, 355
376, 1, 809, 226, 954, 342
376, 2, 808, 13, 1230, 252
377, 0, 28, 100, 76, 323
377, 1, 51, 12, 969, 356
377, 2, 761, 14, 1231, 252
378, 0, 25, 121, 322, 361
378, 1, 37, 14, 296, 280
378, 2, 382, 155, 709, 279
378, 3, 902, 13, 1232, 337
379, 0, 21, 97, 326, 358
379, 1, 22, 14, 461, 277
379, 2, 375, 156, 1152, 359
379, 3, 587, 13, 1230, 202
380, 0, 21, 13, 1005, 358
380, 1, 859, 12, 1229, 272
381, 0, 20, 11, 419, 357
381, 1, 471, 150, 978, 334
381, 2, 772, 12, 1232, 269
382, 0, 26, 11, 184, 347
382, 1, 345, 148, 861, 356
382, 2, 985, 28, 1231, 198
382, 3, 1085, 197, 1173, 242
383, 0, 20, 13, 189, 271
383, 1, 312, 151, 930, 356
383, 2, 921, 24, 1230, 220
384, 0, 31, 269, 99, 345
384, 1, 554, 153, 979, 354
384, 2, 993, 20, 1230, 221
385, 0, 18, 13, 174, 293
385, 1, 286, 177, 532, 247
385, 2, 610, 155, 1060, 343
385, 3, 968, 11, 1230, 243
386, 0, 19, 12, 279, 343
386, 1, 270, 179, 442, 246
386, 2, 531, 114, 1037, 329
386, 3, 951, 13, 1231, 119
386, 4, 1137, 138, 1220, 243
387, 0, 335, 174, 527, 202
387, 1, 672, 75, 1110, 324
387, 2, 940, 27, 1107, 63
388, 0, 244, 162, 648, 271
388, 1, 712, 32, 1132, 315
388, 2, 846, 187, 978, 320
389, 0, 15, 119, 501, 362
389, 1, 28, 14, 224, 204
389, 2, 253, 200, 350, 275
389, 3, 887, 117, 1213, 355
389, 4, 779, 14, 1230, 231
390, 0, 15, 16, 501, 363
390, 1, 723, 223, 922, 363
390, 2, 736, 12, 1229, 226
390, 3, 936, 144, 1212, 362
391, 0, 15, 17, 930, 363
391, 1, 736, 11, 1228, 183
391, 2, 918, 149, 1209, 344
391, 3, 885, 178, 949, 207
392, 0, 15, 14, 1227, 362
392, 1, 540, 159, 658, 185
392, 2, 756, 10, 1227, 223
393, 0, 15, 13, 486, 359
393, 1, 747, 265, 962, 359
393, 2, 757, 11, 1227, 358
393, 3, 1122, 140, 1211, 225
394, 0, 19, 17, 400, 356
394, 1, 467, 160, 627, 246
394, 2, 812, 220, 1071, 358
394, 3, 839, 12, 1227, 241
394, 4, 1150, 148, 1221, 231
395, 0, 16, 11, 1067, 357
395, 1, 738, 14, 1227, 310
396, 0, 18, 13, 598, 356
396, 1, 738, 15, 1227, 355
396, 2, 764, 309, 1022, 357
397, 0, 19, 20, 333, 357
397, 1, 435, 163, 513, 249
397, 2, 959, 15, 1232, 287
397, 3, 997, 307, 1063, 353
398, 0, 27, 20, 295, 353
398, 1, 954, 328, 1061, 351
398, 2, 961, 141, 1008, 264
398, 3, 980, 14, 1229, 329
399, 0, 44, 184, 274, 322
399, 1, 102, 313, 283, 353
399, 2, 425, 178, 591, 248
400, 0, 55, 198, 284, 233
400, 1, 123, 307, 236, 351
400, 2, 420, 161, 599, 248
401, 0, 12, 18, 275, 261
401, 1, 81, 282, 246, 348
401, 2, 411, 165, 510, 249
401, 3, 1163, 99, 1228, 241
401, 4, 1203, 18, 1224, 100
402, 0, 52, 188, 257, 311
402, 1, 415, 163, 595, 249
403, 0, 14, 16, 580, 335
403, 1, 170, 281, 539, 365
403, 2, 721, 240, 1048, 365
403, 3, 780, 16, 1226, 364
404, 0, 16, 18, 569, 342
404, 1, 174, 325, 236, 363
404, 2, 434, 165, 505, 204
404, 3, 903, 159, 1183, 363
404, 4, 1041, 18, 1224, 241
405, 0, 18, 20, 561, 343
405, 1, 177, 201, 1084, 363
405, 2, 740, 20, 1222, 323
406, 0, 20, 22, 527, 334
406, 1, 1120, 22, 1222, 243
407, 0, 20, 22, 524, 316
407, 1, 180, 303, 401, 364
407, 2, 840, 23, 1221, 364
408, 0, 20, 22, 526, 325
408, 1, 1080, 23, 1221, 243
409, 0, 20, 22, 491, 363
409, 1, 180, 320, 241, 364
409, 2, 820, 262, 941, 364
409, 3, 840, 22, 1221, 363
410, 0, 20, 21, 446, 348
410, 1, 1180, 181, 1221, 242
411, 0, 19, 20, 161, 141
411, 1, 60, 193, 460, 361
411, 2, 1040, 19, 1221, 240
412, 0, 19, 20, 475, 361
412, 1, 520, 359, 721, 361
412, 2, 880, 20, 1221, 361
413, 0, 20, 20, 461, 361
413, 1, 780, 20, 1221, 361
413, 2, 800, 280, 881, 361
414, 0, 20, 20, 441, 293
414, 1, 20, 220, 481, 361
414, 2, 740, 20, 1221, 361
414, 3, 760, 300, 901, 361
415, 0, 20, 20, 101, 201
415, 1, 20, 179, 436, 361
415, 2, 1120, 20, 1221, 241
416, 0, 20, 20, 421, 288
416, 1, 20, 220, 401, 361
416, 2, 800, 280, 841, 361
416, 3, 820, 20, 1221, 361
417, 0, 20, 20, 360, 361
417, 1, 23, 280, 139, 330
417, 2, 900, 20, 1221, 361
418, 0, 20, 20, 361, 335
418, 1, 198, 301, 299, 361
418, 2, 900, 20, 1221, 361
419, 0, 32, 192, 359, 341
419, 1, 219, 282, 301, 342
420, 0, 77, 191, 334, 299
420, 1, 182, 282, 269, 344
421, 0, 20, 20, 161, 101
421, 1, 41, 194, 327, 332
421, 2, 193, 275, 309, 343
422, 0, 20, 20, 281, 294
422, 1, 172, 282, 332, 361
422, 2, 1080, 20, 1221, 241
423, 0, 20, 20, 311, 310
423, 1, 166, 272, 265, 361
423, 2, 981, 20, 1221, 361
424, 0, 20, 20, 1221, 361
425, 0, 20, 20, 276, 353
425, 1, 1101, 20, 1221, 241
425, 2, 1140, 220, 1181, 241
426, 0, 22, 203, 180, 273
427, 0, 12, 20, 381, 361
427, 1, 880, 20, 1221, 361
428, 0, 20, 20, 381, 361
428, 1, 840, 260, 1081, 361
428, 2, 880, 20, 1221, 321
429, 0, 20, 20, 381, 361
429, 1, 880, 20, 1221, 341
429, 2, 880, 240, 1081, 361
430, 0, 20, 20, 281, 361
430, 1, 21, 220, 101, 336
430, 2, 920, 280, 1081, 361
430, 3, 960, 20, 1221, 321
430, 4, 960, 160, 1001, 281
431, 0, 20, 20, 301, 361
431, 1, 20, 220, 101, 361
431, 2, 900, 20, 1221, 361
432, 0, 20, 20, 161, 321
432, 1, 20, 220, 181, 361
432, 2, 1020, 260, 1061, 361
432, 3, 1040, 20, 1221, 261
433, 0, 20, 20, 361, 361
433, 1, 20, 220, 301, 361
433, 2, 840, 20, 1221, 361
435, 0, 20, 20, 421, 361
435, 1, 20, 220, 241, 361
435, 2, 780, 20, 1221, 361
436, 0, 20, 20, 461, 361
436, 1, 20, 220, 241, 361
436, 2, 740, 20, 1221, 361
436, 3, 740, 320, 761, 361
437, 0, 20, 20, 401, 361
437, 1, 20, 220, 241, 361
437, 2, 780, 280, 901, 361
437, 3, 820, 20, 1221, 361
438, 0, 1120, 20, 1221, 61
439, 0, 20, 20, 101, 61
439, 1, 20, 220, 441, 361
439, 2, 780, 20, 1221, 241
440, 0, 20, 20, 361, 361
440, 1, 20, 220, 221, 361
440, 2, 840, 280, 921, 361
440, 3, 860, 20, 1221, 361
441, 0, 20, 20, 401, 341
441, 1, 20, 220, 421, 361
441, 2, 780, 20, 1221, 361
441, 3, 780, 300, 841, 361
442, 0, 20, 20, 201, 341
442, 1, 20, 220, 201, 361
442, 2, 980, 340, 1061, 361
442, 3, 1000, 20, 1221, 321
443, 0, 1180, 80, 1221, 241
444, 0, 20, 20, 81, 81
