10, 0, 11, 87, 261, 283
10, 1, 319, 64, 408, 274
10, 2, 757, 186, 884, 210
10, 3, 769, 40, 836, 172
10, 4, 935, 19, 1121, 146
11, 0, 67, 221, 235, 310
11, 1, 316, 38, 437, 280
11, 2, 757, 33, 926, 298
11, 3, 954, 32, 1064, 107
12, 0, 20, 190, 175, 332
12, 1, 269, 19, 855, 347
12, 2, 782, 37, 1005, 221
12, 3, 1063, 27, 1115, 91
13, 0, 184, 185, 362, 299
13, 1, 295, 23, 980, 328
13, 2, 817, 159, 950, 214
13, 3, 834, 40, 1023, 136
14, 0, 850, 59, 1128, 213
15, 0, 167, 34, 558, 343
15, 1, 685, 35, 783, 262
15, 2, 880, 38, 1068, 217
16, 0, 105, 32, 771, 334
16, 1, 907, 55, 1080, 244
16, 2, 890, 50, 948, 129
17, 0, 191, 28, 465, 322
17, 1, 727, 74, 842, 266
17, 2, 925, 11, 1017, 108
17, 3, 912, 78, 1115, 276
18, 0, 85, 25, 446, 271
18, 1, 750, 105, 832, 215
18, 2, 921, 55, 1005, 128
18, 3, 1019, 16, 1107, 229
19, 0, 88, 28, 483, 363
19, 1, 641, 207, 854, 314
19, 2, 725, 75, 816, 184
19, 3, 922, 50, 1032, 223
19, 4, 1010, 74, 1161, 242
20, 0, 57, 25, 809, 346
20, 1, 678, 23, 947, 306
20, 2, 930, 48, 997, 120
20, 3, 1055, 84, 1202, 285
21, 0, 51, 25, 441, 361
21, 1, 600, 118, 933, 308
21, 2, 647, 15, 793, 182
21, 3, 937, 47, 1048, 121
21, 4, 1018, 76, 1192, 216
22, 0, 35, 50, 335, 310
22, 1, 199, 22, 376, 236
22, 2, 556, 14, 781, 61
22, 3, 577, 223, 961, 352
22, 4, 869, 44, 1129, 158
22, 5, 1008, 139, 1186, 216
23, 0, 49, 157, 303, 353
23, 1, 71, 49, 206, 227
23, 2, 215, 54, 335, 231
23, 3, 561, 262, 839, 361
23, 4, 889, 42, 1087, 139
23, 5, 1056, 96, 1208, 218
24, 0, 35, 209, 281, 341
24, 1, 168, 13, 1208, 329
24, 2, 722, 31, 974, 185
24, 3, 940, 34, 1109, 131
25, 0, 40, 208, 52, 241
25, 1, 67, 43, 158, 231
25, 2, 76, 292, 297, 349
25, 3, 176, 24, 464, 299
25, 4, 559, 42, 1188, 344
25, 5, 778, 15, 1074, 187
26, 0, 163, 210, 287, 333
26, 1, 159, 51, 298, 202
26, 2, 440, 282, 864, 352
26, 3, 779, 72, 908, 115
26, 4, 1018, 140, 1188, 310
26, 5, 987, 27, 1124, 93
27, 0, 66, 210, 285, 345
27, 1, 46, 20, 1120, 354
27, 2, 792, 28, 1141, 146
27, 3, 1130, 142, 1178, 194
28, 0, 106, 192, 297, 350
28, 1, 105, 25, 471, 321
28, 2, 556, 299, 738, 353
28, 3, 777, 90, 1119, 349
28, 4, 824, 25, 1208, 143
29, 0, 75, 26, 450, 319
29, 1, 226, 15, 309, 69
29, 2, 618, 308, 839, 354
29, 3, 862, 215, 911, 332
29, 4, 836, 22, 1218, 231
29, 5, 1017, 288, 1129, 331
30, 0, 35, 20, 472, 349
30, 1, 762, 23, 1193, 234
30, 2, 797, 154, 1165, 337
31, 0, 36, 36, 403, 327
31, 1, 43, 229, 114, 344
31, 2, 857, 18, 1210, 240
31, 3, 1149, 317, 1200, 344
32, 0, 53, 193, 129, 334
32, 1, 65, 22, 539, 336
32, 2, 769, 22, 1207, 231
32, 3, 919, 285, 1136, 336
32, 4, 1189, 342, 1213, 365
33, 0, 43, 34, 431, 346
33, 1, 978, 280, 1169, 338
33, 2, 899, 72, 1217, 264
33, 3, 930, 20, 1213, 188
34, 0, 48, 46, 358, 259
34, 1, 615, 287, 784, 341
34, 2, 827, 95, 905, 227
34, 3, 1019, 91, 1209, 289
34, 4, 942, 38, 1110, 152
35, 0, 28, 20, 561, 336
35, 1, 776, 126, 1154, 263
35, 2, 763, 15, 1167, 133
36, 0, 55, 21, 580, 359
36, 1, 515, 18, 1054, 186
36, 2, 790, 59, 1200, 316
36, 3, 1009, 27, 1182, 79
37, 0, 109, 181, 222, 251
37, 1, 789, 11, 1208, 278
37, 2, 906, 28, 1056, 110
37, 3, 1027, 25, 1050, 73
38, 0, 60, 17, 255, 259
38, 1, 948, 78, 1102, 335
38, 2, 800, 24, 1135, 162
38, 3, 1131, 32, 1212, 172
39, 0, 62, 25, 479, 330
39, 1, 836, 14, 1206, 150
39, 2, 986, 120, 1188, 358
40, 0, 63, 32, 358, 343
40, 1, 997, 74, 1128, 228
40, 2, 883, 16, 1196, 145
41, 0, 62, 32, 310, 311
41, 1, 447, 18, 546, 42
41, 2, 458, 290, 621, 339
41, 3, 871, 16, 1206, 155
42, 0, 52, 19, 445, 299
42, 1, 688, 180, 926, 301
42, 2, 714, 38, 857, 154
42, 3, 913, 19, 1134, 161
43, 0, 17, 15, 443, 352
43, 1, 49, 10, 97, 54
43, 2, 700, 74, 952, 244
43, 3, 786, 33, 844, 99
43, 4, 939, 45, 1124, 164
44, 0, 73, 13, 1165, 321
44, 1, 72, 25, 152, 84
44, 2, 688, 146, 1061, 319
45, 0, 52, 14, 513, 334
45, 1, 663, 49, 759, 209
45, 2, 754, 27, 1027, 244
45, 3, 906, 31, 1147, 140
46, 0, 51, 16, 436, 329
46, 1, 690, 48, 861, 210
46, 2, 784, 182, 1027, 254
46, 3, 1025, 27, 1157, 140
47, 0, 53, 21, 386, 353
47, 1, 703, 31, 872, 180
47, 2, 881, 178, 1082, 287
47, 3, 963, 43, 1107, 83
48, 0, 55, 25, 389, 322
48, 1, 309, 13, 435, 161
48, 2, 721, 38, 923, 211
48, 3, 885, 179, 1130, 327
48, 4, 993, 22, 1205, 152
49, 0, 54, 20, 352, 169
49, 1, 57, 130, 205, 284
49, 2, 924, 150, 1079, 256
49, 3, 976, 150, 1201, 337
49, 4, 943, 39, 1133, 99
50, 0, 59, 135, 134, 344
50, 1, 64, 19, 894, 312
50, 2, 757, 24, 963, 187
50, 3, 951, 160, 1204, 351
50, 4, 1004, 27, 1187, 75
51, 0, 61, 17, 442, 347
51, 1, 514, 271, 748, 302
51, 2, 766, 113, 822, 246
51, 3, 951, 157, 1112, 335
51, 4, 824, 27, 1202, 190
52, 0, 60, 34, 395, 358
52, 1, 768, 26, 1142, 190
52, 2, 1060, 161, 1145, 348
53, 0, 88, 27, 354, 299
53, 1, 110, 227, 240, 349
53, 2, 322, 15, 519, 328
53, 3, 713, 280, 826, 334
53, 4, 685, 28, 983, 266
53, 5, 843, 22, 1179, 189
54, 0, 55, 39, 422, 350
54, 1, 354, 14, 521, 60
54, 2, 477, 293, 594, 332
54, 3, 713, 157, 959, 341
54, 4, 851, 18, 1168, 189
55, 0, 117, 42, 581, 348
55, 1, 329, 14, 618, 196
55, 2, 689, 219, 1036, 339
55, 3, 802, 113, 894, 187
55, 4, 887, 20, 1182, 191
56, 0, 76, 33, 562, 344
56, 1, 305, 14, 500, 295
56, 2, 699, 161, 1074, 356
56, 3, 827, 38, 1172, 192
57, 0, 160, 102, 408, 344
57, 1, 323, 14, 1142, 346
57, 2, 745, 41, 890, 223
57, 3, 914, 35, 1177, 191
58, 0, 172, 93, 360, 315
58, 1, 301, 25, 575, 342
58, 2, 734, 302, 804, 353
58, 3, 728, 32, 1164, 350
59, 0, 74, 21, 491, 320
59, 1, 740, 60, 954, 181
59, 2, 757, 153, 1119, 325
60, 0, 53, 143, 165, 335
60, 1, 155, 20, 1013, 338
60, 2, 702, 184, 1145, 341
60, 3, 889, 294, 1121, 328
61, 0, 66, 19, 950, 337
61, 1, 555, 185, 1120, 327
61, 2, 993, 37, 1022, 152
62, 0, 63, 183, 219, 319
62, 1, 120, 18, 400, 243
62, 2, 816, 38, 1030, 176
62, 3, 742, 132, 1065, 275
63, 0, 55, 16, 513, 322
63, 1, 826, 142, 980, 272
63, 2, 858, 46, 1051, 141
63, 3, 1050, 135, 1120, 280
64, 0, 47, 25, 412, 316
64, 1, 890, 45, 1065, 268
64, 2, 973, 149, 1128, 348
64, 3, 1150, 157, 1206, 224
65, 0, 47, 20, 463, 318
65, 1, 321, 242, 471, 344
65, 2, 700, 20, 824, 242
65, 3, 932, 148, 1151, 303
65, 4, 907, 64, 1068, 164
66, 0, 83, 110, 246, 338
66, 1, 909, 19, 1116, 131
66, 2, 979, 149, 1119, 341
67, 0, 101, 23, 718, 331
67, 1, 930, 157, 1134, 289
67, 2, 919, 44, 1051, 183
68, 0, 61, 19, 976, 309
68, 1, 1047, 140, 1129, 250
68, 2, 993, 36, 1178, 159
69, 0, 99, 23, 715, 339
69, 1, 675, 27, 838, 138
69, 2, 892, 44, 1047, 253
69, 3, 991, 133, 1193, 360
69, 4, 1108, 35, 1205, 89
70, 0, 70, 10, 832, 334
70, 1, 838, 18, 893, 71
70, 2, 918, 56, 1101, 290
70, 3, 1081, 148, 1177, 328
70, 4, 1003, 19, 1188, 142
71, 0, 66, 20, 845, 330
71, 1, 729, 42, 773, 135
71, 2, 863, 32, 910, 135
71, 3, 918, 57, 1185, 304
71, 4, 1073, 18, 1190, 76
72, 0, 70, 21, 586, 261
72, 1, 104, 247, 293, 337
72, 2, 457, 254, 771, 350
72, 3, 714, 29, 1074, 133
72, 4, 982, 263, 1166, 352
72, 5, 1050, 127, 1219, 182
72, 6, 1087, 18, 1178, 72
73, 0, 46, 20, 781, 354
73, 1, 704, 20, 1171, 347
73, 2, 1043, 16, 1195, 101
74, 0, 66, 108, 211, 339
74, 1, 106, 17, 503, 310
74, 2, 537, 314, 731, 346
74, 3, 746, 25, 1204, 206
74, 4, 856, 137, 1170, 348
75, 0, 133, 43, 398, 323
75, 1, 720, 124, 1142, 344
75, 2, 742, 55, 846, 127
75, 3, 857, 16, 1214, 126
76, 0, 81, 31, 274, 104
76, 1, 188, 91, 480, 341
76, 2, 358, 35, 469, 65
76, 3, 742, 81, 921, 148
76, 4, 826, 132, 1155, 344
76, 5, 886, 15, 1195, 122
77, 0, 89, 32, 266, 99
77, 1, 184, 144, 259, 225
77, 2, 349, 99, 394, 179
77, 3, 317, 28, 441, 62
77, 4, 745, 18, 1205, 123
77, 5, 878, 133, 1065, 259
77, 6, 1039, 164, 1146, 329
78, 0, 19, 62, 187, 96
78, 1, 160, 145, 367, 237
78, 2, 857, 36, 953, 154
79, 0, 100, 30, 422, 310
79, 1, 282, 62, 436, 257
79, 2, 318, 33, 529, 66
79, 3, 683, 128, 1129, 337
79, 4, 849, 14, 1198, 126
80, 0, 76, 47, 535, 329
80, 1, 282, 26, 462, 34
80, 2, 817, 16, 1200, 269
81, 0, 77, 62, 560, 323
81, 1, 276, 23, 497, 66
81, 2, 857, 145, 1219, 351
81, 3, 788, 17, 1192, 156
82, 0, 63, 60, 465, 333
82, 1, 269, 22, 456, 30
82, 2, 806, 19, 1201, 156
82, 3, 1011, 167, 1161, 227
82, 4, 1022, 250, 1163, 352
83, 0, 47, 69, 235, 273
83, 1, 213, 24, 398, 255
83, 2, 738, 21, 1205, 157
83, 3, 882, 186, 1001, 218
83, 4, 986, 243, 1174, 316
83, 5, 1037, 142, 1153, 228
84, 0, 57, 21, 414, 324
84, 1, 988, 153, 1189, 296
84, 2, 923, 20, 1188, 157
85, 0, 63, 103, 245, 223
85, 1, 225, 16, 549, 298
85, 2, 931, 64, 1091, 157
85, 3, 1034, 155, 1186, 226
85, 4, 1066, 21, 1197, 102
86, 0, 47, 100, 180, 231
86, 1, 197, 25, 529, 324
86, 2, 644, 149, 1039, 319
86, 3, 839, 21, 1194, 133
86, 4, 1092, 139, 1192, 229
87, 0, 73, 70, 143, 146
87, 1, 186, 21, 679, 332
87, 2, 795, 285, 891, 326
87, 3, 866, 73, 939, 219
87, 4, 1011, 157, 1129, 257
87, 5, 988, 12, 1222, 157
87, 6, 1177, 182, 1230, 227
88, 0, 67, 86, 111, 131
88, 1, 158, 25, 260, 319
88, 2, 452, 20, 749, 87
88, 3, 937, 46, 994, 244
88, 4, 1072, 123, 1219, 329
88, 5, 1056, 14, 1215, 130
89, 0, 26, 11, 220, 244
89, 1, 957, 12, 1173, 119
89, 2, 969, 87, 1230, 253
89, 3, 1104, 258, 1214, 324
90, 0, 44, 25, 214, 248
90, 1, 204, 185, 361, 329
90, 2, 329, 14, 560, 322
90, 3, 955, 28, 1162, 225
90, 4, 1128, 186, 1228, 331
91, 0, 27, 35, 220, 328
91, 1, 295, 15, 639, 337
91, 2, 286, 163, 355, 307
91, 3, 758, 40, 820, 162
91, 4, 951, 174, 1018, 238
91, 5, 965, 29, 1177, 204
92, 0, 65, 123, 206, 335
92, 1, 259, 17, 819, 334
92, 2, 855, 15, 1159, 308
92, 3, 1162, 187, 1213, 204
93, 0, 166, 216, 232, 328
93, 1, 239, 38, 630, 300
93, 2, 1014, 38, 1149, 314
93, 3, 955, 151, 1029, 208
93, 4, 1180, 30, 1210, 199
93, 5, 940, 35, 1002, 125
94, 0, 41, 226, 189, 355
94, 1, 174, 206, 400, 356
94, 2, 161, 37, 369, 168
94, 3, 517, 238, 710, 282
94, 4, 995, 186, 1066, 343
94, 5, 1046, 34, 1194, 329
95, 0, 142, 127, 392, 315
95, 1, 193, 18, 769, 337
95, 2, 1004, 245, 1165, 354
95, 3, 944, 32, 1201, 240
96, 0, 56, 73, 392, 331
96, 1, 155, 22, 730, 326
96, 2, 1033, 149, 1202, 357
96, 3, 1010, 31, 1206, 239
97, 0, 63, 19, 883, 363
97, 1, 812, 27, 1022, 222
97, 2, 1056, 213, 1168, 342
97, 3, 1051, 49, 1209, 218
97, 4, 1124, 28, 1159, 70
98, 0, 75, 161, 220, 320
98, 1, 100, 16, 1205, 360
98, 2, 774, 27, 972, 104
99, 0, 67, 159, 173, 328
99, 1, 56, 25, 712, 342
99, 2, 737, 194, 1190, 355
99, 3, 764, 101, 1183, 231
99, 4, 796, 16, 1186, 124
100, 0, 151, 120, 363, 343
100, 1, 94, 16, 545, 241
100, 2, 26, 190, 126, 326
100, 3, 495, 213, 658, 345
100, 4, 637, 269, 909, 354
100, 5, 919, 97, 1193, 303
100, 6, 884, 13, 1198, 123
101, 0, 100, 84, 246, 318
101, 1, 131, 21, 526, 278
101, 2, 522, 277, 957, 356
101, 3, 771, 20, 1205, 213
101, 4, 891, 215, 1144, 338
102, 0, 71, 20, 601, 331
102, 1, 694, 201, 1189, 348
102, 2, 781, 21, 1214, 219
103, 0, 50, 19, 576, 309
103, 1, 679, 98, 1167, 334
103, 2, 681, 19, 1204, 134
104, 0, 73, 22, 541, 306
104, 1, 805, 19, 1166, 342
105, 0, 65, 130, 177, 219
105, 1, 901, 37, 1187, 100
105, 2, 1035, 143, 1160, 332
106, 0, 60, 17, 430, 333
106, 1, 694, 271, 864, 331
106, 2, 731, 65, 1145, 295
106, 3, 943, 33, 1196, 114
107, 0, 60, 73, 146, 299
107, 1, 131, 23, 252, 341
107, 2, 941, 35, 1042, 109
107, 3, 857, 31, 1228, 200
108, 0, 60, 16, 462, 329
108, 1, 719, 29, 925, 228
108, 2, 914, 94, 1221, 332
108, 3, 945, 15, 1181, 88
109, 0, 65, 24, 442, 305
109, 1, 738, 36, 898, 231
109, 2, 869, 154, 1009, 323
109, 3, 986, 20, 1118, 104
109, 4, 1067, 141, 1143, 238
110, 0, 46, 23, 377, 326
110, 1, 1005, 20, 1143, 80
110, 2, 986, 149, 1166, 215
111, 0, 34, 34, 518, 323
111, 1, 692, 23, 1022, 240
111, 2, 696, 249, 829, 328
111, 3, 1030, 197, 1119, 315
111, 4, 932, 26, 1174, 72
112, 0, 43, 24, 432, 263
112, 1, 246, 120, 499, 303
112, 2, 678, 22, 981, 309
112, 3, 1151, 22, 1179, 48
113, 0, 30, 37, 122, 225
113, 1, 982, 37, 1103, 148
114, 0, 44, 28, 426, 321
114, 1, 220, 92, 1022, 325
114, 2, 630, 16, 910, 135
114, 3, 1006, 35, 1166, 172
115, 0, 32, 26, 403, 320
115, 1, 702, 28, 871, 266
115, 2, 905, 74, 1166, 260
115, 3, 1045, 26, 1137, 97
116, 0, 25, 22, 388, 349
116, 1, 682, 27, 903, 260
116, 2, 682, 218, 792, 303
116, 3, 1076, 16, 1183, 140
117, 0, 30, 87, 142, 321
117, 1, 91, 21, 355, 89
117, 2, 179, 86, 366, 328
117, 3, 709, 23, 936, 263
117, 4, 988, 198, 1100, 302
117, 5, 1099, 14, 1211, 130
118, 0, 33, 81, 132, 341
118, 1, 51, 20, 453, 86
118, 2, 168, 93, 461, 327
118, 3, 544, 34, 956, 160
118, 4, 656, 186, 923, 314
118, 5, 1083, 10, 1141, 94
119, 0, 32, 19, 405, 303
119, 1, 652, 30, 948, 276
119, 2, 685, 243, 801, 308
119, 3, 863, 13, 1133, 151
120, 0, 16, 11, 477, 297
120, 1, 596, 181, 882, 312
120, 2, 650, 30, 786, 117
120, 3, 839, 27, 1023, 277
121, 0, 21, 22, 137, 212
121, 1, 99, 18, 430, 309
121, 2, 704, 151, 944, 329
121, 3, 684, 32, 780, 124
121, 4, 878, 17, 1101, 215
122, 0, 24, 52, 140, 221
122, 1, 167, 22, 487, 344
122, 2, 568, 31, 933, 265
122, 3, 962, 53, 1089, 261
123, 0, 17, 48, 169, 307
123, 1, 156, 25, 294, 293
123, 2, 346, 26, 983, 325
123, 3, 1076, 22, 1128, 134
124, 0, 64, 46, 373, 340
124, 1, 738, 22, 802, 151
124, 2, 745, 130, 1017, 334
124, 3, 1046, 16, 1122, 113
125, 0, 80, 26, 264, 356
125, 1, 295, 20, 821, 302
125, 2, 665, 145, 1093, 332
125, 3, 998, 23, 1131, 111
126, 0, 79, 52, 165, 341
126, 1, 236, 41, 422, 312
126, 2, 685, 23, 875, 154
126, 3, 726, 142, 1096, 305
126, 4, 1022, 14, 1175, 116
127, 0, 11, 43, 267, 342
127, 1, 281, 39, 567, 296
127, 2, 623, 24, 981, 248
127, 3, 785, 73, 1122, 315
127, 4, 1018, 17, 1176, 67
128, 0, 51, 46, 72, 214
128, 1, 32, 277, 200, 335
128, 2, 149, 141, 204, 276
128, 3, 278, 40, 392, 307
128, 4, 757, 23, 894, 101
128, 5, 764, 113, 1006, 260
128, 6, 1108, 56, 1177, 114
129, 0, 188, 40, 347, 312
130, 0, 172, 28, 412, 322
130, 1, 712, 127, 904, 302
130, 2, 714, 33, 1022, 155
131, 0, 98, 25, 424, 337
131, 1, 716, 49, 999, 155
131, 2, 745, 184, 897, 301
131, 3, 960, 33, 1106, 110
132, 0, 47, 18, 449, 269
132, 1, 532, 157, 1013, 326
132, 2, 737, 51, 1010, 155
132, 3, 1007, 33, 1158, 66
133, 0, 60, 17, 318, 103
133, 1, 133, 146, 232, 269
133, 2, 848, 17, 1031, 156
134, 0, 73, 108, 388, 313
134, 1, 53, 21, 329, 110
134, 2, 726, 117, 928, 299
134, 3, 758, 21, 1059, 157
135, 0, 25, 109, 381, 307
135, 1, 44, 21, 329, 114
135, 2, 686, 155, 949, 309
135, 3, 737, 25, 1047, 151
136, 0, 36, 24, 464, 314
136, 1, 692, 275, 923, 319
136, 2, 799, 139, 914, 237
136, 3, 815, 22, 1085, 130
137, 0, 40, 22, 445, 323
137, 1, 30, 21, 274, 78
137, 2, 579, 221, 930, 339
137, 3, 677, 85, 963, 274
137, 4, 860, 17, 1106, 129
138, 0, 31, 24, 296, 334
138, 1, 799, 71, 957, 167
138, 2, 929, 17, 1097, 121
139, 0, 38, 22, 515, 339
139, 1, 664, 98, 1050, 337
139, 2, 678, 46, 817, 141
139, 3, 837, 21, 1126, 126
140, 0, 84, 24, 204, 174
140, 1, 171, 114, 445, 317
140, 2, 312, 19, 426, 114
140, 3, 782, 141, 957, 302
140, 4, 783, 28, 1200, 142
141, 0, 47, 54, 173, 198
141, 1, 198, 162, 348, 304
141, 2, 285, 17, 559, 249
141, 3, 724, 165, 958, 328
141, 4, 728, 22, 1073, 164
141, 5, 1052, 57, 1139, 121
142, 0, 54, 19, 472, 343
142, 1, 84, 224, 252, 325
142, 2, 792, 166, 1044, 293
142, 3, 768, 26, 1086, 141
143, 0, 57, 30, 467, 343
143, 1, 820, 141, 1031, 337
143, 2, 787, 43, 1112, 165
143, 3, 1066, 20, 1103, 82
144, 0, 60, 42, 175, 318
144, 1, 176, 22, 450, 352
144, 2, 798, 134, 887, 258
144, 3, 753, 21, 1164, 165
144, 4, 986, 141, 1107, 302
145, 0, 55, 22, 465, 327
145, 1, 508, 268, 622, 334
145, 2, 730, 20, 1198, 159
145, 3, 966, 164, 1060, 216
146, 0, 51, 20, 652, 348
146, 1, 730, 18, 1094, 160
146, 2, 786, 197, 920, 307
147, 0, 38, 22, 400, 345
147, 1, 754, 21, 1196, 160
147, 2, 785, 131, 965, 320
148, 0, 56, 125, 119, 185
148, 1, 50, 22, 211, 97
148, 2, 216, 104, 304, 198
148, 3, 425, 288, 632, 344
148, 4, 844, 51, 1094, 281
149, 0, 50, 23, 405, 345
149, 1, 495, 297, 640, 349
149, 2, 761, 15, 1160, 158
149, 3, 952, 126, 1032, 292
150, 0, 49, 21, 442, 334
150, 1, 483, 254, 783, 353
150, 2, 717, 22, 1128, 155
150, 3, 798, 129, 906, 257
150, 4, 978, 157, 1078, 301
151, 0, 46, 19, 603, 354
151, 1, 764, 18, 1184, 132
151, 2, 852, 129, 897, 194
151, 3, 987, 159, 1130, 343
152, 0, 48, 27, 808, 353
152, 1, 724, 18, 1156, 309
152, 2, 1059, 151, 1137, 331
153, 0, 40, 41, 462, 349
153, 1, 781, 24, 1171, 154
153, 2, 869, 157, 1017, 266
153, 3, 1102, 165, 1168, 227
154, 0, 42, 47, 534, 347
154, 1, 283, 20, 526, 236
154, 2, 697, 21, 1194, 267
154, 3, 687, 307, 863, 339
154, 4, 1142, 130, 1160, 184
155, 0, 27, 48, 459, 342
155, 1, 306, 18, 471, 238
155, 2, 709, 30, 1182, 243
155, 3, 1040, 122, 1092, 232
156, 0, 10, 21, 333, 311
156, 1, 243, 33, 414, 240
156, 2, 816, 14, 1207, 188
157, 0, 46, 146, 119, 310
157, 1, 34, 16, 284, 121
157, 2, 745, 66, 886, 160
157, 3, 865, 30, 929, 91
157, 4, 1008, 17, 1182, 122
158, 0, 27, 22, 157, 321
158, 1, 195, 163, 283, 299
158, 2, 258, 17, 907, 345
158, 3, 807, 38, 993, 159
158, 4, 987, 211, 1029, 311
158, 5, 1076, 130, 1195, 157
158, 6, 1024, 37, 1176, 129
159, 0, 38, 27, 224, 349
159, 1, 205, 22, 431, 322
159, 2, 786, 29, 1204, 303
159, 3, 1014, 128, 1199, 336
160, 0, 25, 20, 627, 354
160, 1, 733, 10, 1196, 145
160, 2, 816, 108, 950, 278
160, 3, 1047, 111, 1182, 249
161, 0, 31, 20, 506, 346
161, 1, 668, 241, 818, 347
161, 2, 721, 62, 865, 145
161, 3, 859, 176, 975, 275
161, 4, 903, 39, 1053, 157
161, 5, 1079, 148, 1206, 262
161, 6, 1088, 36, 1201, 135
162, 0, 22, 18, 781, 353
162, 1, 722, 29, 1207, 274
162, 2, 1049, 35, 1195, 140
163, 0, 25, 39, 115, 117
163, 1, 28, 20, 625, 330
163, 2, 508, 27, 571, 55
163, 3, 730, 237, 848, 347
163, 4, 826, 16, 1200, 271
163, 5, 944, 24, 1039, 81
164, 0, 37, 14, 288, 118
164, 1, 36, 92, 163, 236
164, 2, 365, 341, 445, 355
164, 3, 745, 269, 853, 335
164, 4, 932, 87, 1172, 275
164, 5, 985, 20, 1208, 149
165, 0, 27, 23, 489, 357
165, 1, 754, 186, 889, 340
165, 2, 749, 57, 913, 240
165, 3, 976, 177, 1183, 296
165, 4, 1039, 24, 1218, 162
166, 0, 28, 20, 447, 349
166, 1, 749, 239, 943, 345
166, 2, 724, 45, 864, 240
166, 3, 1038, 20, 1228, 295
166, 4, 983, 30, 1145, 72
167, 0, 27, 161, 222, 347
167, 1, 29, 19, 807, 357
167, 2, 697, 44, 875, 239
167, 3, 867, 300, 926, 340
167, 4, 1036, 147, 1192, 292
167, 5, 1110, 258, 1154, 299
167, 6, 1001, 16, 1177, 151
168, 0, 23, 90, 249, 354
168, 1, 39, 19, 458, 353
168, 2, 617, 267, 976, 362
168, 3, 722, 25, 941, 234
168, 4, 1071, 26, 1220, 327
168, 5, 1026, 13, 1086, 94
169, 0, 22, 14, 749, 356
169, 1, 770, 271, 993, 343
169, 2, 695, 21, 1013, 271
169, 3, 1034, 15, 1224, 122
169, 4, 1048, 107, 1226, 297
170, 0, 23, 19, 436, 356
170, 1, 37, 332, 220, 362
170, 2, 552, 274, 1065, 347
170, 3, 716, 22, 964, 274
170, 4, 1084, 134, 1216, 294
170, 5, 1044, 15, 1224, 131
171, 0, 39, 19, 453, 358
171, 1, 502, 277, 911, 360
171, 2, 808, 18, 1223, 331
171, 3, 1043, 13, 1223, 154
172, 0, 23, 137, 401, 362
172, 1, 43, 11, 535, 313
172, 2, 497, 234, 854, 355
172, 3, 758, 12, 1225, 276
172, 4, 1074, 173, 1195, 327
173, 0, 24, 137, 183, 344
173, 1, 42, 19, 964, 364
173, 2, 757, 17, 1046, 233
173, 3, 1074, 155, 1194, 340
173, 4, 1059, 16, 1222, 152
174, 0, 20, 16, 763, 352
174, 1, 862, 272, 1128, 342
174, 2, 757, 13, 1221, 268
175, 0, 23, 11, 1193, 360
175, 1, 802, 11, 1210, 230
176, 0, 27, 17, 222, 346
176, 1, 384, 303, 933, 362
176, 2, 1059, 27, 1213, 232
177, 0, 34, 11, 1187, 348
177, 1, 782, 14, 1220, 262
179, 0, 23, 18, 430, 348
179, 1, 891, 309, 1201, 338
179, 2, 839, 15, 1211, 255
180, 0, 639, 291, 820, 348
180, 1, 952, 313, 1198, 340
181, 0, 18, 20, 315, 279
181, 1, 764, 294, 1215, 349
181, 2, 922, 19, 1216, 258
182, 0, 11, 18, 545, 362
182, 1, 777, 290, 1201, 352
182, 2, 790, 160, 867, 236
182, 3, 806, 19, 1208, 259
183, 0, 18, 41, 681, 355
183, 1, 857, 12, 1214, 261
183, 2, 998, 298, 1167, 353
184, 0, 15, 42, 171, 334
184, 1, 13, 223, 72, 292
184, 2, 1027, 192, 1137, 302
184, 3, 1034, 19, 1211, 308
185, 0, 29, 21, 398, 359
185, 1, 776, 205, 1153, 353
185, 2, 831, 17, 1210, 259
186, 0, 17, 44, 276, 358
186, 1, 805, 289, 1193, 332
186, 2, 875, 16, 1214, 259
187, 0, 35, 26, 368, 192
187, 1, 14, 220, 217, 362
187, 2, 634, 314, 840, 358
187, 3, 953, 160, 1194, 334
187, 4, 968, 18, 1208, 140
188, 0, 35, 27, 375, 362
188, 1, 799, 13, 1213, 262
188, 2, 815, 254, 1192, 355
189, 0, 20, 27, 406, 362
189, 1, 673, 18, 1194, 358
190, 0, 31, 28, 343, 365
190, 1, 380, 327, 613, 362
190, 2, 534, 12, 615, 56
190, 3, 766, 20, 1199, 358
191, 0, 53, 30, 372, 345
191, 1, 32, 278, 250, 357
191, 2, 722, 21, 1204, 356
192, 0, 26, 12, 422, 363
192, 1, 747, 228, 1195, 356
192, 2, 771, 23, 1207, 284
193, 0, 37, 11, 1208, 357
194, 0, 62, 59, 156, 220
194, 1, 236, 340, 681, 362
194, 2, 567, 17, 627, 42
194, 3, 1010, 99, 1209, 319
196, 0, 45, 328, 202, 364
196, 1, 876, 210, 1182, 341
196, 2, 914, 24, 1197, 235
197, 0, 54, 18, 478, 363
197, 1, 595, 15, 1197, 282
197, 2, 617, 247, 1164, 363
198, 0, 63, 117, 344, 361
198, 1, 121, 39, 306, 99
198, 2, 766, 22, 1225, 361
199, 0, 72, 117, 375, 360
199, 1, 127, 39, 348, 99
199, 2, 727, 25, 1205, 361
200, 0, 79, 43, 244, 351
200, 1, 888, 26, 1219, 359
201, 0, 87, 40, 411, 362
201, 1, 672, 14, 1222, 357
201, 2, 709, 292, 1070, 359
202, 0, 93, 19, 458, 361
202, 1, 655, 13, 1221, 362
202, 2, 665, 247, 1105, 359
203, 0, 101, 42, 403, 362
203, 1, 650, 224, 1197, 363
203, 2, 683, 14, 1185, 306
204, 0, 109, 45, 340, 357
204, 1, 801, 328, 1207, 363
204, 2, 801, 162, 840, 299
204, 3, 844, 22, 1192, 309
205, 0, 160, 47, 349, 312
205, 1, 118, 329, 321, 361
205, 2, 691, 273, 1149, 362
205, 3, 723, 163, 1213, 364
205, 4, 740, 13, 1182, 257
206, 0, 129, 46, 430, 361
206, 1, 667, 13, 1185, 358
207, 0, 140, 14, 1221, 363
208, 0, 850, 30, 912, 55
208, 1, 924, 18, 1209, 349
209, 0, 144, 38, 338, 359
209, 1, 389, 316, 543, 358
209, 2, 531, 18, 650, 43
209, 3, 735, 21, 1166, 353
210, 0, 182, 34, 442, 318
210, 1, 187, 333, 512, 361
210, 2, 625, 227, 1086, 351
210, 3, 644, 15, 1218, 320
211, 0, 200, 13, 1195, 366
211, 1, 203, 330, 550, 362
212, 0, 205, 44, 291, 94
212, 1, 912, 180, 1146, 360
212, 2, 936, 29, 1218, 229
213, 0, 243, 41, 323, 237
213, 1, 673, 18, 1198, 363
214, 0, 260, 42, 357, 236
214, 1, 707, 16, 1186, 350
215, 0, 273, 40, 1148, 354
215, 1, 617, 18, 1148, 322
216, 0, 296, 40, 424, 112
216, 1, 308, 193, 1195, 357
216, 2, 689, 15, 1175, 281
217, 0, 316, 139, 375, 359
217, 1, 330, 36, 463, 125
217, 2, 696, 307, 1121, 353
217, 3, 699, 15, 1165, 303
218, 0, 322, 250, 356, 297
218, 1, 455, 33, 472, 87
218, 2, 448, 244, 1128, 358
218, 3, 646, 17, 1149, 291
218, 4, 642, 153, 861, 252
219, 0, 365, 15, 1155, 293
219, 1, 524, 222, 1125, 360
220, 0, 363, 17, 1168, 297
220, 1, 343, 247, 1128, 361
221, 0, 702, 262, 1203, 350
221, 1, 751, 15, 856, 43
222, 0, 350, 169, 650, 328
222, 1, 612, 12, 1170, 348
223, 0, 356, 12, 1179, 353
224, 0, 335, 18, 1224, 350
224, 1, 391, 321, 492, 362
225, 0, 335, 17, 1183, 351
225, 1, 375, 235, 625, 358
226, 0, 344, 22, 453, 139
226, 1, 380, 326, 524, 361
226, 2, 612, 10, 1231, 351
226, 3, 855, 288, 1225, 350
227, 0, 368, 329, 534, 361
227, 1, 674, 186, 839, 253
227, 2, 694, 12, 1129, 203
227, 3, 925, 228, 1078, 345
227, 4, 1037, 276, 1173, 345
227, 5, 1135, 134, 1226, 296
228, 0, 352, 15, 1117, 331
228, 1, 385, 328, 612, 364
228, 2, 1116, 137, 1222, 235
229, 0, 330, 104, 391, 210
229, 1, 403, 332, 584, 357
229, 2, 664, 213, 780, 345
229, 3, 713, 123, 929, 261
229, 4, 733, 13, 1114, 166
229, 5, 962, 95, 1117, 157
230, 0, 317, 88, 580, 362
230, 1, 497, 12, 1159, 326
231, 0, 197, 17, 1159, 362
232, 0, 267, 14, 1111, 360
232, 1, 113, 255, 236, 345
232, 2, 1098, 128, 1158, 150
233, 0, 264, 21, 1190, 364
233, 1, 70, 230, 252, 349
233, 2, 1012, 229, 1102, 278
234, 0, 255, 73, 591, 359
234, 1, 36, 232, 270, 348
234, 2, 661, 219, 776, 354
234, 3, 707, 13, 1164, 337
235, 0, 155, 45, 758, 363
235, 1, 52, 236, 122, 345
235, 2, 633, 16, 1212, 329
236, 0, 143, 40, 1047, 363
236, 1, 620, 11, 1228, 195
237, 0, 440, 312, 676, 361
237, 1, 919, 25, 1217, 217
237, 2, 1064, 21, 1159, 56
238, 0, 89, 170, 269, 334
238, 1, 369, 217, 988, 359
238, 2, 636, 17, 1231, 163
238, 3, 1027, 139, 1119, 218
239, 0, 60, 25, 156, 76
239, 1, 82, 25, 959, 352
239, 2, 667, 17, 1209, 255
240, 0, 51, 18, 130, 69
240, 1, 15, 64, 1214, 363
240, 2, 669, 202, 803, 265
240, 3, 676, 14, 1206, 205
240, 4, 1067, 279, 1182, 348
241, 0, 42, 35, 132, 63
241, 1, 49, 14, 783, 359
241, 2, 667, 13, 1204, 315
241, 3, 1074, 13, 1223, 63
242, 0, 52, 31, 340, 242
242, 1, 15, 248, 133, 309
242, 2, 436, 229, 863, 365
242, 3, 676, 15, 1188, 294
242, 4, 944, 130, 1211, 325
243, 0, 26, 43, 85, 64
243, 1, 40, 101, 173, 277
243, 2, 328, 300, 514, 363
243, 3, 979, 128, 1199, 257
243, 4, 950, 27, 1171, 155
244, 0, 54, 32, 514, 360
244, 1, 689, 10, 1231, 179
244, 2, 683, 152, 840, 257
244, 3, 731, 155, 1177, 342
244, 4, 956, 242, 1090, 343
245, 0, 30, 54, 516, 361
245, 1, 742, 249, 949, 350
245, 2, 688, 15, 1164, 259
245, 3, 978, 241, 1105, 341
246, 0, 24, 148, 134, 270
246, 1, 25, 76, 335, 295
246, 2, 369, 302, 524, 361
246, 3, 785, 21, 1203, 312
246, 4, 1016, 231, 1097, 345
247, 0, 24, 23, 585, 363
247, 1, 689, 14, 1191, 206
247, 2, 734, 179, 1191, 319
248, 0, 24, 174, 200, 343
248, 1, 25, 23, 428, 154
248, 2, 290, 287, 514, 361
248, 3, 678, 13, 1198, 127
248, 4, 795, 150, 1206, 328
249, 0, 37, 31, 512, 361
249, 1, 810, 21, 1203, 322
250, 0, 20, 13, 550, 356
250, 1, 714, 175, 994, 314
250, 2, 717, 11, 1174, 204
250, 3, 989, 153, 1185, 335
251, 0, 197, 113, 332, 209
251, 1, 332, 311, 562, 359
251, 2, 721, 14, 1188, 109
252, 0, 27, 18, 556, 357
252, 1, 714, 13, 1209, 208
252, 2, 740, 158, 1230, 341
253, 0, 35, 162, 170, 354
253, 1, 28, 18, 1166, 362
253, 2, 712, 14, 1204, 191
253, 3, 1122, 297, 1204, 355
254, 0, 30, 184, 225, 361
254, 1, 40, 17, 527, 364
254, 2, 730, 16, 1203, 211
254, 3, 761, 162, 1218, 356
255, 0, 28, 183, 158, 353
255, 1, 31, 22, 1205, 365
255, 2, 704, 18, 1211, 192
256, 0, 41, 181, 292, 308
256, 1, 44, 19, 411, 274
256, 2, 47, 299, 825, 363
256, 3, 724, 17, 1217, 169
256, 4, 803, 115, 995, 293
256, 5, 969, 165, 1211, 285
257, 0, 25, 179, 72, 271
257, 1, 35, 14, 403, 308
257, 2, 34, 166, 1196, 362
257, 3, 720, 17, 1218, 192
258, 0, 30, 23, 425, 276
258, 1, 46, 246, 858, 361
258, 2, 716, 15, 1210, 160
258, 3, 837, 110, 1087, 302
258, 4, 1170, 165, 1212, 198
259, 0, 21, 268, 397, 362
259, 1, 29, 27, 969, 360
259, 2, 714, 14, 1209, 210
259, 3, 1184, 160, 1211, 191
260, 0, 24, 276, 192, 355
260, 1, 36, 23, 888, 363
260, 2, 711, 27, 1213, 204
260, 3, 861, 106, 1040, 294
261, 0, 55, 17, 1101, 362
261, 1, 56, 298, 217, 350
261, 2, 711, 24, 1214, 201
262, 0, 30, 281, 165, 358
262, 1, 58, 16, 742, 357
262, 2, 733, 20, 1215, 199
262, 3, 929, 171, 1068, 311
262, 4, 1102, 221, 1134, 320
263, 0, 54, 17, 384, 350
263, 1, 458, 272, 693, 357
263, 2, 936, 101, 1142, 219
263, 3, 911, 14, 1197, 144
264, 0, 84, 100, 365, 347
264, 1, 208, 20, 685, 354
264, 2, 785, 17, 1200, 149
264, 3, 982, 67, 1200, 223
265, 0, 67, 87, 311, 346
265, 1, 181, 18, 491, 346
265, 2, 833, 25, 1208, 336
265, 3, 785, 21, 1011, 161
266, 0, 51, 21, 883, 345
266, 1, 714, 26, 1185, 161
266, 2, 936, 105, 1212, 306
267, 0, 37, 20, 379, 348
267, 1, 880, 17, 1204, 315
268, 0, 42, 23, 518, 333
268, 1, 738, 18, 1202, 182
268, 2, 972, 88, 1206, 337
269, 0, 46, 21, 445, 339
269, 1, 792, 17, 1074, 219
269, 2, 995, 76, 1216, 326
270, 0, 32, 22, 461, 341
270, 1, 741, 18, 1195, 239
270, 2, 1044, 175, 1194, 299
271, 0, 78, 120, 277, 320
271, 1, 60, 19, 498, 285
271, 2, 619, 183, 866, 303
271, 3, 724, 18, 1177, 247
271, 4, 992, 199, 1142, 342
272, 0, 46, 117, 99, 210
272, 1, 78, 30, 376, 348
272, 2, 856, 18, 1189, 250
272, 3, 1119, 192, 1170, 294
273, 0, 22, 27, 438, 333
273, 1, 765, 12, 1134, 270
274, 0, 51, 41, 285, 251
274, 1, 184, 25, 227, 114
274, 2, 865, 31, 1166, 248
275, 0, 53, 21, 443, 327
275, 1, 811, 26, 1175, 251
275, 2, 858, 247, 1070, 272
276, 0, 49, 24, 298, 310
276, 1, 1012, 180, 1196, 280
276, 2, 978, 25, 1177, 147
277, 0, 70, 118, 257, 332
277, 1, 90, 22, 251, 89
277, 2, 236, 38, 1169, 342
277, 3, 737, 22, 1188, 218
278, 0, 32, 112, 114, 284
278, 1, 89, 25, 1165, 344
278, 2, 716, 18, 1200, 219
279, 0, 40, 20, 205, 280
279, 1, 166, 39, 486, 208
279, 2, 276, 258, 533, 355
279, 3, 716, 16, 1189, 159
279, 4, 782, 99, 1192, 347
280, 0, 28, 21, 182, 269
280, 1, 178, 42, 521, 354
280, 2, 707, 182, 1098, 339
280, 3, 715, 18, 1195, 218
281, 0, 66, 180, 518, 347
281, 1, 820, 291, 1113, 343
281, 2, 1042, 59, 1101, 136
282, 0, 131, 46, 509, 360
282, 1, 780, 162, 1193, 350
282, 2, 713, 42, 975, 189
282, 3, 1064, 60, 1154, 137
283, 0, 61, 21, 437, 350
283, 1, 763, 160, 996, 338
283, 2, 732, 29, 1008, 202
283, 3, 1052, 217, 1151, 316
283, 4, 1090, 49, 1153, 126
284, 0, 50, 15, 461, 349
284, 1, 812, 146, 1175, 342
284, 2, 734, 19, 959, 133
285, 0, 55, 13, 337, 338
285, 1, 758, 119, 1205, 337
285, 2, 735, 19, 973, 130
286, 0, 34, 13, 434, 304
286, 1, 686, 13, 1125, 291
286, 2, 956, 279, 1008, 356
287, 0, 41, 13, 410, 343
287, 1, 733, 152, 1147, 322
287, 2, 713, 18, 1009, 160
288, 0, 27, 11, 429, 331
288, 1, 661, 118, 1125, 324
288, 2, 692, 18, 985, 157
288, 3, 816, 299, 946, 340
289, 0, 16, 29, 551, 329
289, 1, 571, 112, 1160, 358
289, 2, 690, 16, 904, 154
289, 3, 901, 14, 1024, 63
290, 0, 37, 10, 406, 327
290, 1, 479, 283, 797, 359
290, 2, 693, 18, 930, 154
290, 3, 713, 178, 807, 235
290, 4, 939, 110, 1145, 307
291, 0, 38, 14, 326, 251
291, 1, 419, 305, 627, 357
291, 2, 716, 70, 1145, 331
291, 3, 962, 15, 1135, 167
292, 0, 32, 19, 327, 259
292, 1, 481, 305, 717, 358
292, 2, 740, 21, 971, 328
292, 3, 992, 41, 1174, 190
293, 0, 37, 20, 329, 237
293, 1, 506, 322, 693, 361
293, 2, 784, 131, 1037, 275
293, 3, 739, 14, 994, 173
293, 4, 1104, 141, 1131, 175
294, 0, 39, 17, 737, 359
294, 1, 691, 15, 1044, 286
295, 0, 48, 18, 266, 262
295, 1, 459, 309, 748, 360
295, 2, 857, 87, 1047, 345
295, 3, 783, 18, 980, 140
296, 0, 41, 32, 509, 361
296, 1, 696, 19, 1073, 332
297, 0, 45, 30, 586, 363
297, 1, 718, 15, 1021, 170
297, 2, 763, 127, 1142, 315
298, 0, 54, 53, 497, 359
298, 1, 827, 26, 1210, 201
298, 2, 930, 157, 1177, 356
299, 0, 42, 18, 383, 269
299, 1, 61, 253, 457, 363
299, 2, 697, 14, 1017, 158
299, 3, 776, 186, 875, 270
299, 4, 885, 122, 1085, 303
299, 5, 1094, 54, 1219, 87
300, 0, 47, 253, 641, 364
300, 1, 43, 19, 525, 265
300, 2, 697, 13, 1221, 180
300, 3, 740, 157, 1064, 309
301, 0, 25, 257, 453, 364
301, 1, 47, 31, 466, 327
301, 2, 694, 13, 1070, 276
301, 3, 983, 131, 1096, 325
301, 4, 1122, 54, 1185, 78
302, 0, 27, 278, 460, 359
302, 1, 44, 23, 494, 292
302, 2, 697, 13, 1085, 183
302, 3, 747, 154, 1086, 308
303, 0, 25, 303, 538, 359
303, 1, 50, 15, 319, 276
303, 2, 921, 132, 1142, 255
303, 3, 855, 13, 1162, 135
304, 0, 28, 308, 491, 361
304, 1, 97, 11, 316, 97
304, 2, 67, 102, 192, 280
304, 3, 935, 135, 1074, 253
304, 4, 872, 18, 1052, 158
305, 0, 11, 317, 462, 358
305, 1, 56, 21, 490, 286
305, 2, 698, 11, 1116, 160
305, 3, 766, 189, 941, 337
305, 4, 932, 133, 1085, 277
306, 0, 52, 327, 227, 356
306, 1, 55, 43, 148, 290
306, 2, 173, 33, 513, 342
306, 3, 698, 15, 981, 160
306, 4, 771, 190, 917, 319
306, 5, 962, 79, 1122, 311
307, 0, 83, 28, 397, 334
307, 1, 936, 134, 1107, 282
307, 2, 1086, 180, 1126, 299
307, 3, 814, 18, 1008, 162
307, 4, 1089, 52, 1160, 85
308, 0, 70, 24, 484, 347
308, 1, 699, 16, 1062, 161
308, 2, 759, 187, 913, 261
309, 0, 90, 31, 331, 268
309, 1, 890, 26, 970, 139
309, 2, 1005, 48, 1181, 159
310, 0, 51, 16, 349, 345
310, 1, 888, 21, 1016, 155
311, 0, 78, 15, 522, 353
311, 1, 796, 20, 998, 154
312, 0, 64, 21, 637, 356
312, 1, 700, 13, 1016, 188
312, 2, 729, 183, 972, 329
313, 0, 66, 19, 639, 345
313, 1, 775, 223, 853, 341
313, 2, 721, 13, 996, 188
313, 3, 996, 247, 1157, 331
314, 0, 49, 22, 692, 356
314, 1, 723, 13, 1038, 188
314, 2, 1034, 91, 1173, 339
315, 0, 79, 17, 727, 360
315, 1, 723, 13, 1056, 159
315, 2, 759, 184, 965, 313
316, 0, 63, 16, 356, 340
316, 1, 417, 279, 724, 354
316, 2, 862, 13, 1076, 195
317, 0, 65, 18, 369, 335
317, 1, 366, 24, 472, 157
317, 2, 416, 309, 686, 362
317, 3, 861, 199, 1029, 279
317, 4, 806, 13, 1120, 160
318, 0, 52, 17, 340, 263
318, 1, 495, 319, 768, 344
318, 2, 976, 182, 1166, 291
318, 3, 963, 22, 1090, 156
319, 0, 99, 17, 770, 352
319, 1, 343, 21, 471, 51
319, 2, 993, 153, 1147, 358
319, 3, 931, 12, 1118, 162
320, 0, 85, 16, 241, 334
320, 1, 284, 21, 693, 351
320, 2, 726, 15, 1130, 312
321, 0, 57, 17, 563, 340
321, 1, 279, 21, 492, 234
321, 2, 634, 162, 969, 347
321, 3, 684, 15, 1127, 194
322, 0, 68, 26, 227, 297
322, 1, 275, 20, 470, 73
322, 2, 308, 252, 355, 344
322, 3, 493, 80, 1160, 336
322, 4, 862, 12, 1172, 60
323, 0, 30, 23, 340, 346
323, 1, 234, 20, 562, 337
323, 2, 650, 170, 1080, 340
323, 3, 706, 17, 1228, 189
323, 4, 1127, 104, 1204, 226
324, 0, 36, 22, 378, 343
324, 1, 921, 118, 1191, 347
324, 2, 1066, 27, 1179, 158
325, 0, 42, 15, 471, 319
325, 1, 50, 147, 282, 338
325, 2, 656, 154, 942, 342
325, 3, 728, 18, 1193, 213
325, 4, 1045, 268, 1160, 335
326, 0, 977, 180, 1147, 240
326, 1, 1113, 43, 1187, 142
327, 0, 123, 35, 588, 328
327, 1, 352, 15, 447, 42
327, 2, 786, 21, 1190, 212
328, 0, 74, 30, 472, 321
328, 1, 293, 15, 447, 122
328, 2, 885, 186, 921, 332
328, 3, 1018, 240, 1099, 339
328, 4, 813, 20, 1172, 184
329, 0, 56, 26, 491, 361
329, 1, 343, 14, 484, 235
329, 2, 769, 189, 1008, 326
329, 3, 759, 18, 1151, 188
330, 0, 102, 21, 301, 207
330, 1, 242, 13, 506, 346
330, 2, 688, 20, 1022, 179
330, 3, 709, 206, 870, 337
330, 4, 998, 192, 1043, 267
330, 5, 1107, 26, 1185, 162
331, 0, 18, 20, 415, 351
331, 1, 306, 14, 425, 307
331, 2, 650, 157, 937, 303
331, 3, 711, 20, 1149, 156
332, 0, 50, 21, 389, 358
332, 1, 322, 14, 444, 332
332, 2, 705, 16, 1065, 250
332, 3, 858, 178, 952, 313
333, 0, 28, 24, 313, 337
333, 1, 43, 298, 135, 360
333, 2, 294, 16, 421, 351
333, 3, 709, 20, 1098, 184
333, 4, 743, 191, 966, 318
334, 0, 14, 24, 333, 349
334, 1, 32, 270, 69, 352
334, 2, 275, 16, 432, 345
334, 3, 647, 199, 1061, 350
334, 4, 654, 19, 1110, 240
335, 0, 28, 30, 309, 344
335, 1, 38, 306, 99, 364
335, 2, 259, 16, 478, 355
335, 3, 640, 202, 883, 343
335, 4, 663, 18, 1044, 182
335, 5, 969, 92, 1147, 304
336, 0, 29, 29, 268, 302
336, 1, 35, 259, 209, 342
336, 2, 130, 18, 436, 282
336, 3, 371, 260, 832, 361
336, 4, 526, 154, 838, 258
336, 5, 704, 18, 1113, 186
336, 6, 1012, 194, 1098, 303
337, 0, 59, 34, 234, 344
337, 1, 237, 20, 356, 353
337, 2, 507, 134, 798, 211
337, 3, 866, 157, 931, 266
337, 4, 857, 26, 1051, 158
338, 0, 81, 19, 476, 351
338, 1, 507, 197, 938, 350
338, 2, 612, 158, 735, 189
338, 3, 701, 20, 1098, 163
339, 0, 42, 18, 710, 337
339, 1, 606, 157, 734, 213
339, 2, 729, 161, 1010, 334
339, 3, 743, 25, 1144, 164
340, 0, 93, 20, 477, 347
340, 1, 595, 153, 679, 185
340, 2, 718, 20, 1172, 184
340, 3, 816, 187, 1079, 337
341, 0, 50, 16, 478, 323
341, 1, 586, 136, 664, 206
341, 2, 614, 196, 871, 345
341, 3, 715, 17, 1156, 190
341, 4, 917, 189, 1101, 308
342, 0, 36, 13, 352, 346
342, 1, 574, 154, 645, 206
342, 2, 906, 153, 1156, 336
342, 3, 819, 20, 1012, 153
342, 4, 1030, 59, 1180, 104
343, 0, 40, 12, 406, 341
343, 1, 534, 318, 662, 356
343, 2, 562, 152, 605, 208
343, 3, 751, 187, 918, 314
343, 4, 744, 19, 1001, 160
343, 5, 1026, 199, 1134, 310
343, 6, 958, 139, 1031, 198
343, 7, 1096, 26, 1130, 147
344, 0, 54, 13, 371, 365
344, 1, 532, 139, 598, 209
344, 2, 745, 19, 1043, 161
344, 3, 910, 132, 1057, 251
344, 4, 1155, 26, 1181, 139
345, 0, 39, 14, 364, 336
345, 1, 539, 158, 709, 210
345, 2, 745, 115, 1078, 322
345, 3, 728, 115, 810, 214
345, 4, 791, 19, 1030, 157
346, 0, 45, 87, 362, 350
346, 1, 37, 16, 293, 198
346, 2, 514, 140, 624, 208
346, 3, 501, 323, 714, 362
346, 4, 809, 30, 1067, 134
346, 5, 938, 134, 1075, 328
347, 0, 23, 15, 409, 333
347, 1, 508, 139, 624, 207
347, 2, 682, 205, 834, 340
347, 3, 688, 17, 1060, 239
347, 4, 929, 75, 1113, 228
348, 0, 40, 18, 372, 334
348, 1, 279, 314, 466, 343
348, 2, 495, 155, 576, 185
348, 3, 698, 184, 815, 348
348, 4, 721, 18, 1102, 240
348, 5, 981, 120, 1114, 228
349, 0, 36, 15, 625, 348
349, 1, 289, 334, 394, 355
349, 2, 675, 246, 888, 337
349, 3, 694, 20, 1140, 242
349, 4, 978, 122, 1152, 232
350, 0, 24, 13, 764, 353
350, 1, 216, 314, 302, 358
350, 2, 455, 140, 585, 213
350, 3, 606, 21, 1190, 244
350, 4, 742, 303, 897, 339
351, 0, 27, 15, 615, 346
351, 1, 653, 218, 888, 338
351, 2, 747, 29, 1197, 245
351, 3, 1052, 22, 1195, 136
352, 0, 24, 13, 602, 337
352, 1, 653, 161, 786, 279
352, 2, 831, 320, 908, 346
352, 3, 702, 15, 1194, 245
352, 4, 1025, 220, 1072, 245
353, 0, 36, 13, 574, 318
353, 1, 793, 149, 1184, 282
353, 2, 774, 22, 1132, 180
353, 3, 1115, 29, 1222, 104
353, 4, 1161, 130, 1189, 171
354, 0, 21, 13, 547, 326
354, 1, 732, 179, 829, 281
354, 2, 731, 16, 1229, 268
354, 3, 1158, 26, 1230, 119
355, 0, 19, 14, 541, 360
355, 1, 702, 144, 1187, 282
355, 2, 710, 18, 1219, 177
356, 0, 23, 14, 586, 357
356, 1, 701, 163, 1180, 311
356, 2, 691, 23, 1219, 204
356, 3, 857, 354, 926, 362
357, 0, 19, 15, 455, 359
357, 1, 592, 147, 1192, 349
357, 2, 738, 38, 1202, 158
358, 0, 19, 15, 1183, 361
358, 1, 581, 17, 1199, 187
359, 0, 23, 17, 447, 360
359, 1, 746, 131, 1212, 354
359, 2, 719, 15, 1227, 207
360, 0, 19, 17, 510, 354
360, 1, 811, 138, 1215, 364
360, 2, 805, 13, 1190, 150
361, 0, 27, 13, 378, 323
361, 1, 341, 133, 480, 289
361, 2, 236, 211, 325, 288
361, 3, 738, 183, 1182, 345
361, 4, 746, 14, 1232, 212
362, 0, 17, 18, 384, 333
362, 1, 240, 212, 299, 238
362, 2, 341, 134, 488, 214
362, 3, 682, 157, 1186, 337
362, 4, 678, 17, 1213, 211
363, 0, 13, 17, 309, 336
363, 1, 200, 142, 397, 308
363, 2, 727, 22, 1217, 207
363, 3, 823, 125, 1165, 340
364, 0, 15, 18, 390, 333
364, 1, 249, 190, 333, 243
364, 2, 639, 21, 896, 238
364, 3, 657, 232, 1134, 351
364, 4, 901, 20, 1202, 154
364, 5, 1074, 168, 1174, 263
365, 0, 21, 15, 370, 289
365, 1, 385, 126, 434, 185
365, 2, 38, 252, 175, 363
365, 3, 683, 278, 1139, 343
365, 4, 698, 18, 905, 238
365, 5, 927, 10, 1195, 169
365, 6, 1125, 218, 1173, 259
366, 0, 22, 19, 353, 357
366, 1, 374, 129, 438, 260
366, 2, 387, 277, 1146, 352
366, 3, 699, 18, 1204, 233
366, 4, 982, 19, 1163, 72
367, 0, 13, 20, 442, 338
367, 1, 28, 297, 110, 348
367, 2, 192, 210, 274, 316
367, 3, 695, 272, 1149, 347
367, 4, 674, 17, 988, 230
367, 5, 961, 16, 1185, 144
368, 0, 25, 116, 277, 328
368, 1, 277, 172, 1030, 359
368, 2, 33, 303, 163, 353
368, 3, 820, 17, 1190, 189
368, 4, 936, 128, 1064, 233
369, 0, 15, 17, 353, 235
369, 1, 16, 228, 186, 362
369, 2, 129, 228, 212, 280
369, 3, 288, 203, 404, 365
369, 4, 567, 223, 1081, 348
369, 5, 646, 16, 1093, 228
369, 6, 947, 180, 1002, 241
369, 7, 1117, 16, 1211, 140
370, 0, 15, 89, 195, 316
370, 1, 26, 15, 356, 210
370, 2, 290, 218, 339, 321
370, 3, 168, 269, 242, 330
370, 4, 343, 127, 468, 213
370, 5, 619, 15, 1099, 272
370, 6, 890, 274, 1125, 347
370, 7, 1107, 10, 1210, 143
371, 0, 15, 62, 228, 287
371, 1, 26, 15, 355, 133
371, 2, 304, 111, 336, 199
371, 3, 277, 169, 468, 304
371, 4, 415, 287, 548, 353
371, 5, 601, 16, 1196, 225
371, 6, 657, 223, 1135, 351
371, 7, 966, 183, 1075, 253
371, 8, 1153, 15, 1218, 99
372, 0, 531, 81, 701, 128
372, 1, 14, 88, 220, 320
372, 2, 253, 120, 344, 272
372, 3, 28, 16, 290, 113
372, 4, 317, 172, 467, 230
372, 5, 801, 201, 982, 332
372, 6, 800, 17, 1132, 226
372, 7, 1026, 180, 1113, 253
372, 8, 1148, 24, 1223, 124
373, 0, 21, 114, 171, 312
373, 1, 307, 113, 492, 232
373, 2, 27, 17, 371, 198
373, 3, 279, 179, 380, 259
373, 4, 652, 18, 1222, 228
373, 5, 741, 202, 1003, 340
373, 6, 1013, 163, 1146, 247
374, 0, 649, 20, 1225, 307
374, 1, 245, 114, 495, 233
374, 2, 514, 155, 573, 230
374, 3, 204, 193, 323, 246
374, 4, 25, 18, 351, 334
375, 0, 26, 16, 348, 176
375, 1, 33, 187, 124, 257
375, 2, 91, 267, 166, 315
375, 3, 161, 134, 493, 254
375, 4, 615, 167, 957, 312
375, 5, 793, 12, 1224, 141
375, 6, 1028, 136, 1084, 236
376, 0, 656, 17, 1227, 237
376, 1, 32, 188, 154, 319
376, 2, 27, 16, 948, 352
376, 3, 218, 157, 241, 201
376, 4, 303, 91, 397, 95
377, 0, 776, 117, 783, 206
377, 1, 266, 153, 966, 351
377, 2, 689, 18, 1230, 262
377, 3, 35, 18, 524, 306
378, 0, 23, 159, 155, 279
378, 1, 25, 20, 1149, 360
378, 2, 756, 21, 1232, 209
379, 0, 23, 23, 658, 365
379, 1, 627, 183, 1005, 346
379, 2, 750, 17, 1228, 235
380, 0, 20, 23, 684, 357
380, 1, 725, 139, 1165, 342
380, 2, 807, 21, 1227, 229
381, 0, 21, 70, 258, 356
381, 1, 273, 155, 734, 258
381, 2, 775, 205, 850, 296
381, 3, 928, 22, 1230, 205
382, 0, 30, 21, 1013, 357
382, 1, 795, 138, 1170, 297
382, 2, 775, 22, 1231, 228
383, 0, 28, 24, 1040, 360
383, 1, 787, 179, 1170, 295
383, 2, 813, 24, 1231, 181
384, 0, 28, 18, 1170, 359
384, 1, 789, 23, 1229, 201
385, 0, 49, 118, 229, 257
385, 1, 32, 230, 148, 322
385, 2, 75, 26, 290, 32
385, 3, 316, 150, 1003, 315
385, 4, 286, 310, 649, 359
385, 5, 381, 14, 461, 53
385, 6, 554, 29, 682, 52
385, 7, 921, 16, 1227, 224
386, 0, 22, 24, 1108, 358
386, 1, 747, 17, 1226, 244
387, 0, 15, 157, 441, 350
387, 1, 17, 16, 432, 278
387, 2, 495, 152, 854, 272
387, 3, 758, 192, 956, 311
387, 4, 789, 19, 1225, 309
388, 0, 16, 21, 814, 359
388, 1, 839, 191, 1020, 362
388, 2, 750, 10, 1225, 271
389, 0, 19, 16, 492, 359
389, 1, 593, 97, 916, 250
389, 2, 846, 130, 1207, 342
389, 3, 803, 307, 982, 348
389, 4, 975, 13, 1233, 203
390, 0, 16, 29, 508, 302
390, 1, 587, 156, 903, 351
390, 2, 880, 76, 1207, 347
390, 3, 939, 15, 1231, 160
391, 0, 17, 13, 1232, 363
391, 1, 613, 160, 818, 227
391, 2, 672, 228, 787, 273
391, 3, 888, 150, 1223, 299
391, 4, 881, 297, 981, 342
392, 0, 14, 11, 1231, 360
392, 1, 627, 163, 882, 211
392, 2, 962, 160, 1207, 301
392, 3, 851, 185, 1020, 333
393, 0, 14, 10, 561, 358
393, 1, 711, 165, 905, 324
393, 2, 890, 139, 1211, 330
393, 3, 754, 14, 1231, 163
394, 0, 15, 10, 538, 357
394, 1, 702, 203, 938, 327
394, 2, 734, 15, 1230, 232
394, 3, 971, 138, 1221, 361
394, 4, 897, 294, 990, 328
395, 0, 16, 13, 630, 354
395, 1, 703, 271, 818, 355
395, 2, 754, 13, 1232, 228
395, 3, 844, 292, 1059, 363
395, 4, 979, 145, 1219, 298
396, 0, 15, 12, 1231, 353
396, 1, 457, 162, 605, 232
396, 2, 839, 170, 951, 342
396, 3, 926, 144, 1220, 356
397, 0, 17, 13, 1230, 352
397, 1, 861, 156, 1166, 362
397, 2, 1152, 145, 1225, 235
398, 0, 12, 17, 1068, 364
398, 1, 440, 162, 625, 251
398, 2, 755, 12, 1229, 145
398, 3, 1032, 152, 1129, 241
398, 4, 1140, 153, 1228, 226
399, 0, 12, 16, 604, 335
399, 1, 97, 251, 503, 365
399, 2, 736, 12, 1230, 364
399, 3, 1153, 144, 1222, 232
400, 0, 13, 11, 595, 319
400, 1, 99, 272, 571, 363
400, 2, 704, 245, 1080, 365
400, 3, 737, 11, 1230, 315
401, 0, 16, 15, 572, 312
401, 1, 74, 271, 464, 362
401, 2, 798, 12, 1229, 361
402, 0, 19, 14, 576, 310
402, 1, 137, 270, 466, 360
402, 2, 798, 11, 1227, 358
403, 0, 83, 191, 270, 298
403, 1, 188, 297, 982, 357
403, 2, 414, 162, 587, 254
403, 3, 1165, 142, 1229, 195
404, 0, 25, 11, 591, 296
404, 1, 151, 264, 407, 358
404, 2, 859, 12, 1226, 351
405, 0, 10, 18, 504, 349
405, 1, 149, 300, 196, 350
405, 2, 1115, 15, 1225, 242
406, 0, 11, 15, 520, 348
406, 1, 137, 265, 474, 349
406, 2, 799, 16, 1229, 327
406, 3, 804, 242, 1055, 348
407, 0, 13, 17, 560, 285
407, 1, 120, 267, 394, 348
407, 2, 537, 326, 784, 347
407, 3, 840, 18, 1227, 348
408, 0, 15, 21, 580, 320
408, 1, 212, 265, 316, 346
408, 2, 579, 345, 722, 346
408, 3, 921, 20, 1226, 347
409, 0, 77, 211, 324, 288
409, 1, 415, 167, 500, 250
410, 0, 18, 21, 521, 324
410, 1, 173, 259, 500, 365
410, 2, 761, 242, 1084, 365
410, 3, 800, 21, 1222, 324
411, 0, 19, 22, 527, 303
411, 1, 176, 263, 380, 364
411, 2, 880, 22, 1221, 364
412, 0, 20, 22, 541, 363
412, 1, 180, 267, 421, 363
412, 2, 740, 282, 921, 363
412, 3, 760, 22, 1221, 363
413, 0, 20, 22, 499, 323
413, 1, 180, 272, 381, 363
413, 2, 820, 22, 1221, 364
414, 0, 20, 22, 461, 363
414, 1, 180, 275, 421, 363
414, 2, 800, 22, 1221, 363
415, 0, 20, 21, 541, 362
415, 1, 720, 261, 901, 362
415, 2, 740, 21, 1221, 362
416, 0, 20, 19, 481, 361
416, 1, 779, 19, 1221, 361
417, 0, 20, 20, 541, 361
417, 1, 760, 19, 1221, 340
417, 2, 780, 260, 1081, 361
418, 0, 20, 20, 441, 361
418, 1, 820, 20, 1221, 361
419, 0, 20, 20, 431, 338
419, 1, 174, 262, 341, 352
419, 2, 460, 340, 841, 361
419, 3, 540, 20, 661, 21
419, 4, 1000, 20, 1221, 261
420, 0, 20, 20, 441, 361
420, 1, 197, 263, 401, 361
420, 2, 820, 260, 961, 361
420, 3, 860, 20, 1221, 361
421, 0, 73, 191, 360, 299
421, 1, 172, 264, 288, 354
421, 2, 1200, 20, 1221, 81
422, 0, 20, 20, 337, 268
422, 1, 197, 292, 272, 352
422, 2, 1100, 140, 1221, 261
423, 0, 20, 20, 441, 290
423, 1, 142, 220, 1081, 361
423, 2, 820, 20, 1222, 261
424, 0, 20, 20, 381, 281
424, 1, 151, 328, 266, 360
424, 2, 480, 340, 741, 361
424, 3, 900, 20, 1222, 361
425, 0, 20, 20, 481, 321
425, 1, 117, 279, 481, 361
425, 2, 800, 20, 1221, 361
426, 0, 20, 20, 481, 361
426, 1, 190, 302, 401, 361
426, 2, 820, 20, 1221, 361
427, 0, 20, 20, 501, 361
427, 1, 183, 301, 381, 361
427, 2, 800, 20, 1221, 361
428, 0, 20, 20, 481, 361
428, 1, 131, 320, 381, 361
428, 2, 800, 260, 921, 361
428, 3, 820, 20, 1221, 361
429, 0, 20, 20, 1081, 361
429, 1, 131, 331, 361, 361
429, 2, 780, 20, 1221, 321
430, 0, 20, 20, 441, 361
430, 1, 120, 339, 281, 361
430, 2, 780, 240, 881, 361
430, 3, 860, 20, 1221, 361
431, 0, 11, 20, 361, 361
431, 1, 139, 325, 281, 361
431, 2, 880, 260, 1061, 361
431, 3, 940, 140, 1141, 321
431, 4, 960, 20, 1221, 241
432, 0, 12, 20, 521, 361
432, 1, 720, 280, 801, 361
432, 2, 760, 20, 1221, 361
433, 0, 20, 20, 541, 361
433, 1, 740, 280, 901, 361
433, 2, 760, 20, 1221, 361
434, 0, 20, 20, 221, 341
434, 1, 1020, 20, 1221, 261
435, 0, 20, 20, 181, 361
435, 1, 21, 220, 101, 336
435, 2, 1040, 20, 1221, 261
436, 0, 20, 20, 481, 361
436, 1, 20, 220, 102, 361
436, 2, 740, 20, 1221, 321
436, 3, 800, 260, 1061, 361
437, 0, 20, 20, 1221, 361
437, 1, 20, 220, 281, 361
438, 0, 20, 20, 541, 361
438, 1, 20, 220, 81, 361
438, 2, 640, 280, 901, 361
438, 3, 660, 20, 1221, 361
439, 0, 20, 20, 421, 361
439, 1, 20, 220, 241, 361
439, 2, 780, 280, 901, 361
439, 3, 800, 20, 1221, 361
440, 0, 20, 20, 421, 361
440, 1, 20, 220, 241, 361
440, 2, 780, 20, 1221, 361
441, 0, 20, 20, 361, 321
441, 1, 20, 220, 161, 361
441, 2, 820, 220, 1061, 361
441, 3, 1040, 20, 1221, 301
442, 0, 20, 20, 461, 361
442, 1, 20, 220, 121, 361
442, 2, 700, 240, 901, 361
442, 3, 740, 20, 1221, 361
443, 0, 20, 20, 421, 361
443, 1, 20, 220, 241, 361
443, 2, 780, 220, 901, 361
443, 3, 800, 20, 1221, 361
444, 0, 20, 320, 621, 361
444, 1, 740, 20, 1221, 61
445, 0, 20, 20, 281, 281
445, 1, 20, 220, 221, 361
445, 2, 920, 20, 1221, 361
