8, 0, 22, 26, 398, 345
8, 1, 718, 25, 964, 292
8, 2, 904, 24, 1009, 149
8, 3, 1060, 114, 1152, 298
8, 4, 1179, 188, 1213, 223
9, 0, 73, 17, 196, 179
9, 1, 33, 183, 348, 337
9, 2, 331, 201, 384, 267
9, 3, 348, 26, 473, 178
9, 4, 522, 184, 825, 305
9, 5, 684, 25, 845, 160
9, 6, 937, 37, 1043, 110
10, 0, 14, 114, 261, 300
10, 1, 318, 27, 423, 272
10, 2, 754, 25, 985, 268
10, 3, 949, 32, 1084, 116
11, 0, 88, 227, 239, 327
11, 1, 320, 26, 473, 84
11, 2, 960, 81, 1001, 118
11, 3, 1041, 32, 1129, 93
12, 0, 62, 192, 220, 351
12, 1, 283, 27, 369, 208
12, 2, 896, 188, 951, 221
12, 3, 962, 67, 1038, 123
12, 4, 1085, 27, 1187, 84
13, 0, 84, 265, 160, 339
13, 1, 95, 74, 143, 243
13, 2, 206, 24, 472, 352
13, 3, 842, 25, 1125, 219
14, 0, 198, 21, 491, 325
14, 1, 801, 40, 1044, 137
14, 2, 841, 158, 951, 242
14, 3, 1004, 163, 1065, 220
15, 0, 60, 31, 267, 324
15, 1, 234, 20, 572, 331
15, 2, 873, 35, 1158, 256
16, 0, 120, 18, 464, 338
16, 1, 733, 146, 837, 289
16, 2, 889, 43, 1159, 224
17, 0, 112, 92, 237, 248
17, 1, 637, 178, 846, 282
17, 2, 911, 28, 1095, 228
17, 3, 985, 298, 1165, 327
18, 0, 88, 42, 684, 311
18, 1, 921, 48, 985, 119
18, 2, 1021, 19, 1084, 58
18, 3, 1010, 71, 1111, 335
19, 0, 93, 18, 525, 363
19, 1, 563, 156, 932, 334
19, 2, 703, 25, 785, 133
19, 3, 869, 49, 1033, 123
19, 4, 967, 77, 1138, 307
19, 5, 1109, 15, 1177, 93
19, 6, 1152, 305, 1186, 339
20, 0, 50, 139, 168, 309
20, 1, 221, 40, 373, 134
20, 2, 728, 81, 1212, 309
20, 3, 868, 48, 1101, 152
21, 0, 37, 35, 349, 362
21, 1, 638, 254, 752, 332
21, 2, 818, 66, 1197, 346
21, 3, 797, 47, 1065, 127
22, 0, 33, 28, 1079, 357
22, 1, 646, 21, 960, 184
22, 2, 928, 38, 1189, 188
23, 0, 45, 158, 340, 354
23, 1, 64, 17, 647, 351
23, 2, 551, 265, 807, 360
23, 3, 738, 19, 1209, 262
24, 0, 29, 181, 319, 349
24, 1, 90, 24, 322, 226
24, 2, 190, 38, 433, 307
24, 3, 511, 114, 1214, 345
24, 4, 809, 11, 1183, 167
25, 0, 40, 209, 189, 339
25, 1, 53, 24, 453, 343
25, 2, 419, 277, 854, 349
25, 3, 771, 23, 1199, 323
26, 0, 148, 208, 304, 346
26, 1, 64, 24, 243, 87
26, 2, 157, 26, 356, 234
26, 3, 438, 286, 885, 357
26, 4, 1071, 77, 1205, 314
26, 5, 966, 32, 1125, 119
27, 0, 41, 203, 188, 352
27, 1, 18, 17, 1119, 358
27, 2, 790, 29, 1186, 223
28, 0, 74, 29, 445, 351
28, 1, 517, 271, 1087, 353
28, 2, 824, 28, 1207, 226
29, 0, 74, 15, 414, 354
29, 1, 827, 22, 1198, 226
29, 2, 829, 255, 936, 350
29, 3, 828, 112, 914, 221
29, 4, 997, 278, 1113, 330
30, 0, 28, 22, 435, 356
30, 1, 817, 131, 976, 342
30, 2, 837, 28, 1214, 229
30, 3, 1053, 282, 1183, 341
31, 0, 37, 25, 450, 331
31, 1, 42, 227, 141, 333
31, 2, 736, 27, 1217, 268
31, 3, 841, 160, 1043, 343
31, 4, 1158, 331, 1202, 356
32, 0, 38, 30, 438, 340
32, 1, 797, 25, 1205, 254
32, 2, 938, 262, 1215, 357
33, 0, 33, 30, 469, 342
33, 1, 719, 20, 1215, 247
33, 2, 793, 100, 996, 220
33, 3, 963, 248, 1170, 318
34, 0, 51, 20, 539, 339
34, 1, 775, 19, 1216, 220
34, 2, 770, 209, 964, 319
34, 3, 1035, 246, 1195, 328
35, 0, 66, 21, 328, 345
35, 1, 570, 260, 1010, 344
35, 2, 797, 23, 1012, 144
35, 3, 781, 127, 928, 216
35, 4, 992, 18, 1169, 114
35, 5, 1036, 106, 1123, 223
36, 0, 50, 25, 430, 342
36, 1, 646, 288, 879, 333
36, 2, 857, 154, 1151, 307
36, 3, 830, 17, 1182, 225
37, 0, 71, 17, 494, 363
37, 1, 812, 15, 1186, 152
37, 2, 842, 58, 1227, 342
38, 0, 60, 95, 230, 324
38, 1, 58, 19, 488, 345
38, 2, 776, 101, 1097, 261
38, 3, 772, 18, 1142, 159
38, 4, 945, 63, 1216, 323
39, 0, 59, 95, 376, 334
39, 1, 99, 24, 564, 307
39, 2, 737, 104, 804, 159
39, 3, 768, 183, 897, 341
39, 4, 814, 17, 1193, 152
39, 5, 955, 99, 1193, 327
40, 0, 52, 19, 574, 330
40, 1, 695, 280, 808, 352
40, 2, 781, 19, 1201, 158
40, 3, 1064, 150, 1127, 220
41, 0, 57, 58, 472, 345
41, 1, 76, 26, 231, 100
41, 2, 664, 18, 1201, 239
42, 0, 49, 17, 453, 339
42, 1, 539, 230, 623, 338
42, 2, 693, 23, 1130, 179
42, 3, 760, 152, 1000, 236
43, 0, 11, 149, 163, 350
43, 1, 58, 10, 310, 243
43, 2, 597, 291, 798, 337
43, 3, 852, 146, 998, 232
43, 4, 925, 26, 1174, 170
44, 0, 27, 128, 198, 363
44, 1, 64, 15, 778, 338
44, 2, 783, 33, 936, 157
44, 3, 796, 182, 972, 241
44, 4, 975, 40, 1210, 166
45, 0, 50, 17, 434, 337
45, 1, 722, 32, 1179, 170
45, 2, 751, 144, 1053, 240
46, 0, 79, 161, 323, 314
46, 1, 143, 24, 268, 91
46, 2, 802, 113, 1053, 311
46, 3, 1017, 30, 1171, 156
47, 0, 55, 16, 422, 322
47, 1, 739, 178, 1157, 331
47, 2, 741, 38, 851, 125
47, 3, 917, 19, 1202, 180
48, 0, 47, 20, 228, 334
48, 1, 806, 144, 1224, 329
48, 2, 980, 19, 1185, 75
49, 0, 60, 191, 170, 346
49, 1, 66, 19, 544, 338
49, 2, 586, 213, 801, 288
49, 3, 670, 19, 936, 187
49, 4, 910, 149, 1211, 324
49, 5, 987, 17, 1169, 87
50, 0, 36, 11, 393, 334
50, 1, 54, 139, 145, 327
50, 2, 939, 160, 1202, 307
50, 3, 955, 22, 1193, 162
51, 0, 65, 21, 811, 336
51, 1, 760, 23, 1195, 242
51, 2, 921, 159, 1169, 326
52, 0, 19, 66, 371, 252
52, 1, 393, 278, 595, 332
52, 2, 686, 262, 849, 331
52, 3, 765, 101, 992, 188
52, 4, 1063, 156, 1144, 329
52, 5, 919, 18, 1199, 129
53, 0, 76, 34, 354, 356
53, 1, 347, 16, 638, 357
53, 2, 674, 281, 800, 344
53, 3, 755, 25, 1171, 276
54, 0, 48, 30, 345, 342
54, 1, 324, 16, 594, 361
54, 2, 613, 247, 845, 358
54, 3, 737, 15, 1162, 279
55, 0, 44, 26, 1082, 357
55, 1, 808, 110, 844, 162
55, 2, 926, 18, 1170, 191
56, 0, 68, 28, 643, 348
56, 1, 318, 15, 506, 279
56, 2, 772, 158, 1211, 354
56, 3, 815, 101, 901, 158
56, 4, 902, 25, 1204, 146
57, 0, 128, 34, 291, 235
57, 1, 595, 298, 896, 348
57, 2, 747, 45, 934, 154
57, 3, 1046, 153, 1175, 350
57, 4, 1138, 30, 1198, 89
58, 0, 72, 47, 373, 340
58, 1, 754, 43, 943, 205
58, 2, 988, 44, 1166, 264
59, 0, 75, 27, 354, 334
59, 1, 715, 18, 889, 177
59, 2, 906, 156, 1115, 340
59, 3, 921, 37, 1131, 95
60, 0, 51, 180, 231, 342
60, 1, 159, 24, 407, 333
60, 2, 759, 34, 1125, 255
60, 3, 975, 183, 1075, 307
60, 4, 1079, 213, 1149, 336
61, 0, 49, 20, 347, 339
61, 1, 492, 290, 647, 344
61, 2, 769, 36, 1113, 304
61, 3, 938, 45, 1027, 158
61, 4, 1106, 16, 1195, 67
62, 0, 66, 24, 443, 328
62, 1, 459, 305, 613, 337
62, 2, 684, 288, 837, 321
62, 3, 812, 17, 1143, 306
62, 4, 1013, 27, 1211, 107
63, 0, 40, 23, 381, 326
63, 1, 690, 28, 1109, 174
63, 2, 858, 136, 1166, 314
64, 0, 52, 19, 491, 349
64, 1, 812, 132, 1046, 261
64, 2, 895, 48, 1128, 139
64, 3, 1038, 276, 1147, 326
64, 4, 1104, 130, 1223, 275
65, 0, 39, 18, 491, 312
65, 1, 905, 49, 1052, 140
65, 2, 938, 127, 1158, 324
66, 0, 45, 21, 540, 345
66, 1, 747, 47, 957, 149
66, 2, 987, 232, 1119, 335
66, 3, 973, 142, 1123, 283
66, 4, 960, 31, 1132, 123
67, 0, 101, 22, 675, 326
67, 1, 755, 19, 1171, 350
67, 2, 1019, 32, 1156, 96
68, 0, 67, 22, 711, 342
68, 1, 816, 33, 1002, 248
68, 2, 1028, 145, 1229, 315
68, 3, 966, 32, 1169, 147
69, 0, 30, 29, 226, 124
69, 1, 355, 154, 402, 281
69, 2, 579, 273, 808, 334
69, 3, 715, 23, 869, 168
69, 4, 931, 62, 1178, 256
69, 5, 1026, 30, 1195, 107
70, 0, 73, 21, 858, 358
70, 1, 719, 24, 885, 134
70, 2, 988, 279, 1185, 331
70, 3, 936, 130, 1182, 283
70, 4, 903, 65, 1046, 189
70, 5, 1062, 25, 1139, 79
71, 0, 66, 25, 585, 328
71, 1, 552, 130, 1131, 356
71, 2, 699, 20, 775, 136
71, 3, 873, 22, 1061, 105
71, 4, 1120, 139, 1206, 222
71, 5, 1084, 16, 1202, 97
72, 0, 80, 27, 773, 354
72, 1, 135, 275, 276, 333
72, 2, 731, 19, 1196, 207
72, 3, 822, 132, 1214, 353
73, 0, 43, 17, 697, 349
73, 1, 730, 23, 1186, 154
73, 2, 784, 124, 1191, 354
74, 0, 167, 85, 430, 216
74, 1, 103, 270, 266, 343
74, 2, 730, 31, 859, 151
74, 3, 975, 130, 1075, 162
74, 4, 1011, 312, 1139, 347
75, 0, 60, 111, 251, 325
75, 1, 100, 20, 374, 270
75, 2, 765, 27, 1184, 247
75, 3, 986, 136, 1161, 344
76, 0, 10, 184, 127, 363
76, 1, 102, 20, 345, 111
76, 2, 191, 126, 374, 330
76, 3, 899, 156, 1139, 336
76, 4, 907, 125, 1039, 201
76, 5, 927, 24, 1187, 106
77, 0, 45, 24, 260, 112
77, 1, 166, 108, 371, 320
77, 2, 25, 226, 176, 343
77, 3, 815, 23, 1196, 287
78, 0, 15, 39, 108, 151
78, 1, 147, 47, 432, 321
78, 2, 52, 254, 119, 313
78, 3, 311, 19, 423, 47
78, 4, 834, 132, 1143, 303
78, 5, 829, 23, 1184, 155
79, 0, 101, 16, 607, 333
79, 1, 688, 242, 1012, 329
79, 2, 783, 21, 1216, 128
79, 3, 818, 107, 1122, 293
80, 0, 59, 21, 536, 326
80, 1, 779, 18, 1205, 156
80, 2, 825, 138, 1096, 313
81, 0, 59, 35, 556, 337
81, 1, 761, 27, 992, 159
81, 2, 889, 143, 1183, 334
81, 3, 1018, 25, 1183, 117
82, 0, 45, 36, 407, 354
82, 1, 909, 157, 1194, 361
82, 2, 906, 25, 1210, 161
83, 0, 51, 30, 613, 329
83, 1, 769, 30, 1190, 219
83, 2, 962, 152, 1205, 364
84, 0, 66, 21, 891, 300
84, 1, 817, 18, 1220, 250
85, 0, 64, 31, 622, 301
85, 1, 743, 26, 1212, 157
85, 2, 817, 134, 1169, 281
85, 3, 1167, 201, 1216, 287
86, 0, 41, 90, 184, 222
86, 1, 145, 28, 547, 326
86, 2, 739, 36, 1056, 192
86, 3, 832, 156, 1197, 328
86, 4, 988, 26, 1207, 133
87, 0, 76, 66, 183, 153
87, 1, 146, 36, 357, 331
87, 2, 800, 144, 1120, 242
87, 3, 869, 64, 950, 112
87, 4, 1095, 184, 1229, 320
87, 5, 1026, 22, 1229, 159
88, 0, 40, 18, 248, 335
88, 1, 39, 243, 125, 320
88, 2, 193, 12, 305, 129
88, 3, 271, 133, 378, 335
88, 4, 482, 234, 594, 326
88, 5, 773, 240, 1026, 329
88, 6, 916, 69, 1114, 201
88, 7, 1088, 286, 1169, 360
88, 8, 1087, 129, 1218, 231
88, 9, 1054, 27, 1209, 134
89, 0, 30, 41, 399, 342
89, 1, 319, 14, 564, 282
89, 2, 926, 39, 1228, 363
89, 3, 955, 15, 1148, 123
90, 0, 25, 24, 260, 340
90, 1, 281, 20, 521, 338
90, 2, 836, 130, 1209, 340
90, 3, 909, 26, 1169, 160
91, 0, 21, 55, 217, 244
91, 1, 547, 238, 757, 309
91, 2, 968, 255, 1069, 338
91, 3, 925, 60, 1123, 257
91, 4, 1140, 41, 1164, 200
92, 0, 66, 167, 349, 347
92, 1, 185, 16, 726, 332
92, 2, 843, 79, 937, 278
92, 3, 958, 24, 1215, 337
93, 0, 151, 91, 314, 343
93, 1, 238, 20, 757, 338
93, 2, 1018, 245, 1137, 350
93, 3, 851, 186, 960, 358
93, 4, 1166, 292, 1228, 349
93, 5, 925, 98, 1080, 265
93, 6, 1053, 101, 1209, 210
93, 7, 981, 22, 1155, 106
94, 0, 11, 286, 119, 360
94, 1, 113, 18, 861, 166
94, 2, 147, 184, 365, 352
94, 3, 456, 187, 901, 355
94, 4, 975, 143, 1192, 354
94, 5, 1135, 293, 1206, 356
94, 6, 967, 28, 1204, 210
95, 0, 92, 164, 329, 343
95, 1, 67, 14, 938, 359
95, 2, 992, 232, 1125, 350
95, 3, 908, 74, 1188, 355
95, 4, 1006, 18, 1074, 139
95, 5, 1179, 287, 1207, 324
95, 6, 1086, 34, 1137, 77
96, 0, 55, 14, 1032, 363
96, 1, 667, 50, 771, 138
96, 2, 868, 23, 1202, 212
96, 3, 1061, 123, 1207, 289
96, 4, 1105, 304, 1218, 363
97, 0, 43, 24, 1168, 360
97, 1, 803, 16, 1209, 227
97, 2, 1120, 158, 1204, 227
98, 0, 65, 96, 280, 340
98, 1, 87, 19, 472, 159
98, 2, 494, 211, 969, 365
98, 3, 594, 21, 797, 129
98, 4, 1003, 242, 1175, 334
98, 5, 923, 14, 1204, 212
99, 0, 61, 164, 169, 342
99, 1, 48, 21, 883, 358
99, 2, 825, 14, 1201, 124
99, 3, 864, 80, 1204, 342
100, 0, 70, 104, 458, 339
100, 1, 520, 234, 983, 354
100, 2, 1044, 126, 1184, 240
101, 0, 85, 21, 291, 307
101, 1, 712, 306, 938, 352
101, 2, 1039, 16, 1209, 105
102, 0, 78, 24, 579, 302
102, 1, 741, 290, 915, 350
102, 2, 736, 18, 1188, 158
102, 3, 832, 82, 1186, 350
103, 0, 72, 20, 505, 294
103, 1, 717, 81, 1192, 350
103, 2, 790, 27, 1191, 157
104, 0, 60, 93, 274, 331
104, 1, 100, 23, 588, 307
104, 2, 804, 27, 1178, 135
104, 3, 866, 130, 1163, 340
105, 0, 70, 99, 267, 317
105, 1, 858, 24, 1194, 339
106, 0, 59, 38, 280, 294
106, 1, 887, 136, 1158, 299
106, 2, 859, 22, 1196, 155
107, 0, 67, 120, 149, 341
107, 1, 107, 24, 464, 342
107, 2, 711, 19, 801, 135
107, 3, 755, 120, 1227, 305
107, 4, 948, 18, 1222, 107
108, 0, 53, 22, 404, 342
108, 1, 484, 272, 537, 337
108, 2, 788, 115, 925, 223
108, 3, 892, 139, 1216, 322
108, 4, 963, 27, 1176, 100
109, 0, 53, 21, 424, 326
109, 1, 752, 154, 969, 337
109, 2, 738, 19, 928, 136
109, 3, 961, 26, 1109, 91
109, 4, 1022, 143, 1145, 301
110, 0, 39, 118, 99, 215
110, 1, 57, 19, 544, 333
110, 2, 770, 19, 948, 165
110, 3, 839, 133, 1171, 325
110, 4, 966, 20, 1147, 158
111, 0, 28, 151, 176, 302
111, 1, 54, 19, 473, 344
111, 2, 716, 166, 1151, 294
111, 3, 712, 22, 1015, 166
111, 4, 1096, 21, 1163, 88
112, 0, 41, 19, 387, 327
112, 1, 628, 133, 985, 333
112, 2, 766, 26, 1073, 167
112, 3, 1093, 23, 1213, 52
113, 0, 26, 18, 401, 332
113, 1, 764, 65, 1125, 340
113, 2, 699, 18, 891, 217
113, 3, 944, 29, 1006, 127
114, 0, 41, 120, 93, 204
114, 1, 205, 128, 298, 182
114, 2, 1032, 61, 1167, 161
115, 0, 35, 20, 348, 314
115, 1, 735, 189, 997, 249
115, 2, 737, 41, 924, 168
115, 3, 975, 205, 1059, 288
115, 4, 1041, 24, 1166, 161
116, 0, 11, 25, 386, 363
116, 1, 619, 243, 805, 337
116, 2, 650, 22, 926, 244
116, 3, 950, 193, 1034, 247
116, 4, 1021, 11, 1167, 141
117, 0, 28, 33, 397, 300
117, 1, 720, 246, 819, 339
117, 2, 726, 31, 959, 242
117, 3, 1062, 105, 1106, 305
117, 4, 1068, 14, 1216, 135
118, 0, 32, 29, 411, 355
118, 1, 724, 278, 863, 332
118, 2, 699, 21, 971, 246
118, 3, 1063, 14, 1192, 144
119, 0, 36, 29, 443, 326
119, 1, 627, 236, 769, 337
119, 2, 622, 11, 1113, 305
120, 0, 15, 28, 358, 310
120, 1, 688, 292, 809, 341
120, 2, 748, 183, 1083, 300
120, 3, 860, 16, 1107, 235
121, 0, 22, 21, 463, 326
121, 1, 23, 26, 163, 115
121, 2, 703, 43, 921, 304
121, 3, 850, 21, 1042, 242
122, 0, 21, 31, 214, 329
122, 1, 127, 25, 383, 317
122, 2, 647, 40, 926, 288
122, 3, 675, 232, 856, 297
122, 4, 892, 40, 1083, 221
123, 0, 16, 21, 279, 312
123, 1, 788, 148, 1011, 301
123, 2, 937, 19, 1065, 103
123, 3, 1063, 13, 1130, 218
124, 0, 55, 31, 261, 332
124, 1, 300, 104, 375, 325
124, 2, 732, 36, 1056, 335
124, 3, 1001, 13, 1124, 196
125, 0, 67, 34, 329, 346
125, 1, 324, 27, 559, 341
125, 2, 660, 210, 843, 337
125, 3, 670, 35, 1100, 306
125, 4, 946, 23, 1127, 80
126, 0, 81, 27, 389, 230
126, 1, 11, 249, 185, 317
126, 2, 243, 84, 373, 339
126, 3, 853, 117, 1084, 237
126, 4, 904, 14, 1174, 121
127, 0, 11, 42, 309, 340
127, 1, 156, 18, 435, 238
127, 2, 202, 100, 398, 288
127, 3, 472, 182, 591, 340
127, 4, 688, 156, 919, 337
127, 5, 705, 15, 1079, 149
127, 6, 1108, 59, 1192, 97
128, 0, 51, 22, 297, 318
128, 1, 321, 314, 462, 345
128, 2, 769, 21, 1175, 126
128, 3, 818, 193, 974, 306
129, 0, 87, 18, 458, 331
129, 1, 496, 279, 561, 313
129, 2, 742, 22, 1203, 153
129, 3, 930, 196, 1112, 362
130, 0, 108, 17, 466, 336
130, 1, 43, 196, 171, 326
130, 2, 531, 157, 912, 342
130, 3, 744, 29, 898, 156
130, 4, 898, 24, 1170, 127
131, 0, 134, 140, 315, 336
131, 1, 954, 22, 1125, 112
132, 0, 84, 19, 197, 304
132, 1, 837, 72, 1076, 325
133, 0, 53, 19, 361, 305
133, 1, 709, 28, 1024, 335
133, 2, 978, 146, 1067, 268
134, 0, 40, 22, 195, 279
134, 1, 254, 119, 321, 170
134, 2, 852, 11, 1073, 158
134, 3, 1001, 195, 1186, 273
134, 4, 1058, 18, 1213, 49
135, 0, 29, 114, 588, 359
135, 1, 64, 22, 285, 89
135, 2, 684, 90, 1013, 299
135, 3, 710, 22, 1120, 144
136, 0, 36, 118, 369, 340
136, 1, 61, 12, 272, 90
136, 2, 457, 228, 912, 352
136, 3, 793, 14, 1087, 180
137, 0, 48, 32, 351, 348
137, 1, 777, 15, 1163, 162
137, 2, 820, 195, 959, 307
138, 0, 34, 69, 216, 301
138, 1, 83, 22, 353, 338
138, 2, 467, 275, 740, 327
138, 3, 792, 173, 1014, 321
138, 4, 753, 21, 1145, 170
139, 0, 43, 32, 1083, 341
139, 1, 303, 27, 465, 83
139, 2, 791, 16, 1130, 163
140, 0, 87, 24, 183, 166
140, 1, 169, 250, 240, 340
140, 2, 227, 17, 507, 323
140, 3, 773, 135, 1109, 339
140, 4, 841, 14, 1197, 137
141, 0, 48, 19, 435, 324
141, 1, 840, 160, 977, 305
141, 2, 840, 10, 1187, 163
142, 0, 48, 18, 459, 340
142, 1, 750, 15, 1167, 163
142, 2, 800, 162, 1022, 306
143, 0, 59, 19, 621, 336
143, 1, 673, 11, 1118, 160
143, 2, 775, 187, 823, 249
143, 3, 892, 146, 1064, 316
144, 0, 49, 31, 316, 256
144, 1, 406, 278, 616, 304
144, 2, 959, 242, 1039, 329
144, 3, 963, 156, 1107, 195
144, 4, 894, 31, 1189, 136
145, 0, 37, 23, 476, 343
145, 1, 470, 280, 644, 347
145, 2, 756, 136, 946, 294
145, 3, 775, 22, 1162, 139
145, 4, 999, 169, 1134, 353
146, 0, 43, 36, 623, 341
146, 1, 796, 21, 1083, 138
146, 2, 842, 133, 957, 257
146, 3, 1047, 76, 1160, 239
147, 0, 39, 31, 983, 347
147, 1, 723, 17, 1111, 156
148, 0, 48, 29, 638, 356
148, 1, 759, 152, 1025, 332
148, 2, 758, 109, 894, 185
148, 3, 943, 18, 1193, 128
149, 0, 44, 25, 639, 363
149, 1, 756, 125, 1050, 338
149, 2, 810, 16, 1135, 185
150, 0, 37, 24, 641, 361
150, 1, 776, 187, 897, 282
150, 2, 774, 16, 1188, 159
150, 3, 957, 150, 1061, 317
151, 0, 48, 28, 723, 349
151, 1, 766, 18, 1150, 154
151, 2, 858, 130, 957, 297
151, 3, 1010, 159, 1169, 324
152, 0, 75, 14, 639, 354
152, 1, 58, 29, 195, 111
152, 2, 791, 129, 1115, 312
152, 3, 813, 21, 1152, 157
152, 4, 1082, 287, 1140, 331
153, 0, 49, 66, 341, 337
153, 1, 50, 25, 529, 89
153, 2, 612, 223, 948, 342
153, 3, 789, 23, 1190, 159
153, 4, 999, 129, 1071, 277
153, 5, 1103, 158, 1166, 226
154, 0, 43, 25, 199, 336
154, 1, 804, 54, 926, 209
154, 2, 1029, 130, 1185, 224
154, 3, 966, 20, 1187, 128
155, 0, 25, 22, 440, 328
155, 1, 295, 92, 519, 333
155, 2, 657, 242, 888, 342
155, 3, 752, 21, 1078, 279
155, 4, 978, 18, 1185, 118
156, 0, 18, 23, 1098, 343
156, 1, 752, 16, 1199, 157
157, 0, 24, 143, 223, 313
157, 1, 32, 20, 336, 143
157, 2, 482, 315, 682, 324
157, 3, 807, 30, 995, 189
157, 4, 843, 128, 1140, 328
157, 5, 1010, 18, 1197, 119
158, 0, 32, 164, 596, 330
158, 1, 18, 24, 416, 263
158, 2, 725, 182, 896, 315
158, 3, 786, 21, 964, 158
158, 4, 1008, 251, 1059, 335
158, 5, 998, 105, 1181, 223
158, 6, 1024, 19, 1164, 113
159, 0, 38, 24, 683, 338
159, 1, 783, 18, 1185, 149
159, 2, 774, 133, 949, 323
159, 3, 1015, 126, 1208, 334
160, 0, 30, 14, 416, 334
160, 1, 580, 128, 1203, 343
160, 2, 720, 12, 979, 187
160, 3, 918, 16, 1210, 144
161, 0, 25, 26, 518, 355
161, 1, 34, 118, 201, 353
161, 2, 702, 262, 1128, 341
161, 3, 774, 13, 1209, 269
162, 0, 23, 71, 474, 335
162, 1, 31, 19, 417, 233
162, 2, 712, 208, 828, 332
162, 3, 752, 68, 858, 210
162, 4, 883, 90, 1210, 344
162, 5, 908, 26, 1014, 122
162, 6, 1060, 30, 1185, 148
163, 0, 25, 15, 504, 345
163, 1, 706, 206, 858, 313
163, 2, 726, 69, 884, 208
163, 3, 906, 124, 1186, 332
163, 4, 944, 39, 1195, 148
163, 5, 1086, 17, 1214, 91
164, 0, 24, 15, 498, 349
164, 1, 701, 47, 908, 318
164, 2, 902, 22, 1212, 337
164, 3, 938, 11, 1029, 77
165, 0, 25, 159, 226, 326
165, 1, 53, 11, 948, 356
165, 2, 996, 82, 1199, 288
165, 3, 1009, 13, 1218, 130
166, 0, 278, 312, 469, 336
166, 1, 1026, 104, 1221, 310
166, 2, 1074, 14, 1230, 108
167, 0, 23, 21, 770, 361
167, 1, 25, 160, 339, 358
167, 2, 763, 26, 982, 345
167, 3, 1030, 15, 1176, 122
167, 4, 1040, 109, 1191, 320
168, 0, 23, 161, 453, 358
168, 1, 44, 26, 504, 298
168, 2, 556, 231, 1130, 351
168, 3, 717, 27, 999, 267
168, 4, 1070, 134, 1220, 302
168, 5, 1040, 11, 1216, 132
169, 0, 64, 268, 752, 361
169, 1, 902, 35, 1231, 312
169, 2, 1039, 17, 1226, 170
170, 0, 22, 26, 412, 360
170, 1, 514, 269, 694, 358
170, 2, 787, 210, 868, 345
170, 3, 803, 17, 1217, 348
170, 4, 1054, 174, 1202, 304
171, 0, 42, 24, 678, 362
171, 1, 779, 266, 978, 352
171, 2, 810, 20, 998, 231
171, 3, 1037, 146, 1220, 345
171, 4, 1055, 20, 1221, 154
172, 0, 24, 136, 418, 359
172, 1, 43, 22, 419, 322
172, 2, 520, 322, 750, 361
172, 3, 808, 261, 1076, 353
172, 4, 804, 18, 1219, 346
173, 0, 21, 23, 1193, 361
173, 1, 1027, 15, 1210, 230
174, 0, 22, 22, 205, 68
174, 1, 112, 345, 373, 357
174, 2, 567, 314, 729, 357
175, 0, 25, 20, 439, 354
175, 1, 30, 255, 197, 355
175, 2, 561, 248, 1193, 360
175, 3, 779, 17, 1222, 253
176, 0, 29, 12, 548, 355
176, 1, 712, 267, 1194, 358
176, 2, 759, 20, 1211, 257
177, 0, 35, 13, 489, 357
177, 1, 600, 286, 677, 326
177, 2, 780, 296, 1199, 355
177, 3, 783, 12, 1213, 252
178, 0, 18, 23, 333, 357
178, 1, 793, 284, 1194, 356
178, 2, 967, 184, 1037, 253
178, 3, 972, 12, 1217, 260
179, 0, 24, 24, 1199, 356
179, 1, 769, 11, 1223, 253
180, 0, 13, 24, 301, 206
180, 1, 727, 209, 1214, 355
181, 0, 22, 26, 443, 338
181, 1, 668, 286, 1204, 357
181, 2, 821, 13, 1218, 258
182, 0, 10, 25, 411, 358
182, 1, 834, 283, 1206, 337
182, 2, 825, 13, 1215, 257
183, 0, 21, 12, 567, 362
183, 1, 693, 225, 1212, 336
183, 2, 723, 22, 1211, 254
184, 0, 19, 26, 430, 358
184, 1, 495, 323, 780, 360
184, 2, 774, 21, 1213, 320
185, 0, 19, 27, 424, 360
185, 1, 672, 250, 1196, 356
185, 2, 776, 22, 1215, 255
186, 0, 29, 28, 590, 362
186, 1, 717, 22, 1213, 322
186, 2, 732, 223, 1112, 350
187, 0, 13, 29, 380, 362
187, 1, 464, 332, 620, 355
187, 2, 764, 23, 1211, 350
188, 0, 28, 29, 287, 366
188, 1, 526, 302, 1196, 359
188, 2, 861, 23, 1213, 277
189, 0, 31, 32, 294, 363
189, 1, 726, 302, 1194, 359
189, 2, 797, 26, 1207, 307
190, 0, 21, 34, 339, 364
190, 1, 775, 13, 1211, 279
190, 2, 794, 302, 1191, 344
191, 0, 31, 14, 1186, 362
191, 1, 548, 14, 608, 39
191, 2, 713, 11, 1195, 279
192, 0, 16, 37, 236, 360
192, 1, 869, 11, 1192, 337
193, 0, 23, 38, 351, 362
193, 1, 779, 12, 1201, 359
194, 0, 32, 39, 335, 363
194, 1, 807, 325, 983, 361
194, 2, 803, 13, 1200, 361
195, 0, 40, 19, 378, 361
195, 1, 761, 28, 1205, 361
196, 0, 48, 119, 381, 358
196, 1, 96, 19, 440, 100
196, 2, 714, 225, 1158, 359
196, 3, 744, 28, 1207, 331
197, 0, 55, 118, 382, 357
197, 1, 100, 19, 404, 100
197, 2, 738, 269, 978, 352
197, 3, 747, 27, 1205, 356
198, 0, 62, 19, 387, 357
198, 1, 729, 28, 1205, 356
199, 0, 67, 18, 476, 361
199, 1, 628, 15, 1203, 353
199, 2, 679, 245, 1136, 363
200, 0, 72, 39, 279, 345
200, 1, 873, 24, 1224, 360
201, 0, 77, 41, 228, 346
201, 1, 924, 291, 1201, 354
201, 2, 934, 25, 1203, 297
201, 3, 939, 201, 1117, 296
202, 0, 81, 19, 499, 359
202, 1, 657, 15, 1198, 299
202, 2, 690, 246, 1199, 356
203, 0, 989, 301, 1212, 362
204, 0, 864, 28, 1224, 360
205, 0, 103, 47, 384, 362
205, 1, 753, 227, 1226, 360
205, 2, 763, 15, 1183, 306
206, 0, 838, 34, 926, 58
206, 1, 1100, 25, 1180, 49
207, 0, 696, 287, 1226, 362
207, 1, 831, 12, 941, 57
208, 0, 159, 35, 300, 284
208, 1, 794, 20, 1208, 360
209, 0, 826, 304, 1167, 365
209, 1, 872, 28, 940, 51
209, 2, 923, 226, 1066, 281
209, 3, 936, 18, 1168, 284
210, 0, 130, 40, 198, 110
210, 1, 866, 354, 1086, 362
210, 2, 909, 18, 980, 47
210, 3, 1083, 31, 1221, 61
211, 0, 167, 24, 1159, 360
211, 1, 180, 325, 610, 360
211, 2, 628, 16, 1207, 282
212, 0, 185, 39, 264, 109
212, 1, 275, 335, 627, 360
212, 2, 852, 27, 1232, 360
213, 0, 199, 19, 1188, 363
214, 0, 220, 16, 1182, 363
215, 0, 258, 26, 286, 128
215, 1, 983, 54, 1102, 175
216, 0, 255, 28, 407, 296
216, 1, 637, 17, 1195, 360
217, 0, 257, 30, 460, 250
217, 1, 349, 332, 519, 359
217, 2, 643, 15, 1205, 361
218, 0, 270, 29, 1091, 363
218, 1, 628, 17, 1158, 324
219, 0, 300, 14, 1148, 349
219, 1, 269, 154, 1094, 361
220, 0, 279, 28, 362, 271
220, 1, 582, 259, 1106, 355
220, 2, 610, 19, 1183, 348
221, 0, 296, 14, 551, 69
221, 1, 272, 227, 626, 352
221, 2, 301, 339, 399, 362
221, 3, 731, 19, 1171, 350
222, 0, 274, 14, 1172, 350
223, 0, 340, 322, 455, 361
223, 1, 747, 245, 1171, 348
223, 2, 784, 13, 1222, 257
224, 0, 277, 26, 390, 231
224, 1, 323, 333, 483, 361
224, 2, 594, 18, 1221, 351
224, 3, 1026, 16, 1149, 219
225, 0, 290, 99, 324, 209
225, 1, 311, 337, 502, 365
225, 2, 693, 144, 759, 249
225, 3, 713, 16, 1207, 349
226, 0, 285, 15, 1115, 253
226, 1, 329, 76, 1232, 365
227, 0, 270, 37, 412, 254
227, 1, 317, 331, 508, 362
227, 2, 621, 173, 1210, 346
227, 3, 691, 14, 1101, 167
227, 4, 1151, 133, 1229, 247
228, 0, 263, 84, 726, 360
228, 1, 590, 14, 1143, 298
228, 2, 1140, 170, 1220, 245
229, 0, 316, 281, 617, 361
229, 1, 886, 89, 1101, 155
229, 2, 994, 10, 1168, 86
229, 3, 1109, 234, 1150, 309
230, 0, 120, 245, 272, 357
230, 1, 331, 281, 601, 360
230, 2, 643, 13, 1136, 320
231, 0, 495, 329, 607, 355
231, 1, 810, 19, 1131, 279
231, 2, 1117, 109, 1204, 140
232, 0, 150, 49, 615, 363
232, 1, 19, 246, 148, 343
232, 2, 709, 14, 1160, 344
233, 0, 157, 47, 1102, 359
233, 1, 49, 232, 126, 350
233, 2, 697, 12, 1169, 215
234, 0, 159, 46, 386, 350
234, 1, 37, 256, 102, 334
234, 2, 388, 291, 639, 363
234, 3, 622, 13, 1180, 312
234, 4, 1006, 233, 1131, 307
235, 0, 111, 57, 155, 98
235, 1, 154, 43, 410, 354
235, 2, 32, 213, 116, 343
235, 3, 462, 215, 995, 357
235, 4, 653, 13, 1205, 216
236, 0, 43, 175, 210, 301
236, 1, 397, 303, 676, 357
236, 2, 817, 322, 986, 331
236, 3, 893, 17, 1209, 237
237, 0, 55, 21, 329, 348
237, 1, 435, 185, 1086, 361
237, 2, 723, 19, 1219, 241
238, 0, 46, 29, 317, 338
238, 1, 413, 295, 655, 364
238, 2, 753, 163, 1152, 339
238, 3, 738, 17, 1233, 183
239, 0, 25, 21, 735, 360
239, 1, 666, 18, 1196, 228
239, 2, 724, 235, 987, 352
239, 3, 1055, 214, 1165, 320
240, 0, 17, 18, 357, 345
240, 1, 319, 288, 733, 360
240, 2, 745, 15, 1187, 290
240, 3, 867, 131, 1214, 342
240, 4, 1044, 232, 1105, 246
241, 0, 41, 17, 428, 337
241, 1, 451, 335, 624, 361
241, 2, 708, 235, 1029, 361
241, 3, 712, 11, 1220, 250
242, 0, 26, 36, 551, 360
242, 1, 695, 181, 1056, 334
242, 2, 721, 15, 1206, 245
242, 3, 1026, 237, 1067, 333
243, 0, 40, 31, 515, 365
243, 1, 709, 237, 1049, 346
243, 2, 702, 15, 1213, 265
244, 0, 27, 61, 521, 365
244, 1, 729, 294, 822, 347
244, 2, 727, 15, 1200, 268
244, 3, 931, 230, 1040, 317
245, 0, 30, 173, 153, 258
245, 1, 21, 35, 486, 362
245, 2, 700, 18, 1201, 300
245, 3, 976, 229, 1170, 324
246, 0, 31, 176, 213, 261
246, 1, 201, 26, 359, 177
246, 2, 307, 299, 521, 359
246, 3, 995, 163, 1140, 329
247, 0, 25, 12, 590, 361
247, 1, 705, 15, 1198, 262
247, 2, 749, 226, 1150, 334
248, 0, 22, 10, 529, 357
248, 1, 698, 13, 1232, 226
248, 2, 755, 171, 1192, 342
249, 0, 21, 11, 563, 357
249, 1, 807, 106, 1200, 354
249, 2, 829, 11, 1209, 198
250, 0, 36, 203, 215, 259
250, 1, 162, 291, 849, 360
250, 2, 1068, 37, 1201, 148
251, 0, 32, 18, 599, 358
251, 1, 708, 17, 1200, 205
251, 2, 752, 277, 847, 354
251, 3, 790, 158, 1199, 341
252, 0, 25, 20, 534, 363
252, 1, 617, 311, 823, 347
252, 2, 828, 161, 1233, 356
252, 3, 819, 19, 1209, 208
253, 0, 23, 165, 223, 362
253, 1, 37, 16, 558, 362
253, 2, 658, 312, 809, 357
253, 3, 745, 23, 1194, 193
253, 4, 860, 166, 1208, 358
254, 0, 33, 165, 545, 366
254, 1, 28, 21, 423, 304
254, 2, 663, 169, 1215, 359
254, 3, 721, 29, 1210, 193
255, 0, 26, 185, 130, 274
255, 1, 43, 18, 360, 302
255, 2, 44, 143, 1188, 366
255, 3, 785, 29, 1214, 194
256, 0, 34, 19, 376, 299
256, 1, 44, 289, 770, 365
256, 2, 735, 24, 1219, 335
257, 0, 46, 261, 428, 357
257, 1, 27, 14, 1206, 358
257, 2, 711, 18, 1207, 186
258, 0, 29, 260, 280, 359
258, 1, 44, 16, 759, 358
258, 2, 709, 13, 1206, 230
258, 3, 765, 177, 1019, 317
259, 0, 31, 258, 217, 355
259, 1, 48, 28, 387, 359
259, 2, 504, 248, 992, 356
259, 3, 800, 32, 1207, 201
259, 4, 908, 128, 1068, 229
260, 0, 30, 261, 267, 359
260, 1, 38, 26, 832, 359
260, 2, 707, 30, 1211, 200
260, 3, 862, 173, 1123, 332
261, 0, 46, 294, 225, 354
261, 1, 53, 24, 611, 360
261, 2, 800, 212, 925, 341
261, 3, 777, 22, 1212, 149
261, 4, 1017, 225, 1154, 320
261, 5, 939, 100, 1114, 211
262, 0, 59, 297, 168, 352
262, 1, 77, 25, 660, 361
262, 2, 801, 27, 1215, 150
262, 3, 928, 148, 1124, 330
262, 4, 1117, 229, 1206, 301
263, 0, 41, 333, 153, 356
263, 1, 43, 16, 689, 352
263, 2, 892, 33, 1196, 324
263, 3, 824, 13, 992, 153
264, 0, 77, 17, 676, 356
264, 1, 803, 15, 1199, 154
264, 2, 981, 140, 1196, 225
265, 0, 64, 19, 773, 359
265, 1, 880, 33, 1208, 284
265, 2, 828, 17, 1036, 156
266, 0, 52, 16, 537, 325
266, 1, 951, 119, 1192, 320
266, 2, 860, 31, 1209, 183
267, 0, 33, 22, 486, 333
267, 1, 782, 16, 1027, 229
267, 2, 966, 29, 1197, 341
268, 0, 32, 19, 436, 335
268, 1, 712, 285, 887, 339
268, 2, 784, 28, 1198, 233
268, 3, 983, 183, 1201, 340
269, 0, 29, 19, 384, 334
269, 1, 881, 196, 1197, 341
269, 2, 836, 27, 1221, 215
270, 0, 30, 20, 412, 327
270, 1, 759, 27, 1195, 286
270, 2, 892, 177, 1199, 337
271, 0, 65, 121, 280, 336
271, 1, 52, 22, 430, 309
271, 2, 805, 231, 894, 324
271, 3, 762, 11, 1176, 260
272, 0, 58, 34, 343, 355
272, 1, 1074, 210, 1192, 330
272, 2, 1007, 55, 1200, 184
273, 0, 36, 114, 134, 358
273, 1, 59, 26, 438, 344
273, 2, 758, 206, 1016, 307
273, 3, 818, 19, 1133, 242
274, 0, 59, 27, 545, 346
274, 1, 701, 204, 964, 331
274, 2, 749, 19, 1177, 278
275, 0, 48, 28, 629, 341
275, 1, 802, 208, 1173, 276
275, 2, 829, 16, 1180, 213
276, 0, 58, 37, 600, 350
276, 1, 772, 19, 1201, 307
276, 2, 812, 209, 974, 267
277, 0, 36, 33, 627, 349
277, 1, 750, 204, 1188, 320
277, 2, 773, 18, 1184, 213
278, 0, 32, 21, 504, 350
278, 1, 689, 176, 1173, 335
278, 2, 783, 17, 1204, 207
279, 0, 39, 37, 194, 282
279, 1, 190, 45, 536, 342
279, 2, 751, 162, 1180, 346
279, 3, 735, 17, 1193, 180
280, 0, 30, 39, 182, 287
280, 1, 171, 50, 372, 333
280, 2, 780, 136, 1150, 346
280, 3, 849, 16, 1198, 218
281, 0, 66, 32, 498, 331
281, 1, 78, 46, 142, 100
281, 2, 794, 168, 1231, 351
281, 3, 808, 21, 1186, 221
282, 0, 53, 31, 480, 357
282, 1, 739, 162, 1207, 355
282, 2, 713, 33, 982, 212
282, 3, 1062, 39, 1168, 140
283, 0, 50, 25, 489, 356
283, 1, 859, 189, 1214, 349
283, 2, 758, 31, 1011, 289
283, 3, 1096, 40, 1184, 132
284, 0, 59, 19, 661, 359
284, 1, 692, 26, 1160, 322
285, 0, 45, 37, 266, 307
285, 1, 892, 241, 1214, 335
285, 2, 851, 16, 1072, 174
285, 3, 884, 124, 926, 192
286, 0, 37, 15, 453, 343
286, 1, 707, 149, 1144, 311
286, 2, 714, 17, 1050, 201
286, 3, 964, 269, 1005, 360
287, 0, 39, 13, 439, 317
287, 1, 578, 114, 1103, 350
287, 2, 856, 266, 1161, 344
287, 3, 714, 16, 993, 151
288, 0, 27, 11, 370, 294
288, 1, 484, 112, 1180, 359
288, 2, 778, 16, 982, 147
289, 0, 14, 13, 417, 330
289, 1, 430, 128, 1149, 360
289, 2, 694, 15, 1090, 191
290, 0, 39, 21, 417, 313
290, 1, 483, 281, 832, 359
290, 2, 695, 27, 950, 242
290, 3, 946, 19, 1138, 335
291, 0, 30, 32, 634, 355
291, 1, 717, 19, 1053, 125
291, 2, 952, 261, 1148, 326
291, 3, 931, 109, 1153, 210
292, 0, 47, 31, 916, 360
292, 1, 696, 23, 1093, 178
292, 2, 987, 112, 1171, 183
292, 3, 1088, 213, 1151, 320
293, 0, 35, 25, 321, 256
293, 1, 327, 274, 638, 365
293, 2, 749, 161, 1035, 341
293, 3, 782, 15, 1038, 175
293, 4, 1092, 112, 1142, 181
294, 0, 36, 89, 107, 233
294, 1, 273, 260, 658, 361
294, 2, 802, 74, 973, 301
294, 3, 867, 14, 994, 86
295, 0, 38, 16, 758, 365
295, 1, 658, 188, 718, 249
295, 2, 697, 13, 1075, 311
296, 0, 41, 15, 710, 364
296, 1, 742, 24, 1137, 339
297, 0, 36, 29, 607, 359
297, 1, 664, 154, 1139, 326
297, 2, 717, 21, 1187, 161
298, 0, 58, 241, 500, 362
298, 1, 40, 23, 398, 281
298, 2, 694, 16, 1091, 356
298, 3, 1092, 57, 1211, 87
299, 0, 50, 241, 488, 362
299, 1, 38, 19, 532, 305
299, 2, 696, 14, 1220, 324
300, 0, 43, 264, 307, 364
300, 1, 46, 18, 505, 361
300, 2, 668, 131, 1074, 337
300, 3, 697, 13, 1213, 178
301, 0, 23, 279, 537, 363
301, 1, 44, 17, 335, 254
301, 2, 955, 237, 1076, 305
301, 3, 849, 109, 1035, 216
301, 4, 829, 15, 1169, 185
302, 0, 30, 277, 225, 361
302, 1, 56, 10, 579, 361
302, 2, 698, 17, 1157, 157
302, 3, 801, 152, 1145, 338
302, 4, 1090, 270, 1122, 311
303, 0, 30, 277, 489, 360
303, 1, 48, 21, 429, 269
303, 2, 788, 19, 1177, 303
303, 3, 982, 154, 1202, 334
304, 0, 25, 300, 488, 360
304, 1, 78, 19, 444, 273
304, 2, 756, 124, 1095, 318
304, 3, 720, 20, 1215, 160
304, 4, 1110, 289, 1205, 334
305, 0, 19, 333, 107, 360
305, 1, 60, 32, 443, 353
305, 2, 187, 19, 420, 207
305, 3, 1000, 163, 1117, 272
305, 4, 864, 101, 937, 166
305, 5, 873, 18, 1097, 140
306, 0, 33, 335, 109, 361
306, 1, 56, 103, 257, 355
306, 2, 156, 20, 526, 354
306, 3, 699, 13, 1122, 162
306, 4, 764, 191, 916, 337
306, 5, 954, 137, 1118, 340
307, 0, 31, 15, 513, 341
307, 1, 789, 15, 1169, 161
307, 2, 1016, 127, 1126, 316
308, 0, 74, 19, 541, 347
308, 1, 729, 209, 1030, 325
308, 2, 719, 15, 1194, 192
309, 0, 76, 20, 434, 335
309, 1, 750, 187, 925, 327
309, 2, 742, 18, 977, 187
309, 3, 1061, 57, 1156, 155
310, 0, 60, 15, 609, 363
310, 1, 699, 17, 984, 156
310, 2, 741, 184, 898, 271
310, 3, 830, 231, 971, 342
311, 0, 68, 14, 373, 313
311, 1, 412, 281, 612, 346
311, 2, 772, 181, 1025, 335
311, 3, 792, 15, 1036, 186
312, 0, 365, 265, 712, 352
312, 1, 854, 17, 1158, 218
313, 0, 53, 22, 677, 356
313, 1, 746, 13, 1030, 191
313, 2, 797, 34, 1174, 314
314, 0, 55, 19, 923, 354
314, 1, 681, 14, 1061, 191
314, 2, 999, 161, 1178, 338
315, 0, 71, 18, 365, 296
315, 1, 411, 299, 674, 362
315, 2, 789, 188, 944, 255
315, 3, 883, 136, 942, 159
315, 4, 915, 15, 1084, 141
316, 0, 52, 22, 720, 363
316, 1, 817, 191, 1009, 339
316, 2, 774, 15, 1058, 192
317, 0, 72, 17, 334, 319
317, 1, 400, 304, 896, 363
317, 2, 797, 118, 1136, 283
317, 3, 872, 11, 1182, 165
318, 0, 159, 21, 290, 327
318, 1, 14, 185, 150, 364
318, 2, 399, 304, 663, 361
318, 3, 945, 121, 1181, 321
318, 4, 969, 20, 1167, 164
319, 0, 99, 17, 542, 350
319, 1, 797, 186, 928, 323
319, 2, 774, 15, 1094, 192
319, 3, 1053, 192, 1213, 336
320, 0, 40, 23, 246, 311
320, 1, 286, 21, 517, 357
320, 2, 631, 187, 955, 348
320, 3, 705, 13, 1174, 184
321, 0, 52, 19, 206, 134
321, 1, 51, 150, 285, 334
321, 2, 267, 21, 455, 315
321, 3, 504, 183, 977, 337
321, 4, 725, 16, 1212, 187
322, 0, 49, 18, 496, 321
322, 1, 614, 121, 1195, 349
322, 2, 726, 16, 1187, 184
323, 0, 31, 22, 456, 343
323, 1, 597, 154, 1201, 341
323, 2, 705, 15, 1197, 179
324, 0, 37, 20, 591, 349
324, 1, 725, 177, 1219, 346
324, 2, 726, 11, 1216, 183
325, 0, 42, 22, 875, 346
325, 1, 779, 19, 1200, 209
325, 2, 837, 179, 947, 256
325, 3, 1048, 204, 1171, 345
326, 0, 114, 18, 484, 339
326, 1, 827, 183, 988, 328
326, 2, 780, 25, 1174, 218
327, 0, 294, 290, 455, 327
327, 1, 985, 157, 1180, 300
327, 2, 1161, 35, 1193, 149
328, 0, 49, 19, 412, 259
328, 1, 235, 274, 491, 334
328, 2, 574, 159, 678, 274
328, 3, 895, 188, 928, 307
328, 4, 1019, 193, 1099, 325
328, 5, 918, 21, 1147, 185
329, 0, 42, 18, 474, 366
329, 1, 675, 129, 922, 181
329, 2, 951, 190, 979, 256
329, 3, 867, 19, 1150, 155
329, 4, 1074, 182, 1145, 236
330, 0, 15, 30, 320, 205
330, 1, 127, 291, 466, 358
330, 2, 777, 133, 888, 177
330, 3, 992, 190, 1044, 315
330, 4, 888, 19, 1185, 153
331, 0, 12, 19, 258, 275
331, 1, 31, 297, 247, 357
331, 2, 273, 20, 455, 353
331, 3, 729, 20, 1164, 160
331, 4, 808, 187, 926, 323
332, 0, 29, 18, 457, 360
332, 1, 310, 15, 445, 160
332, 2, 625, 227, 755, 346
332, 3, 651, 19, 1068, 326
333, 0, 32, 16, 446, 359
333, 1, 36, 315, 149, 365
333, 2, 241, 22, 429, 218
333, 3, 666, 127, 1086, 342
333, 4, 706, 22, 1092, 191
334, 0, 14, 34, 338, 360
334, 1, 199, 23, 462, 336
334, 2, 626, 21, 1124, 182
334, 3, 659, 206, 803, 343
334, 4, 877, 186, 1094, 310
335, 0, 13, 261, 112, 366
335, 1, 24, 35, 408, 347
335, 2, 276, 24, 401, 275
335, 3, 624, 20, 1045, 343
335, 4, 967, 27, 1148, 309
336, 0, 29, 40, 347, 347
336, 1, 224, 25, 399, 162
336, 2, 639, 188, 905, 348
336, 3, 627, 132, 817, 210
336, 4, 701, 14, 1046, 161
336, 5, 967, 251, 1162, 329
336, 6, 992, 98, 1177, 194
337, 0, 25, 46, 239, 334
337, 1, 110, 20, 988, 347
337, 2, 722, 20, 1048, 163
337, 3, 1021, 106, 1142, 222
338, 0, 65, 14, 483, 340
338, 1, 556, 266, 877, 346
338, 2, 612, 157, 1034, 313
338, 3, 728, 28, 1199, 187
339, 0, 83, 16, 440, 354
339, 1, 577, 185, 1027, 340
339, 2, 607, 140, 664, 207
339, 3, 778, 28, 1186, 174
340, 0, 68, 36, 366, 326
340, 1, 386, 261, 670, 348
340, 2, 590, 62, 1187, 211
340, 3, 871, 132, 983, 297
340, 4, 1008, 206, 1082, 311
341, 0, 74, 17, 457, 348
341, 1, 583, 155, 727, 205
341, 2, 755, 129, 1027, 313
341, 3, 742, 14, 1171, 161
341, 4, 1057, 234, 1129, 334
342, 0, 89, 16, 331, 348
342, 1, 59, 127, 207, 323
342, 2, 540, 296, 713, 351
342, 3, 964, 191, 1091, 328
342, 4, 885, 136, 951, 193
342, 5, 866, 21, 1016, 144
342, 6, 1078, 19, 1170, 137
343, 0, 33, 16, 393, 345
343, 1, 483, 138, 978, 355
343, 2, 752, 19, 1146, 190
343, 3, 1037, 195, 1164, 290
344, 0, 44, 90, 474, 355
344, 1, 35, 17, 395, 208
344, 2, 533, 138, 610, 205
344, 3, 560, 297, 872, 350
344, 4, 709, 17, 1034, 209
344, 5, 915, 116, 1159, 292
344, 6, 1099, 25, 1173, 182
345, 0, 26, 92, 365, 318
345, 1, 36, 18, 329, 95
345, 2, 531, 139, 650, 206
345, 3, 567, 275, 808, 363
345, 4, 727, 17, 1036, 234
345, 5, 903, 105, 1087, 310
346, 0, 28, 94, 440, 365
346, 1, 47, 19, 354, 185
346, 2, 676, 211, 788, 345
346, 3, 713, 19, 1070, 236
346, 4, 933, 122, 1078, 228
347, 0, 39, 94, 310, 361
347, 1, 31, 15, 361, 153
347, 2, 296, 284, 430, 352
347, 3, 497, 142, 630, 211
347, 4, 723, 279, 842, 290
347, 5, 715, 18, 1122, 242
348, 0, 32, 18, 460, 353
348, 1, 482, 151, 587, 211
348, 2, 577, 188, 889, 361
348, 3, 740, 21, 1173, 226
349, 0, 32, 14, 317, 338
349, 1, 275, 314, 354, 351
349, 2, 477, 140, 616, 210
349, 3, 685, 117, 948, 359
349, 4, 764, 26, 1188, 223
350, 0, 12, 15, 603, 353
350, 1, 711, 240, 934, 347
350, 2, 701, 19, 1195, 240
351, 0, 21, 16, 389, 338
351, 1, 434, 153, 574, 205
351, 2, 722, 152, 1112, 339
351, 3, 797, 16, 1214, 212
352, 0, 34, 12, 549, 342
352, 1, 751, 13, 1195, 260
353, 0, 25, 14, 302, 359
353, 1, 324, 150, 544, 267
353, 2, 837, 21, 1047, 174
353, 3, 928, 176, 1174, 260
353, 4, 1071, 25, 1229, 177
354, 0, 21, 14, 458, 345
354, 1, 916, 355, 979, 363
354, 2, 731, 17, 1224, 263
354, 3, 753, 201, 874, 268
354, 4, 1122, 24, 1228, 103
355, 0, 11, 15, 369, 363
355, 1, 836, 12, 1220, 262
356, 0, 22, 14, 528, 354
356, 1, 734, 11, 1219, 271
356, 2, 754, 203, 914, 303
357, 0, 21, 17, 475, 359
357, 1, 571, 150, 1191, 358
357, 2, 737, 14, 1208, 180
358, 0, 17, 21, 510, 351
358, 1, 763, 16, 1200, 273
358, 2, 791, 242, 1006, 363
359, 0, 17, 14, 499, 341
359, 1, 12, 340, 85, 359
359, 2, 696, 17, 1227, 208
359, 3, 719, 154, 1185, 360
360, 0, 20, 21, 1213, 366
360, 1, 22, 311, 70, 364
360, 2, 718, 14, 1212, 209
361, 0, 10, 24, 384, 324
361, 1, 295, 152, 476, 341
361, 2, 757, 147, 1167, 350
361, 3, 743, 29, 853, 164
361, 4, 877, 21, 1230, 161
362, 0, 13, 24, 392, 329
362, 1, 267, 192, 405, 230
362, 2, 721, 179, 1184, 328
362, 3, 714, 13, 1229, 236
363, 0, 16, 24, 389, 363
363, 1, 387, 130, 474, 215
363, 2, 30, 253, 134, 327
363, 3, 693, 205, 1166, 349
363, 4, 700, 13, 1223, 230
364, 0, 14, 23, 391, 333
364, 1, 354, 131, 449, 350
364, 2, 657, 17, 1205, 227
364, 3, 687, 217, 1178, 346
365, 0, 17, 23, 430, 343
365, 1, 44, 286, 150, 351
365, 2, 188, 216, 277, 296
365, 3, 703, 17, 1197, 349
366, 0, 17, 25, 336, 328
366, 1, 261, 176, 379, 231
366, 2, 32, 250, 117, 356
366, 3, 620, 179, 1150, 345
366, 4, 750, 13, 1204, 161
367, 0, 20, 21, 1165, 354
367, 1, 128, 321, 171, 357
367, 2, 232, 233, 284, 294
367, 3, 12, 203, 268, 355
367, 4, 597, 20, 1069, 231
367, 5, 1092, 21, 1208, 148
368, 0, 22, 254, 139, 356
368, 1, 20, 21, 456, 364
368, 2, 549, 176, 1163, 345
368, 3, 750, 20, 1085, 180
368, 4, 1085, 17, 1221, 144
369, 0, 12, 113, 277, 280
369, 1, 18, 20, 357, 208
369, 2, 18, 295, 326, 365
369, 3, 631, 21, 1175, 268
369, 4, 339, 195, 418, 334
369, 5, 591, 254, 1079, 351
369, 6, 1032, 16, 1204, 129
370, 0, 532, 22, 1104, 224
370, 1, 18, 90, 226, 294
370, 2, 19, 21, 336, 135
370, 3, 261, 121, 466, 244
370, 4, 73, 275, 239, 364
370, 5, 235, 261, 296, 341
370, 6, 622, 201, 1032, 351
370, 7, 965, 179, 1033, 254
370, 8, 1112, 19, 1205, 131
371, 0, 17, 93, 238, 297
371, 1, 19, 22, 465, 160
371, 2, 311, 114, 1060, 352
371, 3, 281, 184, 357, 313
371, 4, 648, 92, 726, 224
371, 5, 616, 19, 1207, 225
371, 6, 986, 164, 1078, 254
372, 0, 16, 97, 145, 302
372, 1, 19, 25, 257, 183
372, 2, 266, 124, 465, 231
372, 3, 138, 184, 233, 317
372, 4, 843, 22, 1218, 162
372, 5, 994, 163, 1113, 248
373, 0, 18, 133, 185, 250
373, 1, 20, 22, 464, 251
373, 2, 310, 115, 351, 138
373, 3, 91, 263, 229, 310
373, 4, 220, 135, 259, 182
373, 5, 560, 260, 649, 351
373, 6, 781, 135, 1145, 294
373, 7, 765, 15, 1223, 228
374, 0, 690, 85, 933, 263
374, 1, 19, 22, 577, 331
374, 2, 351, 217, 437, 358
374, 3, 808, 21, 1224, 242
375, 0, 291, 158, 619, 269
375, 1, 43, 293, 106, 331
375, 2, 32, 22, 121, 119
375, 3, 33, 136, 369, 269
375, 4, 885, 55, 974, 161
375, 5, 1025, 91, 1213, 208
375, 6, 1160, 25, 1228, 58
376, 0, 46, 302, 78, 324
376, 1, 29, 174, 186, 270
376, 2, 38, 22, 941, 354
376, 3, 760, 13, 1226, 257
377, 0, 32, 11, 612, 354
377, 1, 742, 295, 961, 331
377, 2, 744, 207, 897, 263
377, 3, 771, 11, 1231, 256
378, 0, 41, 11, 316, 74
378, 1, 29, 92, 157, 328
378, 2, 310, 152, 712, 257
378, 3, 479, 291, 979, 351
378, 4, 924, 21, 1001, 69
378, 5, 944, 96, 1157, 233
378, 6, 1130, 28, 1221, 139
379, 0, 23, 12, 1025, 358
379, 1, 25, 115, 64, 312
379, 2, 763, 12, 1232, 231
380, 0, 29, 28, 1048, 355
380, 1, 21, 116, 443, 358
380, 2, 756, 12, 1231, 230
381, 0, 25, 26, 323, 282
381, 1, 34, 228, 247, 357
381, 2, 367, 156, 1081, 352
381, 3, 974, 12, 1229, 203
382, 0, 21, 11, 842, 352
382, 1, 821, 179, 1161, 351
382, 2, 861, 11, 1232, 202
383, 0, 342, 151, 907, 351
383, 1, 961, 27, 1041, 179
383, 2, 1134, 129, 1203, 199
384, 0, 26, 12, 924, 353
384, 1, 766, 155, 1148, 343
384, 2, 878, 23, 1230, 242
385, 0, 18, 23, 509, 358
385, 1, 531, 152, 1172, 327
385, 2, 770, 15, 1231, 199
386, 0, 17, 24, 964, 362
386, 1, 792, 11, 1231, 328
387, 0, 20, 20, 1133, 359
387, 1, 763, 200, 1202, 353
387, 2, 860, 11, 1232, 201
388, 0, 16, 10, 488, 361
388, 1, 586, 155, 865, 358
388, 2, 846, 180, 1026, 340
388, 3, 753, 11, 1231, 269
389, 0, 17, 12, 319, 358
389, 1, 660, 158, 904, 255
389, 2, 811, 187, 1040, 338
389, 3, 898, 13, 1231, 247
390, 0, 16, 13, 516, 357
390, 1, 629, 163, 882, 301
390, 2, 679, 320, 865, 330
390, 3, 851, 162, 1219, 327
390, 4, 754, 14, 1232, 182
391, 0, 16, 13, 517, 352
391, 1, 711, 161, 885, 320
391, 2, 901, 144, 1217, 324
391, 3, 734, 14, 1229, 203
392, 0, 15, 11, 567, 349
392, 1, 702, 182, 931, 322
392, 2, 735, 15, 1231, 216
392, 3, 969, 138, 1218, 295
392, 4, 892, 290, 1057, 360
393, 0, 19, 13, 406, 346
393, 1, 762, 121, 907, 291
393, 2, 840, 289, 929, 347
393, 3, 941, 150, 1231, 357
393, 4, 837, 15, 1232, 185
394, 0, 46, 273, 614, 347
394, 1, 149, 247, 173, 316
394, 2, 228, 177, 386, 230
394, 3, 476, 160, 648, 229
394, 4, 836, 170, 934, 318
394, 5, 938, 60, 1120, 345
394, 6, 1083, 141, 1221, 234
395, 0, 13, 19, 367, 347
395, 1, 465, 182, 495, 230
395, 2, 858, 155, 1114, 363
395, 3, 879, 14, 1228, 142
395, 4, 1112, 144, 1221, 234
396, 0, 71, 177, 368, 318
396, 1, 457, 161, 615, 229
396, 2, 924, 79, 1127, 363
396, 3, 1139, 58, 1228, 225
397, 0, 15, 16, 1080, 363
397, 1, 655, 11, 1229, 313
397, 2, 1152, 144, 1231, 232
398, 0, 15, 17, 370, 361
398, 1, 441, 174, 573, 250
398, 2, 831, 334, 943, 360
398, 3, 840, 224, 1074, 360
398, 4, 858, 12, 1228, 313
399, 0, 38, 181, 310, 276
399, 1, 47, 296, 228, 359
399, 2, 433, 163, 597, 251
399, 3, 1121, 149, 1227, 237
400, 0, 22, 11, 624, 315
400, 1, 129, 278, 468, 358
400, 2, 798, 13, 1226, 310
400, 3, 849, 309, 1069, 356
401, 0, 24, 11, 587, 337
401, 1, 121, 265, 384, 354
401, 2, 859, 13, 1230, 353
402, 0, 26, 18, 508, 343
402, 1, 126, 265, 328, 352
402, 2, 919, 13, 1226, 351
403, 0, 10, 18, 254, 347
403, 1, 172, 179, 529, 350
403, 2, 960, 13, 1225, 306
403, 3, 1015, 326, 1077, 349
404, 0, 11, 14, 516, 347
404, 1, 173, 262, 474, 348
404, 2, 763, 220, 1055, 347
404, 3, 799, 14, 1229, 325
405, 0, 12, 15, 560, 326
405, 1, 172, 262, 394, 346
405, 2, 840, 159, 1031, 345
405, 3, 860, 15, 1227, 324
406, 0, 15, 18, 580, 343
406, 1, 192, 262, 437, 345
406, 2, 820, 18, 1225, 345
407, 0, 45, 206, 327, 321
407, 1, 169, 325, 1087, 366
407, 2, 419, 167, 519, 250
407, 3, 860, 21, 1222, 43
408, 0, 18, 21, 521, 331
408, 1, 173, 323, 540, 365
408, 2, 741, 262, 1084, 365
408, 3, 780, 21, 1222, 324
409, 0, 19, 22, 530, 343
409, 1, 176, 267, 442, 364
409, 2, 860, 22, 1222, 364
410, 0, 20, 22, 561, 323
410, 1, 180, 242, 1081, 364
410, 2, 740, 22, 1221, 323
411, 0, 20, 22, 501, 363
411, 1, 180, 324, 221, 363
411, 2, 780, 242, 921, 363
411, 3, 800, 22, 1221, 363
412, 0, 20, 22, 492, 303
412, 1, 180, 283, 381, 363
412, 2, 840, 22, 1221, 363
413, 0, 20, 21, 381, 23
413, 1, 80, 180, 325, 348
413, 2, 408, 192, 488, 264
413, 3, 700, 341, 1081, 362
414, 0, 19, 20, 434, 334
414, 1, 1080, 19, 1221, 260
415, 0, 50, 199, 309, 349
415, 1, 410, 191, 455, 263
416, 0, 20, 20, 441, 361
416, 1, 820, 20, 1221, 361
416, 2, 840, 300, 881, 361
417, 0, 20, 20, 441, 278
417, 1, 20, 220, 441, 361
417, 2, 740, 220, 1081, 361
417, 3, 780, 20, 1221, 341
418, 0, 20, 20, 461, 361
418, 1, 780, 20, 1221, 361
418, 2, 780, 300, 941, 361
419, 0, 20, 20, 541, 361
419, 1, 177, 281, 421, 361
419, 2, 740, 20, 1221, 361
419, 3, 740, 300, 781, 361
420, 0, 20, 20, 401, 324
420, 1, 196, 262, 501, 361
420, 2, 780, 240, 1081, 361
420, 3, 860, 20, 1221, 261
421, 0, 20, 20, 360, 311
421, 1, 152, 280, 356, 361
421, 2, 980, 20, 1222, 261
421, 3, 980, 240, 1081, 361
422, 0, 20, 20, 461, 320
422, 1, 199, 299, 401, 361
422, 2, 820, 200, 961, 361
422, 3, 840, 20, 1221, 361
423, 0, 20, 20, 461, 304
423, 1, 161, 279, 481, 361
423, 2, 800, 20, 1221, 361
423, 3, 800, 280, 961, 361
424, 0, 20, 20, 461, 316
424, 1, 175, 302, 461, 361
424, 2, 820, 20, 1221, 361
425, 0, 20, 20, 275, 318
425, 1, 126, 309, 263, 360
425, 2, 1000, 20, 1221, 261
426, 0, 20, 20, 461, 361
426, 1, 137, 320, 401, 361
426, 2, 840, 20, 1221, 361
427, 0, 20, 20, 271, 284
427, 1, 1140, 20, 1221, 241
428, 0, 20, 20, 361, 301
428, 1, 120, 330, 260, 361
428, 2, 900, 20, 1221, 361
429, 0, 11, 20, 561, 361
429, 1, 139, 325, 261, 361
429, 2, 680, 260, 881, 361
429, 3, 760, 20, 1221, 361
430, 0, 12, 20, 201, 293
430, 1, 1060, 20, 1221, 241
431, 0, 20, 20, 401, 361
431, 1, 840, 20, 1221, 361
432, 0, 20, 20, 461, 361
432, 1, 780, 20, 1221, 361
432, 2, 800, 260, 881, 361
433, 0, 20, 20, 261, 161
433, 1, 880, 140, 1221, 361
434, 0, 20, 20, 441, 361
434, 1, 20, 220, 281, 361
434, 2, 780, 20, 1221, 361
435, 0, 20, 20, 461, 361
435, 1, 20, 220, 301, 361
435, 2, 720, 260, 901, 361
435, 3, 760, 20, 1221, 361
436, 0, 20, 20, 421, 321
436, 1, 20, 220, 421, 361
436, 2, 760, 320, 901, 361
436, 3, 780, 20, 1221, 361
437, 0, 20, 20, 341, 361
437, 1, 20, 220, 241, 361
437, 2, 840, 20, 1221, 361
438, 0, 20, 20, 1221, 361
438, 1, 20, 220, 241, 361
439, 0, 20, 80, 221, 301
439, 1, 20, 220, 221, 361
439, 2, 980, 20, 1221, 261
440, 0, 20, 20, 261, 281
440, 1, 20, 220, 281, 361
440, 2, 920, 20, 1221, 321
440, 3, 920, 320, 1061, 361
441, 0, 20, 20, 441, 361
441, 1, 20, 220, 241, 361
441, 2, 700, 240, 1061, 361
441, 3, 800, 20, 1221, 321
442, 0, 20, 20, 461, 361
442, 1, 20, 220, 241, 361
442, 2, 740, 20, 1221, 361
443, 0, 20, 20, 421, 361
443, 1, 20, 220, 221, 361
443, 2, 780, 20, 1221, 361
443, 3, 800, 340, 901, 361
445, 0, 20, 20, 321, 361
445, 1, 20, 220, 161, 361
445, 2, 880, 20, 1221, 361
