4, 0, 49, 27, 375, 349
4, 1, 789, 227, 1042, 327
4, 2, 835, 29, 1068, 287
5, 0, 55, 28, 374, 346
5, 1, 817, 199, 1112, 332
5, 2, 867, 16, 1096, 246
5, 3, 1046, 21, 1070, 110
6, 0, 66, 29, 410, 343
6, 1, 599, 38, 744, 139
6, 2, 828, 226, 931, 325
6, 3, 886, 14, 1131, 285
6, 4, 1085, 19, 1129, 110
7, 0, 21, 24, 622, 328
7, 1, 29, 213, 66, 343
7, 2, 529, 110, 1219, 340
7, 3, 744, 13, 1063, 208
8, 0, 27, 178, 218, 328
8, 1, 66, 13, 337, 237
8, 2, 771, 29, 1192, 298
8, 3, 914, 197, 1014, 332
8, 4, 1121, 207, 1183, 315
9, 0, 11, 106, 493, 316
9, 1, 100, 43, 276, 206
9, 2, 602, 183, 1141, 349
9, 3, 775, 20, 1175, 228
10, 0, 73, 183, 209, 340
10, 1, 115, 87, 285, 206
10, 2, 488, 17, 1150, 332
11, 0, 81, 160, 271, 308
11, 1, 17, 318, 119, 354
11, 2, 386, 254, 490, 346
11, 3, 792, 54, 1012, 325
11, 4, 1026, 191, 1127, 289
11, 5, 1061, 27, 1221, 90
12, 0, 47, 228, 181, 338
12, 1, 99, 61, 296, 234
12, 2, 395, 137, 959, 357
12, 3, 817, 22, 1021, 138
12, 4, 991, 164, 1100, 244
13, 0, 57, 36, 246, 341
13, 1, 417, 21, 625, 46
13, 2, 452, 164, 1070, 336
13, 3, 743, 38, 1062, 203
14, 0, 62, 56, 315, 340
14, 1, 445, 241, 696, 340
14, 2, 605, 221, 1146, 342
14, 3, 821, 33, 1161, 226
15, 0, 45, 119, 232, 290
15, 1, 348, 223, 1128, 338
15, 2, 852, 49, 1149, 254
16, 0, 65, 18, 793, 332
16, 1, 823, 23, 1221, 354
16, 2, 925, 250, 1031, 358
17, 0, 52, 18, 530, 338
17, 1, 594, 244, 1101, 357
17, 2, 665, 23, 772, 159
17, 3, 831, 19, 1205, 309
18, 0, 19, 13, 1197, 360
18, 1, 901, 27, 1162, 284
18, 2, 1111, 22, 1187, 113
19, 0, 32, 42, 405, 283
19, 1, 51, 164, 1232, 361
19, 2, 922, 21, 1207, 175
20, 0, 47, 37, 1210, 363
20, 1, 29, 36, 491, 281
21, 0, 33, 203, 870, 360
21, 1, 40, 108, 355, 281
21, 2, 56, 29, 669, 132
21, 3, 754, 33, 1191, 231
21, 4, 961, 256, 1122, 336
22, 0, 35, 252, 1051, 360
22, 1, 72, 29, 356, 221
22, 2, 75, 153, 242, 280
23, 0, 34, 27, 1195, 354
23, 1, 982, 13, 1192, 161
24, 0, 28, 25, 1198, 359
24, 1, 809, 16, 1107, 183
25, 0, 81, 204, 274, 338
25, 1, 73, 14, 1202, 358
25, 2, 1116, 240, 1143, 293
26, 0, 23, 17, 1175, 357
26, 1, 46, 204, 195, 347
26, 2, 722, 19, 1194, 188
27, 0, 55, 208, 191, 343
27, 1, 71, 21, 434, 331
27, 2, 419, 121, 1198, 361
27, 3, 830, 36, 1151, 186
28, 0, 30, 270, 251, 362
28, 1, 44, 20, 1205, 357
28, 2, 670, 13, 1214, 205
29, 0, 11, 21, 899, 352
29, 1, 35, 204, 225, 348
29, 2, 698, 27, 1206, 333
29, 3, 1049, 31, 1206, 183
30, 0, 33, 224, 164, 348
30, 1, 38, 86, 297, 231
30, 2, 55, 22, 405, 67
30, 3, 275, 280, 391, 343
30, 4, 589, 252, 703, 345
30, 5, 723, 30, 885, 204
30, 6, 909, 30, 1203, 204
30, 7, 988, 230, 1217, 363
31, 0, 28, 228, 172, 338
31, 1, 38, 14, 1202, 268
31, 2, 488, 203, 1222, 348
32, 0, 29, 31, 600, 349
32, 1, 688, 23, 1206, 249
32, 2, 835, 179, 1219, 336
33, 0, 48, 20, 513, 324
33, 1, 679, 290, 888, 344
33, 2, 741, 10, 1156, 129
33, 3, 796, 113, 1195, 339
34, 0, 42, 21, 1101, 358
34, 1, 37, 296, 131, 362
34, 2, 668, 21, 1191, 268
35, 0, 58, 111, 181, 355
35, 1, 59, 20, 488, 322
35, 2, 654, 146, 1189, 341
35, 3, 832, 27, 1217, 158
36, 0, 47, 19, 821, 354
36, 1, 370, 252, 680, 334
36, 2, 739, 223, 1196, 334
36, 3, 896, 17, 1229, 265
37, 0, 54, 154, 194, 339
37, 1, 57, 19, 343, 339
37, 2, 442, 222, 837, 363
37, 3, 761, 79, 1225, 345
37, 4, 905, 20, 1192, 115
38, 0, 58, 21, 1194, 358
38, 1, 660, 31, 874, 188
38, 2, 976, 16, 1180, 158
39, 0, 50, 25, 802, 343
39, 1, 18, 330, 126, 340
39, 2, 698, 35, 963, 322
39, 3, 987, 86, 1201, 278
39, 4, 1023, 17, 1194, 119
40, 0, 54, 115, 148, 328
40, 1, 70, 13, 1205, 349
41, 0, 50, 17, 359, 345
41, 1, 399, 24, 1147, 256
41, 2, 435, 264, 942, 337
41, 3, 1067, 136, 1151, 260
42, 0, 16, 12, 444, 193
42, 1, 12, 196, 263, 351
42, 2, 352, 254, 792, 338
42, 3, 726, 39, 1163, 200
42, 4, 806, 179, 1039, 351
42, 5, 1045, 110, 1166, 230
43, 0, 19, 225, 457, 355
43, 1, 11, 12, 467, 113
43, 2, 57, 111, 275, 238
43, 3, 500, 153, 1172, 345
43, 4, 708, 19, 1203, 220
44, 0, 54, 137, 247, 329
44, 1, 195, 28, 394, 116
44, 2, 329, 152, 1084, 333
44, 3, 526, 249, 717, 259
44, 4, 749, 36, 1188, 255
45, 0, 36, 67, 288, 351
45, 1, 346, 24, 397, 187
45, 2, 616, 135, 1187, 363
45, 3, 752, 34, 1211, 232
46, 0, 49, 160, 772, 351
46, 1, 66, 18, 1200, 354
46, 2, 67, 327, 101, 360
47, 0, 55, 10, 1215, 346
47, 1, 800, 19, 1229, 245
47, 2, 978, 17, 1208, 134
48, 0, 48, 207, 216, 346
48, 1, 57, 13, 1214, 342
49, 0, 58, 128, 1200, 363
49, 1, 577, 34, 854, 166
49, 2, 662, 162, 986, 214
49, 3, 898, 19, 1195, 101
50, 0, 59, 50, 405, 329
50, 1, 208, 153, 1182, 363
50, 2, 763, 26, 1204, 144
51, 0, 51, 157, 176, 292
51, 1, 188, 25, 381, 272
51, 2, 308, 159, 1151, 362
51, 3, 946, 22, 1162, 91
52, 0, 64, 22, 1067, 358
52, 1, 884, 16, 1174, 274
53, 0, 18, 320, 129, 361
53, 1, 41, 35, 887, 360
53, 2, 792, 88, 826, 178
53, 3, 878, 13, 1199, 348
54, 0, 45, 32, 1129, 353
54, 1, 44, 240, 141, 341
54, 2, 690, 18, 1206, 182
55, 0, 49, 26, 1221, 349
55, 1, 440, 260, 554, 349
55, 2, 648, 237, 1132, 355
56, 0, 61, 24, 385, 348
56, 1, 25, 329, 157, 353
56, 2, 459, 223, 1173, 349
56, 3, 681, 25, 1180, 229
57, 0, 38, 30, 428, 358
57, 1, 24, 329, 62, 361
57, 2, 361, 26, 1156, 236
57, 3, 526, 159, 1179, 353
58, 0, 51, 147, 199, 340
58, 1, 197, 24, 220, 94
58, 2, 249, 29, 1114, 341
58, 3, 887, 44, 1147, 186
59, 0, 64, 281, 236, 353
59, 1, 40, 150, 159, 282
59, 2, 81, 20, 1112, 335
59, 3, 696, 12, 1147, 261
60, 0, 47, 18, 1150, 330
60, 1, 44, 303, 168, 343
60, 2, 496, 15, 1188, 225
61, 0, 50, 36, 336, 325
61, 1, 397, 249, 834, 365
61, 2, 722, 16, 1199, 273
61, 3, 947, 264, 1127, 328
61, 4, 974, 21, 1202, 90
62, 0, 49, 37, 626, 352
62, 1, 744, 186, 1151, 341
62, 2, 729, 12, 1199, 237
63, 0, 50, 20, 717, 359
63, 1, 45, 190, 233, 306
63, 2, 649, 19, 1231, 343
63, 3, 783, 258, 950, 343
63, 4, 890, 10, 1215, 171
64, 0, 31, 19, 380, 328
64, 1, 382, 184, 778, 356
64, 2, 864, 238, 1049, 337
64, 3, 794, 45, 1085, 268
64, 4, 1086, 166, 1187, 348
65, 0, 44, 20, 1108, 364
65, 1, 84, 283, 123, 323
65, 2, 204, 313, 283, 365
65, 3, 897, 224, 1120, 349
65, 4, 1006, 14, 1125, 108
66, 0, 99, 36, 1049, 364
66, 1, 385, 28, 773, 122
66, 2, 975, 148, 1209, 351
66, 3, 912, 26, 1159, 110
67, 0, 59, 27, 1087, 364
67, 1, 672, 23, 1212, 322
67, 2, 1004, 16, 1203, 89
68, 0, 33, 30, 1198, 364
68, 1, 77, 235, 174, 350
68, 2, 699, 23, 1157, 137
69, 0, 78, 26, 416, 348
69, 1, 449, 205, 1131, 358
69, 2, 698, 30, 781, 135
69, 3, 966, 21, 1181, 313
70, 0, 68, 104, 1168, 359
70, 1, 68, 25, 233, 84
70, 2, 699, 29, 874, 89
70, 3, 962, 21, 1206, 205
71, 0, 67, 26, 998, 355
71, 1, 669, 12, 1222, 349
72, 0, 51, 23, 427, 330
72, 1, 296, 233, 1178, 354
72, 2, 722, 25, 909, 137
72, 3, 946, 142, 1013, 162
72, 4, 1131, 134, 1176, 265
73, 0, 60, 28, 373, 321
73, 1, 80, 177, 218, 344
73, 2, 730, 253, 1098, 352
73, 3, 744, 30, 1159, 333
73, 4, 758, 114, 807, 157
73, 5, 1056, 20, 1206, 68
74, 0, 74, 178, 1055, 342
74, 1, 80, 31, 371, 234
74, 2, 723, 19, 1211, 134
74, 3, 961, 127, 1159, 336
75, 0, 28, 51, 373, 342
75, 1, 499, 202, 853, 346
75, 2, 817, 16, 1103, 182
75, 3, 938, 251, 1136, 336
76, 0, 37, 20, 430, 346
76, 1, 515, 224, 1123, 349
76, 2, 624, 15, 1154, 294
76, 3, 815, 14, 1187, 158
77, 0, 10, 22, 647, 345
77, 1, 357, 182, 852, 342
77, 2, 725, 25, 1190, 345
78, 0, 14, 251, 109, 338
78, 1, 56, 49, 688, 344
78, 2, 276, 20, 648, 142
78, 3, 723, 24, 1205, 364
79, 0, 48, 20, 1231, 360
80, 0, 64, 36, 731, 339
80, 1, 514, 14, 1193, 353
81, 0, 48, 34, 378, 358
81, 1, 440, 224, 661, 333
81, 2, 669, 24, 1202, 320
81, 3, 1017, 290, 1175, 366
82, 0, 13, 19, 580, 336
82, 1, 404, 277, 604, 334
82, 2, 717, 22, 1210, 363
83, 0, 54, 31, 1032, 341
83, 1, 514, 20, 1182, 252
83, 2, 1082, 299, 1118, 350
84, 0, 52, 32, 435, 351
84, 1, 540, 224, 821, 324
84, 2, 776, 20, 1198, 234
84, 3, 750, 158, 1100, 333
85, 0, 25, 32, 299, 343
85, 1, 245, 39, 1022, 320
85, 2, 511, 19, 1199, 319
86, 0, 85, 89, 107, 134
86, 1, 135, 204, 195, 343
86, 2, 210, 44, 384, 210
86, 3, 448, 200, 834, 330
86, 4, 780, 35, 1154, 326
86, 5, 1096, 319, 1199, 352
86, 6, 1018, 19, 1230, 278
87, 0, 39, 11, 1184, 346
87, 1, 32, 239, 203, 335
87, 2, 913, 23, 1220, 266
87, 3, 1086, 320, 1171, 364
88, 0, 32, 13, 767, 345
88, 1, 805, 138, 1003, 342
88, 2, 938, 12, 1232, 362
89, 0, 37, 244, 148, 333
89, 1, 31, 13, 1076, 358
89, 2, 902, 104, 1220, 358
89, 3, 956, 25, 1073, 131
89, 4, 1134, 44, 1175, 83
90, 0, 29, 24, 1080, 351
90, 1, 964, 30, 1149, 251
90, 2, 1058, 16, 1177, 110
91, 0, 61, 25, 412, 328
91, 1, 462, 197, 1087, 358
91, 2, 1014, 248, 1187, 360
91, 3, 955, 29, 1135, 204
91, 4, 1066, 148, 1206, 208
92, 0, 58, 21, 1211, 361
92, 1, 988, 64, 1174, 231
92, 2, 1078, 130, 1206, 255
92, 3, 1081, 23, 1209, 63
93, 0, 51, 36, 1203, 361
93, 1, 678, 25, 873, 92
94, 0, 38, 84, 324, 345
94, 1, 311, 135, 1214, 359
94, 2, 663, 44, 762, 155
95, 0, 41, 21, 393, 354
95, 1, 446, 252, 567, 357
95, 2, 587, 39, 716, 114
95, 3, 545, 28, 1203, 356
96, 0, 65, 135, 1229, 362
96, 1, 49, 23, 769, 266
96, 2, 550, 249, 610, 279
97, 0, 63, 22, 378, 340
97, 1, 437, 249, 977, 365
97, 2, 534, 21, 843, 138
97, 3, 968, 31, 1205, 343
98, 0, 43, 20, 448, 344
98, 1, 516, 227, 965, 355
98, 2, 600, 19, 1204, 156
98, 3, 995, 133, 1193, 266
98, 4, 998, 253, 1185, 351
99, 0, 46, 18, 529, 353
99, 1, 539, 282, 917, 356
99, 2, 716, 26, 1204, 233
99, 3, 917, 229, 1161, 347
100, 0, 59, 31, 353, 326
100, 1, 421, 208, 1151, 351
100, 2, 694, 35, 840, 157
100, 3, 1053, 26, 1207, 182
101, 0, 33, 21, 297, 322
101, 1, 518, 214, 1182, 357
101, 2, 740, 35, 876, 120
101, 3, 768, 160, 901, 233
101, 4, 970, 26, 1210, 236
102, 0, 26, 104, 304, 336
102, 1, 99, 264, 160, 321
102, 2, 377, 252, 565, 303
102, 3, 651, 31, 1203, 350
102, 4, 767, 31, 996, 238
103, 0, 55, 132, 146, 316
103, 1, 95, 20, 425, 345
103, 2, 412, 182, 1153, 349
103, 3, 693, 21, 1181, 268
104, 0, 58, 114, 931, 347
104, 1, 64, 31, 147, 105
104, 2, 379, 22, 1190, 336
105, 0, 57, 108, 819, 346
105, 1, 50, 28, 108, 113
105, 2, 773, 137, 1158, 315
105, 3, 818, 20, 1190, 140
106, 0, 54, 152, 276, 342
106, 1, 59, 31, 664, 346
106, 2, 760, 207, 1072, 337
106, 3, 850, 18, 1232, 216
107, 0, 49, 35, 1136, 346
107, 1, 558, 24, 646, 95
107, 2, 756, 25, 1220, 223
108, 0, 53, 22, 512, 332
108, 1, 580, 226, 1199, 343
108, 2, 809, 19, 1155, 204
108, 3, 814, 119, 1107, 241
108, 4, 1031, 23, 1114, 91
109, 0, 19, 34, 122, 133
109, 1, 36, 134, 499, 326
109, 2, 622, 315, 731, 351
109, 3, 739, 186, 923, 286
109, 4, 919, 250, 1061, 334
109, 5, 863, 133, 1179, 250
109, 6, 1064, 22, 1164, 117
110, 0, 36, 24, 314, 329
110, 1, 470, 261, 807, 355
110, 2, 815, 93, 1156, 317
110, 3, 820, 26, 1166, 160
111, 0, 34, 40, 1127, 343
112, 0, 10, 18, 354, 257
112, 1, 96, 260, 224, 325
112, 2, 340, 175, 930, 347
112, 3, 760, 135, 1031, 211
112, 4, 864, 29, 1137, 161
112, 5, 991, 188, 1134, 269
113, 0, 22, 28, 400, 323
113, 1, 428, 243, 1022, 341
113, 2, 769, 156, 835, 232
113, 3, 782, 26, 1181, 236
114, 0, 37, 33, 361, 330
114, 1, 414, 20, 1162, 315
114, 2, 487, 282, 664, 327
115, 0, 29, 21, 578, 327
115, 1, 371, 181, 710, 336
115, 2, 796, 25, 1196, 351
116, 0, 25, 38, 1116, 356
116, 1, 360, 38, 533, 109
116, 2, 773, 35, 866, 158
116, 3, 967, 13, 1216, 146
117, 0, 34, 18, 833, 343
117, 1, 809, 11, 1196, 298
118, 0, 26, 32, 730, 340
118, 1, 598, 14, 1162, 297
119, 0, 11, 11, 336, 319
119, 1, 470, 195, 1183, 339
119, 2, 787, 15, 1192, 184
120, 0, 33, 135, 469, 352
120, 1, 24, 17, 485, 142
120, 2, 527, 182, 908, 332
120, 3, 690, 15, 1219, 293
120, 4, 1005, 279, 1165, 333
121, 0, 25, 162, 115, 268
121, 1, 26, 21, 358, 345
121, 2, 23, 283, 100, 343
121, 3, 472, 229, 719, 351
121, 4, 810, 25, 1208, 291
122, 0, 12, 27, 1061, 345
122, 1, 797, 15, 1220, 255
123, 0, 49, 14, 767, 343
123, 1, 767, 130, 977, 331
123, 2, 895, 15, 1218, 145
124, 0, 65, 18, 685, 348
124, 1, 689, 179, 1105, 332
124, 2, 776, 86, 981, 232
124, 3, 925, 15, 1175, 138
125, 0, 87, 16, 364, 229
125, 1, 25, 215, 190, 354
125, 2, 349, 257, 872, 350
125, 3, 526, 247, 616, 278
125, 4, 730, 14, 1186, 334
126, 0, 39, 242, 217, 339
126, 1, 12, 19, 322, 242
126, 2, 528, 241, 1102, 348
126, 3, 460, 312, 527, 337
126, 4, 862, 11, 1194, 208
127, 0, 44, 91, 1066, 357
127, 1, 51, 20, 304, 206
127, 2, 832, 19, 1182, 137
128, 0, 68, 298, 122, 316
128, 1, 56, 18, 769, 357
128, 2, 770, 131, 1070, 341
128, 3, 879, 30, 1210, 152
129, 0, 23, 42, 1168, 346
129, 1, 59, 17, 300, 114
129, 2, 794, 30, 1229, 114
130, 0, 50, 91, 289, 337
130, 1, 81, 18, 386, 118
130, 2, 429, 282, 706, 344
130, 3, 815, 27, 1178, 319
131, 0, 42, 18, 566, 334
131, 1, 434, 283, 623, 334
131, 2, 792, 30, 1152, 312
132, 0, 41, 24, 441, 339
132, 1, 230, 262, 509, 340
132, 2, 639, 247, 946, 338
132, 3, 780, 114, 1104, 312
132, 4, 861, 21, 1214, 141
133, 0, 45, 98, 1223, 351
133, 1, 48, 25, 352, 130
133, 2, 782, 13, 1224, 207
134, 0, 30, 44, 348, 348
134, 1, 20, 28, 147, 97
134, 2, 822, 10, 1195, 320
135, 0, 35, 21, 620, 347
135, 1, 693, 13, 1212, 255
135, 2, 883, 268, 1212, 337
136, 0, 39, 22, 1143, 355
136, 1, 811, 14, 1179, 162
137, 0, 31, 15, 1205, 349
137, 1, 671, 231, 878, 332
138, 0, 38, 26, 310, 300
138, 1, 300, 271, 540, 342
138, 2, 597, 114, 680, 315
138, 3, 665, 14, 1203, 328
138, 4, 997, 296, 1169, 349
139, 0, 82, 29, 327, 344
139, 1, 224, 156, 1127, 342
139, 2, 457, 222, 539, 286
139, 3, 710, 16, 818, 96
139, 4, 933, 19, 1204, 138
140, 0, 60, 39, 352, 347
140, 1, 234, 20, 1184, 323
140, 2, 372, 267, 623, 337
140, 3, 706, 285, 864, 318
141, 0, 52, 19, 797, 361
141, 1, 535, 40, 577, 103
141, 2, 836, 142, 1130, 332
141, 3, 948, 10, 1178, 176
142, 0, 42, 16, 700, 343
142, 1, 44, 126, 245, 345
142, 2, 776, 18, 1170, 164
142, 3, 786, 141, 1075, 340
143, 0, 45, 38, 853, 347
143, 1, 800, 15, 1187, 342
144, 0, 24, 84, 287, 329
144, 1, 293, 267, 679, 352
144, 2, 801, 127, 1160, 253
144, 3, 1015, 248, 1134, 366
144, 4, 1021, 21, 1163, 121
145, 0, 49, 35, 1149, 357
145, 1, 534, 32, 674, 75
145, 2, 767, 19, 1072, 156
146, 0, 27, 84, 433, 348
146, 1, 424, 247, 724, 349
146, 2, 815, 37, 1134, 260
146, 3, 1065, 186, 1170, 304
147, 0, 51, 157, 698, 357
147, 1, 149, 35, 456, 138
147, 2, 869, 156, 1104, 314
147, 3, 997, 18, 1195, 133
148, 0, 54, 34, 673, 358
148, 1, 852, 18, 1192, 329
149, 0, 48, 26, 575, 351
149, 1, 590, 160, 1071, 359
149, 2, 758, 22, 1166, 162
150, 0, 40, 19, 424, 344
150, 1, 477, 258, 853, 355
150, 2, 758, 31, 1076, 362
150, 3, 931, 22, 1203, 210
151, 0, 50, 32, 1131, 354
151, 1, 1002, 23, 1202, 218
152, 0, 37, 95, 305, 346
152, 1, 50, 34, 358, 120
152, 2, 687, 20, 1190, 335
152, 3, 1024, 140, 1188, 305
153, 0, 37, 66, 1184, 351
153, 1, 49, 13, 365, 183
153, 2, 785, 25, 875, 159
154, 0, 11, 316, 340, 365
154, 1, 28, 25, 1122, 313
154, 2, 963, 17, 1200, 128
155, 0, 16, 11, 1143, 346
155, 1, 791, 21, 996, 151
155, 2, 1006, 13, 1175, 131
156, 0, 25, 142, 598, 345
156, 1, 27, 285, 101, 350
156, 2, 41, 13, 301, 184
156, 3, 782, 18, 1200, 250
156, 4, 912, 254, 1055, 326
157, 0, 28, 11, 1192, 349
157, 1, 947, 267, 1115, 334
158, 0, 51, 16, 389, 165
158, 1, 33, 205, 313, 341
158, 2, 389, 251, 859, 348
158, 3, 747, 22, 1209, 343
159, 0, 19, 25, 1135, 344
159, 1, 774, 11, 1212, 250
159, 2, 833, 153, 1036, 249
160, 0, 22, 22, 612, 352
160, 1, 697, 271, 912, 347
160, 2, 774, 15, 1042, 154
160, 3, 794, 118, 1174, 342
160, 4, 1047, 21, 1225, 275
161, 0, 29, 157, 529, 359
161, 1, 38, 19, 115, 137
161, 2, 496, 16, 578, 77
161, 3, 611, 247, 886, 346
161, 4, 817, 83, 1057, 343
161, 5, 894, 28, 1021, 123
161, 6, 1061, 26, 1215, 318
162, 0, 25, 12, 577, 119
162, 1, 28, 157, 468, 350
162, 2, 601, 273, 896, 344
162, 3, 875, 153, 1183, 339
162, 4, 877, 10, 1220, 181
163, 0, 27, 12, 749, 357
163, 1, 870, 142, 1112, 344
163, 2, 893, 15, 1223, 274
164, 0, 26, 14, 260, 204
164, 1, 25, 141, 801, 362
164, 2, 888, 19, 1220, 309
164, 3, 885, 178, 945, 252
165, 0, 25, 16, 653, 362
165, 1, 726, 253, 951, 343
165, 2, 898, 35, 981, 252
165, 3, 1011, 184, 1214, 329
165, 4, 1032, 17, 1226, 230
166, 0, 24, 16, 342, 300
166, 1, 24, 163, 954, 364
166, 2, 847, 14, 1022, 162
166, 3, 972, 153, 1186, 324
166, 4, 1042, 10, 1186, 149
167, 0, 32, 182, 686, 359
167, 1, 29, 297, 460, 361
167, 2, 766, 161, 1192, 342
167, 3, 1030, 12, 1221, 176
168, 0, 23, 32, 1188, 362
168, 1, 42, 296, 458, 355
168, 2, 911, 12, 1225, 260
169, 0, 24, 32, 1099, 361
169, 1, 48, 318, 421, 364
169, 2, 846, 15, 1226, 327
170, 0, 67, 203, 1221, 363
170, 1, 233, 264, 326, 319
171, 0, 24, 13, 1106, 363
171, 1, 957, 35, 1222, 352
172, 0, 26, 13, 772, 364
172, 1, 843, 290, 925, 353
172, 2, 888, 14, 1221, 330
173, 0, 26, 13, 425, 350
173, 1, 521, 179, 1211, 363
173, 2, 1066, 13, 1222, 201
174, 0, 27, 12, 326, 348
174, 1, 575, 12, 1222, 361
175, 0, 51, 292, 622, 365
175, 1, 735, 270, 834, 356
175, 2, 951, 273, 1202, 352
176, 0, 200, 317, 295, 349
176, 1, 582, 299, 653, 350
176, 2, 749, 324, 851, 361
176, 3, 998, 280, 1195, 354
177, 0, 19, 13, 538, 352
177, 1, 751, 226, 1196, 356
177, 2, 832, 14, 1208, 277
178, 0, 23, 12, 442, 348
178, 1, 776, 293, 1199, 348
178, 2, 896, 12, 1223, 295
179, 0, 24, 13, 330, 362
179, 1, 920, 12, 1219, 344
180, 0, 92, 330, 235, 362
180, 1, 405, 315, 811, 350
180, 2, 905, 295, 1201, 347
181, 0, 95, 328, 240, 355
181, 1, 385, 315, 610, 358
181, 2, 708, 270, 1214, 349
182, 0, 17, 32, 347, 362
182, 1, 485, 291, 1211, 361
182, 2, 858, 13, 1211, 272
183, 0, 25, 32, 390, 359
183, 1, 482, 265, 1205, 365
183, 2, 1082, 14, 1208, 267
184, 0, 18, 12, 353, 363
184, 1, 465, 289, 912, 354
184, 2, 863, 12, 1207, 355
185, 0, 726, 291, 937, 365
185, 1, 1021, 182, 1198, 343
185, 2, 1084, 15, 1207, 203
186, 0, 90, 346, 214, 363
186, 1, 473, 329, 601, 359
186, 2, 765, 289, 1176, 341
187, 0, 14, 38, 284, 365
187, 1, 771, 311, 1187, 342
187, 2, 889, 13, 1213, 319
188, 0, 43, 38, 149, 198
188, 1, 810, 311, 922, 359
190, 0, 21, 38, 245, 348
190, 1, 931, 288, 1204, 360
190, 2, 930, 13, 1208, 268
191, 0, 25, 118, 294, 348
191, 1, 48, 39, 264, 100
191, 2, 889, 14, 1209, 360
192, 0, 30, 120, 207, 348
192, 1, 51, 41, 266, 101
192, 2, 930, 226, 1193, 359
192, 3, 1000, 16, 1213, 271
194, 0, 1018, 289, 1198, 360
194, 1, 1132, 15, 1199, 80
195, 0, 863, 244, 1184, 357
196, 0, 41, 38, 313, 365
196, 1, 838, 241, 1190, 355
196, 2, 856, 31, 1206, 287
197, 0, 42, 38, 293, 364
197, 1, 871, 284, 1225, 356
197, 2, 877, 32, 1205, 287
198, 0, 44, 39, 207, 301
198, 1, 44, 319, 206, 364
198, 2, 894, 286, 1230, 356
198, 3, 963, 33, 1207, 288
199, 0, 37, 40, 297, 364
199, 1, 872, 330, 941, 354
199, 2, 884, 221, 1217, 355
199, 3, 901, 33, 1207, 268
200, 0, 39, 160, 137, 344
200, 1, 1000, 311, 1221, 357
200, 2, 1052, 34, 1195, 289
201, 0, 51, 46, 254, 347
201, 1, 869, 266, 1055, 358
201, 2, 885, 36, 1210, 358
202, 0, 55, 283, 135, 348
202, 1, 997, 34, 1188, 176
202, 2, 1080, 314, 1218, 362
203, 0, 42, 29, 142, 166
203, 1, 60, 264, 159, 349
203, 2, 978, 120, 1223, 357
203, 3, 1047, 32, 1195, 177
204, 0, 68, 27, 222, 284
204, 1, 65, 325, 166, 348
204, 2, 838, 33, 1185, 273
204, 3, 858, 225, 1226, 363
205, 0, 30, 23, 342, 64
205, 1, 69, 142, 270, 347
205, 2, 840, 35, 1167, 268
205, 3, 864, 181, 1190, 361
205, 4, 1135, 30, 1185, 137
206, 0, 63, 27, 124, 239
206, 1, 852, 313, 1064, 363
206, 2, 852, 33, 926, 57
206, 3, 1051, 28, 1178, 358
207, 0, 85, 21, 367, 302
207, 1, 87, 321, 361, 364
207, 2, 749, 14, 1217, 364
208, 0, 52, 29, 306, 364
208, 1, 796, 25, 1165, 364
209, 0, 62, 32, 237, 167
209, 1, 782, 336, 1102, 361
209, 2, 934, 20, 1223, 156
210, 0, 103, 142, 258, 363
210, 1, 107, 17, 243, 163
210, 2, 833, 335, 1046, 363
210, 3, 902, 111, 1160, 362
210, 4, 1061, 19, 1210, 223
211, 0, 109, 28, 333, 349
211, 1, 690, 332, 948, 362
211, 2, 918, 222, 953, 337
211, 3, 944, 20, 1229, 361
212, 0, 112, 17, 531, 362
212, 1, 850, 21, 1187, 362
213, 0, 291, 328, 421, 352
213, 1, 815, 292, 920, 363
213, 2, 1000, 158, 1186, 358
213, 3, 958, 27, 1053, 108
213, 4, 1131, 19, 1186, 65
214, 0, 140, 25, 325, 237
214, 1, 124, 157, 232, 363
214, 2, 311, 305, 649, 354
214, 3, 827, 19, 1205, 360
215, 0, 131, 26, 196, 253
215, 1, 843, 266, 1193, 359
215, 2, 831, 20, 1169, 300
216, 0, 131, 20, 279, 347
216, 1, 785, 200, 1025, 348
216, 2, 790, 24, 1177, 359
217, 0, 134, 27, 415, 365
217, 1, 790, 25, 1151, 359
218, 0, 134, 25, 385, 257
218, 1, 201, 320, 452, 363
218, 2, 646, 294, 862, 350
218, 3, 723, 24, 1156, 357
219, 0, 136, 26, 330, 258
219, 1, 205, 294, 1115, 364
219, 2, 727, 25, 1167, 344
220, 0, 186, 322, 555, 364
220, 1, 692, 31, 851, 114
220, 2, 959, 38, 1164, 220
220, 3, 1025, 223, 1152, 352
221, 0, 133, 42, 591, 365
221, 1, 714, 15, 1174, 351
222, 0, 190, 320, 663, 365
222, 1, 708, 11, 1160, 218
222, 2, 1132, 217, 1209, 325
223, 0, 120, 14, 1103, 363
223, 1, 781, 106, 1020, 243
223, 2, 954, 193, 1228, 346
224, 0, 88, 81, 654, 365
224, 1, 789, 201, 1045, 350
224, 2, 778, 20, 1224, 325
225, 0, 71, 216, 527, 361
225, 1, 779, 67, 1231, 362
225, 2, 907, 20, 1119, 86
226, 0, 222, 67, 1229, 363
226, 1, 827, 217, 1227, 355
226, 2, 967, 17, 1025, 87
227, 0, 74, 64, 159, 330
227, 1, 28, 264, 50, 338
227, 2, 238, 278, 750, 362
227, 3, 864, 18, 1105, 161
227, 4, 1003, 203, 1090, 304
227, 5, 1113, 138, 1227, 359
228, 0, 24, 72, 1176, 362
228, 1, 994, 23, 1092, 106
228, 2, 1093, 236, 1144, 307
229, 0, 19, 44, 600, 360
229, 1, 754, 12, 1163, 281
230, 0, 17, 47, 616, 358
230, 1, 675, 14, 1179, 268
230, 2, 730, 231, 873, 338
231, 0, 14, 23, 427, 305
231, 1, 253, 286, 656, 362
231, 2, 525, 16, 824, 65
231, 3, 788, 164, 1046, 341
231, 4, 1027, 21, 1184, 147
232, 0, 32, 203, 156, 279
232, 1, 296, 286, 702, 364
232, 2, 827, 167, 1082, 342
232, 3, 972, 17, 1193, 148
233, 0, 12, 89, 1214, 366
233, 1, 841, 13, 1174, 84
234, 0, 13, 30, 719, 365
234, 1, 745, 19, 1216, 247
234, 2, 817, 205, 1016, 347
235, 0, 31, 29, 251, 352
235, 1, 337, 302, 721, 365
235, 2, 896, 17, 1207, 344
236, 0, 33, 23, 389, 363
236, 1, 491, 306, 669, 361
236, 2, 768, 201, 1174, 342
236, 3, 762, 15, 1225, 226
237, 0, 42, 26, 265, 331
237, 1, 318, 297, 742, 361
237, 2, 846, 111, 1147, 341
237, 3, 937, 17, 1220, 111
238, 0, 21, 36, 255, 250
238, 1, 34, 268, 733, 362
238, 2, 826, 208, 1169, 353
238, 3, 903, 18, 1224, 233
239, 0, 21, 18, 266, 347
239, 1, 11, 249, 56, 345
239, 2, 347, 281, 748, 360
239, 3, 862, 253, 1160, 347
239, 4, 898, 10, 1214, 262
240, 0, 17, 19, 240, 331
240, 1, 371, 160, 1152, 364
240, 2, 848, 12, 1207, 234
241, 0, 18, 16, 309, 343
241, 1, 337, 203, 1092, 364
241, 2, 838, 20, 1210, 245
242, 0, 21, 36, 109, 200
242, 1, 205, 116, 1195, 362
243, 0, 18, 17, 1169, 365
243, 1, 872, 24, 1200, 225
244, 0, 19, 16, 785, 365
244, 1, 845, 22, 1194, 343
244, 2, 945, 296, 1005, 339
245, 0, 36, 199, 804, 363
245, 1, 293, 117, 359, 178
245, 2, 955, 294, 1160, 351
245, 3, 963, 177, 1173, 301
245, 4, 995, 20, 1115, 134
246, 0, 19, 14, 783, 363
246, 1, 799, 19, 1208, 249
246, 2, 861, 218, 1186, 337
247, 0, 28, 176, 205, 348
247, 1, 35, 14, 779, 363
247, 2, 966, 111, 1213, 355
247, 3, 971, 21, 1196, 156
248, 0, 28, 17, 850, 358
248, 1, 939, 281, 1209, 344
248, 2, 970, 19, 1211, 160
248, 3, 992, 156, 1199, 253
249, 0, 27, 21, 1213, 363
249, 1, 947, 12, 1197, 230
250, 0, 22, 186, 854, 361
250, 1, 199, 49, 361, 233
250, 2, 866, 215, 1227, 352
250, 3, 1065, 125, 1189, 266
250, 4, 1116, 18, 1205, 121
251, 0, 13, 187, 811, 361
251, 1, 213, 113, 357, 149
251, 2, 920, 261, 1209, 345
252, 0, 24, 147, 1208, 363
252, 1, 178, 51, 399, 165
253, 0, 37, 229, 774, 366
253, 1, 32, 180, 159, 277
253, 2, 41, 18, 355, 325
253, 3, 844, 121, 942, 185
253, 4, 892, 229, 1228, 362
253, 5, 895, 35, 1209, 258
254, 0, 26, 281, 872, 365
254, 1, 28, 175, 157, 311
254, 2, 37, 27, 224, 222
254, 3, 916, 30, 1219, 182
254, 4, 1013, 181, 1208, 345
255, 0, 52, 287, 215, 359
255, 1, 33, 18, 1209, 362
255, 2, 766, 25, 1219, 200
255, 3, 763, 175, 929, 249
256, 0, 43, 284, 251, 360
256, 1, 33, 20, 751, 361
256, 2, 810, 23, 1201, 201
256, 3, 894, 175, 1203, 329
257, 0, 29, 270, 179, 357
257, 1, 50, 198, 969, 363
257, 2, 140, 42, 320, 199
257, 3, 894, 112, 1205, 257
258, 0, 34, 18, 805, 357
258, 1, 21, 277, 164, 360
258, 2, 792, 179, 1213, 340
258, 3, 832, 28, 1202, 205
259, 0, 36, 20, 772, 355
259, 1, 31, 303, 221, 361
259, 2, 772, 185, 1167, 322
259, 3, 832, 28, 1203, 206
260, 0, 49, 254, 1093, 361
260, 1, 56, 34, 297, 254
260, 2, 822, 27, 1204, 295
261, 0, 36, 325, 175, 356
261, 1, 49, 29, 836, 356
261, 2, 827, 25, 1215, 332
262, 0, 56, 326, 157, 351
262, 1, 59, 23, 387, 351
262, 2, 67, 229, 118, 305
262, 3, 465, 253, 807, 353
262, 4, 855, 135, 1213, 331
262, 5, 922, 24, 1209, 136
263, 0, 67, 53, 1213, 357
264, 0, 66, 59, 882, 354
264, 1, 836, 51, 1213, 341
265, 0, 43, 25, 288, 342
265, 1, 630, 159, 1145, 357
265, 2, 987, 28, 1200, 206
266, 0, 29, 20, 435, 344
266, 1, 540, 247, 850, 317
266, 2, 836, 25, 1202, 343
267, 0, 40, 22, 1201, 344
267, 1, 407, 23, 617, 97
268, 0, 39, 18, 408, 343
268, 1, 674, 249, 793, 322
268, 2, 842, 21, 1211, 250
268, 3, 837, 179, 1204, 340
269, 0, 31, 19, 455, 350
269, 1, 760, 204, 1187, 348
269, 2, 833, 22, 1206, 253
270, 0, 27, 25, 1176, 358
270, 1, 720, 23, 1173, 185
271, 0, 48, 22, 365, 333
271, 1, 64, 282, 250, 356
271, 2, 433, 182, 1199, 354
271, 3, 910, 21, 1200, 181
272, 0, 61, 257, 175, 332
272, 1, 23, 108, 132, 220
272, 2, 66, 32, 376, 350
272, 3, 459, 275, 762, 350
272, 4, 885, 202, 1122, 347
272, 5, 917, 19, 1141, 253
273, 0, 54, 30, 1196, 349
273, 1, 971, 25, 1190, 183
274, 0, 52, 31, 763, 359
274, 1, 50, 196, 173, 319
274, 2, 615, 109, 1182, 337
274, 3, 1036, 16, 1185, 276
275, 0, 45, 19, 670, 362
275, 1, 477, 95, 1171, 351
275, 2, 752, 19, 1193, 302
276, 0, 32, 19, 350, 304
276, 1, 372, 283, 1045, 355
276, 2, 905, 197, 1203, 341
276, 3, 1041, 20, 1204, 199
277, 0, 40, 18, 601, 357
277, 1, 697, 157, 1180, 349
277, 2, 770, 18, 1201, 228
278, 0, 37, 20, 577, 353
278, 1, 708, 163, 1185, 346
278, 2, 738, 18, 1181, 184
279, 0, 24, 20, 397, 343
279, 1, 406, 302, 668, 348
279, 2, 708, 168, 1163, 348
279, 3, 777, 14, 1200, 261
280, 0, 69, 89, 608, 354
280, 1, 323, 39, 356, 188
280, 2, 725, 292, 1032, 355
280, 3, 784, 23, 1184, 216
281, 0, 50, 87, 602, 360
281, 1, 690, 265, 938, 349
281, 2, 862, 37, 1129, 211
281, 3, 1110, 323, 1215, 356
282, 0, 61, 175, 711, 362
282, 1, 752, 301, 1232, 362
282, 2, 824, 21, 1163, 229
283, 0, 27, 42, 363, 314
283, 1, 431, 304, 499, 362
283, 2, 479, 234, 1180, 362
283, 3, 773, 115, 1172, 269
283, 4, 821, 18, 1023, 76
284, 0, 31, 41, 316, 334
284, 1, 406, 273, 842, 362
284, 2, 759, 18, 1036, 189
284, 3, 919, 212, 1177, 344
285, 0, 25, 27, 805, 361
285, 1, 758, 25, 1195, 362
286, 0, 36, 13, 1204, 360
286, 1, 816, 94, 1112, 281
287, 0, 34, 16, 362, 332
287, 1, 441, 232, 807, 358
287, 2, 800, 20, 1070, 208
287, 3, 827, 100, 1211, 363
288, 0, 15, 15, 938, 357
288, 1, 793, 103, 1226, 342
288, 2, 842, 22, 1096, 210
289, 0, 10, 16, 875, 357
289, 1, 793, 98, 1142, 335
289, 2, 802, 20, 1048, 85
290, 0, 42, 63, 256, 327
290, 1, 343, 85, 1143, 360
290, 2, 740, 18, 1046, 73
291, 0, 48, 214, 752, 358
291, 1, 852, 15, 1190, 331
292, 0, 41, 31, 880, 361
292, 1, 840, 16, 1152, 290
293, 0, 40, 23, 286, 223
293, 1, 24, 224, 673, 365
293, 2, 699, 13, 1146, 183
293, 3, 793, 184, 1026, 309
294, 0, 36, 226, 788, 363
294, 1, 60, 109, 135, 222
294, 2, 902, 153, 1038, 313
294, 3, 870, 17, 1173, 207
295, 0, 42, 250, 403, 364
295, 1, 36, 22, 730, 363
295, 2, 719, 27, 1180, 344
296, 0, 11, 293, 185, 365
296, 1, 35, 17, 572, 364
296, 2, 792, 199, 1143, 341
296, 3, 843, 27, 1192, 237
297, 0, 40, 216, 671, 363
297, 1, 50, 21, 1224, 357
298, 0, 31, 257, 620, 362
298, 1, 846, 22, 1226, 361
299, 0, 24, 275, 240, 362
299, 1, 48, 19, 1230, 364
299, 2, 562, 254, 698, 334
299, 3, 849, 133, 1195, 336
300, 0, 31, 277, 677, 364
300, 1, 21, 19, 532, 298
300, 2, 860, 118, 1216, 343
300, 3, 825, 12, 1188, 161
301, 0, 32, 262, 772, 359
301, 1, 46, 41, 258, 284
301, 2, 353, 35, 533, 57
301, 3, 881, 240, 932, 329
301, 4, 846, 14, 1183, 328
302, 0, 29, 161, 1209, 360
302, 1, 850, 103, 919, 162
302, 2, 891, 27, 1195, 161
303, 0, 26, 282, 156, 360
303, 1, 58, 112, 776, 353
303, 2, 103, 19, 331, 114
303, 3, 789, 98, 1210, 343
303, 4, 847, 32, 1214, 165
304, 0, 14, 138, 1107, 361
304, 1, 52, 37, 274, 285
304, 2, 741, 14, 1176, 213
305, 0, 44, 316, 154, 356
305, 1, 57, 99, 285, 352
305, 2, 163, 19, 872, 353
305, 3, 831, 13, 1199, 339
306, 0, 43, 19, 694, 355
306, 1, 808, 20, 1187, 334
307, 0, 57, 20, 358, 288
307, 1, 56, 252, 618, 354
307, 2, 652, 101, 1129, 345
307, 3, 785, 16, 1178, 144
308, 0, 90, 14, 1148, 356
308, 1, 882, 15, 1186, 158
309, 0, 38, 13, 917, 358
309, 1, 720, 21, 1226, 303
310, 0, 70, 15, 813, 363
310, 1, 368, 31, 512, 76
310, 2, 942, 287, 998, 325
310, 3, 912, 96, 1195, 286
310, 4, 880, 29, 1181, 159
311, 0, 99, 278, 321, 348
311, 1, 68, 25, 383, 257
311, 2, 48, 162, 197, 335
311, 3, 411, 277, 770, 363
311, 4, 807, 122, 1206, 334
311, 5, 900, 30, 1192, 183
312, 0, 58, 33, 1195, 358
312, 1, 778, 11, 1191, 225
313, 0, 48, 16, 996, 365
313, 1, 856, 12, 1218, 207
313, 2, 1045, 119, 1231, 362
314, 0, 82, 29, 337, 331
314, 1, 376, 99, 1198, 364
314, 2, 948, 12, 1170, 101
315, 0, 58, 133, 284, 325
315, 1, 63, 252, 167, 323
315, 2, 108, 13, 533, 257
315, 3, 436, 268, 788, 363
315, 4, 658, 13, 1219, 329
316, 0, 67, 11, 323, 346
316, 1, 378, 160, 1196, 362
316, 2, 963, 13, 1187, 186
317, 0, 45, 32, 1212, 348
317, 1, 17, 304, 112, 365
317, 2, 354, 13, 1197, 182
318, 0, 71, 14, 1181, 357
319, 0, 50, 16, 281, 326
319, 1, 321, 248, 717, 352
319, 2, 849, 178, 1051, 339
319, 3, 903, 12, 1160, 154
319, 4, 1045, 106, 1163, 320
320, 0, 39, 13, 492, 336
320, 1, 354, 299, 452, 354
320, 2, 467, 219, 1182, 350
320, 3, 786, 131, 1160, 260
320, 4, 884, 23, 1212, 155
321, 0, 27, 13, 1215, 348
321, 1, 831, 180, 1066, 335
322, 0, 26, 26, 1080, 350
322, 1, 279, 14, 679, 99
322, 2, 1034, 24, 1224, 227
323, 0, 27, 13, 1226, 364
323, 1, 877, 184, 1216, 344
324, 0, 44, 21, 1201, 358
324, 1, 1044, 159, 1232, 349
324, 2, 1112, 23, 1184, 68
325, 0, 67, 211, 136, 325
325, 1, 120, 19, 719, 351
325, 2, 813, 20, 1213, 293
326, 0, 122, 16, 790, 356
326, 1, 802, 21, 1191, 282
326, 2, 951, 184, 1064, 326
327, 0, 28, 51, 816, 365
327, 1, 341, 28, 532, 75
327, 2, 760, 133, 1175, 241
327, 3, 1015, 241, 1110, 335
328, 0, 31, 88, 275, 262
328, 1, 48, 110, 1210, 364
329, 0, 12, 36, 838, 364
329, 1, 807, 113, 1158, 325
329, 2, 908, 19, 1191, 153
330, 0, 12, 316, 192, 362
330, 1, 19, 12, 846, 358
330, 2, 696, 23, 1172, 311
331, 0, 26, 62, 320, 274
331, 1, 24, 126, 1102, 359
332, 0, 19, 69, 1087, 364
332, 1, 249, 24, 300, 165
332, 2, 830, 20, 1089, 184
333, 0, 15, 233, 173, 361
333, 1, 14, 13, 1196, 357
333, 2, 941, 20, 1113, 114
334, 0, 22, 263, 428, 362
334, 1, 27, 165, 242, 237
334, 2, 20, 28, 281, 164
334, 3, 558, 257, 794, 350
334, 4, 637, 140, 735, 205
334, 5, 698, 20, 1140, 304
335, 0, 66, 215, 212, 342
335, 1, 52, 12, 696, 363
335, 2, 620, 158, 938, 338
335, 3, 779, 20, 1115, 179
335, 4, 1007, 108, 1173, 340
336, 0, 65, 14, 880, 356
336, 1, 615, 115, 1034, 299
336, 2, 940, 35, 1137, 164
336, 3, 1160, 273, 1225, 359
337, 0, 62, 28, 258, 325
337, 1, 246, 292, 464, 351
337, 2, 549, 142, 984, 354
337, 3, 699, 13, 1208, 251
338, 0, 44, 152, 132, 357
338, 1, 41, 24, 831, 345
338, 2, 857, 110, 1160, 330
338, 3, 1005, 36, 1032, 138
339, 0, 33, 16, 429, 342
339, 1, 325, 28, 368, 223
339, 2, 529, 112, 1188, 361
339, 3, 598, 136, 680, 200
339, 4, 930, 269, 1126, 341
339, 5, 965, 23, 1175, 176
340, 0, 48, 16, 1049, 359
340, 1, 817, 16, 1181, 187
340, 2, 1016, 231, 1131, 338
341, 0, 34, 11, 448, 361
341, 1, 560, 156, 1117, 356
341, 2, 704, 19, 1185, 202
342, 0, 40, 120, 212, 324
342, 1, 45, 12, 435, 333
342, 2, 533, 137, 1159, 355
342, 3, 564, 140, 673, 203
342, 4, 831, 20, 1158, 161
343, 0, 40, 13, 963, 360
343, 1, 855, 23, 1168, 252
343, 2, 1080, 24, 1169, 169
344, 0, 22, 14, 994, 364
344, 1, 528, 144, 620, 208
344, 2, 760, 21, 1136, 231
345, 0, 25, 98, 1062, 360
345, 1, 210, 19, 280, 177
345, 2, 490, 158, 607, 207
345, 3, 828, 20, 1110, 211
346, 0, 24, 11, 886, 363
346, 1, 486, 158, 582, 204
346, 2, 779, 20, 1190, 231
346, 3, 978, 312, 1081, 340
347, 0, 42, 178, 953, 364
347, 1, 172, 14, 406, 247
347, 2, 483, 154, 576, 202
347, 3, 772, 19, 1201, 226
348, 0, 33, 68, 802, 358
348, 1, 160, 26, 472, 130
348, 2, 440, 152, 589, 201
348, 3, 748, 19, 1196, 226
348, 4, 841, 140, 982, 248
349, 0, 12, 26, 584, 361
349, 1, 518, 274, 1072, 366
349, 2, 765, 16, 1215, 248
350, 0, 28, 116, 228, 342
350, 1, 33, 12, 189, 97
350, 2, 47, 295, 137, 344
350, 3, 263, 184, 1026, 349
350, 4, 430, 138, 528, 183
350, 5, 577, 13, 1210, 248
351, 0, 23, 77, 183, 176
351, 1, 70, 14, 168, 76
351, 2, 36, 302, 228, 344
351, 3, 305, 139, 775, 344
351, 4, 820, 23, 1189, 250
351, 5, 825, 116, 931, 167
352, 0, 27, 13, 516, 354
352, 1, 580, 16, 1198, 200
352, 2, 583, 273, 761, 304
352, 3, 825, 248, 938, 329
352, 4, 830, 137, 1185, 251
353, 0, 17, 13, 1180, 365
353, 1, 779, 16, 1219, 249
354, 0, 13, 27, 962, 365
354, 1, 622, 14, 771, 56
354, 2, 884, 16, 1216, 251
355, 0, 20, 13, 778, 355
355, 1, 35, 321, 62, 364
355, 2, 749, 11, 1218, 361
356, 0, 19, 13, 929, 363
356, 1, 27, 291, 112, 363
356, 2, 750, 14, 1214, 280
357, 0, 21, 13, 524, 352
357, 1, 32, 296, 158, 361
357, 2, 698, 253, 919, 362
357, 3, 771, 98, 852, 227
357, 4, 792, 13, 1203, 283
358, 0, 12, 269, 528, 360
358, 1, 24, 138, 471, 303
358, 2, 722, 223, 843, 354
358, 3, 903, 11, 1222, 285
359, 0, 19, 12, 439, 347
359, 1, 20, 325, 108, 365
359, 2, 751, 157, 1187, 364
359, 3, 876, 21, 1212, 182
360, 0, 18, 14, 351, 332
360, 1, 11, 296, 101, 329
360, 2, 274, 143, 1190, 352
360, 3, 856, 12, 1232, 181
361, 0, 21, 15, 377, 310
361, 1, 331, 180, 508, 353
361, 2, 19, 268, 243, 321
361, 3, 695, 202, 1182, 346
361, 4, 753, 14, 1225, 180
362, 0, 33, 157, 440, 358
362, 1, 272, 213, 296, 265
362, 2, 23, 185, 80, 259
362, 3, 150, 251, 284, 339
362, 4, 915, 304, 1154, 338
362, 5, 893, 12, 1225, 233
363, 0, 39, 224, 264, 350
363, 1, 22, 31, 743, 353
363, 2, 816, 178, 884, 251
363, 3, 861, 280, 1087, 339
363, 4, 911, 21, 1208, 337
364, 0, 18, 176, 422, 348
364, 1, 21, 29, 420, 297
364, 2, 41, 269, 123, 365
364, 3, 837, 20, 1196, 203
364, 4, 877, 225, 1181, 338
365, 0, 17, 132, 1190, 344
365, 1, 43, 294, 136, 360
365, 2, 20, 32, 106, 160
365, 3, 931, 10, 1218, 181
366, 0, 15, 180, 135, 263
366, 1, 20, 13, 458, 345
366, 2, 23, 271, 193, 355
366, 3, 775, 223, 1167, 338
366, 4, 794, 11, 1210, 221
367, 0, 32, 222, 410, 359
367, 1, 287, 156, 387, 288
367, 2, 119, 118, 415, 237
367, 3, 827, 275, 1058, 337
367, 4, 820, 74, 1068, 255
367, 5, 1009, 16, 1220, 138
368, 0, 12, 260, 168, 364
368, 1, 187, 264, 528, 360
368, 2, 328, 219, 388, 291
368, 3, 231, 152, 443, 292
368, 4, 135, 116, 219, 280
368, 5, 902, 114, 1151, 281
368, 6, 1017, 21, 1196, 77
369, 0, 15, 178, 142, 271
369, 1, 22, 13, 493, 269
369, 2, 67, 254, 170, 309
369, 3, 190, 159, 508, 355
369, 4, 716, 249, 1129, 345
369, 5, 773, 11, 1218, 286
370, 0, 16, 162, 338, 316
370, 1, 22, 12, 184, 180
370, 2, 231, 158, 463, 349
370, 3, 865, 96, 1116, 340
370, 4, 948, 13, 1215, 137
371, 0, 226, 239, 274, 321
371, 1, 23, 13, 498, 333
371, 2, 631, 295, 1092, 335
371, 3, 877, 13, 1216, 248
372, 0, 20, 13, 576, 364
372, 1, 913, 111, 1140, 310
372, 2, 965, 11, 1224, 141
373, 0, 47, 221, 169, 331
373, 1, 79, 97, 584, 362
373, 2, 934, 27, 1225, 259
374, 0, 30, 129, 413, 359
374, 1, 82, 76, 110, 124
374, 2, 352, 159, 647, 320
374, 3, 895, 29, 1221, 243
375, 0, 33, 12, 628, 361
375, 1, 784, 16, 1230, 249
375, 2, 798, 271, 967, 353
376, 0, 40, 34, 141, 226
376, 1, 145, 314, 380, 355
376, 2, 389, 153, 687, 272
376, 3, 682, 300, 962, 355
376, 4, 929, 15, 998, 163
376, 5, 1064, 100, 1231, 229
377, 0, 23, 97, 544, 356
377, 1, 43, 14, 243, 248
377, 2, 399, 153, 784, 348
377, 3, 882, 15, 1231, 227
378, 0, 25, 80, 328, 364
378, 1, 392, 154, 762, 263
378, 2, 928, 13, 1229, 201
378, 3, 1104, 137, 1182, 243
379, 0, 21, 15, 160, 226
379, 1, 22, 141, 138, 359
379, 2, 378, 116, 811, 295
379, 3, 451, 313, 998, 347
379, 4, 971, 12, 1228, 223
380, 0, 21, 13, 522, 359
380, 1, 517, 150, 999, 342
380, 2, 836, 13, 1228, 317
381, 0, 532, 148, 865, 315
381, 1, 936, 34, 1041, 161
382, 0, 345, 176, 464, 225
382, 1, 432, 311, 1017, 341
382, 2, 551, 152, 902, 289
382, 3, 954, 15, 1082, 161
382, 4, 1205, 14, 1229, 139
383, 0, 18, 100, 111, 338
383, 1, 312, 182, 547, 245
383, 2, 544, 336, 771, 342
383, 3, 623, 76, 1022, 340
383, 4, 997, 13, 1228, 117
384, 0, 18, 16, 438, 360
384, 1, 296, 182, 451, 248
384, 2, 609, 155, 1210, 359
384, 3, 656, 195, 897, 310
384, 4, 941, 14, 1228, 199
385, 0, 18, 14, 451, 355
385, 1, 668, 153, 1017, 318
385, 2, 899, 13, 1230, 243
386, 0, 18, 12, 622, 306
386, 1, 712, 119, 1210, 288
386, 2, 967, 13, 1229, 203
387, 0, 18, 12, 466, 356
387, 1, 368, 14, 453, 76
387, 2, 828, 196, 1013, 362
387, 3, 755, 13, 1229, 312
388, 0, 19, 15, 324, 356
388, 1, 760, 168, 902, 287
388, 2, 807, 190, 1025, 356
388, 3, 860, 14, 1228, 312
389, 0, 227, 161, 612, 272
389, 1, 823, 118, 1172, 354
390, 0, 22, 22, 810, 357
390, 1, 848, 136, 1207, 363
390, 2, 938, 13, 1224, 180
391, 0, 20, 18, 386, 352
391, 1, 492, 161, 618, 223
391, 2, 910, 145, 1222, 349
391, 3, 899, 12, 1225, 163
392, 0, 20, 16, 371, 349
392, 1, 449, 346, 996, 352
392, 2, 799, 14, 1230, 350
393, 0, 19, 17, 306, 349
393, 1, 236, 176, 336, 226
393, 2, 931, 284, 1058, 351
393, 3, 960, 16, 1225, 143
393, 4, 1041, 154, 1211, 241
394, 0, 17, 19, 499, 350
394, 1, 889, 306, 1014, 350
394, 2, 960, 17, 1224, 350
395, 0, 19, 20, 317, 351
395, 1, 880, 17, 1224, 349
396, 0, 13, 16, 412, 349
396, 1, 819, 17, 1229, 348
397, 0, 12, 20, 592, 349
397, 1, 866, 262, 1053, 347
397, 2, 980, 17, 1223, 305
398, 0, 12, 16, 373, 357
398, 1, 456, 162, 599, 244
398, 2, 861, 241, 1052, 346
398, 3, 880, 17, 1229, 325
399, 0, 13, 16, 555, 346
399, 1, 840, 17, 1226, 345
400, 0, 51, 192, 907, 365
400, 1, 422, 162, 595, 246
400, 2, 1046, 17, 1183, 79
401, 0, 16, 17, 580, 364
401, 1, 803, 220, 1047, 364
401, 2, 820, 17, 1225, 364
402, 0, 17, 19, 569, 338
402, 1, 1120, 18, 1224, 241
403, 0, 67, 196, 358, 340
403, 1, 431, 161, 520, 245
403, 2, 1161, 18, 1222, 160
404, 0, 12, 20, 535, 362
404, 1, 981, 260, 1082, 361
404, 2, 1000, 19, 1222, 261
405, 0, 20, 21, 524, 362
405, 1, 940, 281, 1081, 362
405, 2, 960, 21, 1221, 322
406, 0, 20, 22, 500, 363
406, 1, 19, 251, 146, 346
406, 2, 180, 302, 241, 363
406, 3, 840, 223, 1040, 364
406, 4, 900, 23, 1221, 364
407, 0, 20, 22, 492, 363
407, 1, 180, 320, 221, 363
407, 2, 920, 23, 1221, 364
407, 3, 940, 343, 1041, 364
408, 0, 20, 21, 521, 362
408, 1, 720, 261, 921, 362
408, 2, 780, 21, 1221, 362
409, 0, 20, 20, 347, 361
409, 1, 419, 189, 460, 246
409, 2, 960, 19, 1221, 361
410, 0, 20, 20, 475, 361
410, 1, 940, 20, 1221, 341
410, 2, 940, 220, 1081, 361
411, 0, 34, 179, 458, 363
412, 0, 20, 20, 458, 361
412, 1, 20, 220, 201, 361
412, 2, 800, 260, 881, 361
412, 3, 840, 20, 1221, 361
413, 0, 20, 20, 339, 341
413, 1, 20, 220, 141, 361
413, 2, 1000, 20, 1221, 361
414, 0, 20, 20, 121, 81
414, 1, 20, 204, 419, 361
414, 2, 1040, 20, 1221, 241
415, 0, 20, 20, 181, 201
415, 1, 20, 183, 360, 346
415, 2, 1020, 20, 1221, 361
416, 0, 20, 181, 360, 350
417, 0, 20, 20, 361, 284
417, 1, 23, 260, 356, 361
417, 2, 880, 20, 1221, 361
418, 0, 38, 187, 340, 340
419, 0, 20, 20, 341, 339
419, 1, 219, 290, 308, 342
419, 2, 1120, 120, 1181, 241
419, 3, 1140, 20, 1221, 241
420, 0, 20, 20, 332, 347
420, 1, 1060, 20, 1221, 241
421, 0, 20, 20, 311, 361
421, 1, 1060, 20, 1221, 261
422, 0, 20, 20, 381, 361
422, 1, 860, 260, 961, 361
422, 2, 880, 20, 1221, 361
423, 0, 20, 20, 341, 361
423, 1, 920, 20, 1221, 361
423, 2, 940, 300, 961, 361
424, 0, 20, 20, 381, 361
424, 1, 170, 340, 261, 361
424, 2, 880, 20, 1221, 361
424, 3, 880, 340, 921, 361
425, 0, 17, 20, 441, 361
425, 1, 820, 20, 1221, 361
426, 0, 20, 20, 401, 361
426, 1, 860, 20, 1221, 361
427, 0, 20, 20, 181, 340
427, 1, 1060, 20, 1221, 261
428, 0, 20, 20, 381, 361
428, 1, 21, 220, 101, 336
428, 2, 840, 20, 1221, 361
428, 3, 840, 300, 881, 361
429, 0, 20, 20, 241, 361
429, 1, 20, 220, 121, 361
429, 2, 980, 20, 1221, 361
430, 0, 20, 20, 261, 321
430, 1, 20, 220, 261, 361
430, 2, 920, 20, 1221, 321
430, 3, 940, 300, 1061, 361
431, 0, 20, 80, 101, 201
431, 1, 20, 220, 101, 361
431, 2, 1100, 20, 1221, 241
432, 0, 20, 20, 101, 201
432, 1, 20, 220, 121, 361
432, 2, 1080, 20, 1221, 261
433, 0, 20, 20, 361, 361
433, 1, 20, 220, 201, 361
433, 2, 840, 20, 1221, 361
434, 0, 20, 220, 101, 361
434, 1, 1120, 20, 1221, 201
438, 0, 20, 20, 361, 361
438, 1, 20, 220, 241, 361
438, 2, 820, 260, 961, 361
438, 3, 840, 20, 1221, 361
440, 0, 20, 340, 121, 361
440, 1, 1159, 20, 1221, 41
441, 0, 20, 20, 401, 361
441, 1, 20, 220, 141, 361
441, 2, 800, 20, 1221, 321
441, 3, 820, 260, 1061, 361
442, 0, 20, 20, 241, 261
442, 1, 20, 220, 121, 341
442, 2, 960, 20, 1221, 361
443, 0, 20, 20, 81, 141
443, 1, 1180, 140, 1221, 241
444, 0, 20, 20, 121, 281
444, 1, 20, 220, 121, 361
444, 2, 1080, 20, 1221, 261
