4, 0, 64, 123, 398, 361
4, 1, 770, 14, 1165, 353
5, 0, 240, 280, 351, 349
5, 1, 248, 149, 301, 214
5, 2, 754, 131, 1042, 327
5, 3, 830, 29, 1068, 287
6, 0, 77, 282, 421, 346
6, 1, 228, 164, 272, 249
6, 2, 445, 22, 644, 97
6, 3, 816, 183, 1112, 332
6, 4, 822, 23, 1054, 186
7, 0, 150, 37, 311, 191
7, 1, 194, 184, 354, 291
7, 2, 828, 226, 931, 325
7, 3, 900, 31, 1059, 285
7, 4, 1106, 163, 1131, 223
7, 5, 1085, 19, 1129, 134
8, 0, 21, 25, 278, 227
8, 1, 20, 185, 379, 348
8, 2, 745, 17, 1219, 340
9, 0, 27, 178, 276, 329
9, 1, 66, 13, 337, 230
9, 2, 771, 95, 1014, 332
9, 3, 906, 29, 1192, 136
9, 4, 1121, 207, 1183, 315
10, 0, 11, 106, 343, 316
10, 1, 100, 20, 1175, 349
11, 0, 73, 162, 335, 340
11, 1, 168, 24, 246, 182
11, 2, 462, 285, 866, 332
11, 3, 773, 108, 1070, 277
11, 4, 911, 17, 1150, 135
12, 0, 81, 163, 216, 354
12, 1, 72, 52, 168, 128
12, 2, 792, 29, 1127, 325
12, 3, 1081, 27, 1221, 90
13, 0, 47, 228, 181, 338
13, 1, 99, 22, 1126, 255
13, 2, 374, 137, 951, 339
13, 3, 991, 190, 1100, 244
14, 0, 57, 60, 280, 341
14, 1, 452, 164, 1070, 334
14, 2, 743, 38, 1062, 203
15, 0, 91, 95, 251, 259
15, 1, 555, 180, 1146, 342
15, 2, 538, 25, 771, 118
15, 3, 862, 33, 1148, 226
16, 0, 45, 139, 232, 325
16, 1, 608, 242, 949, 338
16, 2, 852, 49, 1149, 332
17, 0, 215, 178, 827, 356
17, 1, 536, 30, 643, 97
17, 2, 820, 23, 1139, 215
17, 3, 926, 224, 1221, 358
18, 0, 435, 214, 1063, 357
18, 1, 850, 19, 1205, 224
18, 2, 1016, 265, 1101, 338
19, 0, 19, 99, 1197, 357
19, 1, 54, 249, 637, 360
19, 2, 529, 13, 754, 80
19, 3, 957, 27, 1187, 114
20, 0, 51, 227, 465, 361
20, 1, 131, 21, 508, 118
20, 2, 440, 202, 1200, 344
20, 3, 922, 49, 1232, 248
21, 0, 47, 178, 1187, 363
21, 1, 29, 67, 159, 282
21, 2, 213, 63, 351, 281
21, 3, 946, 40, 1025, 165
21, 4, 1146, 44, 1210, 163
22, 0, 33, 247, 870, 360
22, 1, 71, 157, 329, 298
22, 2, 187, 32, 332, 157
22, 3, 913, 160, 1122, 336
22, 4, 1018, 34, 1046, 139
23, 0, 40, 173, 849, 360
23, 1, 1125, 96, 1207, 208
24, 0, 197, 28, 296, 280
24, 1, 382, 271, 1180, 354
24, 2, 1042, 97, 1195, 184
25, 0, 59, 202, 217, 285
25, 1, 62, 25, 373, 249
25, 2, 376, 315, 1097, 359
25, 3, 1081, 78, 1198, 164
26, 0, 81, 204, 311, 313
26, 1, 73, 14, 1158, 358
26, 2, 849, 17, 1131, 165
26, 3, 1122, 81, 1201, 264
27, 0, 23, 29, 442, 163
27, 1, 52, 181, 271, 347
27, 2, 351, 292, 1072, 357
27, 3, 772, 39, 893, 101
27, 4, 1093, 188, 1172, 270
28, 0, 55, 208, 181, 341
28, 1, 71, 21, 1189, 361
29, 0, 30, 270, 221, 362
29, 1, 61, 13, 1157, 306
29, 2, 387, 181, 1205, 357
30, 0, 11, 21, 1206, 352
30, 1, 35, 204, 166, 348
31, 0, 33, 222, 333, 348
31, 1, 38, 135, 129, 188
31, 2, 55, 22, 405, 65
31, 3, 496, 13, 562, 56
31, 4, 476, 250, 675, 337
31, 5, 698, 30, 1079, 180
31, 6, 988, 203, 1217, 363
31, 7, 1112, 32, 1203, 141
32, 0, 28, 257, 100, 283
32, 1, 38, 25, 396, 202
32, 2, 152, 227, 307, 339
32, 3, 388, 253, 562, 333
32, 4, 772, 26, 1147, 204
32, 5, 1054, 226, 1137, 290
32, 6, 1113, 203, 1222, 347
33, 0, 49, 31, 268, 349
33, 1, 333, 280, 600, 323
33, 2, 745, 23, 1153, 201
33, 3, 827, 223, 1219, 336
34, 0, 70, 192, 285, 302
34, 1, 706, 210, 1190, 344
34, 2, 788, 10, 1171, 142
35, 0, 42, 21, 232, 113
35, 1, 71, 151, 258, 341
35, 2, 37, 296, 106, 362
35, 3, 328, 154, 1154, 358
35, 4, 829, 21, 1191, 268
36, 0, 58, 201, 238, 355
36, 1, 223, 35, 330, 110
36, 2, 470, 32, 580, 55
36, 3, 654, 269, 773, 336
36, 4, 832, 30, 1052, 117
36, 5, 945, 238, 1189, 341
36, 6, 891, 50, 1217, 206
37, 0, 47, 154, 351, 354
37, 1, 890, 131, 1196, 334
37, 2, 927, 17, 1228, 116
38, 0, 64, 187, 290, 323
38, 1, 804, 57, 1225, 345
38, 2, 1015, 20, 1147, 115
39, 0, 135, 179, 397, 342
39, 1, 195, 32, 302, 112
39, 2, 465, 277, 685, 333
39, 3, 810, 93, 1194, 358
39, 4, 1032, 16, 1180, 113
40, 0, 77, 181, 320, 323
40, 1, 18, 330, 126, 340
40, 2, 166, 31, 317, 113
40, 3, 454, 279, 703, 343
40, 4, 834, 208, 933, 322
40, 5, 987, 86, 1201, 278
40, 6, 1008, 97, 1063, 163
40, 7, 1018, 17, 1194, 63
41, 0, 77, 180, 239, 328
41, 1, 70, 13, 574, 116
41, 2, 375, 17, 1205, 349
42, 0, 50, 181, 273, 345
42, 1, 85, 17, 307, 91
42, 2, 359, 179, 967, 337
42, 3, 683, 28, 920, 121
42, 4, 1028, 25, 1151, 260
43, 0, 16, 12, 327, 136
43, 1, 12, 180, 212, 340
43, 2, 596, 118, 1164, 351
43, 3, 998, 39, 1163, 163
44, 0, 19, 113, 170, 355
44, 1, 11, 18, 871, 330
44, 2, 741, 31, 1164, 203
44, 3, 796, 134, 1203, 345
45, 0, 54, 204, 247, 329
45, 1, 355, 136, 1188, 333
45, 2, 706, 24, 1162, 152
46, 0, 46, 182, 182, 351
46, 1, 243, 24, 490, 140
46, 2, 616, 204, 1204, 363
46, 3, 915, 25, 1211, 185
47, 0, 51, 187, 245, 339
47, 1, 615, 180, 1029, 354
47, 2, 866, 18, 1200, 330
48, 0, 59, 18, 216, 87
48, 1, 55, 185, 235, 346
48, 2, 413, 133, 1223, 341
48, 3, 861, 17, 1208, 119
49, 0, 65, 121, 352, 346
49, 1, 309, 222, 1202, 342
49, 2, 994, 13, 1209, 234
50, 0, 46, 142, 132, 336
50, 1, 73, 17, 1200, 360
50, 2, 315, 272, 627, 363
51, 0, 69, 107, 337, 329
51, 1, 231, 153, 1182, 363
51, 2, 763, 26, 1204, 123
52, 0, 51, 184, 261, 348
52, 1, 234, 60, 357, 185
52, 2, 308, 159, 1152, 362
52, 3, 946, 26, 1162, 91
53, 0, 85, 33, 856, 358
53, 1, 940, 159, 1145, 352
53, 2, 985, 16, 1174, 85
54, 0, 18, 327, 88, 361
54, 1, 41, 34, 301, 345
54, 2, 347, 270, 887, 360
54, 3, 792, 108, 879, 137
54, 4, 1002, 13, 1199, 73
55, 0, 61, 69, 1129, 353
55, 1, 44, 220, 141, 341
55, 2, 122, 39, 224, 113
55, 3, 747, 92, 937, 182
55, 4, 1074, 19, 1206, 77
56, 0, 48, 26, 273, 150
56, 1, 98, 184, 227, 310
56, 2, 427, 282, 895, 355
56, 3, 701, 35, 875, 161
56, 4, 953, 29, 1221, 157
56, 5, 999, 205, 1132, 350
57, 0, 120, 21, 581, 309
57, 1, 650, 237, 1173, 347
57, 2, 761, 28, 1034, 181
57, 3, 1124, 28, 1173, 67
58, 0, 24, 329, 62, 361
58, 1, 38, 163, 715, 358
58, 2, 680, 26, 1164, 206
58, 3, 791, 238, 1167, 353
59, 0, 51, 147, 184, 340
59, 1, 521, 248, 636, 320
59, 2, 673, 32, 809, 153
59, 3, 829, 230, 1114, 341
59, 4, 864, 44, 1136, 183
60, 0, 64, 231, 159, 353
60, 1, 40, 150, 101, 230
60, 2, 81, 23, 187, 89
60, 3, 212, 170, 325, 293
60, 4, 483, 265, 626, 320
60, 5, 696, 12, 977, 229
60, 6, 942, 34, 1138, 138
61, 0, 44, 22, 308, 339
61, 1, 431, 26, 584, 51
61, 2, 595, 255, 722, 353
61, 3, 734, 15, 1188, 203
61, 4, 999, 136, 1150, 295
62, 0, 49, 178, 308, 300
62, 1, 490, 249, 759, 365
62, 2, 722, 16, 973, 266
62, 3, 974, 21, 1202, 79
62, 4, 1007, 119, 1199, 259
63, 0, 40, 46, 626, 352
63, 1, 744, 226, 898, 309
63, 2, 729, 12, 1199, 341
63, 3, 1050, 140, 1151, 210
64, 0, 46, 157, 512, 359
64, 1, 649, 19, 1231, 343
64, 2, 783, 258, 950, 343
64, 3, 890, 10, 1215, 145
65, 0, 61, 154, 778, 356
65, 1, 285, 20, 674, 116
65, 2, 864, 238, 1049, 337
65, 3, 794, 32, 1085, 261
65, 4, 1086, 166, 1187, 348
66, 0, 70, 62, 855, 364
66, 1, 84, 283, 123, 323
66, 2, 204, 313, 283, 365
66, 3, 866, 79, 1118, 349
66, 4, 1006, 14, 1125, 108
67, 0, 99, 22, 1005, 334
67, 1, 393, 160, 1021, 364
67, 2, 1009, 173, 1209, 351
67, 3, 1008, 26, 1159, 163
68, 0, 177, 148, 1212, 351
68, 1, 109, 222, 303, 314
68, 2, 1039, 22, 1201, 192
69, 0, 33, 30, 238, 331
69, 1, 77, 235, 174, 350
69, 2, 224, 157, 1186, 360
69, 3, 976, 136, 1140, 226
70, 0, 82, 26, 217, 307
70, 1, 248, 158, 1167, 358
70, 2, 1000, 133, 1189, 225
70, 3, 1109, 21, 1181, 89
71, 0, 68, 129, 340, 347
71, 1, 522, 277, 1168, 359
71, 2, 899, 21, 1206, 158
72, 0, 67, 26, 327, 342
72, 1, 502, 304, 1178, 355
72, 2, 1026, 128, 1196, 205
72, 3, 1127, 12, 1210, 70
73, 0, 51, 23, 163, 80
73, 1, 87, 126, 282, 342
73, 2, 493, 326, 760, 354
73, 3, 722, 25, 947, 143
73, 4, 1094, 307, 1171, 349
74, 0, 80, 155, 172, 293
74, 1, 624, 20, 1206, 336
74, 2, 1112, 244, 1159, 333
75, 0, 80, 29, 238, 81
75, 1, 74, 103, 476, 335
75, 2, 330, 19, 941, 136
75, 3, 360, 198, 1055, 342
75, 4, 800, 23, 1158, 225
76, 0, 28, 30, 290, 338
76, 1, 202, 206, 1136, 337
76, 2, 851, 16, 1115, 163
77, 0, 37, 29, 271, 329
77, 1, 28, 321, 80, 356
77, 2, 544, 164, 1151, 349
77, 3, 850, 14, 1070, 159
78, 0, 10, 28, 332, 335
78, 1, 350, 258, 475, 339
78, 2, 856, 30, 1013, 140
78, 3, 891, 94, 1166, 345
79, 0, 14, 240, 109, 338
79, 1, 56, 45, 218, 239
79, 2, 449, 228, 577, 318
79, 3, 679, 267, 1179, 364
79, 4, 835, 163, 1054, 268
79, 5, 902, 24, 1195, 258
79, 6, 1111, 26, 1205, 114
80, 0, 48, 91, 425, 330
80, 1, 74, 33, 207, 99
80, 2, 728, 63, 1231, 360
80, 3, 992, 21, 1200, 118
81, 0, 64, 46, 418, 301
81, 1, 735, 14, 1185, 140
81, 2, 811, 119, 1193, 353
82, 0, 138, 175, 346, 309
82, 1, 225, 61, 278, 151
82, 2, 777, 78, 1151, 320
82, 3, 1035, 290, 1175, 366
82, 4, 889, 25, 1186, 159
83, 0, 13, 67, 604, 336
83, 1, 695, 115, 1210, 363
83, 2, 747, 56, 936, 206
83, 3, 909, 30, 968, 139
83, 4, 1127, 22, 1204, 92
84, 0, 55, 31, 525, 334
84, 1, 524, 52, 1182, 341
84, 2, 746, 44, 877, 158
84, 3, 1082, 299, 1118, 350
85, 0, 52, 45, 377, 339
85, 1, 464, 313, 567, 324
85, 2, 758, 108, 1201, 333
85, 3, 808, 32, 1049, 212
86, 0, 44, 32, 253, 343
86, 1, 265, 30, 556, 182
86, 2, 474, 22, 1199, 322
87, 0, 44, 16, 641, 176
87, 1, 135, 204, 195, 343
87, 2, 488, 41, 1154, 330
87, 3, 1096, 319, 1188, 352
87, 4, 1018, 24, 1230, 278
88, 0, 32, 239, 255, 346
88, 1, 39, 11, 374, 207
88, 2, 343, 112, 1184, 342
88, 3, 913, 23, 1219, 266
88, 4, 1086, 320, 1171, 364
89, 0, 50, 226, 767, 345
89, 1, 32, 13, 370, 268
89, 2, 805, 138, 985, 342
89, 3, 938, 12, 1232, 362
90, 0, 37, 244, 173, 333
90, 1, 31, 28, 967, 358
90, 2, 902, 101, 1220, 358
90, 3, 956, 25, 1073, 131
90, 4, 1134, 44, 1175, 83
91, 0, 29, 24, 817, 351
91, 1, 889, 159, 1080, 336
91, 2, 964, 30, 1149, 251
91, 3, 1058, 16, 1177, 110
92, 0, 61, 90, 347, 330
92, 1, 530, 23, 1206, 210
92, 2, 531, 197, 1087, 358
92, 3, 1014, 248, 1187, 360
93, 0, 58, 162, 400, 360
93, 1, 474, 174, 1211, 361
94, 0, 51, 106, 266, 353
94, 1, 473, 201, 1203, 352
95, 0, 38, 18, 296, 345
95, 1, 311, 186, 1214, 359
95, 2, 1057, 21, 1214, 263
96, 0, 56, 109, 294, 242
96, 1, 41, 218, 184, 354
96, 2, 446, 285, 525, 344
96, 3, 545, 222, 1202, 356
97, 0, 44, 64, 269, 341
97, 1, 231, 23, 256, 116
97, 2, 399, 286, 529, 343
97, 3, 553, 226, 1229, 362
97, 4, 1042, 26, 1204, 237
98, 0, 63, 40, 292, 328
98, 1, 468, 249, 977, 365
98, 2, 1047, 230, 1176, 321
98, 3, 1131, 29, 1205, 161
99, 0, 63, 88, 286, 327
99, 1, 516, 179, 1186, 355
100, 0, 46, 33, 267, 230
100, 1, 26, 208, 191, 347
100, 2, 704, 292, 941, 356
100, 3, 1068, 134, 1178, 293
100, 4, 1048, 26, 1204, 116
101, 0, 71, 85, 256, 326
101, 1, 421, 272, 648, 345
101, 2, 782, 284, 1130, 347
102, 0, 33, 36, 282, 322
102, 1, 558, 20, 854, 114
102, 2, 735, 307, 1182, 357
103, 0, 26, 83, 261, 289
103, 1, 49, 35, 176, 86
103, 2, 657, 183, 1157, 350
103, 3, 809, 31, 925, 114
103, 4, 1061, 24, 1203, 160
104, 0, 56, 109, 246, 341
104, 1, 377, 253, 544, 317
104, 2, 811, 28, 1156, 349
105, 0, 58, 114, 525, 347
105, 1, 839, 40, 1070, 241
105, 2, 983, 291, 1160, 336
106, 0, 57, 130, 538, 344
106, 1, 50, 28, 130, 83
106, 2, 514, 21, 795, 162
106, 3, 612, 158, 1102, 329
106, 4, 855, 20, 1190, 166
107, 0, 275, 252, 664, 344
107, 1, 856, 27, 1103, 186
107, 2, 926, 189, 995, 321
107, 3, 1071, 18, 1232, 281
108, 0, 103, 152, 204, 324
108, 1, 298, 281, 618, 346
108, 2, 812, 207, 1136, 340
108, 3, 870, 25, 1220, 223
109, 0, 67, 135, 295, 332
109, 1, 238, 137, 413, 182
109, 2, 395, 241, 943, 327
109, 3, 795, 98, 947, 189
109, 4, 891, 38, 1002, 118
109, 5, 1037, 123, 1199, 343
109, 6, 1031, 23, 1114, 91
110, 0, 62, 219, 215, 357
110, 1, 1060, 137, 1179, 251
110, 2, 1064, 22, 1164, 117
111, 0, 36, 34, 173, 298
111, 1, 390, 261, 807, 355
111, 2, 906, 165, 1156, 317
111, 3, 939, 26, 1166, 160
112, 0, 34, 77, 407, 320
112, 1, 403, 327, 524, 337
112, 2, 567, 203, 684, 333
112, 3, 765, 162, 1127, 325
112, 4, 753, 59, 1029, 161
113, 0, 10, 18, 1134, 269
113, 1, 340, 250, 749, 347
114, 0, 22, 80, 341, 263
114, 1, 769, 65, 1043, 298
114, 2, 958, 30, 1074, 63
115, 0, 37, 20, 1162, 330
115, 1, 487, 293, 708, 327
116, 0, 29, 20, 1156, 336
116, 1, 974, 238, 1196, 351
117, 0, 25, 183, 678, 356
117, 1, 767, 49, 1216, 321
117, 2, 823, 65, 866, 158
117, 3, 967, 13, 1144, 114
118, 0, 34, 34, 524, 340
118, 1, 785, 11, 1196, 298
119, 0, 51, 132, 241, 335
119, 1, 762, 18, 1133, 297
119, 2, 1003, 14, 1196, 103
120, 0, 11, 11, 317, 319
120, 1, 788, 15, 1192, 180
120, 2, 939, 195, 1183, 332
121, 0, 33, 110, 196, 330
121, 1, 24, 17, 325, 235
121, 2, 315, 288, 498, 352
121, 3, 595, 267, 1165, 333
121, 4, 835, 15, 1219, 276
122, 0, 23, 131, 164, 343
122, 1, 26, 37, 358, 345
122, 2, 461, 254, 662, 351
122, 3, 814, 42, 1208, 192
123, 0, 12, 15, 1220, 345
124, 0, 65, 18, 738, 256
124, 1, 49, 14, 81, 91
124, 2, 499, 241, 1128, 343
124, 3, 895, 15, 1218, 176
125, 0, 65, 18, 351, 348
125, 1, 523, 277, 685, 344
125, 2, 817, 86, 974, 152
125, 3, 1012, 179, 1105, 330
125, 4, 1005, 15, 1175, 138
126, 0, 87, 16, 351, 314
126, 1, 36, 215, 147, 319
126, 2, 349, 293, 718, 350
126, 3, 559, 14, 1186, 334
127, 0, 39, 242, 254, 339
127, 1, 12, 19, 329, 242
127, 2, 528, 250, 705, 348
127, 3, 460, 312, 527, 337
127, 4, 891, 11, 1194, 154
128, 0, 44, 101, 232, 330
128, 1, 51, 25, 267, 182
128, 2, 505, 200, 848, 357
128, 3, 895, 19, 1182, 327
128, 4, 1044, 153, 1066, 313
129, 0, 68, 276, 151, 316
129, 1, 56, 27, 312, 272
129, 2, 445, 292, 710, 357
129, 3, 944, 164, 1070, 341
129, 4, 1101, 38, 1210, 64
130, 0, 23, 116, 404, 338
130, 1, 59, 17, 716, 118
130, 2, 472, 283, 674, 346
130, 3, 793, 33, 1182, 186
131, 0, 50, 116, 760, 344
131, 1, 47, 258, 253, 337
131, 2, 818, 42, 1111, 319
132, 0, 68, 189, 620, 335
132, 1, 53, 23, 229, 123
132, 2, 821, 34, 1102, 282
132, 3, 977, 30, 1152, 76
133, 0, 58, 49, 313, 128
133, 1, 41, 103, 369, 339
133, 2, 634, 263, 878, 338
133, 3, 861, 21, 1214, 141
133, 4, 837, 126, 1104, 312
134, 0, 45, 126, 148, 330
134, 1, 206, 312, 499, 351
134, 2, 277, 75, 352, 171
134, 3, 612, 267, 720, 327
134, 4, 856, 182, 1223, 312
134, 5, 868, 13, 1224, 207
135, 0, 30, 98, 325, 272
135, 1, 72, 21, 561, 124
135, 2, 811, 121, 907, 244
135, 3, 837, 10, 1173, 320
136, 0, 35, 25, 568, 347
136, 1, 745, 147, 1212, 337
136, 2, 774, 13, 1212, 156
137, 0, 39, 34, 177, 255
137, 1, 189, 38, 304, 203
137, 2, 285, 146, 1143, 355
137, 3, 849, 14, 1179, 146
138, 0, 31, 56, 178, 233
138, 1, 154, 24, 288, 220
138, 2, 389, 255, 597, 349
138, 3, 671, 180, 973, 332
138, 4, 844, 15, 1205, 181
139, 0, 70, 26, 288, 233
139, 1, 349, 246, 620, 317
139, 2, 881, 14, 1203, 112
139, 3, 937, 103, 1143, 227
140, 0, 82, 29, 237, 197
140, 1, 255, 284, 630, 328
140, 2, 868, 187, 1127, 342
140, 3, 967, 19, 1204, 116
141, 0, 83, 39, 1099, 347
141, 1, 987, 20, 1184, 114
142, 0, 52, 19, 482, 228
142, 1, 269, 268, 797, 361
142, 2, 836, 100, 1103, 332
142, 3, 1006, 10, 1083, 82
143, 0, 42, 16, 329, 328
143, 1, 286, 264, 742, 343
143, 2, 934, 182, 1075, 307
143, 3, 987, 18, 1170, 140
144, 0, 53, 196, 185, 322
144, 1, 281, 259, 640, 336
144, 2, 962, 149, 1154, 342
144, 3, 950, 15, 1134, 187
145, 0, 24, 35, 280, 327
145, 1, 309, 267, 679, 348
145, 2, 821, 27, 1163, 274
145, 3, 1015, 273, 1134, 366
146, 0, 64, 135, 834, 357
146, 1, 897, 37, 1149, 297
146, 2, 1065, 246, 1123, 302
147, 0, 54, 196, 209, 238
147, 1, 286, 298, 665, 349
147, 2, 762, 180, 1013, 342
147, 3, 1065, 111, 1170, 304
148, 0, 45, 136, 166, 289
148, 1, 222, 87, 371, 181
148, 2, 284, 291, 698, 357
148, 3, 799, 156, 1104, 314
149, 0, 68, 39, 288, 261
149, 1, 384, 294, 673, 358
149, 2, 888, 156, 1171, 303
150, 0, 35, 142, 185, 320
150, 1, 167, 36, 313, 214
150, 2, 381, 279, 679, 359
150, 3, 911, 114, 1096, 314
151, 0, 40, 186, 725, 349
151, 1, 846, 129, 1203, 362
152, 0, 71, 98, 308, 342
152, 1, 546, 334, 661, 345
152, 2, 673, 76, 1089, 339
152, 3, 1079, 119, 1195, 277
153, 0, 49, 34, 386, 346
153, 1, 687, 76, 965, 238
154, 0, 37, 13, 854, 347
154, 1, 723, 158, 980, 344
154, 2, 1019, 69, 1184, 297
155, 0, 11, 316, 150, 365
155, 1, 28, 25, 491, 344
155, 2, 702, 28, 1174, 164
155, 3, 814, 161, 979, 322
155, 4, 1019, 196, 1122, 280
156, 0, 16, 11, 304, 119
156, 1, 33, 140, 175, 335
156, 2, 813, 21, 878, 131
156, 3, 942, 222, 1110, 310
156, 4, 940, 116, 1143, 244
157, 0, 33, 20, 301, 207
157, 1, 27, 249, 1055, 350
157, 2, 816, 20, 1200, 230
158, 0, 28, 11, 263, 122
158, 1, 46, 276, 897, 349
158, 2, 800, 22, 1041, 162
158, 3, 992, 22, 1191, 334
159, 0, 51, 16, 218, 146
159, 1, 54, 273, 1161, 348
159, 2, 747, 23, 1209, 248
160, 0, 19, 25, 197, 121
160, 1, 62, 273, 631, 343
160, 2, 768, 11, 1212, 250
160, 3, 1022, 248, 1135, 338
161, 0, 125, 293, 519, 352
161, 1, 860, 175, 955, 270
161, 2, 881, 15, 1042, 156
161, 3, 1047, 21, 1225, 234
162, 0, 90, 321, 272, 353
162, 1, 357, 286, 507, 359
162, 2, 859, 291, 986, 346
162, 3, 871, 150, 1158, 318
162, 4, 874, 28, 1021, 132
162, 5, 1061, 26, 1215, 230
163, 0, 25, 27, 134, 265
163, 1, 108, 289, 468, 350
163, 2, 875, 153, 1041, 339
163, 3, 877, 10, 1220, 208
164, 0, 56, 289, 862, 357
164, 1, 874, 142, 1165, 301
164, 2, 893, 15, 1223, 161
165, 0, 52, 248, 773, 362
165, 1, 888, 19, 1220, 352
165, 2, 905, 178, 950, 304
166, 0, 121, 309, 653, 362
166, 1, 731, 299, 888, 342
166, 2, 869, 14, 981, 207
166, 3, 1011, 184, 1106, 329
166, 4, 1032, 18, 1226, 309
167, 0, 69, 301, 810, 364
167, 1, 992, 149, 1186, 324
167, 2, 1042, 10, 1186, 156
168, 0, 29, 316, 675, 361
168, 1, 766, 296, 1002, 342
168, 2, 1030, 12, 1110, 119
168, 3, 1114, 13, 1222, 303
169, 0, 42, 316, 97, 355
169, 1, 212, 272, 817, 362
169, 2, 1083, 221, 1224, 346
169, 3, 1019, 18, 1119, 100
169, 4, 1207, 13, 1224, 153
170, 0, 48, 202, 1226, 364
170, 1, 1140, 53, 1223, 141
171, 0, 44, 224, 1221, 361
171, 1, 1198, 56, 1222, 181
172, 0, 49, 320, 234, 359
172, 1, 90, 201, 1215, 362
173, 0, 137, 292, 424, 359
173, 1, 591, 268, 1010, 364
173, 2, 1128, 137, 1218, 308
174, 0, 448, 267, 1202, 363
175, 0, 91, 322, 320, 346
175, 1, 575, 273, 1186, 361
176, 0, 973, 277, 1064, 352
177, 0, 214, 317, 295, 348
177, 1, 749, 324, 851, 361
177, 2, 948, 274, 1195, 354
178, 0, 57, 312, 256, 352
178, 1, 1021, 302, 1177, 356
180, 0, 441, 318, 650, 347
180, 1, 1062, 272, 1208, 344
181, 0, 92, 330, 245, 362
181, 1, 495, 315, 653, 340
181, 2, 958, 272, 1205, 347
182, 0, 385, 315, 610, 358
182, 1, 757, 295, 1196, 349
183, 0, 155, 325, 347, 362
183, 1, 569, 290, 1211, 361
184, 0, 507, 289, 1205, 355
185, 0, 465, 322, 597, 353
185, 1, 719, 289, 1190, 355
186, 0, 467, 326, 622, 356
187, 0, 492, 329, 601, 359
191, 0, 21, 38, 163, 347
191, 1, 997, 13, 1208, 268
191, 2, 1016, 266, 1204, 338
194, 0, 903, 312, 1152, 362
195, 0, 37, 179, 360, 349
196, 0, 892, 331, 1158, 357
197, 0, 950, 330, 1010, 355
198, 0, 926, 330, 1225, 356
199, 0, 1093, 311, 1230, 356
200, 0, 1037, 311, 1214, 355
201, 0, 39, 42, 260, 345
201, 1, 931, 266, 1221, 357
201, 2, 945, 34, 1195, 270
202, 0, 1117, 333, 1192, 357
203, 0, 1080, 314, 1218, 362
204, 0, 66, 29, 152, 285
204, 1, 60, 326, 141, 349
204, 2, 1008, 163, 1210, 357
204, 3, 1025, 32, 1195, 273
205, 0, 838, 37, 925, 59
205, 1, 1148, 316, 1226, 354
206, 0, 840, 36, 921, 58
207, 0, 852, 338, 1117, 363
207, 1, 852, 33, 956, 57
208, 0, 91, 21, 167, 84
208, 1, 856, 33, 957, 56
209, 0, 52, 32, 117, 96
209, 1, 776, 355, 1130, 364
210, 0, 62, 34, 196, 110
210, 1, 782, 339, 1102, 361
211, 0, 108, 36, 277, 98
211, 1, 392, 287, 1144, 363
211, 2, 1061, 19, 1210, 68
211, 3, 1086, 154, 1162, 244
212, 0, 244, 32, 263, 89
212, 1, 903, 316, 1149, 362
212, 2, 1091, 44, 1219, 67
213, 0, 914, 271, 1187, 362
213, 1, 1074, 21, 1183, 247
214, 0, 958, 19, 1186, 275
214, 1, 1018, 244, 1145, 346
215, 0, 868, 341, 984, 360
215, 1, 935, 19, 1164, 247
215, 2, 955, 158, 1205, 352
216, 0, 996, 323, 1193, 359
217, 0, 995, 271, 1162, 359
217, 1, 1029, 24, 1177, 301
218, 0, 215, 327, 415, 352
218, 1, 1032, 322, 1141, 359
219, 0, 201, 329, 403, 362
219, 1, 1078, 27, 1156, 276
220, 0, 207, 326, 486, 364
220, 1, 1064, 227, 1159, 347
220, 2, 1060, 26, 1167, 202
221, 0, 275, 339, 495, 364
222, 0, 279, 342, 539, 361
222, 1, 714, 28, 917, 131
223, 0, 224, 217, 1209, 365
223, 1, 708, 30, 912, 114
223, 2, 985, 35, 1160, 127
224, 0, 216, 318, 478, 363
224, 1, 741, 87, 1020, 197
224, 2, 820, 14, 1061, 80
224, 3, 1133, 217, 1228, 327
225, 0, 213, 279, 654, 361
225, 1, 775, 24, 1224, 308
226, 0, 100, 197, 740, 361
226, 1, 720, 67, 1230, 362
226, 2, 907, 20, 1119, 86
227, 0, 121, 41, 367, 140
227, 1, 222, 71, 1229, 361
227, 2, 416, 36, 475, 58
227, 3, 967, 20, 1025, 87
228, 0, 248, 278, 591, 360
228, 1, 796, 18, 1105, 178
228, 2, 1003, 203, 1090, 304
228, 3, 1113, 138, 1227, 359
229, 0, 250, 278, 610, 362
229, 1, 885, 102, 1176, 159
229, 2, 1093, 236, 1144, 307
230, 0, 19, 126, 128, 300
230, 1, 385, 292, 600, 360
230, 2, 902, 12, 1154, 160
231, 0, 17, 240, 71, 306
231, 1, 412, 298, 616, 358
231, 2, 794, 82, 1179, 307
231, 3, 1013, 20, 1132, 49
232, 0, 14, 207, 105, 305
232, 1, 525, 294, 614, 362
232, 2, 909, 168, 1046, 289
232, 3, 1027, 21, 1184, 147
233, 0, 35, 245, 297, 349
233, 1, 389, 93, 1193, 361
233, 2, 1023, 18, 1136, 54
234, 0, 12, 96, 248, 349
234, 1, 450, 295, 699, 355
234, 2, 1008, 89, 1214, 300
234, 3, 965, 13, 1147, 63
235, 0, 13, 175, 172, 355
235, 1, 309, 303, 694, 365
235, 2, 882, 19, 1144, 94
235, 3, 998, 113, 1216, 249
236, 0, 31, 56, 170, 332
236, 1, 337, 301, 721, 365
236, 2, 833, 144, 1207, 344
236, 3, 913, 17, 1224, 164
237, 0, 33, 23, 211, 340
237, 1, 331, 313, 796, 361
237, 2, 894, 201, 1174, 342
237, 3, 919, 15, 1225, 203
237, 4, 1122, 131, 1217, 180
238, 0, 54, 105, 154, 203
238, 1, 23, 19, 152, 89
238, 2, 482, 297, 719, 361
238, 3, 937, 17, 1220, 180
239, 0, 21, 177, 172, 336
239, 1, 496, 310, 705, 361
239, 2, 976, 117, 1143, 322
239, 3, 1022, 18, 1224, 116
240, 0, 21, 18, 194, 223
240, 1, 11, 209, 56, 345
240, 2, 488, 281, 704, 358
240, 3, 921, 160, 1213, 347
240, 4, 1050, 10, 1178, 144
241, 0, 17, 19, 191, 331
241, 1, 483, 284, 795, 362
241, 2, 893, 229, 1152, 330
241, 3, 915, 12, 1194, 207
242, 0, 18, 214, 184, 343
242, 1, 23, 16, 193, 72
242, 2, 310, 287, 381, 360
242, 3, 681, 132, 1210, 343
242, 4, 1157, 20, 1197, 52
243, 0, 83, 214, 209, 351
243, 1, 346, 292, 557, 365
243, 2, 664, 33, 878, 57
243, 3, 1081, 244, 1190, 358
244, 0, 18, 94, 160, 298
244, 1, 463, 272, 979, 345
244, 2, 1100, 24, 1200, 70
244, 3, 1151, 91, 1183, 244
245, 0, 19, 93, 176, 348
245, 1, 273, 269, 804, 364
245, 2, 971, 296, 1005, 339
245, 3, 1121, 157, 1175, 249
245, 4, 1117, 24, 1194, 135
246, 0, 265, 269, 593, 362
246, 1, 959, 275, 1173, 351
246, 2, 1018, 20, 1115, 115
247, 0, 43, 238, 314, 359
247, 1, 429, 270, 906, 362
247, 2, 1035, 296, 1186, 348
247, 3, 1091, 19, 1161, 131
248, 0, 38, 243, 779, 363
248, 1, 148, 14, 292, 116
248, 2, 1026, 277, 1213, 355
248, 3, 1020, 156, 1165, 221
248, 4, 1039, 21, 1150, 156
249, 0, 28, 17, 756, 358
249, 1, 836, 223, 1209, 344
249, 2, 970, 19, 1211, 254
250, 0, 45, 285, 532, 363
250, 1, 213, 123, 336, 207
250, 2, 639, 167, 1213, 358
250, 3, 1147, 18, 1197, 125
251, 0, 126, 279, 923, 361
251, 1, 887, 212, 1227, 352
251, 2, 1165, 22, 1205, 121
252, 0, 108, 307, 788, 361
252, 1, 1031, 266, 1184, 339
253, 0, 27, 80, 174, 277
253, 1, 24, 301, 111, 363
253, 2, 401, 318, 780, 359
253, 3, 1037, 257, 1208, 352
253, 4, 1090, 17, 1208, 235
254, 0, 210, 38, 280, 162
254, 1, 195, 320, 577, 366
254, 2, 935, 241, 1068, 347
254, 3, 1146, 280, 1221, 362
255, 0, 26, 294, 235, 362
255, 1, 52, 78, 314, 224
255, 2, 364, 325, 572, 356
255, 3, 1042, 181, 1208, 345
256, 0, 37, 282, 424, 359
256, 1, 33, 86, 131, 244
256, 2, 174, 33, 327, 173
256, 3, 526, 243, 717, 362
256, 4, 850, 130, 1209, 281
256, 5, 1111, 26, 1219, 180
257, 0, 43, 277, 751, 360
257, 1, 165, 104, 291, 157
257, 2, 904, 197, 1186, 329
258, 0, 41, 284, 382, 356
258, 1, 54, 42, 320, 223
258, 2, 477, 287, 810, 359
258, 3, 933, 112, 1205, 285
259, 0, 67, 86, 351, 182
259, 1, 216, 293, 327, 357
259, 2, 475, 305, 784, 350
259, 3, 792, 182, 1213, 320
260, 0, 37, 56, 298, 178
260, 1, 31, 333, 192, 361
260, 2, 297, 298, 701, 355
260, 3, 844, 74, 1167, 312
260, 4, 1158, 28, 1203, 182
261, 0, 49, 283, 139, 354
261, 1, 36, 38, 683, 361
261, 2, 238, 34, 273, 124
261, 3, 822, 90, 1032, 319
261, 4, 1054, 184, 1131, 324
261, 5, 1116, 27, 1204, 137
262, 0, 36, 297, 771, 356
262, 1, 49, 29, 268, 199
262, 2, 827, 81, 1075, 268
262, 3, 1069, 198, 1215, 332
263, 0, 56, 304, 178, 351
263, 1, 59, 28, 258, 304
263, 2, 258, 280, 749, 351
263, 3, 865, 92, 1213, 317
264, 0, 67, 89, 241, 342
264, 1, 462, 283, 687, 353
264, 2, 867, 27, 1209, 340
264, 3, 1104, 209, 1213, 309
265, 0, 66, 59, 227, 232
265, 1, 437, 249, 702, 356
265, 2, 894, 85, 1213, 294
266, 0, 96, 97, 183, 232
266, 1, 674, 287, 847, 341
266, 2, 916, 39, 1200, 320
267, 0, 29, 22, 822, 344
267, 1, 904, 47, 1202, 330
268, 0, 40, 111, 149, 343
268, 1, 381, 150, 1200, 344
269, 0, 39, 20, 116, 230
269, 1, 1137, 201, 1174, 281
269, 2, 1148, 42, 1210, 151
270, 0, 31, 109, 381, 350
270, 1, 916, 228, 1187, 348
270, 2, 1082, 79, 1186, 156
271, 0, 27, 133, 238, 346
271, 1, 51, 22, 407, 337
271, 2, 500, 207, 1176, 358
271, 3, 1074, 93, 1173, 161
272, 0, 48, 107, 349, 328
272, 1, 64, 282, 185, 356
272, 2, 494, 292, 705, 330
272, 3, 789, 281, 1153, 353
272, 4, 1105, 45, 1165, 135
273, 0, 61, 257, 175, 332
273, 1, 23, 36, 1122, 350
273, 2, 1046, 54, 1141, 182
274, 0, 61, 30, 152, 110
274, 1, 59, 195, 269, 342
274, 2, 380, 282, 594, 352
274, 3, 702, 274, 964, 342
274, 4, 1080, 71, 1190, 252
275, 0, 50, 63, 223, 327
275, 1, 376, 284, 875, 359
275, 2, 974, 275, 1182, 337
275, 3, 1059, 71, 1174, 204
276, 0, 45, 88, 670, 362
276, 1, 896, 306, 1171, 351
276, 2, 998, 26, 1188, 230
277, 0, 32, 19, 293, 326
277, 1, 314, 205, 991, 355
277, 2, 1045, 49, 1204, 199
277, 3, 1103, 205, 1203, 341
278, 0, 53, 117, 574, 352
278, 1, 721, 252, 1011, 349
278, 2, 1030, 23, 1201, 198
279, 0, 37, 93, 910, 353
279, 1, 1051, 18, 1176, 63
279, 2, 1106, 90, 1189, 265
280, 0, 24, 14, 1200, 338
280, 1, 741, 289, 975, 348
281, 0, 68, 163, 608, 353
281, 1, 61, 42, 92, 89
281, 2, 726, 292, 902, 330
281, 3, 1032, 24, 1177, 127
282, 0, 50, 138, 188, 348
282, 1, 713, 280, 822, 349
282, 2, 960, 37, 1178, 166
283, 0, 62, 76, 310, 342
283, 1, 268, 154, 359, 229
283, 2, 479, 316, 588, 362
283, 3, 710, 302, 780, 357
283, 4, 859, 21, 1155, 229
283, 5, 1076, 316, 1232, 362
284, 0, 27, 76, 271, 296
284, 1, 268, 63, 305, 171
284, 2, 431, 281, 872, 352
284, 3, 773, 123, 934, 216
284, 4, 861, 18, 955, 143
285, 0, 31, 92, 222, 327
285, 1, 222, 169, 317, 286
285, 2, 406, 242, 1177, 362
285, 3, 818, 18, 1036, 65
285, 4, 827, 121, 992, 215
286, 0, 30, 72, 318, 285
286, 1, 426, 297, 773, 347
286, 2, 879, 222, 1195, 362
286, 3, 833, 25, 1107, 192
287, 0, 45, 83, 322, 295
287, 1, 183, 35, 227, 143
287, 2, 431, 270, 1204, 358
287, 3, 816, 112, 1035, 234
287, 4, 837, 19, 996, 68
288, 0, 34, 121, 287, 332
288, 1, 441, 281, 892, 358
288, 2, 827, 105, 1057, 208
288, 3, 852, 21, 1009, 67
288, 4, 1104, 291, 1211, 363
289, 0, 15, 142, 162, 291
289, 1, 89, 77, 333, 336
289, 2, 486, 266, 938, 357
289, 3, 821, 94, 1226, 343
289, 4, 842, 25, 1022, 79
290, 0, 10, 120, 328, 338
290, 1, 489, 303, 656, 355
290, 2, 747, 275, 897, 347
290, 3, 822, 122, 1144, 335
290, 4, 913, 22, 1048, 72
291, 0, 37, 63, 915, 360
291, 1, 816, 107, 1143, 344
291, 2, 877, 18, 1067, 86
292, 0, 58, 236, 380, 362
292, 1, 465, 297, 752, 358
292, 2, 879, 93, 1190, 263
292, 3, 893, 15, 1089, 78
293, 0, 224, 284, 684, 355
293, 1, 904, 124, 996, 264
293, 2, 961, 35, 1152, 164
294, 0, 24, 260, 659, 365
294, 1, 832, 13, 1146, 259
295, 0, 36, 251, 592, 361
295, 1, 705, 319, 762, 350
295, 2, 873, 17, 1173, 284
296, 0, 39, 272, 552, 363
296, 1, 918, 115, 1075, 323
296, 2, 874, 27, 1180, 128
297, 0, 11, 276, 665, 365
297, 1, 35, 26, 101, 229
297, 2, 908, 189, 1143, 341
297, 3, 931, 27, 1192, 158
298, 0, 40, 177, 573, 363
298, 1, 831, 27, 1189, 357
298, 2, 1183, 62, 1224, 179
299, 0, 27, 253, 332, 362
299, 1, 49, 89, 620, 357
299, 2, 886, 157, 1189, 361
299, 3, 891, 22, 1221, 227
299, 4, 1137, 154, 1226, 292
300, 0, 24, 292, 189, 362
300, 1, 293, 293, 456, 364
300, 2, 849, 22, 1230, 233
300, 3, 951, 184, 1195, 336
301, 0, 31, 302, 495, 361
301, 1, 21, 19, 232, 283
301, 2, 860, 12, 1216, 343
302, 0, 32, 276, 285, 359
302, 1, 46, 135, 665, 354
302, 2, 821, 104, 1122, 328
302, 3, 887, 20, 1183, 138
303, 0, 28, 283, 213, 353
303, 1, 52, 18, 82, 226
303, 2, 340, 309, 587, 360
303, 3, 850, 121, 1180, 289
303, 4, 960, 282, 1209, 336
303, 5, 896, 19, 1171, 117
304, 0, 28, 305, 145, 360
304, 1, 260, 274, 687, 353
304, 2, 700, 13, 1214, 343
305, 0, 24, 265, 672, 357
305, 1, 52, 100, 215, 230
305, 2, 183, 21, 532, 97
305, 3, 699, 13, 1176, 142
305, 4, 940, 138, 1107, 329
306, 0, 44, 315, 219, 356
306, 1, 65, 99, 551, 353
306, 2, 575, 283, 769, 338
306, 3, 875, 13, 1199, 339
307, 0, 65, 96, 148, 185
307, 1, 267, 19, 491, 97
307, 2, 428, 273, 639, 335
307, 3, 941, 40, 1187, 331
307, 4, 973, 49, 1028, 164
308, 0, 111, 257, 618, 354
308, 1, 986, 249, 1088, 334
308, 2, 892, 28, 1175, 144
308, 3, 1012, 101, 1129, 216
309, 0, 95, 228, 245, 345
309, 1, 467, 279, 875, 353
309, 2, 873, 93, 1020, 161
309, 3, 938, 142, 1148, 335
309, 4, 899, 15, 1186, 74
310, 0, 38, 285, 103, 327
310, 1, 224, 203, 339, 258
310, 2, 329, 143, 1157, 358
310, 3, 789, 21, 1084, 252
311, 0, 73, 208, 772, 356
311, 1, 840, 258, 1027, 325
311, 2, 900, 25, 1181, 159
311, 3, 1015, 96, 1153, 225
312, 0, 48, 262, 267, 348
312, 1, 204, 165, 641, 353
312, 2, 845, 145, 1206, 334
312, 3, 900, 30, 1178, 183
313, 0, 180, 177, 943, 358
313, 1, 897, 108, 943, 159
313, 2, 1022, 34, 1195, 308
313, 3, 937, 11, 1058, 154
313, 4, 1065, 280, 1119, 333
314, 0, 92, 226, 297, 304
314, 1, 470, 290, 705, 365
314, 2, 857, 100, 989, 231
314, 3, 1046, 125, 1231, 362
314, 4, 947, 12, 1218, 148
315, 0, 65, 37, 689, 364
315, 1, 841, 119, 1198, 319
315, 2, 881, 123, 932, 193
315, 3, 957, 12, 1169, 80
316, 0, 63, 262, 167, 323
316, 1, 103, 32, 338, 325
316, 2, 442, 212, 824, 356
316, 3, 947, 211, 1108, 329
316, 4, 964, 16, 1219, 206
317, 0, 76, 52, 282, 346
317, 1, 275, 11, 323, 110
317, 2, 378, 18, 1187, 362
318, 0, 45, 32, 293, 334
318, 1, 822, 138, 1212, 348
318, 2, 992, 17, 1197, 234
319, 0, 66, 15, 1181, 357
319, 1, 71, 186, 285, 329
319, 2, 955, 14, 1158, 154
320, 0, 50, 114, 246, 298
320, 1, 142, 16, 258, 159
320, 2, 415, 248, 563, 352
320, 3, 609, 304, 693, 348
320, 4, 785, 178, 1051, 262
320, 5, 1045, 202, 1138, 320
320, 6, 984, 12, 1163, 176
321, 0, 39, 189, 512, 354
321, 1, 125, 28, 311, 212
321, 2, 606, 254, 676, 350
321, 3, 856, 15, 1212, 342
322, 0, 30, 114, 1185, 348
322, 1, 114, 26, 216, 139
322, 2, 682, 18, 1215, 159
323, 0, 26, 26, 1080, 350
323, 1, 833, 142, 1036, 223
323, 2, 978, 20, 1209, 227
324, 0, 43, 33, 1226, 364
324, 1, 1088, 20, 1197, 160
325, 0, 51, 82, 246, 351
325, 1, 320, 189, 963, 358
325, 2, 1044, 113, 1232, 349
325, 3, 1112, 23, 1184, 63
326, 0, 89, 153, 506, 363
326, 1, 939, 112, 1205, 293
327, 0, 122, 16, 278, 326
327, 1, 304, 225, 519, 356
327, 2, 677, 21, 1191, 211
327, 3, 899, 184, 1064, 326
328, 0, 28, 51, 190, 365
328, 1, 295, 276, 511, 360
328, 2, 810, 265, 940, 342
328, 3, 962, 135, 1175, 335
329, 0, 31, 88, 216, 287
329, 1, 146, 277, 950, 364
329, 2, 871, 110, 1210, 307
330, 0, 12, 36, 286, 362
330, 1, 374, 275, 838, 364
330, 2, 770, 19, 1032, 158
330, 3, 813, 108, 1183, 325
331, 0, 12, 294, 533, 362
331, 1, 19, 60, 194, 319
331, 2, 631, 302, 704, 356
331, 3, 1010, 122, 1172, 288
332, 0, 26, 62, 476, 359
332, 1, 579, 282, 854, 349
332, 2, 859, 126, 1067, 207
332, 3, 941, 193, 1086, 313
333, 0, 19, 69, 186, 364
333, 1, 177, 295, 534, 357
333, 2, 614, 255, 690, 348
333, 3, 784, 156, 1089, 343
333, 4, 807, 134, 1009, 233
334, 0, 15, 263, 477, 361
334, 1, 14, 39, 161, 239
334, 2, 222, 13, 403, 162
334, 3, 579, 274, 683, 348
334, 4, 779, 112, 1196, 347
334, 5, 950, 20, 1113, 68
335, 0, 22, 236, 256, 362
335, 1, 27, 156, 111, 232
335, 2, 20, 13, 1132, 350
336, 0, 185, 27, 245, 187
336, 1, 412, 301, 486, 363
336, 2, 610, 298, 684, 346
336, 3, 850, 108, 1172, 240
336, 4, 1027, 190, 1173, 340
337, 0, 129, 29, 268, 212
337, 1, 314, 289, 450, 356
337, 2, 524, 136, 1137, 353
337, 3, 615, 141, 735, 205
338, 0, 104, 57, 255, 212
338, 1, 83, 187, 169, 326
338, 2, 304, 292, 464, 349
338, 3, 549, 142, 879, 354
338, 4, 860, 111, 1208, 345
339, 0, 44, 152, 201, 357
339, 1, 41, 24, 188, 159
339, 2, 265, 273, 716, 345
339, 3, 822, 110, 1160, 330
339, 4, 1001, 72, 1032, 145
340, 0, 33, 16, 725, 354
340, 1, 852, 68, 1188, 234
340, 2, 930, 257, 1126, 341
340, 3, 851, 22, 1040, 176
341, 0, 48, 16, 169, 259
341, 1, 298, 285, 797, 359
341, 2, 1016, 293, 1131, 338
341, 3, 956, 133, 1154, 245
341, 4, 946, 18, 1069, 151
342, 0, 34, 13, 303, 256
342, 1, 380, 271, 448, 361
342, 2, 608, 319, 693, 356
342, 3, 959, 121, 1117, 337
342, 4, 1006, 27, 1185, 202
343, 0, 40, 12, 399, 333
343, 1, 586, 297, 746, 355
343, 2, 908, 70, 1070, 266
343, 3, 1026, 162, 1159, 317
343, 4, 1073, 53, 1158, 153
344, 0, 42, 142, 1168, 360
344, 1, 834, 23, 1038, 99
344, 2, 1080, 24, 1169, 169
345, 0, 38, 188, 424, 357
345, 1, 232, 18, 261, 166
345, 2, 528, 159, 582, 208
345, 3, 512, 308, 889, 364
345, 4, 826, 27, 1154, 206
345, 5, 903, 194, 994, 305
346, 0, 26, 194, 268, 360
346, 1, 216, 57, 277, 182
346, 2, 319, 284, 445, 356
346, 3, 528, 158, 607, 207
346, 4, 541, 151, 1100, 360
347, 0, 44, 180, 437, 360
347, 1, 193, 16, 250, 175
347, 2, 486, 158, 587, 184
347, 3, 681, 227, 904, 363
347, 4, 978, 312, 1081, 340
347, 5, 853, 22, 1099, 208
347, 6, 1032, 21, 1190, 126
348, 0, 46, 159, 766, 364
348, 1, 177, 14, 240, 169
348, 2, 820, 244, 953, 339
348, 3, 858, 21, 1204, 224
349, 0, 48, 262, 395, 358
349, 1, 163, 26, 233, 163
349, 2, 590, 323, 774, 355
349, 3, 804, 19, 1184, 225
350, 0, 12, 26, 229, 361
350, 1, 203, 312, 375, 359
350, 2, 313, 158, 563, 278
350, 3, 650, 284, 1072, 366
350, 4, 874, 22, 1204, 248
351, 0, 28, 25, 191, 160
351, 1, 57, 304, 228, 342
351, 2, 254, 222, 362, 338
351, 3, 412, 155, 528, 225
351, 4, 648, 278, 826, 336
351, 5, 947, 13, 1210, 193
351, 6, 1021, 148, 1107, 228
352, 0, 70, 14, 165, 99
352, 1, 78, 118, 200, 182
352, 2, 43, 302, 917, 344
352, 3, 311, 139, 464, 248
352, 4, 820, 23, 1189, 247
353, 0, 56, 30, 162, 183
353, 1, 398, 140, 505, 205
353, 2, 678, 270, 938, 329
353, 3, 874, 16, 1198, 221
354, 0, 20, 32, 208, 338
354, 1, 278, 278, 529, 348
354, 2, 907, 16, 1219, 249
355, 0, 13, 27, 445, 365
355, 1, 321, 158, 655, 334
355, 2, 759, 273, 962, 361
355, 3, 804, 16, 1216, 181
355, 4, 858, 159, 1193, 275
356, 0, 34, 158, 194, 275
356, 1, 41, 315, 184, 364
356, 2, 258, 290, 939, 361
356, 3, 344, 140, 471, 211
356, 4, 891, 115, 977, 183
356, 5, 940, 11, 1218, 209
357, 0, 36, 138, 140, 273
357, 1, 27, 142, 489, 363
357, 2, 568, 276, 729, 349
357, 3, 816, 301, 906, 363
357, 4, 870, 25, 1214, 185
358, 0, 32, 315, 122, 359
358, 1, 240, 203, 420, 328
358, 2, 698, 275, 859, 356
358, 3, 898, 23, 1203, 213
359, 0, 23, 119, 471, 355
359, 1, 12, 327, 95, 357
359, 2, 522, 11, 1222, 354
360, 0, 19, 12, 123, 208
360, 1, 20, 146, 456, 365
360, 2, 751, 306, 862, 364
360, 3, 918, 27, 1212, 218
361, 0, 39, 143, 409, 332
361, 1, 11, 257, 156, 329
361, 2, 274, 205, 479, 352
361, 3, 583, 170, 1190, 342
361, 4, 884, 12, 1231, 181
362, 0, 21, 15, 298, 310
362, 1, 288, 180, 433, 344
362, 2, 19, 255, 243, 321
362, 3, 965, 204, 1182, 338
362, 4, 972, 21, 1225, 180
363, 0, 38, 158, 440, 358
363, 1, 272, 213, 296, 265
363, 2, 23, 185, 80, 259
363, 3, 150, 251, 284, 339
363, 4, 949, 146, 1098, 214
363, 5, 968, 12, 1225, 174
364, 0, 39, 137, 444, 353
364, 1, 1033, 311, 1154, 339
364, 2, 994, 21, 1208, 159
364, 3, 965, 149, 1174, 231
365, 0, 41, 133, 422, 365
365, 1, 990, 20, 1196, 150
365, 2, 965, 130, 1143, 202
366, 0, 43, 248, 136, 360
366, 1, 61, 132, 473, 344
366, 2, 1075, 10, 1218, 181
367, 0, 23, 262, 200, 355
367, 1, 154, 136, 421, 345
367, 2, 913, 149, 1003, 245
367, 3, 1009, 307, 1167, 335
367, 4, 1004, 11, 1210, 136
368, 0, 32, 182, 410, 359
368, 1, 287, 156, 1037, 337
368, 2, 897, 162, 970, 255
368, 3, 964, 16, 1212, 133
369, 0, 22, 34, 219, 364
369, 1, 187, 264, 398, 359
369, 2, 328, 179, 443, 291
369, 3, 172, 117, 326, 292
369, 4, 902, 159, 1024, 281
369, 5, 1002, 21, 1196, 139
370, 0, 67, 254, 201, 309
370, 1, 24, 97, 177, 271
370, 2, 149, 165, 1129, 355
370, 3, 847, 115, 1153, 286
370, 4, 875, 49, 940, 162
370, 5, 1103, 11, 1207, 78
371, 0, 43, 129, 324, 316
371, 1, 231, 168, 463, 295
371, 2, 939, 307, 1116, 340
371, 3, 958, 112, 1175, 272
371, 4, 1078, 15, 1195, 63
372, 0, 216, 171, 498, 321
372, 1, 27, 129, 202, 333
372, 2, 891, 94, 1192, 248
373, 0, 25, 93, 1020, 364
373, 1, 880, 69, 1202, 310
374, 0, 20, 33, 575, 362
374, 1, 1040, 100, 1195, 203
374, 2, 1125, 213, 1159, 259
374, 3, 1131, 12, 1228, 119
375, 0, 30, 167, 408, 359
375, 1, 76, 76, 163, 167
375, 2, 352, 159, 618, 243
375, 3, 762, 298, 925, 350
375, 4, 919, 29, 1221, 243
376, 0, 39, 181, 157, 333
376, 1, 76, 98, 163, 177
376, 2, 248, 324, 406, 361
376, 3, 371, 155, 616, 239
376, 4, 1165, 16, 1230, 118
377, 0, 42, 34, 141, 219
377, 1, 116, 329, 380, 355
377, 2, 389, 153, 687, 272
377, 3, 940, 53, 998, 163
378, 0, 23, 97, 169, 351
378, 1, 47, 14, 91, 80
378, 2, 261, 336, 336, 356
378, 3, 399, 153, 675, 344
378, 4, 915, 72, 1002, 163
378, 5, 1105, 120, 1174, 246
378, 6, 1151, 15, 1231, 142
379, 0, 25, 101, 51, 230
379, 1, 447, 154, 813, 297
379, 2, 1127, 115, 1225, 223
380, 0, 28, 77, 64, 227
380, 1, 506, 154, 811, 295
380, 2, 1111, 131, 1205, 241
381, 0, 542, 150, 847, 291
382, 0, 553, 148, 1018, 342
382, 1, 936, 42, 996, 221
383, 0, 37, 311, 1017, 341
383, 1, 563, 152, 879, 289
384, 0, 18, 120, 113, 338
384, 1, 31, 16, 163, 224
384, 2, 629, 152, 910, 289
384, 3, 942, 13, 1228, 241
385, 0, 650, 93, 1007, 310
386, 0, 18, 14, 159, 358
386, 1, 668, 16, 1230, 318
387, 0, 712, 11, 1097, 288
388, 0, 828, 198, 946, 288
388, 1, 755, 38, 1067, 265
389, 0, 760, 38, 1146, 358
389, 1, 847, 190, 970, 330
390, 0, 21, 20, 128, 357
390, 1, 807, 101, 1227, 354
390, 2, 989, 14, 1225, 182
391, 0, 214, 205, 362, 270
391, 1, 849, 133, 1191, 363
392, 0, 198, 180, 272, 286
392, 1, 886, 14, 1225, 328
393, 0, 20, 16, 153, 349
393, 1, 239, 176, 340, 244
393, 2, 958, 14, 1225, 262
394, 0, 19, 17, 165, 349
394, 1, 992, 129, 1195, 264
394, 2, 1116, 18, 1225, 163
395, 0, 123, 222, 289, 308
395, 1, 315, 204, 366, 267
395, 2, 1046, 144, 1220, 265
396, 0, 102, 243, 260, 328
396, 1, 1134, 144, 1222, 233
397, 0, 94, 251, 288, 336
397, 1, 1141, 143, 1229, 243
398, 0, 13, 222, 315, 349
398, 1, 437, 162, 592, 245
398, 2, 1200, 20, 1223, 178
399, 0, 12, 19, 168, 357
399, 1, 1081, 17, 1229, 263
400, 0, 13, 19, 143, 244
400, 1, 236, 187, 277, 289
400, 2, 1202, 19, 1223, 201
401, 0, 51, 200, 225, 348
401, 1, 206, 187, 278, 264
401, 2, 426, 162, 553, 243
402, 0, 16, 19, 239, 278
402, 1, 1100, 17, 1225, 241
403, 0, 17, 19, 243, 363
403, 1, 1083, 18, 1224, 261
404, 0, 37, 196, 237, 332
404, 1, 433, 161, 528, 223
405, 0, 12, 202, 360, 345
405, 1, 424, 181, 535, 244
406, 0, 29, 205, 227, 351
406, 1, 299, 182, 524, 265
407, 0, 20, 22, 177, 346
407, 1, 1180, 23, 1221, 244
408, 0, 57, 206, 115, 288
408, 1, 210, 179, 492, 321
409, 0, 80, 202, 150, 348
409, 1, 249, 189, 488, 287
410, 0, 60, 221, 148, 330
410, 1, 232, 191, 460, 289
411, 0, 215, 179, 455, 301
412, 0, 34, 179, 458, 363
412, 1, 1220, 80, 1221, 241
413, 0, 160, 202, 431, 328
414, 0, 20, 20, 339, 361
414, 1, 20, 220, 141, 361
414, 2, 1040, 20, 1221, 361
415, 0, 20, 20, 41, 161
415, 1, 20, 183, 358, 361
415, 2, 1140, 20, 1221, 241
416, 0, 20, 20, 221, 241
416, 1, 20, 220, 257, 361
416, 2, 1000, 340, 1081, 361
416, 3, 1020, 20, 1221, 341
417, 0, 20, 181, 360, 350
418, 0, 20, 20, 339, 342
418, 1, 23, 280, 130, 323
418, 2, 1060, 20, 1221, 261
419, 0, 38, 187, 336, 342
420, 0, 20, 20, 327, 339
420, 1, 1200, 20, 1221, 241
421, 0, 20, 20, 284, 326
421, 1, 1080, 20, 1221, 261
422, 0, 20, 20, 269, 336
422, 1, 1119, 20, 1221, 241
423, 0, 79, 202, 311, 361
424, 0, 50, 202, 256, 346
425, 0, 52, 203, 256, 342
426, 0, 17, 215, 226, 319
427, 0, 22, 229, 152, 333
429, 0, 20, 20, 81, 181
429, 1, 21, 220, 73, 336
429, 2, 1160, 20, 1221, 241
438, 0, 20, 20, 181, 321
438, 1, 20, 220, 201, 361
438, 2, 1000, 20, 1221, 361
439, 0, 20, 20, 141, 241
439, 1, 20, 220, 121, 361
439, 2, 1060, 20, 1221, 361
440, 0, 1120, 20, 1221, 241
443, 0, 20, 20, 41, 141
443, 1, 1160, 220, 1221, 241
443, 2, 1180, 20, 1221, 221
