6, 0, 899, 25, 980, 153
6, 1, 832, 151, 1131, 261
6, 2, 1053, 67, 1124, 127
7, 0, 31, 35, 205, 112
7, 1, 43, 153, 377, 342
7, 2, 905, 115, 1115, 337
7, 3, 905, 24, 1011, 184
7, 4, 1150, 123, 1219, 232
8, 0, 53, 140, 272, 330
8, 1, 912, 229, 1003, 343
8, 2, 832, 23, 1169, 120
9, 0, 35, 161, 192, 301
9, 1, 31, 77, 228, 215
9, 2, 770, 105, 940, 256
9, 3, 915, 45, 1126, 129
10, 0, 70, 85, 192, 330
10, 1, 916, 24, 1089, 100
11, 0, 75, 165, 135, 356
11, 1, 834, 42, 1006, 212
11, 2, 1082, 25, 1221, 80
12, 0, 108, 51, 165, 189
12, 1, 517, 235, 884, 330
12, 2, 695, 88, 815, 239
12, 3, 846, 47, 891, 138
12, 4, 932, 92, 1020, 290
13, 0, 858, 32, 1188, 183
13, 1, 904, 163, 1091, 338
14, 0, 865, 40, 1154, 228
15, 0, 116, 140, 256, 271
15, 1, 430, 251, 708, 335
15, 2, 881, 53, 1150, 243
15, 3, 1024, 292, 1099, 341
16, 0, 120, 95, 669, 342
16, 1, 860, 43, 1228, 344
16, 2, 972, 20, 1013, 61
17, 0, 92, 137, 182, 291
17, 1, 635, 244, 746, 315
17, 2, 860, 50, 1096, 233
17, 3, 981, 266, 1102, 330
17, 4, 1017, 17, 1177, 118
18, 0, 104, 88, 172, 162
18, 1, 375, 275, 465, 354
18, 2, 570, 99, 1154, 346
18, 3, 672, 35, 741, 88
18, 4, 865, 51, 1054, 129
18, 5, 1103, 18, 1156, 103
19, 0, 122, 271, 253, 355
19, 1, 573, 258, 917, 347
19, 2, 931, 272, 1138, 343
19, 3, 855, 43, 1215, 310
20, 0, 32, 30, 635, 360
20, 1, 633, 256, 784, 345
20, 2, 947, 182, 1145, 341
20, 3, 944, 23, 1209, 190
21, 0, 52, 226, 284, 361
21, 1, 229, 51, 325, 205
21, 2, 450, 258, 771, 357
21, 3, 983, 269, 1110, 329
21, 4, 953, 44, 988, 96
22, 0, 37, 129, 320, 294
22, 1, 42, 117, 1203, 360
22, 2, 60, 45, 338, 209
22, 3, 905, 32, 1153, 165
23, 0, 34, 201, 180, 326
23, 1, 271, 38, 324, 113
23, 2, 471, 271, 887, 360
24, 0, 42, 115, 312, 342
24, 1, 147, 45, 335, 94
24, 2, 476, 327, 527, 349
24, 3, 616, 277, 878, 357
24, 4, 980, 264, 1106, 341
24, 5, 1018, 52, 1160, 186
25, 0, 90, 203, 190, 329
25, 1, 64, 29, 279, 257
25, 2, 385, 315, 640, 359
25, 3, 1081, 78, 1207, 330
25, 4, 1063, 79, 1133, 143
26, 0, 44, 140, 294, 340
26, 1, 36, 37, 242, 102
26, 2, 606, 296, 902, 357
26, 3, 832, 33, 901, 115
26, 4, 1053, 87, 1157, 339
27, 0, 57, 203, 258, 341
27, 1, 88, 29, 344, 206
27, 2, 516, 25, 626, 75
27, 3, 568, 304, 871, 361
27, 4, 817, 32, 990, 186
27, 5, 1060, 143, 1196, 209
27, 6, 1113, 55, 1213, 101
28, 0, 73, 11, 410, 366
28, 1, 42, 239, 107, 340
28, 2, 838, 303, 886, 350
28, 3, 983, 161, 1197, 208
28, 4, 1089, 32, 1190, 121
29, 0, 27, 11, 402, 326
29, 1, 53, 239, 187, 351
29, 2, 769, 138, 1161, 352
29, 3, 846, 45, 893, 132
30, 0, 41, 23, 369, 183
30, 1, 45, 201, 161, 343
30, 2, 925, 63, 1080, 184
30, 3, 980, 204, 1173, 319
30, 4, 1153, 336, 1216, 359
31, 0, 46, 71, 128, 301
31, 1, 226, 29, 399, 60
31, 2, 766, 32, 989, 139
31, 3, 1087, 183, 1216, 354
31, 4, 1165, 25, 1207, 140
32, 0, 52, 35, 259, 315
32, 1, 775, 24, 1210, 161
32, 2, 1085, 114, 1192, 264
33, 0, 68, 19, 431, 315
33, 1, 518, 18, 1176, 183
33, 2, 788, 133, 938, 248
33, 3, 993, 229, 1181, 299
34, 0, 63, 25, 336, 106
34, 1, 28, 282, 114, 362
34, 2, 600, 317, 812, 360
34, 3, 876, 153, 1021, 275
34, 4, 896, 24, 1165, 104
35, 0, 57, 33, 207, 351
35, 1, 766, 103, 1183, 247
35, 2, 964, 19, 1186, 111
36, 0, 80, 144, 201, 269
36, 1, 620, 61, 1229, 334
36, 2, 883, 15, 1048, 108
37, 0, 53, 101, 161, 322
37, 1, 75, 27, 312, 103
37, 2, 876, 21, 1130, 198
37, 3, 983, 220, 1168, 330
37, 4, 1160, 59, 1219, 178
38, 0, 175, 22, 283, 61
38, 1, 824, 128, 1185, 353
38, 2, 979, 15, 1169, 111
39, 0, 27, 24, 315, 351
39, 1, 964, 96, 1188, 305
39, 2, 1010, 17, 1154, 112
40, 0, 62, 179, 315, 313
40, 1, 135, 21, 310, 102
40, 2, 751, 151, 936, 271
40, 3, 937, 17, 1201, 91
40, 4, 1038, 78, 1116, 157
41, 0, 64, 182, 270, 332
41, 1, 100, 20, 284, 106
41, 2, 784, 73, 916, 233
41, 3, 1032, 22, 1157, 210
42, 0, 27, 75, 944, 354
42, 1, 31, 11, 245, 62
42, 2, 693, 25, 859, 77
42, 3, 1079, 38, 1174, 167
43, 0, 11, 24, 258, 84
43, 1, 72, 202, 784, 333
43, 2, 783, 39, 1166, 149
43, 3, 795, 179, 1026, 280
44, 0, 74, 200, 219, 325
44, 1, 828, 151, 1117, 318
44, 2, 908, 61, 1173, 181
45, 0, 10, 199, 217, 339
45, 1, 848, 25, 1214, 285
46, 0, 70, 202, 240, 286
46, 1, 759, 50, 910, 156
46, 2, 857, 155, 1168, 326
46, 3, 957, 20, 1132, 93
46, 4, 1112, 242, 1159, 327
47, 0, 51, 24, 230, 292
47, 1, 933, 26, 1225, 240
47, 2, 955, 179, 1149, 324
48, 0, 64, 199, 209, 333
48, 1, 618, 261, 1001, 353
48, 2, 909, 19, 1203, 302
49, 0, 54, 31, 198, 332
49, 1, 368, 257, 841, 357
49, 2, 1013, 160, 1204, 243
49, 3, 995, 22, 1198, 92
50, 0, 58, 29, 214, 331
50, 1, 304, 275, 793, 362
50, 2, 951, 162, 1150, 323
50, 3, 977, 33, 1195, 106
51, 0, 64, 137, 266, 249
51, 1, 279, 55, 354, 179
51, 2, 300, 279, 625, 362
51, 3, 704, 262, 833, 336
51, 4, 777, 21, 1199, 217
51, 5, 1049, 188, 1144, 336
52, 0, 75, 19, 337, 287
52, 1, 352, 290, 841, 359
52, 2, 962, 17, 1176, 187
53, 0, 44, 163, 174, 345
53, 1, 270, 104, 329, 203
53, 2, 358, 316, 637, 360
53, 3, 746, 284, 833, 334
53, 4, 1046, 19, 1202, 84
54, 0, 46, 33, 225, 279
54, 1, 50, 288, 147, 340
54, 2, 433, 323, 620, 340
54, 3, 781, 279, 832, 344
54, 4, 949, 23, 1182, 209
55, 0, 415, 289, 928, 353
55, 1, 967, 42, 1155, 126
56, 0, 160, 82, 279, 289
56, 1, 704, 311, 907, 345
56, 2, 769, 79, 958, 182
56, 3, 1031, 250, 1163, 341
57, 0, 39, 162, 161, 355
57, 1, 151, 240, 182, 349
57, 2, 748, 34, 1070, 207
58, 0, 758, 48, 908, 183
59, 0, 45, 34, 197, 331
59, 1, 401, 259, 649, 315
59, 2, 701, 64, 909, 186
59, 3, 937, 37, 1102, 157
60, 0, 75, 32, 173, 248
60, 1, 34, 291, 101, 345
60, 2, 468, 285, 622, 350
60, 3, 681, 32, 896, 236
60, 4, 979, 15, 1191, 158
61, 0, 42, 144, 218, 315
61, 1, 519, 296, 682, 344
61, 2, 705, 13, 1087, 229
61, 3, 1103, 136, 1192, 302
62, 0, 50, 25, 282, 321
62, 1, 744, 15, 1197, 232
62, 2, 1077, 163, 1176, 214
63, 0, 108, 208, 152, 266
63, 1, 751, 18, 1225, 233
63, 2, 827, 250, 1127, 343
63, 3, 1132, 138, 1228, 266
64, 0, 38, 37, 317, 296
64, 1, 469, 211, 697, 356
64, 2, 741, 18, 1089, 332
64, 3, 950, 43, 1068, 177
64, 4, 1106, 176, 1177, 347
65, 0, 51, 25, 252, 341
65, 1, 109, 274, 127, 318
65, 2, 324, 69, 950, 358
65, 3, 761, 23, 846, 93
65, 4, 983, 158, 1125, 353
65, 5, 948, 40, 1078, 159
66, 0, 98, 49, 228, 325
66, 1, 289, 161, 904, 343
66, 2, 1018, 188, 1175, 346
66, 3, 811, 23, 855, 91
66, 4, 900, 67, 1127, 244
66, 5, 1026, 18, 1147, 91
67, 0, 65, 48, 79, 147
67, 1, 229, 224, 814, 341
67, 2, 847, 47, 1012, 150
67, 3, 1002, 116, 1120, 314
67, 4, 1084, 157, 1219, 325
67, 5, 1030, 15, 1171, 85
68, 0, 37, 24, 398, 360
68, 1, 467, 276, 910, 354
68, 2, 1123, 292, 1193, 355
68, 3, 1090, 143, 1184, 261
68, 4, 984, 105, 1091, 183
68, 5, 1032, 24, 1195, 82
69, 0, 47, 70, 159, 267
69, 1, 194, 214, 993, 360
69, 2, 964, 135, 1179, 240
69, 3, 1026, 28, 1188, 71
70, 0, 63, 33, 334, 342
70, 1, 423, 290, 931, 359
70, 2, 1024, 294, 1141, 351
70, 3, 1134, 139, 1231, 264
70, 4, 1039, 22, 1202, 88
71, 0, 91, 159, 319, 345
71, 1, 522, 287, 713, 351
71, 2, 1153, 131, 1201, 245
72, 0, 100, 159, 316, 345
72, 1, 712, 42, 773, 133
72, 2, 903, 18, 1106, 76
73, 0, 60, 22, 332, 340
73, 1, 880, 297, 1150, 352
73, 2, 946, 126, 1184, 270
73, 3, 923, 18, 1202, 142
74, 0, 737, 22, 871, 154
76, 0, 46, 32, 152, 90
76, 1, 27, 87, 387, 341
76, 2, 739, 14, 1204, 176
76, 3, 986, 133, 1121, 309
76, 4, 1091, 164, 1158, 201
77, 0, 55, 112, 222, 322
77, 1, 874, 105, 1021, 168
78, 0, 16, 56, 267, 296
78, 1, 875, 111, 1043, 209
78, 2, 934, 239, 1190, 337
78, 3, 863, 23, 1014, 108
79, 0, 317, 277, 581, 312
79, 1, 699, 319, 898, 329
79, 2, 912, 184, 1229, 348
79, 3, 968, 16, 1207, 138
80, 0, 71, 79, 173, 333
80, 1, 839, 24, 1189, 223
80, 2, 936, 251, 1190, 363
81, 0, 46, 77, 381, 258
81, 1, 812, 33, 1198, 223
81, 2, 988, 147, 1203, 363
82, 0, 44, 78, 158, 322
82, 1, 440, 165, 1210, 343
82, 2, 918, 22, 1200, 145
83, 0, 57, 92, 221, 299
83, 1, 398, 273, 580, 336
83, 2, 766, 84, 1203, 268
83, 3, 1112, 20, 1194, 113
84, 0, 306, 63, 385, 160
84, 1, 760, 22, 1008, 182
84, 2, 898, 155, 1073, 304
84, 3, 1123, 38, 1211, 237
85, 0, 35, 26, 201, 254
85, 1, 159, 249, 334, 339
85, 2, 283, 51, 388, 177
85, 3, 756, 37, 1199, 321
85, 4, 988, 32, 1194, 155
86, 0, 35, 24, 328, 171
86, 1, 788, 31, 1217, 297
86, 2, 1036, 180, 1216, 328
86, 3, 1148, 324, 1209, 361
87, 0, 49, 24, 83, 121
87, 1, 205, 22, 377, 220
87, 2, 691, 279, 772, 341
87, 3, 844, 144, 1023, 320
87, 4, 911, 11, 1181, 160
87, 5, 1025, 124, 1211, 359
88, 0, 25, 12, 365, 320
88, 1, 447, 253, 745, 310
88, 2, 869, 14, 1232, 349
89, 0, 36, 25, 318, 328
89, 1, 450, 228, 718, 321
89, 2, 921, 146, 1229, 345
89, 3, 887, 29, 1160, 143
90, 0, 30, 39, 298, 335
90, 1, 275, 18, 432, 103
90, 2, 342, 290, 488, 335
90, 3, 613, 246, 760, 345
90, 4, 827, 162, 1084, 335
90, 5, 910, 31, 1148, 260
91, 0, 80, 25, 870, 354
91, 1, 938, 155, 1212, 358
91, 2, 1142, 290, 1205, 362
91, 3, 974, 15, 1171, 203
92, 0, 48, 160, 386, 340
92, 1, 526, 232, 818, 354
92, 2, 904, 251, 953, 337
92, 3, 1003, 199, 1129, 363
92, 4, 1148, 184, 1217, 350
92, 5, 988, 21, 1168, 250
93, 0, 57, 16, 423, 338
93, 1, 115, 289, 188, 356
93, 2, 522, 166, 923, 359
93, 3, 715, 28, 869, 77
93, 4, 1049, 279, 1207, 357
93, 5, 1083, 51, 1195, 199
93, 6, 1038, 32, 1138, 80
93, 7, 1008, 192, 1102, 268
94, 0, 37, 112, 127, 199
94, 1, 150, 165, 228, 244
94, 2, 70, 265, 143, 310
94, 3, 525, 243, 933, 361
94, 4, 1030, 264, 1206, 360
94, 5, 988, 220, 1116, 254
95, 0, 54, 126, 288, 292
95, 1, 62, 20, 149, 125
95, 2, 274, 205, 1174, 356
95, 3, 1161, 108, 1208, 202
96, 0, 54, 72, 295, 332
96, 1, 422, 257, 950, 354
96, 2, 1051, 200, 1230, 352
97, 0, 61, 159, 191, 313
97, 1, 86, 26, 294, 215
97, 2, 507, 227, 969, 364
97, 3, 1056, 270, 1192, 349
97, 4, 1046, 131, 1200, 253
97, 5, 1048, 21, 1201, 109
98, 0, 52, 23, 242, 219
98, 1, 66, 250, 172, 323
98, 2, 475, 258, 575, 340
98, 3, 684, 285, 948, 355
98, 4, 1007, 231, 1170, 352
98, 5, 1079, 109, 1186, 209
98, 6, 1050, 21, 1202, 109
99, 0, 88, 108, 252, 322
99, 1, 691, 264, 959, 349
100, 0, 90, 102, 247, 320
100, 1, 783, 290, 957, 350
101, 0, 43, 24, 289, 331
101, 1, 516, 233, 672, 339
101, 2, 765, 331, 957, 353
101, 3, 981, 17, 1189, 336
102, 0, 49, 100, 237, 315
102, 1, 1143, 17, 1198, 113
103, 0, 102, 146, 193, 205
104, 0, 70, 100, 275, 319
104, 1, 416, 266, 539, 330
104, 2, 840, 156, 1132, 335
104, 3, 917, 47, 1009, 131
105, 0, 62, 147, 122, 257
105, 1, 940, 36, 1057, 103
106, 0, 62, 21, 163, 278
106, 1, 406, 260, 513, 343
106, 2, 944, 23, 1068, 103
106, 3, 993, 28, 1232, 220
107, 0, 56, 149, 119, 244
107, 1, 231, 131, 297, 212
107, 2, 274, 260, 528, 329
107, 3, 706, 135, 1147, 323
107, 4, 875, 26, 1168, 125
108, 0, 55, 42, 267, 312
108, 1, 849, 127, 1144, 319
108, 2, 882, 35, 1008, 163
108, 3, 1036, 26, 1100, 99
109, 0, 46, 129, 151, 248
109, 1, 942, 19, 1150, 127
109, 2, 1053, 127, 1174, 220
110, 0, 52, 131, 179, 280
110, 1, 1024, 22, 1171, 73
111, 0, 26, 38, 119, 268
111, 1, 811, 13, 1205, 321
112, 0, 26, 121, 181, 241
112, 1, 438, 320, 664, 335
112, 2, 874, 146, 1080, 263
113, 0, 44, 110, 149, 202
113, 1, 960, 120, 1044, 299
114, 0, 35, 106, 197, 280
114, 1, 931, 122, 1125, 282
115, 0, 29, 99, 86, 258
115, 1, 483, 317, 662, 331
115, 2, 1026, 243, 1058, 336
115, 3, 1005, 15, 1185, 156
116, 0, 31, 115, 271, 317
116, 1, 777, 85, 960, 202
116, 2, 966, 254, 1069, 320
116, 3, 1011, 181, 1103, 236
116, 4, 993, 19, 1210, 123
117, 0, 57, 125, 421, 340
117, 1, 830, 25, 1190, 248
118, 0, 54, 102, 199, 313
118, 1, 797, 27, 903, 152
118, 2, 846, 251, 966, 330
118, 3, 985, 16, 1115, 54
119, 0, 23, 126, 123, 271
119, 1, 12, 15, 89, 100
119, 2, 880, 34, 937, 97
119, 3, 944, 177, 1092, 291
119, 4, 1006, 14, 1109, 76
120, 0, 38, 42, 304, 318
120, 1, 32, 23, 137, 56
120, 2, 857, 19, 1120, 201
120, 3, 955, 266, 1133, 323
121, 0, 28, 99, 178, 339
121, 1, 46, 24, 233, 86
121, 2, 237, 99, 290, 211
121, 3, 963, 62, 1086, 210
122, 0, 19, 20, 355, 279
122, 1, 893, 11, 1145, 266
123, 0, 58, 21, 329, 286
123, 1, 805, 18, 1159, 151
124, 0, 62, 29, 347, 251
124, 1, 495, 308, 650, 350
124, 2, 917, 13, 1122, 124
124, 3, 1072, 66, 1171, 107
125, 0, 87, 17, 330, 182
125, 1, 503, 264, 593, 344
125, 2, 917, 95, 1033, 209
125, 3, 928, 13, 1186, 102
126, 0, 12, 20, 297, 348
126, 1, 481, 264, 553, 299
126, 2, 964, 17, 1137, 116
126, 3, 1162, 48, 1200, 86
127, 0, 40, 30, 177, 328
127, 1, 1053, 19, 1170, 106
128, 0, 69, 127, 188, 290
128, 1, 537, 257, 690, 311
128, 2, 969, 195, 1071, 342
129, 0, 52, 271, 259, 334
129, 1, 491, 255, 658, 341
129, 2, 860, 45, 1021, 133
129, 3, 1044, 35, 1212, 82
131, 0, 59, 242, 254, 334
131, 1, 422, 308, 612, 326
132, 0, 60, 144, 174, 334
132, 1, 414, 301, 644, 338
132, 2, 868, 23, 893, 131
133, 0, 41, 38, 203, 263
133, 1, 874, 12, 1077, 117
133, 2, 846, 122, 990, 255
133, 3, 1029, 191, 1189, 259
134, 0, 63, 122, 145, 260
134, 1, 234, 66, 352, 197
134, 2, 810, 36, 1111, 322
134, 3, 1001, 29, 1062, 102
135, 0, 925, 14, 1088, 100
135, 1, 992, 71, 1058, 215
135, 2, 1132, 269, 1213, 335
136, 0, 35, 92, 120, 195
136, 1, 849, 13, 1169, 192
137, 0, 155, 23, 229, 167
137, 1, 873, 14, 1161, 189
138, 0, 61, 24, 278, 198
138, 1, 925, 11, 1203, 191
139, 0, 82, 35, 227, 192
139, 1, 833, 19, 1208, 306
139, 2, 942, 29, 1059, 73
140, 0, 57, 70, 130, 180
140, 1, 431, 279, 524, 316
140, 2, 898, 160, 1004, 251
140, 3, 964, 17, 1189, 138
141, 0, 45, 104, 169, 205
141, 1, 434, 278, 534, 298
141, 2, 989, 18, 1177, 115
142, 0, 97, 139, 356, 198
142, 1, 458, 274, 627, 337
142, 2, 825, 18, 1121, 213
142, 3, 882, 261, 1005, 338
143, 0, 484, 272, 690, 315
143, 1, 923, 21, 1152, 194
144, 0, 44, 177, 271, 206
144, 1, 216, 270, 639, 348
144, 2, 1023, 32, 1132, 167
145, 0, 89, 158, 166, 248
145, 1, 449, 272, 696, 352
145, 2, 920, 32, 1156, 264
146, 0, 55, 127, 165, 248
146, 1, 230, 47, 274, 206
146, 2, 289, 294, 578, 349
146, 3, 867, 190, 976, 252
146, 4, 1064, 126, 1139, 298
147, 0, 46, 20, 135, 223
147, 1, 221, 293, 602, 357
147, 2, 900, 189, 1060, 280
147, 3, 978, 25, 1144, 152
148, 0, 48, 49, 120, 103
148, 1, 417, 312, 638, 357
148, 2, 993, 123, 1125, 252
149, 0, 53, 86, 301, 311
149, 1, 530, 304, 638, 360
149, 2, 840, 160, 1051, 326
150, 0, 47, 29, 450, 332
150, 1, 562, 328, 689, 349
150, 2, 958, 139, 1122, 249
150, 3, 1048, 270, 1078, 332
150, 4, 894, 31, 1169, 137
151, 0, 92, 213, 222, 293
151, 1, 940, 188, 1169, 351
152, 0, 20, 14, 840, 318
152, 1, 1107, 119, 1147, 198
153, 0, 49, 27, 305, 255
153, 1, 700, 58, 943, 269
153, 2, 1031, 54, 1186, 293
154, 0, 19, 40, 347, 352
154, 1, 715, 49, 945, 305
154, 2, 975, 25, 1200, 156
155, 0, 14, 43, 155, 298
155, 1, 810, 37, 868, 114
155, 2, 948, 215, 985, 293
155, 3, 1040, 21, 1207, 132
156, 0, 26, 21, 326, 188
156, 1, 37, 226, 146, 328
156, 2, 838, 22, 1172, 222
156, 3, 904, 271, 1014, 319
157, 0, 19, 32, 145, 204
157, 1, 35, 227, 112, 329
157, 2, 382, 297, 768, 338
157, 3, 842, 27, 1175, 130
157, 4, 939, 278, 1103, 344
157, 5, 967, 131, 1187, 261
158, 0, 47, 56, 147, 299
158, 1, 719, 12, 1199, 255
158, 2, 946, 270, 1143, 347
159, 0, 35, 26, 226, 164
159, 1, 713, 256, 893, 342
159, 2, 834, 17, 1177, 237
159, 3, 836, 109, 1121, 339
160, 0, 42, 162, 98, 253
160, 1, 28, 30, 202, 255
160, 2, 132, 280, 494, 357
160, 3, 642, 293, 1162, 346
160, 4, 832, 81, 979, 190
160, 5, 894, 10, 1219, 252
161, 0, 30, 15, 183, 351
161, 1, 901, 95, 1010, 203
161, 2, 888, 13, 1054, 98
161, 3, 1048, 22, 1207, 231
161, 4, 1060, 201, 1155, 314
162, 0, 28, 26, 256, 323
162, 1, 384, 226, 865, 356
162, 2, 941, 151, 1081, 329
162, 3, 929, 20, 1216, 257
163, 0, 361, 295, 445, 356
163, 1, 618, 278, 887, 340
163, 2, 890, 74, 1188, 308
163, 3, 931, 20, 1060, 111
163, 4, 1112, 12, 1214, 115
164, 0, 25, 26, 289, 252
164, 1, 24, 158, 442, 359
164, 2, 600, 295, 762, 334
164, 3, 885, 16, 1211, 161
164, 4, 1004, 135, 1203, 317
165, 0, 24, 31, 480, 352
165, 1, 577, 277, 1014, 362
165, 2, 1043, 163, 1220, 320
165, 3, 1033, 91, 1199, 186
165, 4, 1078, 11, 1232, 99
166, 0, 262, 259, 789, 362
166, 1, 909, 48, 1174, 310
166, 2, 1035, 14, 1181, 127
167, 0, 95, 316, 646, 358
167, 1, 769, 292, 861, 350
167, 2, 948, 12, 1223, 179
167, 3, 1051, 174, 1179, 331
168, 0, 43, 31, 222, 287
168, 1, 46, 307, 675, 363
168, 2, 733, 260, 888, 344
168, 3, 1017, 148, 1228, 340
168, 4, 1046, 15, 1224, 157
169, 0, 22, 29, 676, 361
169, 1, 1106, 254, 1205, 329
169, 2, 1088, 137, 1169, 235
169, 3, 1134, 51, 1217, 156
170, 0, 172, 279, 1030, 363
170, 1, 1111, 204, 1216, 346
170, 2, 1023, 19, 1217, 117
171, 0, 228, 351, 408, 358
171, 1, 499, 279, 907, 361
171, 2, 1021, 224, 1180, 328
171, 3, 1142, 50, 1216, 159
172, 0, 74, 302, 416, 360
172, 1, 522, 224, 1212, 363
173, 0, 24, 27, 180, 340
173, 1, 544, 280, 835, 363
173, 2, 879, 280, 1000, 356
173, 3, 1050, 30, 1215, 261
174, 0, 586, 276, 770, 362
174, 1, 867, 281, 1051, 348
175, 0, 31, 28, 250, 346
175, 1, 771, 276, 1191, 347
175, 2, 1036, 14, 1219, 228
175, 3, 1062, 181, 1132, 253
176, 0, 729, 288, 1193, 348
177, 0, 20, 27, 220, 344
177, 1, 697, 277, 902, 338
177, 2, 1043, 291, 1201, 348
177, 3, 1090, 183, 1207, 251
177, 4, 1080, 15, 1211, 210
178, 0, 1118, 294, 1184, 344
179, 0, 12, 52, 260, 322
179, 1, 1067, 283, 1215, 339
179, 2, 1065, 14, 1220, 252
180, 0, 557, 302, 861, 343
180, 1, 1022, 308, 1160, 340
181, 0, 26, 50, 284, 364
181, 1, 654, 301, 855, 343
181, 2, 972, 282, 1186, 341
181, 3, 1029, 13, 1218, 306
182, 0, 80, 331, 231, 362
182, 1, 793, 299, 1200, 344
183, 0, 88, 329, 230, 360
183, 1, 486, 322, 622, 359
183, 2, 1018, 303, 1174, 338
184, 0, 492, 326, 674, 347
185, 0, 26, 50, 58, 280
185, 1, 488, 337, 760, 347
185, 2, 1115, 28, 1213, 204
185, 3, 1140, 229, 1192, 251
186, 0, 472, 330, 589, 364
186, 1, 723, 295, 1019, 358
187, 0, 20, 36, 188, 364
187, 1, 1019, 300, 1201, 358
187, 2, 1066, 29, 1212, 274
188, 0, 27, 37, 175, 362
188, 1, 940, 12, 1208, 302
188, 2, 991, 325, 1200, 356
189, 0, 12, 37, 195, 364
189, 1, 888, 270, 1196, 355
189, 2, 979, 30, 1209, 274
190, 0, 16, 37, 237, 355
190, 1, 811, 225, 1197, 353
190, 2, 930, 11, 1198, 274
193, 0, 35, 120, 148, 352
193, 1, 70, 41, 129, 82
193, 2, 1023, 13, 1210, 350
195, 0, 1079, 320, 1135, 346
195, 1, 1121, 208, 1178, 296
195, 2, 1144, 32, 1196, 230
196, 0, 51, 41, 173, 349
196, 1, 964, 30, 1199, 345
197, 0, 54, 40, 86, 343
197, 1, 1080, 28, 1221, 362
198, 0, 58, 78, 101, 342
198, 1, 943, 338, 1094, 364
198, 2, 1079, 27, 1206, 362
199, 0, 1110, 29, 1207, 359
200, 0, 1095, 319, 1213, 364
201, 0, 1039, 320, 1214, 365
201, 1, 1046, 33, 1176, 276
202, 0, 1153, 30, 1197, 279
202, 1, 1118, 325, 1220, 357
203, 0, 860, 37, 927, 59
203, 1, 1038, 30, 1199, 352
204, 0, 1133, 344, 1215, 363
205, 0, 832, 35, 921, 58
205, 1, 1012, 345, 1176, 357
207, 0, 123, 32, 175, 88
207, 1, 855, 26, 986, 56
207, 2, 972, 350, 1130, 354
208, 0, 875, 28, 1030, 52
208, 1, 1073, 247, 1159, 352
208, 2, 1084, 19, 1164, 250
209, 0, 922, 14, 1208, 249
209, 1, 980, 202, 1147, 353
210, 0, 144, 36, 277, 107
210, 1, 956, 15, 1198, 225
210, 2, 1014, 131, 1161, 363
211, 0, 144, 40, 285, 276
211, 1, 796, 269, 1127, 364
211, 2, 891, 18, 1228, 302
211, 3, 902, 174, 936, 245
212, 0, 1004, 204, 1201, 357
212, 1, 1127, 56, 1184, 155
213, 0, 761, 346, 863, 353
213, 1, 906, 21, 1187, 247
213, 2, 940, 250, 1156, 355
215, 0, 1048, 45, 1168, 128
216, 0, 933, 21, 1197, 357
217, 0, 869, 19, 1157, 359
217, 1, 900, 201, 996, 340
218, 0, 869, 19, 1154, 337
218, 1, 882, 250, 1088, 348
219, 0, 281, 339, 357, 363
219, 1, 973, 129, 992, 201
220, 0, 262, 320, 751, 363
220, 1, 747, 16, 863, 49
221, 0, 293, 339, 387, 365
221, 1, 794, 21, 1171, 252
221, 2, 895, 219, 1181, 348
222, 0, 277, 332, 430, 364
222, 1, 709, 94, 967, 148
222, 2, 782, 13, 915, 66
222, 3, 1113, 248, 1191, 281
223, 0, 321, 334, 471, 361
223, 1, 734, 19, 1218, 315
223, 2, 920, 238, 1110, 339
224, 0, 199, 103, 229, 212
224, 1, 265, 329, 572, 361
224, 2, 774, 19, 1202, 278
224, 3, 932, 193, 1157, 362
225, 0, 282, 316, 512, 364
225, 1, 973, 62, 1202, 344
225, 2, 926, 18, 1092, 73
226, 0, 288, 309, 542, 359
226, 1, 908, 231, 978, 344
226, 2, 826, 108, 1126, 228
226, 3, 929, 22, 1010, 81
226, 4, 1054, 250, 1159, 348
226, 5, 1124, 144, 1226, 300
227, 0, 403, 306, 561, 355
227, 1, 850, 93, 997, 153
227, 2, 896, 21, 1143, 157
227, 3, 994, 201, 1102, 299
227, 4, 1159, 173, 1231, 239
228, 0, 313, 281, 579, 360
228, 1, 886, 62, 1187, 154
228, 2, 1031, 21, 1103, 41
229, 0, 451, 324, 647, 356
229, 1, 874, 97, 1140, 267
229, 2, 960, 19, 1076, 67
230, 0, 296, 291, 611, 354
230, 1, 859, 103, 1155, 279
230, 2, 1008, 24, 1112, 86
231, 0, 39, 225, 146, 292
231, 1, 481, 313, 598, 358
231, 2, 920, 215, 1046, 300
231, 3, 947, 20, 1187, 173
232, 0, 451, 302, 668, 360
232, 1, 987, 208, 1115, 290
232, 2, 932, 29, 1185, 175
233, 0, 25, 231, 99, 273
233, 1, 404, 305, 680, 356
233, 2, 1003, 170, 1146, 301
233, 3, 1026, 18, 1178, 151
234, 0, 37, 33, 190, 348
234, 1, 376, 299, 647, 350
234, 2, 870, 19, 1216, 236
235, 0, 37, 171, 203, 349
235, 1, 466, 304, 725, 363
235, 2, 892, 23, 954, 190
235, 3, 1032, 15, 1148, 57
235, 4, 1145, 115, 1229, 220
236, 0, 36, 19, 108, 63
236, 1, 78, 80, 172, 207
236, 2, 497, 305, 698, 363
236, 3, 1015, 208, 1153, 342
236, 4, 978, 16, 1218, 183
237, 0, 61, 170, 117, 229
237, 1, 515, 304, 727, 353
237, 2, 1083, 16, 1176, 46
237, 3, 1118, 105, 1233, 138
238, 0, 55, 129, 128, 249
238, 1, 25, 27, 76, 53
238, 2, 539, 322, 626, 346
238, 3, 1022, 22, 1228, 233
239, 0, 106, 162, 185, 243
239, 1, 526, 323, 786, 355
239, 2, 1055, 110, 1206, 334
239, 3, 982, 14, 1206, 57
240, 0, 56, 168, 239, 313
240, 1, 512, 282, 773, 358
240, 2, 913, 209, 1061, 326
240, 3, 1093, 174, 1189, 248
240, 4, 1095, 16, 1215, 137
241, 0, 17, 177, 202, 323
241, 1, 991, 166, 1180, 338
241, 2, 1098, 19, 1208, 160
242, 0, 21, 23, 259, 355
242, 1, 898, 228, 1006, 300
242, 2, 870, 18, 1205, 241
242, 3, 1049, 273, 1207, 362
243, 0, 314, 294, 649, 356
244, 0, 29, 88, 160, 341
244, 1, 478, 301, 550, 366
244, 2, 922, 260, 1115, 334
244, 3, 999, 106, 1185, 256
244, 4, 1008, 22, 1178, 133
245, 0, 19, 89, 126, 306
245, 1, 317, 272, 819, 363
245, 2, 1023, 35, 1194, 134
245, 3, 1093, 126, 1203, 263
246, 0, 14, 69, 127, 306
246, 1, 433, 271, 563, 363
246, 2, 1037, 175, 1190, 327
246, 3, 998, 17, 1192, 153
247, 0, 24, 176, 780, 363
247, 1, 1060, 176, 1223, 358
247, 2, 1039, 24, 1197, 145
248, 0, 244, 283, 596, 360
248, 1, 1061, 85, 1203, 340
249, 0, 20, 17, 295, 349
249, 1, 400, 304, 724, 357
249, 2, 991, 156, 1180, 360
249, 3, 1011, 18, 1196, 159
250, 0, 119, 296, 758, 358
250, 1, 1038, 260, 1192, 358
251, 0, 29, 169, 214, 351
251, 1, 324, 316, 524, 362
251, 2, 906, 189, 1200, 340
251, 3, 1144, 12, 1210, 167
252, 0, 50, 333, 249, 351
252, 1, 381, 309, 744, 363
253, 0, 27, 19, 247, 262
253, 1, 17, 291, 791, 364
253, 2, 1044, 171, 1221, 356
253, 3, 1024, 37, 1207, 173
254, 0, 28, 309, 114, 363
254, 1, 38, 180, 257, 365
254, 2, 161, 22, 285, 182
254, 3, 376, 329, 573, 362
254, 4, 1068, 170, 1209, 281
255, 0, 59, 290, 597, 363
255, 1, 108, 111, 209, 199
255, 2, 972, 183, 1184, 332
255, 3, 1177, 24, 1204, 159
256, 0, 27, 335, 127, 352
256, 1, 55, 167, 144, 221
256, 2, 219, 320, 539, 358
256, 3, 1038, 220, 1126, 327
257, 0, 38, 314, 391, 359
257, 1, 29, 36, 299, 218
257, 2, 514, 281, 776, 361
257, 3, 1167, 175, 1204, 273
257, 4, 1089, 17, 1203, 153
258, 0, 24, 314, 112, 353
258, 1, 82, 81, 312, 170
258, 2, 211, 302, 364, 357
258, 3, 490, 305, 775, 358
258, 4, 856, 29, 972, 182
258, 5, 910, 199, 1108, 339
259, 0, 28, 21, 297, 287
259, 1, 41, 285, 348, 357
259, 2, 458, 299, 815, 365
259, 3, 979, 226, 1155, 306
259, 4, 948, 94, 1098, 201
259, 5, 1025, 17, 1207, 153
260, 0, 53, 264, 224, 358
260, 1, 53, 22, 276, 269
260, 2, 391, 304, 723, 355
260, 3, 797, 96, 1178, 329
260, 4, 1049, 19, 1212, 181
261, 0, 77, 51, 165, 180
261, 1, 106, 235, 157, 352
261, 2, 216, 62, 255, 196
261, 3, 354, 319, 485, 361
261, 4, 579, 310, 723, 357
261, 5, 859, 94, 1047, 216
261, 6, 979, 183, 1135, 334
262, 0, 67, 118, 132, 296
262, 1, 192, 60, 260, 200
262, 2, 468, 309, 679, 354
262, 3, 845, 187, 1044, 217
262, 4, 994, 217, 1149, 303
262, 5, 977, 16, 1215, 158
263, 0, 69, 16, 291, 347
263, 1, 470, 327, 682, 358
263, 2, 880, 153, 1158, 232
263, 3, 1056, 219, 1215, 302
263, 4, 975, 14, 1196, 134
264, 0, 60, 19, 249, 334
264, 1, 1057, 209, 1202, 258
264, 2, 984, 16, 1203, 215
265, 0, 60, 82, 211, 332
265, 1, 414, 303, 617, 337
265, 2, 641, 261, 887, 344
265, 3, 889, 193, 1148, 338
265, 4, 966, 18, 1207, 184
266, 0, 39, 33, 196, 343
266, 1, 1024, 156, 1210, 312
266, 2, 1029, 17, 1207, 135
267, 0, 43, 78, 115, 298
267, 1, 964, 37, 1204, 340
268, 0, 35, 83, 117, 226
268, 1, 991, 298, 1179, 335
268, 2, 1065, 154, 1200, 261
268, 3, 1083, 35, 1220, 152
269, 0, 35, 50, 333, 339
269, 1, 981, 205, 1172, 313
269, 2, 1087, 51, 1204, 177
270, 0, 32, 241, 327, 343
270, 1, 1145, 109, 1169, 209
271, 0, 32, 188, 199, 335
272, 0, 59, 218, 239, 317
273, 0, 43, 23, 297, 271
273, 1, 393, 297, 633, 342
273, 2, 1021, 30, 1192, 265
274, 0, 51, 22, 221, 270
274, 1, 429, 316, 650, 357
274, 2, 1026, 25, 1181, 151
274, 3, 1050, 183, 1186, 263
275, 0, 44, 98, 288, 340
275, 1, 1078, 61, 1179, 182
276, 0, 65, 146, 151, 229
276, 1, 649, 285, 808, 345
276, 2, 1097, 91, 1194, 202
277, 0, 13, 141, 188, 286
277, 1, 426, 200, 1196, 353
277, 2, 1139, 49, 1204, 200
278, 0, 33, 55, 170, 274
278, 1, 742, 263, 778, 350
278, 2, 1113, 104, 1190, 206
279, 0, 33, 81, 153, 270
279, 1, 1015, 21, 1200, 119
280, 0, 75, 186, 266, 330
281, 0, 79, 215, 211, 336
281, 1, 1058, 320, 1210, 354
282, 0, 55, 25, 257, 338
282, 1, 308, 28, 329, 71
282, 2, 864, 139, 1041, 206
282, 3, 1038, 289, 1226, 351
282, 4, 993, 189, 1150, 279
282, 5, 1086, 51, 1189, 133
283, 0, 37, 207, 85, 349
283, 1, 451, 284, 596, 350
284, 0, 33, 106, 146, 288
284, 1, 578, 287, 820, 359
284, 2, 866, 19, 972, 167
285, 0, 590, 294, 760, 346
285, 1, 815, 16, 1062, 189
285, 2, 1128, 310, 1228, 354
286, 0, 41, 20, 204, 230
286, 1, 448, 285, 780, 356
286, 2, 890, 15, 993, 105
286, 3, 961, 115, 1163, 310
287, 0, 60, 182, 372, 344
287, 1, 462, 294, 743, 359
287, 2, 862, 103, 969, 175
287, 3, 911, 144, 1123, 333
287, 4, 896, 22, 995, 69
288, 0, 18, 76, 312, 327
288, 1, 490, 289, 736, 360
288, 2, 827, 106, 1154, 301
288, 3, 1064, 244, 1222, 340
289, 0, 39, 36, 212, 328
289, 1, 503, 244, 801, 359
289, 2, 869, 89, 1046, 238
289, 3, 1101, 144, 1143, 267
290, 0, 483, 303, 660, 361
290, 1, 826, 117, 1148, 347
290, 2, 844, 12, 999, 83
291, 0, 45, 189, 170, 277
291, 1, 479, 325, 665, 363
291, 2, 1083, 142, 1164, 312
291, 3, 1024, 119, 1079, 176
292, 0, 344, 283, 728, 362
292, 1, 904, 84, 1030, 258
292, 2, 893, 21, 1109, 107
292, 3, 1105, 111, 1145, 173
293, 0, 46, 47, 69, 162
293, 1, 178, 261, 639, 359
293, 2, 870, 28, 1145, 254
294, 0, 140, 264, 307, 333
294, 1, 371, 311, 480, 348
294, 2, 867, 156, 1027, 313
294, 3, 946, 19, 1178, 104
295, 0, 38, 36, 117, 261
295, 1, 54, 270, 414, 364
295, 2, 884, 30, 1133, 283
296, 0, 81, 275, 457, 363
296, 1, 912, 111, 1140, 331
296, 2, 852, 28, 1104, 178
297, 0, 32, 297, 491, 361
297, 1, 901, 202, 991, 327
297, 2, 1038, 219, 1079, 357
297, 3, 880, 24, 1079, 201
297, 4, 1138, 273, 1189, 332
298, 0, 53, 267, 549, 360
298, 1, 886, 202, 1149, 351
298, 2, 883, 21, 1226, 233
298, 3, 1168, 241, 1213, 333
299, 0, 46, 269, 592, 363
299, 1, 947, 148, 1204, 340
299, 2, 862, 21, 1055, 177
299, 3, 1102, 50, 1213, 78
300, 0, 18, 302, 438, 364
300, 1, 859, 111, 1007, 240
300, 2, 999, 236, 1127, 339
300, 3, 960, 27, 1129, 196
300, 4, 1113, 48, 1221, 173
301, 0, 34, 305, 466, 360
301, 1, 853, 46, 1193, 354
302, 0, 46, 265, 177, 357
302, 1, 350, 318, 477, 361
302, 2, 814, 24, 1188, 223
302, 3, 1085, 270, 1152, 300
302, 4, 1171, 306, 1210, 335
303, 0, 37, 310, 512, 359
303, 1, 851, 161, 1117, 300
303, 2, 886, 24, 1194, 164
303, 3, 1175, 302, 1214, 338
304, 0, 17, 321, 164, 361
304, 1, 965, 95, 1100, 278
304, 2, 884, 19, 1175, 144
305, 0, 250, 319, 502, 352
305, 1, 884, 19, 1193, 194
305, 2, 987, 128, 1124, 284
306, 0, 62, 107, 493, 344
306, 1, 875, 101, 1026, 189
306, 2, 1067, 200, 1131, 333
306, 3, 1005, 137, 1130, 197
306, 4, 939, 15, 1175, 99
307, 0, 907, 33, 1195, 333
307, 1, 895, 25, 1040, 142
308, 0, 1061, 131, 1131, 268
308, 1, 882, 18, 1065, 137
309, 0, 58, 19, 295, 350
309, 1, 429, 278, 614, 359
309, 2, 911, 178, 950, 316
309, 3, 870, 19, 1194, 144
310, 0, 70, 166, 267, 322
310, 1, 470, 279, 889, 344
310, 2, 796, 95, 996, 209
310, 3, 984, 34, 1162, 321
310, 4, 916, 19, 1012, 69
311, 0, 56, 49, 286, 328
311, 1, 377, 257, 738, 361
311, 2, 984, 280, 1139, 324
311, 3, 900, 19, 1169, 156
312, 0, 563, 281, 709, 355
312, 1, 916, 15, 1187, 157
312, 2, 1114, 161, 1164, 339
312, 3, 1006, 120, 1116, 174
313, 0, 61, 26, 208, 274
313, 1, 470, 300, 705, 347
313, 2, 1064, 45, 1212, 348
313, 3, 921, 28, 1065, 141
314, 0, 73, 110, 142, 317
314, 1, 471, 284, 676, 358
314, 2, 854, 118, 1072, 240
314, 3, 937, 12, 1154, 143
315, 0, 57, 29, 306, 321
315, 1, 410, 302, 709, 358
315, 2, 921, 33, 1128, 300
316, 0, 65, 65, 163, 262
316, 1, 438, 293, 675, 362
316, 2, 834, 120, 1157, 248
316, 3, 923, 198, 1158, 339
316, 4, 973, 27, 1156, 120
317, 0, 13, 82, 124, 356
317, 1, 128, 21, 280, 338
317, 2, 382, 298, 556, 352
317, 3, 989, 118, 1215, 355
317, 4, 957, 28, 1172, 186
318, 0, 72, 13, 298, 130
318, 1, 97, 173, 256, 276
318, 2, 364, 276, 529, 358
318, 3, 612, 97, 1157, 336
318, 4, 1002, 212, 1183, 362
318, 5, 1006, 14, 1178, 115
319, 0, 162, 34, 259, 130
319, 1, 162, 191, 241, 289
319, 2, 1044, 154, 1136, 275
319, 3, 985, 13, 1142, 182
320, 0, 45, 26, 235, 177
320, 1, 104, 180, 212, 336
320, 2, 370, 315, 554, 359
320, 3, 836, 147, 1005, 275
320, 4, 1055, 116, 1205, 273
320, 5, 1012, 20, 1194, 161
321, 0, 28, 22, 210, 278
321, 1, 857, 120, 1189, 328
321, 2, 975, 15, 1197, 150
322, 0, 23, 24, 241, 308
322, 1, 601, 153, 1208, 347
322, 2, 958, 14, 1228, 151
323, 0, 34, 32, 355, 156
323, 1, 43, 142, 213, 338
323, 2, 233, 185, 607, 358
323, 3, 750, 261, 837, 337
323, 4, 909, 74, 1214, 332
323, 5, 1076, 27, 1219, 150
324, 0, 49, 128, 229, 319
324, 1, 56, 38, 147, 135
324, 2, 844, 146, 946, 283
324, 3, 1042, 139, 1233, 345
324, 4, 1120, 29, 1204, 154
325, 0, 69, 223, 113, 325
325, 1, 124, 53, 231, 248
325, 2, 264, 269, 569, 343
325, 3, 885, 194, 1018, 342
325, 4, 1113, 157, 1205, 294
326, 0, 235, 279, 526, 343
326, 1, 955, 190, 1063, 324
327, 0, 53, 28, 117, 252
327, 1, 180, 274, 522, 356
327, 2, 786, 139, 1025, 190
327, 3, 1002, 133, 1168, 338
328, 0, 31, 96, 126, 225
328, 1, 277, 283, 467, 357
328, 2, 978, 127, 1143, 215
329, 0, 12, 22, 148, 228
329, 1, 38, 281, 155, 359
329, 2, 367, 282, 493, 363
329, 3, 953, 19, 1173, 162
329, 4, 1090, 104, 1166, 185
330, 0, 30, 73, 90, 276
330, 1, 49, 309, 151, 362
330, 2, 295, 297, 800, 356
331, 0, 25, 21, 478, 361
331, 1, 889, 110, 1022, 270
331, 2, 956, 27, 1074, 126
332, 0, 18, 317, 85, 363
332, 1, 30, 53, 157, 342
332, 2, 949, 228, 1019, 325
332, 3, 823, 16, 1093, 204
333, 0, 12, 21, 492, 362
333, 1, 607, 263, 734, 353
333, 2, 856, 121, 1116, 331
334, 0, 14, 233, 479, 366
334, 1, 26, 19, 284, 221
334, 2, 575, 259, 742, 351
334, 3, 775, 105, 1142, 305
335, 0, 28, 120, 190, 337
335, 1, 202, 64, 261, 192
335, 2, 634, 159, 737, 185
335, 3, 852, 185, 909, 247
335, 4, 1004, 167, 1206, 343
335, 5, 975, 27, 1175, 159
336, 0, 152, 40, 261, 194
336, 1, 657, 162, 770, 190
336, 2, 884, 161, 920, 255
336, 3, 1012, 126, 1136, 225
337, 0, 913, 160, 1208, 288
338, 0, 36, 23, 174, 218
338, 1, 782, 125, 1121, 325
339, 0, 32, 18, 209, 286
339, 1, 861, 138, 976, 190
339, 2, 973, 220, 1080, 333
340, 0, 54, 16, 193, 185
340, 1, 565, 308, 732, 359
340, 2, 877, 161, 1009, 294
340, 3, 1044, 169, 1154, 334
340, 4, 955, 36, 1178, 152
341, 0, 44, 13, 131, 97
341, 1, 68, 113, 160, 245
341, 2, 320, 306, 602, 344
341, 3, 905, 245, 1086, 336
341, 4, 844, 86, 1174, 238
341, 5, 998, 12, 1095, 62
342, 0, 26, 61, 312, 231
342, 1, 539, 301, 815, 352
342, 2, 882, 157, 969, 217
342, 3, 1020, 133, 1175, 267
342, 4, 1056, 12, 1134, 148
343, 0, 35, 191, 269, 353
343, 1, 359, 284, 405, 342
343, 2, 917, 96, 1069, 286
343, 3, 1102, 50, 1177, 183
344, 0, 50, 122, 712, 363
344, 1, 843, 63, 1096, 337
345, 0, 23, 137, 404, 358
345, 1, 576, 320, 714, 361
345, 2, 937, 74, 1143, 330
346, 0, 26, 25, 229, 365
346, 1, 946, 31, 1179, 216
347, 0, 38, 21, 214, 307
347, 1, 239, 319, 372, 359
347, 2, 969, 21, 1144, 235
348, 0, 36, 211, 387, 354
348, 1, 159, 62, 224, 163
348, 2, 529, 326, 932, 360
348, 3, 530, 161, 577, 204
348, 4, 1032, 33, 1167, 184
349, 0, 38, 277, 433, 355
349, 1, 144, 24, 185, 164
349, 2, 307, 152, 561, 228
349, 3, 864, 23, 1221, 231
350, 0, 70, 18, 237, 67
350, 1, 132, 108, 211, 164
350, 2, 428, 152, 588, 202
350, 3, 759, 18, 983, 68
350, 4, 818, 93, 1027, 169
350, 5, 1049, 32, 1209, 230
351, 0, 26, 20, 205, 296
351, 1, 38, 286, 89, 343
351, 2, 310, 310, 908, 343
351, 3, 417, 153, 583, 202
351, 4, 924, 14, 1189, 254
352, 0, 39, 113, 138, 362
352, 1, 29, 16, 248, 291
352, 2, 452, 139, 498, 204
352, 3, 834, 23, 1191, 254
352, 4, 896, 17, 992, 84
352, 5, 1133, 120, 1197, 229
353, 0, 18, 117, 84, 241
353, 1, 49, 16, 171, 144
353, 2, 106, 317, 212, 350
353, 3, 359, 140, 1190, 305
353, 4, 735, 24, 949, 156
353, 5, 1052, 15, 1228, 177
354, 0, 21, 24, 307, 356
354, 1, 374, 140, 477, 211
354, 2, 662, 284, 781, 319
354, 3, 841, 114, 1192, 260
354, 4, 966, 17, 1219, 179
355, 0, 34, 138, 172, 185
355, 1, 32, 211, 173, 350
355, 2, 274, 159, 516, 353
355, 3, 893, 140, 974, 176
355, 4, 927, 18, 1200, 159
355, 5, 1127, 211, 1190, 260
356, 0, 28, 157, 97, 205
356, 1, 15, 314, 167, 358
356, 2, 229, 141, 440, 347
356, 3, 769, 347, 912, 364
356, 4, 905, 19, 1216, 185
357, 0, 19, 25, 146, 211
357, 1, 14, 309, 120, 361
357, 2, 216, 180, 331, 340
357, 3, 379, 142, 459, 232
357, 4, 664, 321, 887, 360
357, 5, 907, 140, 1084, 219
357, 6, 997, 20, 1187, 183
358, 0, 23, 116, 389, 342
358, 1, 12, 318, 79, 361
358, 2, 299, 119, 488, 253
358, 3, 806, 320, 902, 360
358, 4, 890, 116, 1113, 219
358, 5, 994, 20, 1230, 162
359, 0, 17, 27, 513, 350
359, 1, 14, 287, 94, 366
359, 2, 725, 292, 840, 365
359, 3, 928, 214, 1179, 328
359, 4, 927, 158, 1029, 241
359, 5, 964, 24, 1210, 183
360, 0, 14, 30, 386, 328
360, 1, 336, 133, 472, 264
360, 2, 147, 247, 204, 274
360, 3, 849, 271, 1172, 338
360, 4, 972, 104, 1173, 224
360, 5, 1020, 14, 1232, 150
361, 0, 41, 161, 312, 318
361, 1, 298, 135, 671, 352
361, 2, 12, 255, 107, 312
361, 3, 804, 302, 1150, 344
361, 4, 1007, 13, 1225, 216
362, 0, 228, 140, 412, 245
362, 1, 34, 160, 262, 335
362, 2, 470, 297, 817, 349
362, 3, 888, 25, 1229, 106
362, 4, 1008, 89, 1153, 174
363, 0, 16, 28, 287, 317
363, 1, 300, 162, 444, 358
363, 2, 929, 16, 1184, 173
363, 3, 993, 295, 1168, 336
363, 4, 1057, 201, 1172, 265
364, 0, 253, 163, 338, 278
364, 1, 41, 189, 162, 359
364, 2, 190, 135, 272, 308
364, 3, 1033, 15, 1181, 149
364, 4, 1105, 153, 1142, 217
365, 0, 24, 251, 157, 357
365, 1, 27, 26, 325, 309
365, 2, 864, 228, 1172, 351
365, 3, 832, 176, 934, 255
365, 4, 849, 21, 1209, 199
366, 0, 89, 287, 186, 354
366, 1, 24, 114, 400, 355
366, 2, 774, 139, 1140, 348
366, 3, 986, 11, 1207, 146
367, 0, 29, 251, 220, 362
367, 1, 25, 28, 423, 344
367, 2, 988, 15, 1205, 133
368, 0, 13, 240, 601, 360
368, 1, 285, 180, 414, 276
368, 2, 133, 160, 240, 239
368, 3, 939, 149, 1020, 260
368, 4, 1043, 18, 1210, 133
369, 0, 67, 256, 307, 356
369, 1, 230, 192, 345, 278
369, 2, 271, 125, 444, 228
369, 3, 26, 162, 220, 281
369, 4, 909, 12, 1208, 131
369, 5, 991, 179, 1036, 253
370, 0, 51, 111, 223, 320
370, 1, 266, 231, 349, 298
370, 2, 227, 151, 447, 220
370, 3, 926, 296, 1106, 338
370, 4, 918, 130, 1162, 250
370, 5, 1033, 17, 1202, 76
371, 0, 22, 110, 193, 328
371, 1, 130, 157, 498, 318
371, 2, 875, 31, 954, 136
371, 3, 1005, 124, 1188, 335
371, 4, 1126, 32, 1213, 65
372, 0, 61, 149, 202, 351
372, 1, 252, 168, 498, 263
372, 2, 1022, 121, 1181, 255
372, 3, 1180, 40, 1216, 110
373, 0, 54, 293, 118, 352
373, 1, 79, 168, 143, 243
373, 2, 21, 28, 575, 265
373, 3, 905, 11, 1227, 242
374, 0, 47, 91, 125, 335
374, 1, 232, 160, 618, 250
374, 2, 340, 329, 403, 365
374, 3, 1071, 94, 1219, 206
375, 0, 29, 28, 216, 321
375, 1, 323, 155, 618, 227
375, 2, 957, 13, 1226, 232
376, 0, 24, 11, 209, 355
376, 1, 291, 322, 375, 354
376, 2, 341, 153, 688, 335
376, 3, 933, 98, 1128, 232
376, 4, 950, 14, 1230, 140
377, 0, 28, 76, 336, 357
377, 1, 55, 31, 148, 153
377, 2, 360, 153, 705, 336
377, 3, 951, 14, 1231, 143
378, 0, 25, 77, 126, 224
378, 1, 103, 348, 313, 361
378, 2, 380, 157, 613, 250
379, 0, 400, 156, 781, 359
380, 0, 21, 13, 386, 358
380, 1, 383, 113, 831, 302
380, 2, 950, 12, 1229, 245
381, 0, 24, 30, 139, 354
381, 1, 477, 156, 858, 301
381, 2, 1098, 29, 1232, 221
382, 0, 509, 148, 870, 333
383, 0, 20, 138, 48, 347
383, 1, 546, 151, 928, 317
383, 2, 938, 18, 1069, 178
383, 3, 1191, 30, 1230, 137
384, 0, 19, 31, 56, 345
384, 1, 554, 153, 921, 354
384, 2, 1169, 31, 1230, 158
385, 0, 630, 155, 691, 215
385, 1, 631, 17, 1087, 335
386, 0, 19, 12, 154, 343
386, 1, 617, 152, 1009, 329
386, 2, 951, 53, 1215, 243
386, 3, 1099, 13, 1231, 201
387, 0, 20, 11, 158, 340
387, 1, 672, 75, 1215, 324
387, 2, 942, 14, 1232, 203
388, 0, 23, 11, 508, 340
388, 1, 363, 315, 568, 343
388, 2, 712, 161, 889, 268
388, 3, 796, 142, 1215, 320
388, 4, 861, 15, 1231, 184
389, 0, 887, 76, 1133, 355
389, 1, 755, 160, 903, 292
390, 0, 15, 16, 282, 363
390, 1, 852, 142, 1212, 362
390, 2, 817, 168, 907, 214
390, 3, 959, 16, 1229, 183
391, 0, 835, 147, 931, 359
391, 1, 934, 119, 1208, 344
392, 0, 15, 18, 265, 361
392, 1, 970, 153, 1227, 362
392, 2, 979, 10, 1227, 161
393, 0, 161, 208, 342, 295
393, 1, 891, 56, 1100, 331
393, 2, 1082, 140, 1221, 223
394, 0, 19, 17, 268, 356
394, 1, 962, 147, 1144, 356
394, 2, 1150, 148, 1221, 231
394, 3, 1000, 12, 1227, 147
395, 0, 16, 17, 270, 331
395, 1, 994, 20, 1227, 265
396, 0, 18, 19, 323, 356
396, 1, 999, 15, 1227, 310
397, 0, 35, 224, 218, 357
397, 1, 1166, 145, 1232, 234
398, 0, 51, 223, 264, 248
398, 1, 44, 317, 172, 353
398, 2, 1142, 145, 1228, 243
399, 0, 28, 19, 312, 322
399, 1, 102, 313, 209, 350
399, 2, 427, 162, 591, 249
399, 3, 1064, 14, 1225, 243
400, 0, 55, 221, 190, 320
400, 1, 48, 317, 179, 351
400, 2, 228, 198, 270, 256
401, 0, 12, 18, 297, 341
401, 1, 178, 282, 329, 347
401, 2, 415, 166, 523, 249
401, 3, 960, 15, 1228, 325
401, 4, 968, 324, 1054, 347
402, 0, 52, 192, 257, 349
402, 1, 334, 163, 560, 262
403, 0, 14, 19, 237, 295
403, 1, 421, 165, 494, 248
403, 2, 1082, 16, 1226, 261
404, 0, 16, 19, 279, 342
404, 1, 146, 260, 318, 363
404, 2, 425, 165, 519, 247
404, 3, 964, 321, 1046, 363
404, 4, 1000, 18, 1224, 241
404, 5, 1023, 199, 1123, 363
405, 0, 18, 20, 260, 343
405, 1, 177, 322, 239, 363
405, 2, 420, 162, 521, 246
405, 3, 1002, 342, 1084, 363
405, 4, 1020, 20, 1222, 323
406, 0, 41, 209, 362, 334
406, 1, 427, 183, 483, 248
407, 0, 59, 180, 524, 299
408, 0, 20, 22, 526, 287
408, 1, 180, 266, 294, 363
408, 2, 1020, 22, 1221, 363
409, 0, 20, 22, 446, 291
409, 1, 1080, 22, 1221, 263
410, 0, 80, 211, 158, 348
410, 1, 216, 192, 488, 296
411, 0, 19, 20, 460, 361
411, 1, 1040, 259, 1081, 360
411, 2, 1060, 19, 1221, 260
412, 0, 19, 20, 326, 328
412, 1, 407, 191, 450, 262
412, 2, 1220, 20, 1221, 221
413, 0, 34, 183, 338, 363
414, 0, 20, 20, 422, 293
414, 1, 20, 220, 256, 361
414, 2, 980, 20, 1221, 341
414, 3, 980, 340, 1081, 361
415, 0, 20, 20, 41, 141
415, 1, 20, 179, 431, 361
415, 2, 1120, 20, 1221, 241
416, 0, 20, 180, 303, 351
417, 0, 23, 183, 338, 348
418, 0, 20, 20, 288, 333
418, 1, 198, 282, 299, 361
418, 2, 1040, 20, 1221, 321
419, 0, 32, 192, 144, 341
419, 1, 213, 192, 356, 290
419, 2, 178, 297, 301, 333
420, 0, 20, 20, 361, 299
420, 1, 182, 282, 341, 361
420, 2, 920, 160, 1081, 361
420, 3, 940, 20, 1221, 321
421, 0, 41, 194, 327, 332
421, 1, 208, 302, 309, 343
422, 0, 79, 202, 268, 298
422, 1, 172, 282, 264, 361
423, 0, 20, 20, 269, 310
423, 1, 175, 314, 265, 361
423, 2, 1060, 20, 1221, 241
424, 0, 70, 206, 271, 360
425, 0, 20, 20, 321, 361
425, 1, 960, 140, 1081, 361
425, 2, 980, 20, 1221, 261
426, 0, 22, 206, 176, 273
427, 0, 12, 20, 181, 293
427, 1, 1080, 20, 1221, 261
428, 0, 20, 20, 111, 297
428, 1, 1160, 20, 1221, 241
429, 0, 20, 20, 145, 340
429, 1, 1120, 20, 1221, 241
430, 0, 20, 20, 101, 201
430, 1, 21, 220, 101, 336
430, 2, 1120, 20, 1221, 241
433, 0, 20, 20, 181, 321
433, 1, 20, 220, 221, 361
433, 2, 980, 20, 1221, 261
434, 0, 20, 20, 201, 321
434, 1, 20, 220, 201, 361
434, 2, 980, 20, 1221, 361
435, 0, 20, 20, 141, 201
435, 1, 20, 220, 141, 361
435, 2, 1060, 20, 1221, 261
437, 0, 20, 20, 81, 201
437, 1, 20, 220, 121, 361
437, 2, 1080, 20, 1221, 241
