8, 0, 23, 117, 207, 292
8, 1, 937, 38, 1043, 110
9, 0, 14, 114, 234, 300
9, 1, 838, 133, 985, 250
9, 2, 949, 32, 1084, 110
10, 0, 88, 166, 185, 305
10, 1, 1041, 32, 1129, 93
11, 0, 62, 209, 154, 351
11, 1, 1096, 27, 1187, 84
12, 0, 84, 265, 160, 339
12, 1, 206, 29, 340, 314
12, 2, 867, 25, 946, 141
12, 3, 890, 62, 1125, 262
13, 0, 891, 90, 902, 160
13, 1, 942, 40, 1044, 105
14, 0, 884, 42, 1007, 159
14, 1, 951, 57, 1158, 256
15, 0, 161, 18, 274, 249
15, 1, 932, 79, 1159, 223
15, 2, 891, 43, 948, 80
16, 0, 112, 21, 372, 285
16, 1, 911, 28, 1107, 228
17, 0, 88, 44, 211, 276
17, 1, 918, 49, 961, 119
17, 2, 1021, 19, 1084, 59
17, 3, 1012, 71, 1097, 257
17, 4, 1010, 277, 1111, 335
18, 0, 93, 140, 235, 304
18, 1, 869, 49, 1033, 123
18, 2, 1109, 15, 1177, 93
18, 3, 1012, 77, 1138, 307
19, 0, 50, 39, 281, 362
19, 1, 868, 48, 1101, 126
19, 2, 1014, 81, 1203, 246
20, 0, 37, 36, 157, 302
20, 1, 570, 254, 750, 332
20, 2, 818, 238, 947, 347
20, 3, 873, 47, 1197, 228
21, 0, 33, 33, 291, 324
21, 1, 546, 263, 765, 357
21, 2, 935, 38, 1188, 183
22, 0, 45, 158, 273, 354
22, 1, 300, 105, 334, 237
22, 2, 551, 275, 807, 360
22, 3, 1014, 20, 1165, 162
22, 4, 1181, 137, 1209, 184
23, 0, 51, 235, 129, 343
23, 1, 190, 205, 301, 282
23, 2, 478, 273, 838, 337
24, 0, 40, 178, 129, 238
24, 1, 110, 26, 385, 346
24, 2, 419, 295, 575, 349
24, 3, 655, 95, 1199, 341
25, 0, 140, 209, 277, 346
25, 1, 157, 26, 293, 234
25, 2, 450, 286, 695, 356
25, 3, 1066, 77, 1205, 314
25, 4, 985, 29, 1125, 140
26, 0, 111, 25, 281, 265
26, 1, 1013, 29, 1186, 144
27, 0, 68, 125, 255, 351
27, 1, 104, 27, 431, 123
27, 2, 1076, 98, 1193, 226
28, 0, 74, 168, 185, 325
28, 1, 77, 15, 242, 268
28, 2, 921, 22, 1158, 187
28, 3, 1109, 142, 1197, 213
29, 0, 28, 22, 284, 356
29, 1, 1053, 228, 1183, 341
30, 0, 37, 54, 219, 270
30, 1, 42, 227, 124, 333
30, 2, 692, 28, 974, 134
31, 0, 64, 30, 351, 340
31, 1, 701, 117, 1215, 357
31, 2, 903, 25, 1203, 127
32, 0, 33, 30, 342, 285
32, 1, 719, 24, 909, 157
32, 2, 953, 20, 1213, 108
32, 3, 1140, 92, 1215, 205
33, 0, 51, 22, 377, 341
33, 1, 925, 19, 1216, 273
34, 0, 66, 21, 328, 320
34, 1, 841, 61, 1171, 256
34, 2, 875, 18, 1169, 144
35, 0, 50, 25, 240, 251
35, 1, 990, 145, 1151, 306
35, 2, 1004, 17, 1182, 128
36, 0, 71, 17, 376, 363
36, 1, 914, 58, 1220, 305
36, 2, 887, 15, 1186, 152
37, 0, 58, 23, 347, 173
37, 1, 60, 218, 197, 275
37, 2, 937, 132, 1136, 316
37, 3, 911, 43, 948, 150
37, 4, 992, 18, 1152, 105
38, 0, 110, 190, 173, 334
38, 1, 955, 153, 1151, 325
38, 2, 965, 17, 1176, 127
39, 0, 63, 28, 272, 125
39, 1, 66, 213, 330, 329
39, 2, 885, 22, 1201, 183
40, 0, 57, 126, 231, 336
40, 1, 76, 26, 298, 155
40, 2, 790, 191, 913, 337
40, 3, 978, 18, 1201, 153
41, 0, 49, 32, 216, 310
41, 1, 1000, 23, 1130, 165
42, 0, 11, 10, 274, 350
42, 1, 966, 26, 1174, 170
43, 0, 27, 98, 198, 363
43, 1, 64, 22, 414, 333
43, 2, 804, 39, 887, 101
43, 3, 796, 152, 972, 241
43, 4, 935, 38, 1210, 166
44, 0, 50, 42, 234, 275
44, 1, 850, 54, 986, 145
44, 2, 894, 181, 1027, 310
44, 3, 1020, 32, 1158, 145
45, 0, 820, 35, 1182, 156
45, 1, 906, 185, 1053, 309
46, 0, 71, 200, 190, 272
46, 1, 875, 148, 1157, 277
46, 2, 917, 19, 1165, 169
47, 0, 52, 20, 228, 334
47, 1, 980, 19, 1200, 110
47, 2, 931, 144, 1224, 280
48, 0, 60, 216, 211, 321
48, 1, 750, 40, 962, 154
48, 2, 919, 149, 1211, 258
48, 3, 987, 17, 1163, 74
49, 0, 36, 11, 138, 102
49, 1, 54, 139, 190, 327
49, 2, 939, 160, 1202, 265
49, 3, 955, 22, 1193, 98
50, 0, 65, 24, 373, 336
50, 1, 921, 159, 1145, 311
50, 2, 920, 75, 948, 189
50, 3, 1003, 27, 1195, 84
51, 0, 19, 62, 210, 342
51, 1, 410, 278, 579, 329
51, 2, 681, 275, 849, 336
51, 3, 919, 22, 1199, 186
51, 4, 1074, 156, 1144, 236
52, 0, 76, 96, 638, 357
52, 1, 256, 125, 322, 160
52, 2, 730, 266, 800, 344
52, 3, 926, 161, 1171, 221
52, 4, 1018, 32, 1161, 82
53, 0, 48, 171, 241, 342
53, 1, 239, 46, 335, 222
53, 2, 333, 294, 639, 361
53, 3, 726, 273, 845, 336
53, 4, 1018, 15, 1158, 82
54, 0, 44, 260, 214, 331
54, 1, 404, 303, 617, 357
54, 2, 970, 162, 1094, 326
54, 3, 1063, 32, 1170, 59
55, 0, 68, 28, 152, 154
55, 1, 219, 44, 309, 202
55, 2, 642, 301, 853, 354
55, 3, 1010, 158, 1156, 274
55, 4, 1032, 27, 1204, 158
56, 0, 159, 95, 291, 237
56, 1, 848, 93, 876, 156
56, 2, 1046, 253, 1159, 350
56, 3, 1078, 88, 1175, 217
57, 0, 858, 63, 937, 157
57, 1, 1054, 263, 1166, 338
57, 2, 1092, 103, 1165, 208
58, 0, 75, 51, 266, 334
58, 1, 792, 41, 889, 159
59, 0, 164, 27, 334, 335
59, 1, 94, 251, 148, 342
59, 2, 760, 50, 889, 159
60, 0, 769, 36, 1016, 183
61, 0, 66, 73, 300, 248
61, 1, 844, 17, 1057, 158
61, 2, 1013, 13, 1211, 86
61, 3, 1049, 152, 1143, 256
62, 0, 40, 35, 202, 299
62, 1, 690, 28, 1113, 209
62, 2, 960, 136, 1166, 314
63, 0, 812, 151, 1046, 261
63, 1, 899, 47, 1114, 138
63, 2, 1154, 137, 1223, 222
64, 0, 118, 166, 322, 312
64, 1, 928, 127, 1156, 299
64, 2, 905, 49, 1052, 193
65, 0, 45, 21, 351, 242
65, 1, 113, 281, 254, 333
65, 2, 979, 142, 1123, 283
65, 3, 987, 294, 1119, 338
65, 4, 909, 31, 1132, 162
66, 0, 101, 32, 235, 318
66, 1, 429, 277, 675, 319
66, 2, 755, 19, 1171, 350
66, 3, 1019, 32, 1156, 96
67, 0, 67, 22, 319, 157
67, 1, 241, 241, 423, 342
67, 2, 777, 42, 961, 161
67, 3, 1083, 227, 1229, 319
67, 4, 1047, 165, 1196, 255
67, 5, 918, 32, 1169, 146
68, 0, 30, 29, 158, 124
68, 1, 579, 273, 827, 334
68, 2, 1049, 30, 1195, 84
68, 3, 1032, 141, 1161, 283
69, 0, 73, 21, 383, 185
69, 1, 224, 233, 380, 353
69, 2, 555, 261, 858, 358
69, 3, 1035, 130, 1182, 331
69, 4, 957, 65, 1037, 146
69, 5, 1125, 46, 1182, 79
70, 0, 66, 25, 296, 153
70, 1, 292, 188, 409, 328
70, 2, 562, 285, 874, 356
70, 3, 699, 20, 775, 101
70, 4, 1018, 16, 1202, 105
70, 5, 1050, 136, 1206, 196
71, 0, 82, 33, 373, 227
71, 1, 135, 275, 773, 349
71, 2, 731, 59, 837, 134
71, 3, 839, 225, 1173, 345
71, 4, 1153, 135, 1214, 183
71, 5, 1147, 23, 1196, 72
72, 0, 619, 279, 906, 350
73, 0, 72, 22, 189, 343
73, 1, 1128, 19, 1194, 75
77, 0, 15, 39, 170, 151
77, 1, 1046, 23, 1184, 103
78, 0, 101, 41, 292, 333
78, 1, 848, 107, 1075, 204
78, 2, 885, 21, 1216, 128
79, 0, 92, 98, 217, 235
79, 1, 922, 218, 1096, 313
79, 2, 913, 72, 1091, 173
80, 0, 59, 35, 344, 337
80, 1, 878, 110, 1183, 334
80, 2, 984, 25, 1183, 117
81, 0, 45, 148, 284, 302
81, 1, 771, 77, 963, 193
81, 2, 909, 161, 1194, 359
81, 3, 905, 27, 1001, 138
82, 0, 55, 174, 141, 314
82, 1, 769, 31, 1004, 219
82, 2, 1056, 100, 1145, 225
82, 3, 1105, 168, 1205, 287
83, 0, 71, 106, 239, 221
83, 1, 854, 83, 1220, 250
84, 0, 81, 75, 192, 196
84, 1, 935, 30, 1212, 226
85, 0, 41, 90, 184, 222
85, 1, 227, 49, 374, 178
85, 2, 145, 225, 320, 317
85, 3, 897, 157, 1197, 298
85, 4, 988, 26, 1207, 151
86, 0, 234, 56, 357, 178
86, 1, 889, 70, 950, 208
86, 2, 980, 101, 1229, 301
86, 3, 1095, 185, 1229, 320
86, 4, 1033, 25, 1109, 130
87, 0, 40, 18, 135, 152
87, 1, 39, 243, 179, 320
87, 2, 168, 12, 380, 335
87, 3, 810, 268, 986, 324
87, 4, 916, 69, 1121, 201
87, 5, 1088, 286, 1169, 360
87, 6, 1087, 129, 1218, 231
87, 7, 1054, 27, 1209, 134
88, 0, 30, 41, 259, 304
88, 1, 868, 39, 1227, 314
88, 2, 955, 15, 1148, 123
88, 3, 1029, 298, 1222, 363
89, 0, 25, 25, 190, 155
89, 1, 88, 268, 232, 312
89, 2, 915, 141, 1209, 340
89, 3, 909, 26, 1158, 219
90, 0, 21, 55, 234, 341
90, 1, 276, 50, 363, 298
90, 2, 968, 41, 1164, 338
90, 3, 925, 153, 1010, 206
90, 4, 963, 44, 1123, 140
91, 0, 66, 167, 263, 347
91, 1, 281, 86, 304, 221
91, 2, 421, 236, 726, 332
91, 3, 853, 79, 1109, 337
91, 4, 975, 24, 1195, 163
91, 5, 1099, 142, 1215, 200
92, 0, 151, 91, 219, 322
92, 1, 208, 27, 397, 343
92, 2, 621, 243, 799, 338
92, 3, 1018, 226, 1137, 350
92, 4, 895, 244, 1026, 358
92, 5, 1166, 292, 1228, 349
92, 6, 925, 34, 1127, 235
92, 7, 1096, 101, 1209, 210
93, 0, 11, 286, 119, 360
93, 1, 113, 18, 521, 279
93, 2, 147, 184, 427, 352
93, 3, 615, 256, 808, 355
93, 4, 998, 151, 1192, 354
93, 5, 1086, 293, 1206, 356
93, 6, 995, 28, 1204, 210
94, 0, 92, 159, 329, 343
94, 1, 67, 16, 447, 352
94, 2, 554, 233, 870, 359
94, 3, 929, 209, 1081, 339
94, 4, 972, 95, 1188, 355
94, 5, 951, 18, 1074, 139
94, 6, 1086, 34, 1137, 77
95, 0, 55, 27, 301, 219
95, 1, 545, 167, 941, 363
95, 2, 1048, 184, 1218, 363
95, 3, 1115, 23, 1207, 176
96, 0, 43, 40, 161, 318
96, 1, 536, 252, 946, 350
96, 2, 1033, 226, 1168, 323
96, 3, 1115, 16, 1209, 227
97, 0, 73, 96, 260, 331
97, 1, 87, 19, 273, 119
97, 2, 424, 209, 965, 360
97, 3, 1091, 250, 1175, 331
97, 4, 1048, 14, 1204, 203
98, 0, 61, 96, 265, 342
98, 1, 407, 188, 984, 358
98, 2, 1094, 179, 1181, 308
99, 0, 96, 103, 254, 224
99, 1, 29, 218, 122, 339
99, 2, 516, 264, 945, 352
100, 0, 85, 21, 317, 307
100, 1, 521, 268, 655, 343
100, 2, 745, 306, 951, 345
100, 3, 1039, 127, 1169, 246
100, 4, 990, 16, 1209, 105
101, 0, 78, 96, 231, 238
101, 1, 787, 312, 965, 351
102, 0, 72, 106, 222, 294
102, 1, 862, 33, 976, 107
102, 2, 870, 312, 1029, 344
103, 0, 60, 122, 274, 324
103, 1, 100, 23, 293, 212
103, 2, 749, 27, 1178, 257
103, 3, 953, 221, 1145, 339
104, 0, 63, 20, 313, 337
104, 1, 896, 133, 1145, 339
104, 2, 930, 24, 1194, 108
105, 0, 59, 38, 267, 332
105, 1, 1018, 136, 1158, 299
105, 2, 955, 22, 1196, 137
105, 3, 944, 140, 1006, 188
106, 0, 62, 124, 191, 209
106, 1, 922, 26, 1227, 194
107, 0, 53, 31, 142, 202
107, 1, 910, 30, 1176, 85
107, 2, 931, 139, 1216, 238
108, 0, 53, 27, 106, 165
108, 1, 1022, 143, 1145, 301
108, 2, 981, 26, 1109, 91
109, 0, 911, 26, 1004, 122
109, 1, 1065, 29, 1147, 81
109, 2, 1096, 139, 1171, 220
110, 0, 54, 25, 96, 150
110, 1, 925, 30, 998, 89
110, 2, 1108, 21, 1163, 88
111, 0, 41, 179, 123, 257
111, 1, 1093, 23, 1213, 52
112, 0, 26, 30, 145, 320
112, 1, 955, 82, 1125, 217
112, 2, 966, 29, 1006, 127
113, 0, 40, 89, 104, 301
113, 1, 1026, 26, 1134, 99
114, 0, 38, 124, 207, 259
114, 1, 975, 205, 1059, 288
114, 2, 1060, 36, 1166, 147
115, 0, 11, 25, 173, 363
115, 1, 950, 193, 1021, 247
115, 2, 858, 36, 913, 154
115, 3, 1072, 11, 1151, 141
116, 0, 28, 105, 256, 295
116, 1, 1062, 105, 1106, 305
116, 2, 1103, 28, 1216, 135
117, 0, 32, 90, 164, 288
117, 1, 68, 31, 171, 94
117, 2, 876, 27, 971, 152
117, 3, 1063, 14, 1192, 144
118, 0, 68, 151, 231, 289
118, 1, 991, 11, 1113, 32
119, 0, 15, 28, 271, 295
119, 1, 860, 16, 1107, 156
119, 2, 847, 185, 1083, 300
120, 0, 28, 152, 88, 294
120, 1, 953, 39, 990, 122
121, 0, 21, 120, 114, 328
121, 1, 55, 31, 144, 64
121, 2, 955, 40, 1080, 183
122, 0, 16, 21, 247, 339
122, 1, 788, 132, 1011, 305
122, 2, 765, 39, 786, 154
122, 3, 937, 15, 1130, 145
123, 0, 55, 31, 252, 332
123, 1, 843, 164, 1056, 335
123, 2, 1001, 13, 1167, 147
124, 0, 74, 48, 215, 346
124, 1, 902, 189, 1100, 306
124, 2, 819, 23, 1127, 104
124, 3, 1028, 69, 1077, 143
125, 0, 87, 40, 259, 257
125, 1, 11, 249, 124, 317
125, 2, 919, 119, 1145, 317
125, 3, 959, 14, 1174, 107
126, 0, 11, 54, 263, 340
126, 1, 909, 190, 1092, 308
126, 2, 1025, 15, 1079, 81
126, 3, 1108, 59, 1192, 97
127, 0, 52, 22, 243, 316
127, 1, 453, 277, 597, 345
127, 2, 1073, 21, 1175, 72
128, 0, 87, 26, 293, 212
128, 1, 457, 280, 561, 323
129, 0, 108, 30, 249, 307
129, 1, 898, 24, 1170, 127
130, 0, 96, 15, 262, 105
130, 1, 151, 137, 268, 336
130, 2, 520, 273, 608, 335
130, 3, 859, 22, 1125, 156
131, 0, 85, 20, 254, 304
131, 1, 473, 269, 613, 335
131, 2, 813, 29, 1033, 160
131, 3, 1055, 23, 1150, 106
132, 0, 59, 149, 138, 305
132, 1, 865, 41, 1024, 156
133, 0, 81, 197, 127, 279
133, 1, 852, 11, 937, 157
133, 2, 1093, 195, 1186, 257
134, 0, 29, 116, 259, 336
134, 1, 64, 22, 254, 89
134, 2, 800, 194, 898, 299
134, 3, 815, 29, 1120, 158
135, 0, 36, 37, 275, 277
135, 1, 850, 29, 977, 79
135, 2, 793, 14, 1087, 180
136, 0, 54, 44, 280, 194
136, 1, 855, 15, 1105, 162
137, 0, 34, 84, 209, 347
137, 1, 83, 24, 229, 55
137, 2, 962, 209, 1014, 320
137, 3, 903, 21, 1145, 133
138, 0, 68, 32, 221, 232
138, 1, 937, 185, 1083, 334
138, 2, 856, 16, 1130, 140
139, 0, 87, 24, 173, 196
139, 1, 910, 14, 1197, 116
140, 0, 48, 22, 170, 161
140, 1, 767, 163, 977, 330
140, 2, 1028, 10, 1181, 123
141, 0, 48, 56, 160, 247
141, 1, 993, 15, 1167, 127
142, 0, 59, 27, 167, 235
142, 1, 967, 11, 1118, 113
143, 0, 49, 31, 301, 337
143, 1, 984, 192, 1039, 285
143, 2, 894, 31, 1189, 162
144, 0, 470, 280, 644, 347
144, 1, 1013, 51, 1125, 295
145, 0, 56, 159, 112, 266
145, 1, 489, 276, 633, 341
145, 2, 1012, 62, 1160, 131
146, 0, 39, 35, 353, 345
146, 1, 438, 285, 607, 347
146, 2, 910, 17, 1111, 130
147, 0, 48, 36, 137, 232
147, 1, 219, 155, 294, 184
147, 2, 332, 283, 619, 356
147, 3, 977, 18, 1118, 113
148, 0, 163, 134, 242, 212
148, 1, 371, 313, 600, 363
148, 2, 952, 191, 1050, 309
149, 0, 157, 157, 237, 220
149, 1, 436, 327, 641, 361
149, 2, 1018, 76, 1062, 222
150, 0, 48, 33, 215, 322
150, 1, 1034, 186, 1169, 324
150, 2, 931, 18, 1150, 128
151, 0, 77, 14, 412, 256
152, 0, 1106, 158, 1166, 226
153, 0, 43, 141, 199, 346
153, 1, 1087, 21, 1187, 159
154, 0, 25, 22, 309, 328
154, 1, 795, 18, 1185, 159
154, 2, 864, 124, 1078, 342
155, 0, 18, 72, 197, 332
155, 1, 918, 16, 1199, 136
155, 2, 1030, 126, 1098, 153
156, 0, 39, 200, 108, 306
156, 1, 838, 30, 893, 121
157, 0, 36, 144, 142, 327
157, 1, 18, 25, 298, 119
157, 2, 840, 27, 948, 159
157, 3, 1024, 19, 1164, 171
158, 0, 38, 121, 182, 329
158, 1, 586, 282, 806, 335
158, 2, 912, 18, 1185, 189
158, 3, 1015, 122, 1208, 334
159, 0, 30, 186, 318, 326
159, 1, 165, 25, 347, 261
159, 2, 825, 107, 1203, 258
159, 3, 853, 11, 1213, 144
159, 4, 949, 99, 990, 140
160, 0, 29, 41, 133, 120
160, 1, 34, 27, 297, 328
160, 2, 887, 13, 1202, 144
160, 3, 899, 91, 1223, 234
161, 0, 23, 25, 304, 334
161, 1, 31, 40, 95, 119
161, 2, 772, 68, 1210, 334
161, 3, 923, 26, 1014, 182
161, 4, 1060, 30, 1185, 139
162, 0, 47, 15, 155, 118
162, 1, 382, 296, 504, 332
162, 2, 928, 124, 1044, 332
162, 3, 944, 39, 1195, 148
162, 4, 1086, 19, 1214, 91
163, 0, 24, 15, 211, 349
163, 1, 948, 22, 1212, 337
163, 2, 938, 11, 1029, 77
164, 0, 352, 322, 446, 356
164, 1, 922, 82, 1199, 299
164, 2, 1009, 13, 1218, 130
165, 0, 838, 67, 1027, 265
165, 1, 1057, 104, 1221, 310
165, 2, 1074, 16, 1230, 108
166, 0, 23, 21, 210, 207
166, 1, 25, 160, 199, 355
166, 2, 283, 317, 417, 361
166, 3, 1030, 15, 1176, 154
166, 4, 1067, 126, 1191, 231
166, 5, 1099, 253, 1155, 320
167, 0, 44, 26, 137, 95
167, 1, 278, 335, 438, 354
167, 2, 1070, 134, 1220, 302
167, 3, 1045, 11, 1216, 133
168, 0, 22, 161, 408, 358
168, 1, 43, 26, 321, 300
168, 2, 521, 268, 684, 361
168, 3, 775, 267, 1017, 350
168, 4, 812, 24, 1231, 312
168, 5, 1039, 17, 1226, 170
169, 0, 22, 26, 412, 360
169, 1, 514, 269, 694, 349
169, 2, 832, 17, 1217, 268
169, 3, 1054, 137, 1202, 304
170, 0, 126, 294, 404, 362
170, 1, 515, 268, 780, 361
170, 2, 799, 266, 978, 352
170, 3, 1047, 172, 1220, 345
170, 4, 1063, 20, 1221, 154
171, 0, 111, 296, 418, 357
171, 1, 520, 333, 648, 361
171, 2, 1046, 113, 1178, 300
171, 3, 1055, 14, 1218, 155
172, 0, 55, 313, 753, 359
172, 1, 877, 288, 1004, 352
172, 2, 1090, 203, 1197, 315
172, 3, 1027, 15, 1210, 152
173, 0, 567, 293, 762, 357
173, 1, 856, 288, 982, 333
173, 2, 1149, 45, 1218, 134
174, 0, 25, 21, 163, 276
174, 1, 30, 255, 64, 355
174, 2, 567, 292, 898, 360
174, 3, 1090, 29, 1222, 229
175, 0, 29, 22, 76, 200
175, 1, 84, 324, 288, 355
175, 2, 855, 295, 1090, 344
176, 0, 35, 23, 81, 277
176, 1, 156, 308, 289, 357
176, 2, 902, 230, 1199, 355
176, 3, 1162, 163, 1213, 232
176, 4, 1188, 33, 1211, 138
177, 0, 18, 23, 315, 308
177, 1, 984, 299, 1194, 355
177, 2, 952, 12, 1217, 260
177, 3, 969, 184, 1037, 232
178, 0, 24, 24, 187, 305
178, 1, 643, 298, 1199, 353
178, 2, 1041, 138, 1156, 253
178, 3, 1053, 11, 1223, 233
179, 0, 1091, 305, 1214, 330
181, 0, 10, 47, 118, 324
181, 1, 1154, 186, 1202, 337
181, 2, 1092, 13, 1215, 170
183, 0, 1057, 316, 1207, 320
184, 0, 79, 339, 224, 360
184, 1, 618, 308, 908, 356
184, 2, 1140, 139, 1199, 185
185, 0, 111, 336, 222, 361
185, 1, 806, 309, 978, 347
186, 0, 135, 335, 213, 362
186, 1, 520, 339, 670, 358
187, 0, 28, 89, 73, 309
187, 1, 123, 337, 205, 366
187, 2, 1087, 309, 1196, 346
187, 3, 1110, 164, 1207, 277
187, 4, 1111, 23, 1213, 163
188, 0, 43, 92, 69, 238
188, 1, 73, 340, 209, 362
188, 2, 1046, 184, 1194, 345
188, 3, 1069, 26, 1207, 278
189, 0, 21, 35, 201, 364
189, 1, 768, 253, 1191, 357
189, 2, 1029, 13, 1211, 279
190, 0, 795, 304, 1011, 336
190, 1, 1100, 26, 1195, 279
191, 0, 16, 37, 173, 360
191, 1, 943, 254, 1200, 338
191, 2, 952, 11, 1192, 279
192, 0, 23, 38, 220, 362
192, 1, 909, 12, 1201, 336
194, 0, 1147, 257, 1199, 333
194, 1, 1129, 28, 1205, 279
195, 0, 1033, 329, 1158, 359
196, 0, 55, 118, 297, 357
196, 1, 100, 40, 306, 100
196, 2, 832, 322, 1086, 356
196, 3, 832, 27, 1205, 356
197, 0, 961, 325, 1205, 356
198, 0, 935, 324, 1136, 353
198, 1, 1086, 27, 1203, 353
199, 0, 72, 41, 152, 344
199, 1, 989, 273, 1224, 360
199, 2, 1027, 135, 1057, 247
199, 3, 1043, 24, 1202, 250
200, 0, 1046, 325, 1201, 354
201, 0, 1030, 327, 1199, 356
202, 0, 115, 68, 135, 202
202, 1, 997, 27, 1212, 362
203, 0, 95, 49, 231, 353
203, 1, 899, 251, 1118, 358
203, 2, 909, 28, 1224, 360
204, 0, 103, 51, 204, 354
204, 1, 933, 230, 1226, 360
204, 2, 893, 28, 1183, 254
205, 0, 857, 34, 926, 58
206, 0, 122, 35, 248, 356
206, 1, 865, 332, 1159, 362
206, 2, 856, 24, 1226, 315
207, 0, 878, 26, 986, 54
207, 1, 1116, 20, 1173, 257
208, 0, 872, 28, 926, 51
209, 0, 130, 41, 186, 110
209, 1, 866, 19, 1221, 361
210, 0, 167, 38, 217, 111
210, 1, 946, 16, 1020, 41
211, 0, 185, 39, 264, 236
211, 1, 821, 155, 1159, 361
211, 2, 825, 23, 1232, 247
212, 0, 201, 39, 326, 108
212, 1, 979, 250, 1156, 363
212, 2, 945, 28, 1188, 227
213, 0, 242, 40, 355, 105
213, 1, 954, 16, 1182, 249
213, 2, 1044, 315, 1137, 342
213, 3, 1034, 247, 1151, 286
214, 0, 868, 24, 1150, 250
214, 1, 892, 200, 1166, 361
215, 0, 819, 249, 1195, 360
215, 1, 773, 17, 1175, 287
216, 0, 1073, 126, 1205, 353
216, 1, 1106, 33, 1159, 128
217, 0, 699, 200, 1091, 356
217, 1, 819, 17, 1158, 324
219, 0, 1007, 25, 1183, 348
220, 0, 980, 21, 1171, 199
220, 1, 1041, 195, 1147, 318
221, 0, 704, 17, 814, 108
221, 1, 965, 288, 1139, 350
221, 2, 923, 21, 1167, 228
221, 3, 949, 170, 1108, 284
222, 0, 740, 13, 1166, 224
222, 1, 885, 122, 1222, 348
223, 0, 338, 337, 455, 361
223, 1, 760, 21, 1111, 247
223, 2, 854, 252, 1184, 351
223, 3, 879, 224, 995, 286
223, 4, 1026, 16, 1143, 195
224, 0, 338, 326, 502, 361
224, 1, 876, 16, 1194, 159
224, 2, 944, 111, 1207, 250
224, 3, 1037, 283, 1189, 324
225, 0, 391, 337, 528, 361
225, 1, 783, 16, 1115, 141
225, 2, 841, 76, 1232, 365
225, 3, 838, 93, 984, 166
226, 0, 270, 103, 302, 209
226, 1, 317, 331, 508, 362
226, 2, 801, 16, 1101, 165
226, 3, 847, 173, 1210, 333
226, 4, 1151, 133, 1229, 247
227, 0, 342, 328, 515, 360
227, 1, 854, 16, 1103, 128
227, 2, 861, 107, 1133, 298
227, 3, 1140, 170, 1220, 245
228, 0, 179, 105, 326, 287
228, 1, 344, 339, 576, 360
228, 2, 673, 310, 733, 344
228, 3, 690, 10, 1168, 315
229, 0, 395, 316, 601, 360
229, 1, 881, 89, 1136, 241
230, 0, 94, 48, 318, 331
230, 1, 452, 317, 607, 357
230, 2, 697, 17, 1131, 327
230, 3, 711, 261, 764, 334
230, 4, 1117, 109, 1204, 140
231, 0, 445, 303, 615, 363
231, 1, 938, 115, 1081, 291
231, 2, 1006, 18, 1160, 142
232, 0, 489, 304, 628, 352
232, 1, 972, 80, 1169, 271
232, 2, 1040, 26, 1097, 113
233, 0, 160, 186, 211, 347
233, 1, 37, 256, 110, 334
233, 2, 522, 314, 639, 350
233, 3, 883, 195, 975, 312
233, 4, 865, 19, 1180, 217
233, 5, 1047, 233, 1131, 307
234, 0, 111, 57, 155, 98
234, 1, 196, 86, 298, 210
234, 2, 32, 213, 275, 354
234, 3, 486, 307, 610, 357
234, 4, 741, 13, 1206, 216
234, 5, 784, 215, 995, 345
235, 0, 35, 208, 162, 317
235, 1, 446, 314, 631, 357
235, 2, 1100, 116, 1209, 244
235, 3, 1063, 21, 1123, 58
236, 0, 55, 21, 302, 348
236, 1, 526, 318, 697, 361
236, 2, 798, 185, 1086, 335
236, 3, 794, 19, 1219, 241
237, 0, 46, 29, 228, 116
237, 1, 75, 170, 224, 316
237, 2, 461, 308, 709, 360
237, 3, 942, 17, 1233, 235
238, 0, 30, 166, 216, 211
238, 1, 524, 304, 670, 364
238, 2, 1024, 20, 1196, 182
239, 0, 17, 211, 110, 306
239, 1, 531, 320, 687, 355
239, 2, 1109, 214, 1194, 327
239, 3, 1044, 104, 1166, 246
239, 4, 1047, 17, 1187, 56
240, 0, 36, 18, 284, 337
240, 1, 827, 236, 1029, 329
240, 2, 825, 11, 1220, 217
241, 0, 26, 37, 279, 332
241, 1, 933, 181, 1067, 333
241, 2, 885, 17, 1194, 245
242, 0, 40, 31, 213, 340
242, 1, 961, 237, 1049, 250
242, 2, 919, 15, 1213, 136
242, 3, 917, 103, 1201, 250
243, 0, 27, 203, 123, 261
243, 1, 599, 315, 808, 347
244, 0, 30, 173, 125, 270
244, 1, 21, 74, 104, 154
244, 2, 1015, 157, 1173, 305
244, 3, 963, 18, 1201, 135
245, 0, 20, 26, 225, 261
245, 1, 307, 304, 521, 359
245, 2, 922, 155, 1196, 236
245, 3, 921, 28, 1184, 159
246, 0, 25, 67, 160, 325
246, 1, 267, 298, 590, 351
246, 2, 964, 274, 1150, 309
246, 3, 935, 25, 1198, 155
246, 4, 974, 177, 1181, 229
247, 0, 1104, 115, 1232, 301
248, 0, 241, 285, 563, 357
248, 1, 1099, 204, 1190, 347
249, 0, 28, 14, 227, 333
249, 1, 363, 299, 504, 360
249, 2, 892, 13, 1201, 201
249, 3, 965, 153, 1177, 305
249, 4, 1076, 274, 1216, 358
250, 0, 32, 72, 155, 299
250, 1, 439, 302, 500, 353
250, 2, 1040, 158, 1199, 341
250, 3, 1033, 18, 1200, 158
251, 0, 166, 235, 269, 357
251, 1, 388, 306, 793, 363
252, 0, 23, 165, 118, 320
252, 1, 37, 16, 254, 186
252, 2, 209, 332, 520, 362
252, 3, 1061, 166, 1208, 325
252, 4, 1028, 23, 1209, 190
253, 0, 52, 296, 460, 366
253, 1, 115, 187, 191, 243
253, 2, 595, 298, 737, 359
253, 3, 1102, 284, 1215, 346
253, 4, 1174, 29, 1210, 169
254, 0, 44, 298, 576, 366
254, 1, 200, 113, 310, 187
254, 2, 939, 172, 1188, 345
254, 3, 1184, 54, 1214, 171
255, 0, 56, 265, 575, 365
255, 1, 81, 178, 155, 266
255, 2, 1028, 192, 1210, 335
256, 0, 46, 261, 490, 357
256, 1, 27, 38, 312, 265
256, 2, 894, 112, 1066, 267
256, 3, 895, 18, 1207, 158
256, 4, 1125, 160, 1206, 287
257, 0, 43, 292, 759, 354
257, 1, 44, 34, 303, 261
257, 2, 1017, 15, 1206, 230
258, 0, 80, 99, 284, 173
258, 1, 285, 326, 529, 359
259, 0, 30, 290, 193, 359
259, 1, 38, 29, 166, 290
259, 2, 446, 291, 750, 357
259, 3, 947, 30, 1211, 200
260, 0, 46, 294, 225, 354
260, 1, 53, 24, 342, 318
260, 2, 430, 312, 574, 360
260, 3, 873, 22, 1212, 150
260, 4, 924, 171, 1114, 211
260, 5, 1058, 225, 1154, 296
261, 0, 40, 317, 180, 352
261, 1, 75, 27, 171, 298
261, 2, 452, 316, 630, 361
261, 3, 928, 206, 1029, 330
261, 4, 1117, 229, 1206, 301
261, 5, 967, 28, 1215, 220
262, 0, 43, 31, 313, 349
262, 1, 471, 320, 655, 359
262, 2, 894, 33, 1196, 223
262, 3, 1045, 245, 1163, 324
262, 4, 924, 15, 992, 129
263, 0, 75, 91, 223, 201
263, 1, 492, 281, 693, 350
263, 2, 875, 65, 1145, 226
263, 3, 1094, 203, 1196, 287
264, 0, 64, 32, 226, 344
264, 1, 974, 193, 1191, 246
264, 2, 1017, 33, 1205, 209
265, 0, 74, 27, 284, 325
265, 1, 951, 169, 1167, 320
265, 2, 929, 31, 1209, 206
266, 0, 33, 22, 285, 330
266, 1, 898, 29, 1197, 341
266, 2, 957, 16, 1027, 131
267, 0, 32, 19, 365, 335
267, 1, 712, 312, 887, 339
267, 2, 983, 175, 1201, 340
267, 3, 891, 28, 1198, 214
268, 0, 29, 34, 137, 198
268, 1, 891, 192, 1197, 341
268, 2, 1067, 27, 1221, 180
269, 0, 30, 100, 125, 290
269, 1, 978, 87, 1199, 291
270, 0, 75, 150, 101, 221
270, 1, 65, 282, 160, 332
270, 2, 964, 107, 1172, 241
271, 0, 58, 21, 330, 355
271, 1, 936, 20, 1200, 240
272, 0, 59, 26, 196, 358
273, 0, 68, 27, 273, 236
273, 1, 1000, 20, 1175, 272
274, 0, 48, 57, 223, 326
274, 1, 1028, 92, 1174, 187
275, 0, 58, 37, 312, 337
275, 1, 437, 312, 600, 350
275, 2, 908, 248, 1169, 348
275, 3, 948, 20, 1201, 215
276, 0, 36, 33, 266, 262
276, 1, 977, 20, 1181, 138
276, 2, 1005, 174, 1188, 300
277, 0, 63, 91, 205, 307
277, 1, 1136, 82, 1204, 155
278, 0, 62, 108, 243, 342
278, 1, 1157, 97, 1190, 182
279, 0, 30, 133, 120, 287
280, 0, 78, 46, 142, 100
281, 0, 78, 216, 194, 349
282, 0, 50, 45, 300, 251
282, 1, 999, 189, 1214, 341
282, 2, 932, 136, 1011, 184
282, 3, 1104, 40, 1184, 132
283, 0, 47, 132, 233, 299
283, 1, 457, 294, 661, 359
283, 2, 1043, 221, 1160, 284
284, 0, 790, 16, 909, 101
286, 0, 39, 112, 237, 317
286, 1, 856, 270, 1161, 344
286, 2, 835, 114, 1103, 238
287, 0, 27, 112, 238, 294
287, 1, 484, 288, 673, 359
287, 2, 786, 98, 927, 175
287, 3, 843, 21, 982, 65
287, 4, 952, 135, 1180, 346
288, 0, 14, 39, 219, 293
288, 1, 520, 317, 724, 360
288, 2, 847, 15, 1089, 192
288, 3, 997, 194, 1183, 341
289, 0, 41, 50, 121, 164
289, 1, 43, 246, 163, 288
289, 2, 564, 304, 708, 340
289, 3, 887, 19, 1130, 181
289, 4, 1104, 214, 1134, 335
290, 0, 30, 31, 203, 202
290, 1, 563, 251, 659, 355
290, 2, 1025, 163, 1148, 326
290, 3, 962, 109, 1113, 170
291, 0, 494, 309, 750, 360
292, 0, 470, 323, 608, 361
292, 1, 879, 111, 1035, 236
292, 2, 846, 15, 1090, 90
292, 3, 1092, 112, 1136, 181
293, 0, 36, 19, 225, 354
293, 1, 203, 274, 609, 347
293, 2, 851, 129, 969, 301
293, 3, 805, 14, 994, 109
294, 0, 38, 19, 72, 140
294, 1, 232, 271, 615, 359
294, 2, 894, 109, 1018, 267
294, 3, 911, 18, 1075, 104
295, 0, 245, 286, 710, 364
295, 1, 856, 36, 1137, 335
296, 0, 36, 31, 491, 362
296, 1, 916, 120, 1139, 326
296, 2, 896, 34, 1087, 118
297, 0, 58, 246, 478, 362
297, 1, 40, 23, 281, 230
297, 2, 578, 293, 651, 342
297, 3, 875, 172, 1091, 356
297, 4, 849, 16, 1028, 154
297, 5, 1092, 57, 1211, 87
298, 0, 50, 271, 253, 362
298, 1, 361, 314, 439, 361
298, 2, 857, 20, 1210, 292
299, 0, 46, 240, 163, 364
299, 1, 245, 317, 473, 361
299, 2, 846, 115, 885, 210
299, 3, 932, 18, 1213, 317
300, 0, 36, 279, 477, 363
300, 1, 44, 19, 206, 277
300, 2, 955, 286, 1076, 305
300, 3, 849, 20, 1100, 243
300, 4, 1096, 53, 1168, 82
301, 0, 30, 268, 178, 361
301, 1, 56, 18, 196, 238
301, 2, 318, 312, 512, 361
301, 3, 917, 186, 1060, 266
301, 4, 1090, 270, 1121, 311
301, 5, 901, 17, 1157, 197
302, 0, 34, 311, 149, 360
302, 1, 239, 320, 446, 357
302, 2, 984, 182, 1022, 254
302, 3, 906, 113, 1023, 192
302, 4, 1073, 252, 1202, 334
302, 5, 896, 19, 1177, 196
303, 0, 25, 300, 445, 360
303, 1, 78, 19, 315, 273
303, 2, 905, 124, 1205, 334
303, 3, 853, 20, 980, 140
303, 4, 1031, 48, 1202, 138
304, 0, 19, 333, 73, 359
304, 1, 240, 309, 482, 353
304, 2, 996, 158, 1117, 280
304, 3, 872, 18, 1069, 158
305, 0, 33, 318, 257, 361
305, 1, 56, 103, 181, 285
305, 2, 118, 21, 246, 277
305, 3, 850, 13, 1145, 196
305, 4, 954, 137, 1118, 340
306, 0, 31, 22, 236, 329
306, 1, 1051, 45, 1169, 219
307, 0, 839, 46, 1023, 314
307, 1, 1048, 47, 1194, 203
308, 0, 76, 20, 253, 325
308, 1, 880, 71, 944, 252
308, 2, 910, 14, 965, 95
309, 0, 99, 239, 310, 335
309, 1, 830, 22, 984, 342
310, 0, 69, 213, 207, 309
310, 1, 896, 17, 1036, 134
311, 0, 27, 16, 366, 348
311, 1, 473, 265, 712, 352
311, 2, 909, 147, 1113, 299
311, 3, 819, 17, 1158, 184
312, 0, 610, 293, 677, 332
312, 1, 906, 13, 1030, 151
312, 2, 1088, 34, 1152, 187
313, 0, 55, 19, 312, 342
313, 1, 516, 288, 676, 365
313, 2, 1031, 253, 1178, 338
313, 3, 911, 15, 1061, 156
313, 4, 1065, 37, 1219, 162
314, 0, 71, 33, 260, 330
314, 1, 453, 306, 638, 362
314, 2, 937, 15, 1110, 124
315, 0, 504, 309, 720, 360
315, 1, 902, 19, 1054, 243
316, 0, 61, 107, 119, 319
316, 1, 151, 37, 240, 160
316, 2, 466, 295, 682, 363
316, 3, 885, 11, 1182, 283
317, 0, 14, 246, 150, 364
317, 1, 399, 329, 683, 355
317, 2, 974, 259, 1178, 318
317, 3, 972, 34, 1181, 149
318, 0, 122, 24, 267, 93
318, 1, 1053, 134, 1213, 336
318, 2, 927, 94, 1070, 197
318, 3, 1002, 23, 1094, 74
319, 0, 40, 24, 222, 267
319, 1, 791, 213, 955, 329
319, 2, 966, 13, 1174, 188
320, 0, 52, 24, 268, 97
320, 1, 64, 178, 185, 304
320, 2, 147, 88, 178, 197
320, 3, 929, 96, 1075, 296
320, 4, 1028, 16, 1212, 85
321, 0, 50, 20, 207, 111
321, 1, 74, 124, 196, 272
321, 2, 1010, 121, 1195, 298
321, 3, 1023, 21, 1187, 185
322, 0, 31, 23, 197, 318
322, 1, 904, 174, 1201, 305
322, 2, 1017, 27, 1197, 158
323, 0, 41, 22, 478, 349
323, 1, 909, 177, 1219, 319
323, 2, 1070, 34, 1216, 151
324, 0, 42, 18, 331, 298
324, 1, 1048, 204, 1171, 345
324, 2, 926, 19, 1193, 209
325, 0, 114, 18, 339, 339
325, 1, 860, 129, 1137, 218
325, 2, 930, 25, 1174, 148
326, 0, 857, 188, 1031, 341
327, 0, 1019, 153, 1125, 253
328, 0, 42, 68, 118, 193
328, 1, 210, 210, 432, 366
328, 2, 1074, 152, 1150, 200
329, 0, 15, 30, 164, 143
329, 1, 998, 35, 1185, 153
330, 0, 12, 54, 197, 227
330, 1, 31, 297, 131, 357
330, 2, 1136, 30, 1164, 160
331, 0, 29, 101, 205, 284
331, 1, 79, 312, 141, 358
331, 2, 353, 311, 457, 360
331, 3, 827, 145, 1068, 326
332, 0, 32, 16, 215, 285
332, 1, 34, 300, 446, 365
332, 2, 617, 177, 1086, 345
333, 0, 20, 100, 154, 193
333, 1, 29, 246, 253, 360
333, 2, 773, 136, 1020, 205
334, 0, 19, 262, 196, 365
334, 1, 24, 116, 128, 233
334, 2, 967, 27, 1148, 309
335, 0, 43, 40, 123, 321
335, 1, 535, 138, 772, 210
335, 2, 838, 210, 905, 253
335, 3, 992, 98, 1177, 194
336, 0, 25, 46, 239, 334
336, 1, 110, 27, 305, 163
336, 2, 607, 106, 1142, 355
336, 3, 873, 20, 1048, 161
337, 0, 65, 70, 188, 340
337, 1, 898, 189, 1034, 313
337, 2, 1008, 37, 1199, 168
338, 0, 91, 21, 276, 267
338, 1, 901, 210, 1027, 324
338, 2, 940, 48, 1144, 155
339, 0, 76, 18, 322, 326
339, 1, 972, 206, 1082, 311
339, 2, 875, 27, 1153, 186
340, 0, 74, 17, 222, 339
340, 1, 587, 159, 633, 205
340, 2, 878, 131, 967, 234
340, 3, 1071, 258, 1129, 334
340, 4, 1032, 14, 1168, 161
341, 0, 96, 16, 252, 190
341, 1, 936, 191, 1092, 328
341, 2, 934, 21, 1016, 148
341, 3, 1078, 40, 1170, 137
342, 0, 52, 17, 217, 336
342, 1, 1037, 117, 1164, 290
342, 2, 939, 138, 1040, 194
342, 3, 941, 19, 1145, 132
343, 0, 44, 91, 179, 266
343, 1, 35, 17, 199, 78
343, 2, 936, 147, 1173, 220
343, 3, 926, 17, 1039, 137
344, 0, 47, 150, 250, 292
344, 1, 905, 105, 1087, 310
345, 0, 28, 94, 237, 357
345, 1, 47, 19, 244, 93
345, 2, 822, 19, 1070, 161
345, 3, 952, 138, 1092, 225
346, 0, 46, 197, 166, 361
346, 1, 195, 123, 252, 177
346, 2, 949, 195, 1028, 228
346, 3, 1013, 23, 1122, 152
347, 0, 43, 161, 460, 353
347, 1, 181, 123, 242, 160
347, 2, 192, 29, 234, 74
347, 3, 483, 157, 624, 210
347, 4, 952, 117, 1173, 225
348, 0, 32, 14, 282, 344
348, 1, 467, 146, 585, 209
348, 2, 652, 279, 890, 359
348, 3, 988, 91, 1187, 241
348, 4, 990, 35, 1120, 139
349, 0, 12, 197, 152, 341
349, 1, 145, 23, 211, 176
349, 2, 987, 145, 1153, 240
349, 3, 1086, 24, 1195, 92
350, 0, 21, 16, 206, 338
350, 1, 923, 83, 1193, 237
350, 2, 1055, 16, 1214, 136
351, 0, 34, 12, 215, 342
351, 1, 330, 153, 549, 225
351, 2, 840, 13, 1185, 86
351, 3, 1015, 150, 1136, 235
351, 4, 1096, 83, 1195, 174
352, 0, 25, 14, 310, 359
352, 1, 415, 160, 544, 204
352, 2, 883, 89, 1229, 260
352, 3, 952, 32, 1099, 124
352, 4, 1130, 34, 1229, 126
353, 0, 42, 20, 200, 212
353, 1, 296, 137, 585, 250
353, 2, 878, 87, 973, 164
353, 3, 1072, 194, 1213, 261
353, 4, 1103, 25, 1228, 120
353, 5, 1107, 127, 1224, 166
354, 0, 11, 15, 181, 185
354, 1, 12, 213, 84, 363
354, 2, 285, 236, 369, 337
354, 3, 368, 138, 529, 216
354, 4, 844, 12, 1184, 240
354, 5, 1171, 24, 1217, 139
355, 0, 22, 14, 171, 354
355, 1, 281, 140, 507, 263
355, 2, 901, 11, 1219, 214
355, 3, 891, 91, 1114, 176
356, 0, 21, 17, 191, 359
356, 1, 251, 142, 495, 329
356, 2, 648, 278, 856, 358
356, 3, 849, 96, 1119, 180
356, 4, 960, 14, 1215, 141
356, 5, 1062, 174, 1191, 269
357, 0, 22, 25, 158, 211
357, 1, 29, 324, 134, 351
357, 2, 216, 148, 423, 324
357, 3, 806, 329, 883, 363
357, 4, 851, 133, 984, 181
357, 5, 962, 16, 1200, 160
358, 0, 17, 131, 165, 208
358, 1, 12, 298, 97, 359
358, 2, 177, 141, 426, 336
358, 3, 919, 17, 1227, 184
359, 0, 20, 21, 154, 199
359, 1, 28, 285, 156, 364
359, 2, 191, 160, 459, 350
359, 3, 911, 87, 1022, 171
359, 4, 1002, 22, 1212, 162
359, 5, 1124, 121, 1213, 281
360, 0, 10, 24, 425, 324
360, 1, 300, 143, 427, 218
360, 2, 925, 169, 1167, 350
360, 3, 903, 21, 1229, 161
361, 0, 13, 24, 317, 329
361, 1, 295, 163, 353, 230
361, 2, 811, 13, 1229, 236
361, 3, 923, 256, 1184, 327
361, 4, 1010, 179, 1180, 250
362, 0, 30, 197, 173, 327
362, 1, 199, 158, 326, 340
362, 2, 953, 13, 1223, 172
363, 0, 354, 131, 437, 194
363, 1, 40, 188, 196, 333
363, 2, 191, 157, 342, 264
363, 3, 1047, 17, 1205, 174
364, 0, 17, 23, 154, 260
364, 1, 44, 286, 150, 351
364, 2, 188, 151, 414, 296
364, 3, 976, 214, 1197, 349
364, 4, 963, 40, 1179, 167
364, 5, 1061, 17, 1144, 60
365, 0, 17, 25, 268, 328
365, 1, 305, 176, 445, 359
365, 2, 32, 250, 117, 356
365, 3, 964, 283, 1150, 345
365, 4, 928, 50, 1058, 148
365, 5, 1079, 13, 1204, 161
366, 0, 128, 321, 171, 357
366, 1, 195, 227, 284, 326
366, 2, 12, 190, 189, 355
366, 3, 195, 130, 407, 256
366, 4, 922, 146, 978, 231
366, 5, 1092, 21, 1208, 148
367, 0, 22, 254, 139, 356
367, 1, 20, 21, 376, 364
367, 2, 743, 255, 1163, 344
367, 3, 750, 20, 1078, 266
367, 4, 1084, 17, 1221, 144
368, 0, 12, 113, 319, 295
368, 1, 18, 295, 326, 365
368, 2, 340, 172, 380, 290
368, 3, 932, 131, 1036, 259
368, 4, 1032, 16, 1204, 143
369, 0, 643, 84, 696, 130
369, 1, 261, 121, 466, 228
369, 2, 31, 218, 139, 267
369, 3, 73, 275, 239, 364
369, 4, 140, 122, 226, 294
369, 5, 235, 261, 312, 341
369, 6, 983, 132, 1091, 254
369, 7, 1112, 19, 1205, 126
370, 0, 56, 235, 121, 273
370, 1, 281, 191, 415, 290
370, 2, 116, 115, 238, 290
370, 3, 986, 143, 1078, 254
370, 4, 1065, 19, 1207, 125
371, 0, 16, 97, 129, 302
371, 1, 19, 24, 150, 137
371, 2, 266, 124, 425, 229
371, 3, 138, 186, 233, 317
371, 4, 921, 22, 1218, 162
372, 0, 18, 133, 185, 250
372, 1, 20, 22, 177, 142
372, 2, 91, 263, 229, 310
372, 3, 220, 150, 360, 234
372, 4, 928, 15, 1223, 167
372, 5, 1046, 180, 1145, 225
373, 0, 19, 22, 312, 331
373, 1, 351, 217, 405, 358
373, 2, 232, 157, 636, 270
373, 3, 833, 251, 933, 296
373, 4, 809, 21, 1218, 242
374, 0, 20, 22, 350, 294
374, 1, 229, 158, 611, 354
374, 2, 801, 227, 939, 323
374, 3, 784, 23, 1228, 256
375, 0, 46, 302, 78, 324
375, 1, 29, 174, 158, 270
375, 2, 38, 22, 171, 173
375, 3, 320, 154, 687, 354
375, 4, 952, 13, 1226, 171
376, 0, 35, 95, 86, 298
376, 1, 216, 153, 674, 303
376, 2, 1059, 110, 1224, 209
377, 0, 41, 11, 563, 358
377, 1, 25, 92, 103, 313
377, 2, 960, 184, 1157, 351
377, 3, 970, 28, 1231, 185
378, 0, 23, 28, 820, 339
378, 1, 25, 115, 64, 312
378, 2, 918, 165, 1197, 352
378, 3, 894, 15, 1232, 207
379, 0, 29, 28, 809, 292
379, 1, 21, 116, 302, 357
379, 2, 889, 12, 1231, 142
379, 3, 933, 140, 1160, 349
380, 0, 25, 26, 284, 284
380, 1, 34, 228, 271, 357
380, 2, 370, 157, 853, 285
380, 3, 971, 12, 1229, 282
381, 0, 350, 154, 820, 251
381, 1, 910, 35, 1012, 115
381, 2, 1131, 134, 1161, 226
382, 0, 432, 160, 907, 351
382, 1, 1138, 129, 1203, 244
383, 0, 459, 23, 1070, 346
383, 1, 1114, 133, 1178, 220
384, 0, 520, 152, 974, 327
385, 0, 17, 26, 266, 362
385, 1, 552, 151, 1014, 351
385, 2, 938, 18, 1231, 245
386, 0, 20, 25, 288, 358
386, 1, 526, 154, 836, 268
386, 2, 763, 154, 1202, 353
386, 3, 924, 17, 1232, 201
387, 0, 16, 10, 270, 351
387, 1, 619, 112, 942, 358
387, 2, 845, 155, 1203, 340
387, 3, 1008, 11, 1231, 202
388, 0, 628, 158, 883, 270
388, 1, 811, 92, 1026, 338
389, 0, 715, 159, 904, 330
389, 1, 884, 74, 1152, 324
390, 0, 16, 13, 266, 350
390, 1, 896, 144, 1217, 324
390, 2, 764, 171, 946, 320
390, 3, 938, 14, 1229, 184
391, 0, 15, 11, 383, 347
391, 1, 969, 138, 1218, 295
391, 2, 762, 292, 931, 322
391, 3, 892, 290, 1057, 360
391, 4, 804, 172, 932, 230
391, 5, 837, 15, 1231, 186
392, 0, 19, 34, 187, 346
392, 1, 839, 289, 893, 347
392, 2, 941, 100, 1173, 357
392, 3, 817, 168, 907, 215
392, 4, 1127, 15, 1232, 223
393, 0, 22, 16, 288, 347
393, 1, 836, 170, 934, 338
393, 2, 938, 154, 1081, 351
393, 3, 1083, 141, 1209, 234
393, 4, 937, 12, 1230, 152
394, 0, 13, 19, 204, 347
394, 1, 872, 180, 1036, 347
394, 2, 1009, 79, 1163, 291
394, 3, 1150, 144, 1217, 234
394, 4, 1106, 14, 1228, 147
395, 0, 14, 17, 262, 363
395, 1, 1009, 141, 1188, 361
395, 2, 1169, 160, 1212, 223
395, 3, 1000, 13, 1228, 144
396, 0, 15, 16, 348, 361
396, 1, 959, 148, 1131, 266
396, 2, 1152, 144, 1231, 232
396, 3, 1121, 11, 1229, 122
397, 0, 33, 198, 317, 361
397, 1, 453, 174, 573, 250
397, 2, 996, 130, 1223, 246
398, 0, 38, 198, 288, 324
398, 1, 47, 296, 228, 359
398, 2, 435, 182, 471, 251
398, 3, 1066, 130, 1227, 243
399, 0, 22, 19, 271, 315
399, 1, 129, 270, 309, 357
399, 2, 426, 177, 473, 252
399, 3, 987, 244, 1069, 356
399, 4, 1000, 13, 1226, 310
400, 0, 24, 18, 276, 337
400, 1, 121, 284, 261, 345
400, 2, 422, 163, 506, 251
400, 3, 1133, 19, 1230, 243
401, 0, 26, 18, 252, 343
401, 1, 126, 275, 241, 352
401, 2, 1021, 13, 1226, 285
402, 0, 10, 18, 272, 344
402, 1, 433, 179, 503, 245
402, 2, 1060, 13, 1225, 327
403, 0, 11, 18, 520, 326
403, 1, 173, 297, 210, 348
403, 2, 1200, 18, 1229, 241
404, 0, 12, 18, 346, 326
404, 1, 148, 262, 329, 346
404, 2, 424, 164, 560, 249
404, 3, 960, 15, 1227, 345
405, 0, 68, 185, 452, 277
406, 0, 61, 207, 327, 321
406, 1, 424, 181, 519, 250
407, 0, 18, 22, 140, 331
407, 1, 420, 164, 521, 249
407, 2, 1161, 202, 1182, 243
407, 3, 1180, 22, 1222, 243
408, 0, 212, 180, 515, 325
409, 0, 79, 206, 342, 291
409, 1, 414, 180, 511, 250
410, 0, 77, 180, 526, 325
411, 0, 20, 22, 115, 235
411, 1, 196, 194, 445, 320
411, 2, 1180, 22, 1221, 243
412, 0, 80, 211, 158, 348
412, 1, 172, 181, 446, 328
413, 0, 19, 20, 460, 361
413, 1, 1020, 259, 1081, 360
413, 2, 1040, 19, 1221, 260
414, 0, 20, 19, 435, 361
414, 1, 960, 19, 1221, 340
414, 2, 980, 299, 1081, 360
415, 0, 20, 20, 309, 341
415, 1, 1100, 20, 1221, 261
416, 0, 20, 221, 256, 350
416, 1, 310, 204, 431, 262
417, 0, 40, 200, 436, 348
418, 0, 20, 20, 358, 332
418, 1, 177, 262, 322, 361
418, 2, 980, 20, 1221, 361
419, 0, 72, 192, 335, 324
419, 1, 196, 262, 301, 351
420, 0, 20, 20, 361, 311
420, 1, 197, 300, 361, 361
420, 2, 920, 240, 1081, 361
420, 3, 940, 20, 1222, 321
421, 0, 20, 20, 315, 320
421, 1, 199, 299, 273, 343
421, 2, 1100, 20, 1221, 241
422, 0, 20, 20, 334, 304
422, 1, 161, 302, 266, 344
422, 2, 1120, 20, 1221, 181
423, 0, 20, 20, 327, 303
423, 1, 175, 322, 264, 347
423, 2, 1120, 20, 1221, 241
424, 0, 72, 204, 281, 318
424, 1, 126, 309, 263, 360
425, 0, 56, 204, 311, 260
426, 0, 79, 206, 271, 284
427, 0, 40, 207, 256, 361
428, 0, 11, 20, 256, 274
428, 1, 1020, 20, 1221, 361
429, 0, 12, 20, 225, 293
429, 1, 1200, 20, 1221, 241
430, 0, 21, 253, 111, 297
431, 0, 20, 20, 261, 361
431, 1, 1000, 20, 1221, 241
433, 0, 20, 20, 181, 321
433, 1, 20, 220, 201, 361
433, 2, 1020, 20, 1221, 321
435, 0, 20, 20, 181, 321
435, 1, 20, 220, 161, 361
435, 2, 1020, 20, 1221, 361
437, 0, 20, 20, 201, 321
437, 1, 20, 220, 201, 361
437, 2, 980, 20, 1221, 361
438, 0, 20, 20, 201, 261
438, 1, 20, 220, 181, 361
438, 2, 1000, 20, 1221, 361
439, 0, 20, 20, 241, 281
439, 1, 20, 220, 261, 361
439, 2, 940, 20, 1221, 361
442, 0, 20, 20, 101, 161
442, 1, 20, 220, 101, 361
442, 2, 1100, 20, 1221, 241
444, 0, 20, 20, 261, 361
444, 1, 20, 220, 161, 361
444, 2, 920, 20, 1221, 321
444, 3, 960, 260, 1061, 361
