10, 0, 67, 193, 141, 310
10, 1, 954, 32, 1064, 107
11, 0, 972, 61, 1005, 112
11, 1, 1063, 35, 1119, 82
12, 0, 890, 80, 1023, 113
13, 0, 855, 57, 1191, 190
14, 0, 912, 38, 1068, 217
15, 0, 105, 35, 310, 326
15, 1, 888, 50, 1080, 226
16, 0, 191, 28, 357, 282
16, 1, 925, 11, 1017, 108
16, 2, 912, 78, 1115, 276
17, 0, 85, 27, 312, 268
17, 1, 919, 55, 1005, 128
17, 2, 1019, 16, 1107, 229
18, 0, 88, 31, 224, 256
18, 1, 925, 63, 960, 113
18, 2, 996, 74, 1143, 176
18, 3, 998, 182, 1124, 242
19, 0, 57, 141, 167, 265
19, 1, 930, 49, 980, 120
19, 2, 1055, 84, 1173, 285
20, 0, 931, 47, 1043, 121
20, 1, 1067, 76, 1192, 199
21, 0, 35, 56, 143, 238
21, 1, 208, 209, 319, 310
21, 2, 693, 273, 822, 320
21, 3, 876, 43, 1063, 123
21, 4, 1064, 83, 1186, 190
22, 0, 561, 268, 769, 361
23, 0, 44, 209, 281, 341
23, 1, 168, 47, 378, 308
23, 2, 540, 272, 797, 329
23, 3, 897, 89, 1208, 280
23, 4, 823, 65, 974, 184
23, 5, 940, 34, 1109, 131
24, 0, 42, 43, 158, 239
24, 1, 189, 59, 309, 241
24, 2, 76, 296, 223, 348
24, 3, 589, 280, 770, 319
24, 4, 1066, 72, 1188, 297
24, 5, 992, 15, 1109, 70
25, 0, 151, 21, 360, 333
25, 1, 677, 299, 864, 352
25, 2, 1038, 267, 1131, 310
25, 3, 907, 27, 1129, 169
25, 4, 1085, 87, 1199, 195
26, 0, 66, 210, 191, 345
26, 1, 46, 21, 304, 327
26, 2, 390, 303, 810, 354
26, 3, 1023, 142, 1178, 308
26, 4, 939, 28, 1141, 171
27, 0, 106, 235, 217, 343
27, 1, 105, 35, 270, 235
27, 2, 571, 309, 738, 354
27, 3, 983, 25, 1208, 119
27, 4, 1144, 141, 1191, 170
28, 0, 74, 15, 352, 308
28, 1, 1017, 288, 1129, 331
28, 2, 933, 22, 1218, 231
29, 0, 35, 44, 264, 161
29, 1, 54, 172, 249, 267
29, 2, 1094, 96, 1193, 327
30, 0, 43, 189, 193, 344
30, 1, 93, 66, 323, 333
30, 2, 963, 25, 1210, 233
31, 0, 53, 205, 254, 336
31, 1, 65, 22, 324, 284
31, 2, 919, 292, 1091, 336
31, 3, 968, 22, 1207, 144
31, 4, 1003, 117, 1168, 223
32, 0, 43, 49, 324, 346
32, 1, 971, 20, 1215, 128
32, 2, 1017, 95, 1217, 227
33, 0, 48, 84, 209, 316
33, 1, 828, 73, 1081, 157
33, 2, 968, 19, 1143, 105
33, 3, 1104, 91, 1209, 265
34, 0, 56, 33, 222, 237
34, 1, 999, 50, 1167, 123
35, 0, 55, 21, 203, 359
35, 1, 790, 132, 1143, 229
35, 2, 906, 56, 1200, 119
35, 3, 1007, 27, 1182, 79
36, 0, 56, 45, 134, 227
36, 1, 926, 54, 1208, 278
36, 2, 982, 11, 1162, 110
37, 0, 56, 85, 219, 338
37, 1, 71, 29, 301, 289
37, 2, 800, 79, 929, 162
37, 3, 968, 32, 1177, 301
37, 4, 1004, 24, 1135, 97
38, 0, 62, 121, 130, 173
38, 1, 977, 140, 1188, 284
38, 2, 918, 14, 1206, 117
39, 0, 63, 50, 316, 309
39, 1, 1041, 74, 1107, 228
39, 2, 992, 16, 1196, 109
40, 0, 1022, 16, 1206, 96
41, 0, 52, 39, 296, 299
41, 1, 913, 19, 1134, 161
42, 0, 17, 85, 205, 352
42, 1, 49, 10, 296, 291
42, 2, 814, 33, 847, 153
42, 3, 939, 45, 1124, 164
43, 0, 1143, 31, 1161, 101
44, 0, 52, 48, 270, 327
44, 1, 820, 139, 1027, 237
44, 2, 1006, 31, 1147, 137
45, 0, 51, 183, 163, 329
45, 1, 53, 48, 194, 93
45, 2, 882, 180, 1027, 254
46, 0, 50, 159, 141, 280
46, 1, 987, 186, 1096, 287
47, 0, 55, 25, 305, 322
47, 1, 309, 21, 337, 161
47, 2, 836, 179, 1130, 327
47, 3, 809, 46, 923, 151
47, 4, 993, 19, 1184, 152
48, 0, 63, 193, 156, 284
48, 1, 957, 150, 1201, 337
48, 2, 943, 41, 1047, 99
49, 0, 951, 160, 1204, 306
49, 1, 1005, 27, 1187, 75
50, 0, 84, 202, 215, 246
50, 1, 1001, 188, 1112, 335
50, 2, 912, 35, 1202, 190
51, 0, 77, 196, 135, 359
52, 0, 18, 327, 323, 360
52, 1, 717, 280, 826, 334
52, 2, 963, 22, 1179, 86
53, 0, 55, 48, 206, 341
53, 1, 713, 288, 862, 341
53, 2, 803, 104, 866, 158
53, 3, 1008, 155, 1158, 304
53, 4, 987, 18, 1168, 118
54, 0, 117, 37, 332, 295
54, 1, 52, 235, 211, 333
54, 2, 917, 20, 1182, 191
55, 0, 233, 65, 316, 228
55, 1, 443, 315, 564, 344
55, 2, 811, 318, 861, 356
55, 3, 829, 79, 937, 162
56, 0, 160, 46, 327, 301
56, 1, 946, 188, 1137, 319
56, 2, 1051, 35, 1172, 191
57, 0, 172, 110, 228, 315
57, 1, 843, 87, 901, 157
57, 2, 1031, 187, 1156, 324
57, 3, 1064, 37, 1164, 158
58, 0, 74, 89, 246, 253
58, 1, 740, 53, 954, 181
58, 2, 927, 182, 1119, 325
59, 0, 53, 143, 165, 316
59, 1, 155, 90, 233, 222
59, 2, 796, 60, 1013, 182
59, 3, 910, 184, 1145, 261
60, 0, 66, 34, 237, 322
60, 1, 739, 25, 930, 210
61, 0, 63, 183, 218, 319
61, 1, 120, 35, 237, 175
61, 2, 816, 38, 1030, 215
61, 3, 1011, 132, 1065, 275
62, 0, 55, 26, 276, 322
62, 1, 811, 46, 1051, 272
62, 2, 1050, 135, 1120, 280
63, 0, 50, 223, 157, 316
63, 1, 890, 45, 1065, 188
63, 2, 961, 130, 1030, 201
63, 3, 1127, 157, 1206, 294
64, 0, 195, 143, 322, 333
64, 1, 914, 64, 1068, 192
64, 2, 1043, 177, 1151, 259
65, 0, 49, 52, 182, 235
65, 1, 914, 19, 1165, 128
65, 2, 968, 155, 1108, 268
66, 0, 101, 23, 304, 300
66, 1, 919, 44, 1051, 183
66, 2, 935, 148, 1174, 289
67, 0, 61, 46, 239, 145
67, 1, 1047, 140, 1119, 250
67, 2, 923, 43, 1178, 159
68, 0, 99, 23, 433, 259
68, 1, 1042, 24, 1205, 64
68, 2, 837, 46, 1064, 179
68, 3, 1085, 133, 1166, 294
69, 0, 1044, 138, 1175, 208
69, 1, 949, 56, 1015, 113
70, 0, 70, 28, 314, 156
70, 1, 997, 71, 1185, 258
70, 2, 1073, 23, 1190, 76
71, 0, 104, 240, 293, 337
71, 1, 580, 278, 757, 350
71, 2, 1059, 295, 1166, 352
72, 0, 241, 149, 370, 310
72, 1, 590, 322, 722, 351
73, 0, 66, 108, 211, 239
73, 1, 584, 326, 731, 346
73, 2, 1118, 212, 1170, 348
73, 3, 1075, 25, 1204, 74
77, 0, 12, 29, 214, 96
77, 1, 186, 123, 293, 255
77, 2, 956, 136, 1037, 204
77, 3, 947, 18, 1167, 104
78, 0, 100, 30, 331, 310
78, 1, 926, 129, 1071, 210
78, 2, 965, 14, 1198, 129
79, 0, 131, 102, 359, 329
79, 1, 1003, 138, 1117, 208
79, 2, 985, 16, 1200, 132
80, 0, 77, 75, 365, 323
80, 1, 958, 145, 1219, 351
80, 2, 904, 17, 1192, 156
81, 0, 1032, 167, 1151, 351
81, 1, 1075, 19, 1201, 80
82, 0, 47, 69, 235, 273
82, 1, 944, 142, 1092, 228
82, 2, 882, 21, 1205, 133
82, 3, 1121, 199, 1174, 304
83, 0, 57, 21, 322, 283
83, 1, 1016, 153, 1189, 296
83, 2, 923, 20, 1188, 157
84, 0, 63, 103, 245, 223
84, 1, 254, 48, 342, 265
84, 2, 942, 149, 1129, 252
84, 3, 931, 64, 1091, 157
84, 4, 1133, 159, 1186, 221
84, 5, 1066, 21, 1207, 102
85, 0, 47, 100, 167, 225
85, 1, 975, 89, 1187, 255
86, 0, 73, 70, 125, 121
86, 1, 988, 12, 1222, 158
86, 2, 1177, 182, 1230, 227
87, 0, 67, 86, 90, 131
87, 1, 211, 72, 243, 122
87, 2, 925, 14, 1215, 192
87, 3, 1072, 187, 1219, 329
88, 0, 26, 11, 215, 151
88, 1, 126, 240, 206, 327
88, 2, 962, 12, 1232, 221
89, 0, 44, 42, 214, 247
89, 1, 958, 28, 1162, 213
89, 2, 1065, 186, 1173, 238
90, 0, 27, 35, 133, 328
90, 1, 286, 163, 320, 307
90, 2, 1019, 86, 1177, 204
90, 3, 965, 29, 1098, 127
90, 4, 984, 174, 1018, 238
91, 0, 65, 123, 206, 335
91, 1, 259, 32, 335, 316
91, 2, 966, 132, 1082, 242
91, 3, 1068, 151, 1121, 228
91, 4, 923, 15, 1159, 166
92, 0, 166, 216, 232, 328
92, 1, 239, 40, 413, 300
92, 2, 955, 103, 1149, 344
92, 3, 1063, 38, 1139, 81
93, 0, 41, 226, 189, 355
93, 1, 174, 155, 305, 308
93, 2, 133, 34, 518, 356
93, 3, 615, 238, 697, 271
93, 4, 995, 226, 1066, 338
93, 5, 1006, 42, 1194, 329
93, 6, 953, 31, 1014, 124
94, 0, 140, 204, 235, 344
94, 1, 1004, 204, 1165, 354
94, 2, 1005, 26, 1201, 212
95, 0, 56, 73, 392, 331
95, 1, 155, 22, 486, 294
95, 2, 618, 256, 949, 326
95, 3, 1032, 149, 1198, 357
95, 4, 1010, 31, 1206, 213
96, 0, 63, 19, 433, 340
96, 1, 541, 240, 883, 363
96, 2, 1056, 258, 1163, 342
96, 3, 974, 49, 1209, 269
97, 0, 75, 161, 317, 338
97, 1, 100, 26, 435, 230
97, 2, 637, 256, 888, 360
97, 3, 971, 127, 1180, 319
97, 4, 997, 16, 1205, 176
98, 0, 67, 159, 173, 328
98, 1, 56, 25, 909, 353
98, 2, 1078, 22, 1186, 231
99, 0, 69, 17, 496, 345
99, 1, 26, 190, 148, 326
99, 2, 535, 219, 949, 354
99, 3, 774, 13, 1198, 284
100, 0, 100, 84, 220, 230
100, 1, 669, 286, 957, 356
101, 0, 79, 94, 277, 245
101, 1, 676, 294, 764, 344
101, 2, 779, 95, 876, 274
101, 3, 876, 309, 959, 348
102, 0, 50, 19, 264, 193
102, 1, 829, 132, 942, 332
102, 2, 1043, 98, 1167, 268
102, 3, 1007, 19, 1204, 102
104, 0, 92, 130, 177, 219
105, 0, 60, 127, 171, 206
105, 1, 894, 33, 1039, 124
106, 0, 58, 142, 149, 212
106, 1, 898, 35, 1045, 154
107, 0, 67, 139, 119, 274
107, 1, 89, 18, 356, 329
107, 2, 914, 94, 1221, 332
107, 3, 994, 15, 1181, 88
107, 4, 924, 44, 1005, 201
108, 0, 986, 20, 1118, 77
109, 0, 1025, 23, 1151, 80
110, 0, 932, 26, 1174, 118
111, 0, 43, 115, 108, 263
111, 1, 960, 24, 1054, 114
111, 2, 1151, 22, 1178, 48
113, 0, 44, 28, 279, 321
113, 1, 917, 147, 1035, 236
113, 2, 1006, 35, 1166, 155
114, 0, 43, 113, 87, 241
115, 0, 41, 22, 221, 203
115, 1, 1076, 16, 1183, 140
116, 0, 30, 87, 142, 321
116, 1, 91, 21, 285, 89
116, 2, 179, 125, 356, 328
116, 3, 821, 23, 936, 159
116, 4, 988, 198, 1100, 313
116, 5, 1099, 20, 1211, 130
117, 0, 78, 145, 261, 341
118, 0, 32, 44, 285, 303
118, 1, 878, 36, 991, 196
118, 2, 1058, 13, 1133, 39
119, 0, 16, 11, 310, 297
119, 1, 809, 181, 882, 257
119, 2, 839, 27, 1023, 259
119, 3, 1070, 14, 1104, 73
120, 0, 21, 22, 209, 221
120, 1, 886, 17, 1101, 215
121, 0, 31, 42, 328, 320
121, 1, 962, 53, 1089, 261
122, 0, 17, 103, 136, 255
122, 1, 1092, 22, 1128, 134
123, 0, 78, 46, 282, 305
123, 1, 852, 130, 1017, 318
123, 2, 1054, 16, 1122, 113
124, 0, 1079, 23, 1131, 111
125, 0, 79, 90, 140, 341
125, 1, 1022, 14, 1098, 45
125, 2, 1082, 53, 1175, 116
126, 0, 14, 43, 68, 136
126, 1, 22, 212, 120, 342
126, 2, 980, 17, 1176, 119
127, 0, 54, 77, 72, 214
127, 1, 32, 277, 144, 335
127, 2, 981, 21, 1078, 121
127, 3, 1108, 64, 1177, 114
128, 0, 188, 92, 288, 256
128, 1, 847, 53, 994, 145
130, 0, 98, 19, 179, 162
130, 1, 957, 30, 1106, 113
131, 0, 47, 18, 303, 269
131, 1, 753, 157, 933, 304
131, 2, 842, 42, 1010, 131
131, 3, 1007, 33, 1158, 66
133, 0, 73, 104, 309, 313
133, 1, 53, 21, 299, 82
133, 2, 847, 25, 1059, 157
134, 0, 25, 108, 231, 268
134, 1, 44, 21, 291, 114
134, 2, 851, 25, 1047, 174
135, 0, 58, 40, 118, 229
135, 1, 838, 22, 1085, 157
136, 0, 49, 122, 227, 274
136, 1, 114, 274, 284, 323
136, 2, 941, 37, 1106, 119
137, 0, 799, 107, 957, 167
137, 1, 1020, 73, 1097, 121
138, 0, 74, 27, 245, 193
138, 1, 887, 21, 1126, 160
139, 0, 84, 24, 204, 174
139, 1, 171, 139, 331, 317
139, 2, 312, 23, 348, 111
139, 3, 971, 35, 1200, 131
140, 0, 47, 54, 171, 198
140, 1, 198, 162, 292, 304
140, 2, 285, 48, 323, 163
140, 3, 892, 22, 1134, 164
141, 0, 84, 224, 241, 325
141, 1, 962, 26, 1085, 113
142, 0, 886, 170, 1031, 294
142, 1, 966, 20, 1111, 116
143, 0, 986, 141, 1107, 302
143, 1, 998, 21, 1164, 126
145, 0, 51, 26, 226, 337
145, 1, 369, 288, 652, 348
145, 2, 938, 33, 1094, 130
146, 0, 38, 25, 248, 212
146, 1, 963, 36, 1196, 129
148, 0, 50, 23, 263, 343
148, 1, 973, 126, 1092, 267
148, 2, 909, 15, 1160, 129
149, 0, 49, 60, 227, 231
149, 1, 496, 297, 620, 353
149, 2, 978, 185, 1078, 301
149, 3, 996, 30, 1128, 126
150, 0, 493, 332, 576, 348
151, 0, 48, 56, 202, 337
151, 1, 1059, 151, 1111, 244
151, 2, 998, 27, 1156, 124
152, 0, 40, 47, 312, 349
152, 1, 1102, 165, 1166, 225
152, 2, 898, 26, 1171, 139
153, 0, 42, 47, 232, 347
153, 1, 807, 43, 926, 267
153, 2, 989, 22, 1194, 127
153, 3, 1144, 130, 1160, 184
154, 0, 27, 48, 366, 342
154, 1, 306, 18, 401, 234
154, 2, 817, 212, 965, 330
154, 3, 829, 30, 1182, 154
154, 4, 1040, 122, 1092, 232
155, 0, 10, 21, 304, 340
155, 1, 267, 79, 356, 214
155, 2, 895, 206, 980, 292
155, 3, 853, 127, 950, 158
155, 4, 860, 14, 1207, 129
156, 0, 34, 21, 299, 347
156, 1, 276, 34, 336, 237
156, 2, 821, 30, 946, 243
156, 3, 986, 122, 1142, 303
156, 4, 989, 17, 1182, 122
157, 0, 27, 28, 157, 299
157, 1, 823, 41, 916, 191
158, 0, 38, 27, 133, 238
158, 1, 854, 33, 982, 147
158, 2, 1115, 29, 1204, 106
159, 0, 25, 95, 176, 345
159, 1, 840, 10, 1196, 189
159, 2, 1047, 111, 1172, 343
160, 0, 31, 20, 360, 347
160, 1, 892, 153, 1122, 347
160, 2, 921, 36, 1201, 146
160, 3, 1079, 134, 1161, 262
161, 0, 22, 18, 336, 341
161, 1, 722, 34, 1018, 154
161, 2, 937, 128, 1207, 260
161, 3, 1049, 35, 1195, 140
162, 0, 848, 82, 1028, 200
162, 1, 944, 16, 1200, 143
163, 0, 37, 14, 195, 118
163, 1, 36, 92, 295, 336
163, 2, 949, 180, 1172, 275
163, 3, 976, 20, 1208, 158
164, 0, 27, 23, 456, 342
164, 1, 976, 190, 1183, 296
164, 2, 1039, 24, 1218, 162
165, 0, 28, 20, 288, 349
165, 1, 1038, 20, 1228, 295
165, 2, 983, 30, 1145, 72
166, 0, 27, 22, 173, 339
166, 1, 1048, 20, 1192, 299
166, 2, 1001, 16, 1069, 91
167, 0, 287, 329, 458, 353
167, 1, 617, 208, 941, 362
167, 2, 1071, 26, 1220, 327
167, 3, 1030, 13, 1072, 94
168, 0, 22, 14, 188, 354
168, 1, 513, 307, 671, 353
168, 2, 1052, 15, 1224, 122
168, 3, 1080, 107, 1226, 297
169, 0, 23, 19, 396, 356
169, 1, 37, 353, 127, 362
169, 2, 840, 22, 1009, 159
169, 3, 1084, 134, 1216, 294
169, 4, 1044, 15, 1223, 133
170, 0, 39, 19, 268, 358
170, 1, 502, 277, 826, 352
170, 2, 1043, 13, 1223, 154
170, 3, 954, 29, 1223, 331
171, 0, 23, 137, 134, 340
171, 1, 43, 21, 210, 115
171, 2, 497, 337, 702, 355
171, 3, 987, 12, 1225, 143
171, 4, 1074, 187, 1195, 327
172, 0, 24, 137, 253, 344
172, 1, 42, 22, 218, 264
172, 2, 268, 308, 393, 360
172, 3, 521, 274, 776, 364
172, 4, 852, 274, 964, 350
172, 5, 1074, 155, 1194, 340
172, 6, 966, 51, 1046, 158
172, 7, 1059, 16, 1222, 152
173, 0, 561, 345, 678, 352
174, 0, 23, 16, 308, 343
174, 1, 558, 299, 915, 360
174, 2, 995, 208, 1153, 298
174, 3, 987, 11, 1209, 231
175, 0, 27, 17, 243, 349
175, 1, 880, 303, 1024, 350
175, 2, 1040, 20, 1213, 232
176, 0, 34, 17, 176, 281
176, 1, 812, 281, 1187, 348
176, 2, 1097, 52, 1220, 235
177, 0, 17, 17, 89, 281
177, 1, 1170, 51, 1206, 137
178, 0, 928, 309, 1201, 337
179, 0, 1046, 315, 1115, 340
180, 0, 18, 20, 158, 311
180, 1, 983, 257, 1215, 344
180, 2, 1072, 19, 1216, 211
180, 3, 1116, 139, 1187, 237
181, 0, 11, 18, 256, 362
181, 1, 815, 163, 1201, 352
181, 2, 985, 19, 1208, 168
183, 0, 10, 42, 113, 328
183, 1, 1113, 24, 1211, 261
185, 0, 17, 44, 239, 358
185, 1, 978, 289, 1193, 332
185, 2, 946, 232, 997, 255
185, 3, 954, 16, 1214, 259
186, 0, 35, 45, 217, 362
186, 1, 978, 164, 1194, 334
186, 2, 1016, 18, 1208, 163
188, 0, 1081, 281, 1186, 358
188, 1, 1050, 18, 1194, 283
189, 0, 31, 48, 205, 365
189, 1, 957, 314, 1199, 358
189, 2, 960, 20, 1199, 282
193, 0, 24, 38, 237, 364
193, 1, 849, 258, 1191, 349
193, 2, 864, 25, 1209, 286
194, 0, 1148, 238, 1206, 344
195, 0, 998, 260, 1182, 341
195, 1, 1063, 24, 1197, 235
196, 0, 54, 39, 245, 362
196, 1, 850, 23, 1197, 234
196, 2, 890, 255, 1187, 363
197, 0, 1022, 22, 1223, 361
198, 0, 72, 117, 243, 356
198, 1, 127, 40, 254, 80
198, 2, 873, 273, 1196, 360
198, 3, 886, 182, 982, 253
198, 4, 903, 25, 1205, 282
199, 0, 116, 43, 152, 140
199, 1, 1009, 208, 1219, 359
199, 2, 1022, 26, 1206, 258
200, 0, 87, 43, 223, 355
200, 1, 889, 26, 1222, 357
201, 0, 1012, 26, 1205, 362
202, 0, 1121, 24, 1185, 177
202, 1, 1123, 334, 1201, 363
203, 0, 109, 47, 271, 354
203, 1, 827, 330, 1207, 363
203, 2, 821, 22, 1192, 309
204, 0, 971, 335, 1149, 362
204, 1, 948, 208, 1213, 364
204, 2, 970, 24, 1182, 257
205, 0, 841, 22, 1185, 313
205, 1, 1018, 337, 1175, 346
206, 0, 140, 53, 257, 357
206, 1, 836, 21, 1221, 350
207, 0, 859, 29, 962, 55
208, 0, 884, 21, 941, 50
208, 1, 1012, 23, 1161, 260
209, 0, 182, 39, 275, 283
209, 1, 840, 255, 1148, 362
209, 2, 852, 16, 1218, 234
210, 0, 685, 255, 1163, 366
210, 1, 914, 158, 1055, 229
210, 2, 926, 16, 1195, 231
211, 0, 858, 201, 1146, 344
211, 1, 867, 22, 1218, 229
212, 0, 243, 41, 323, 113
213, 0, 742, 300, 1159, 350
213, 1, 749, 16, 1186, 290
214, 0, 292, 40, 395, 107
214, 1, 808, 19, 1148, 322
214, 2, 823, 249, 1148, 354
215, 0, 296, 40, 424, 112
215, 1, 953, 25, 1175, 357
216, 0, 834, 26, 1165, 353
217, 0, 455, 33, 472, 87
217, 1, 776, 200, 1128, 355
217, 2, 773, 17, 1149, 291
218, 0, 1029, 29, 1155, 360
219, 0, 946, 48, 1168, 355
220, 0, 877, 170, 1203, 350
220, 1, 962, 21, 1172, 231
221, 0, 728, 19, 1170, 348
222, 0, 705, 12, 1179, 353
222, 1, 743, 250, 803, 332
223, 0, 742, 28, 887, 107
224, 0, 769, 75, 895, 122
224, 1, 902, 105, 1183, 351
224, 2, 856, 19, 1158, 75
225, 0, 383, 336, 493, 361
225, 1, 739, 10, 1037, 165
225, 2, 753, 70, 1231, 355
226, 0, 368, 347, 524, 361
226, 1, 826, 13, 1129, 203
226, 2, 925, 228, 1078, 345
226, 3, 1037, 276, 1173, 345
226, 4, 1135, 134, 1226, 296
227, 0, 691, 15, 1117, 272
227, 1, 1116, 137, 1222, 235
228, 0, 389, 332, 550, 357
228, 1, 779, 205, 929, 259
228, 2, 775, 13, 1114, 168
228, 3, 962, 95, 1117, 157
229, 0, 727, 209, 914, 326
229, 1, 770, 12, 1159, 172
230, 0, 467, 326, 588, 360
230, 1, 980, 113, 1148, 157
230, 2, 1009, 17, 1159, 91
231, 0, 498, 321, 580, 360
231, 1, 906, 217, 1021, 287
231, 2, 877, 15, 1111, 180
231, 3, 1098, 128, 1158, 150
232, 0, 70, 230, 185, 349
232, 1, 373, 289, 622, 364
232, 2, 763, 21, 1190, 303
232, 3, 1012, 229, 1102, 278
233, 0, 480, 311, 582, 363
233, 1, 887, 25, 1164, 214
233, 2, 1090, 240, 1130, 272
234, 0, 333, 313, 619, 363
234, 1, 897, 143, 1009, 325
234, 2, 888, 22, 1212, 172
235, 0, 511, 311, 631, 363
235, 1, 921, 194, 1047, 336
235, 2, 876, 15, 1228, 218
236, 0, 124, 47, 168, 86
236, 1, 228, 127, 270, 203
236, 2, 92, 215, 153, 301
236, 3, 514, 304, 676, 355
236, 4, 842, 216, 1087, 315
236, 5, 806, 21, 1217, 217
237, 0, 91, 37, 170, 80
237, 1, 223, 75, 326, 202
237, 2, 60, 170, 270, 334
237, 3, 499, 320, 632, 351
237, 4, 723, 17, 1231, 220
237, 5, 741, 214, 988, 321
237, 6, 1047, 194, 1161, 323
238, 0, 60, 25, 156, 76
238, 1, 85, 119, 238, 239
238, 2, 472, 302, 653, 354
238, 3, 892, 162, 959, 217
238, 4, 901, 17, 1209, 255
239, 0, 83, 167, 136, 232
239, 1, 515, 331, 682, 348
239, 2, 987, 18, 1206, 71
240, 0, 49, 165, 312, 280
240, 1, 402, 301, 679, 359
240, 2, 1045, 13, 1223, 128
241, 0, 15, 31, 159, 309
241, 1, 998, 102, 1211, 311
241, 2, 943, 20, 1188, 162
242, 0, 26, 24, 325, 324
242, 1, 771, 229, 882, 301
242, 2, 752, 14, 1199, 243
242, 3, 1115, 221, 1190, 365
243, 0, 54, 160, 188, 229
244, 0, 30, 90, 247, 221
244, 1, 836, 22, 1164, 212
244, 2, 978, 241, 1105, 341
245, 0, 24, 148, 134, 270
245, 1, 25, 76, 359, 194
245, 2, 423, 302, 524, 363
245, 3, 981, 231, 1097, 341
245, 4, 896, 21, 1203, 238
246, 0, 27, 171, 108, 255
246, 1, 320, 290, 585, 358
246, 2, 1087, 71, 1191, 254
247, 0, 290, 308, 514, 361
247, 1, 1068, 121, 1206, 327
248, 0, 41, 197, 148, 316
248, 1, 244, 294, 512, 355
248, 2, 1020, 285, 1180, 322
248, 3, 1063, 152, 1203, 233
248, 4, 1056, 21, 1173, 127
249, 0, 20, 33, 201, 259
249, 1, 278, 290, 508, 350
249, 2, 942, 153, 1173, 326
249, 3, 892, 12, 1170, 204
250, 0, 310, 309, 562, 361
250, 1, 1091, 132, 1206, 237
250, 2, 1072, 34, 1189, 157
251, 0, 27, 18, 491, 357
251, 1, 948, 158, 1184, 338
251, 2, 859, 13, 1209, 219
252, 0, 232, 113, 307, 144
253, 0, 30, 184, 118, 340
253, 1, 40, 49, 123, 163
253, 2, 392, 321, 517, 364
253, 3, 943, 17, 1203, 163
253, 4, 1108, 162, 1185, 244
254, 0, 28, 183, 154, 353
254, 1, 31, 22, 254, 327
254, 2, 351, 332, 490, 360
254, 3, 984, 164, 1205, 327
254, 4, 872, 18, 1211, 192
254, 5, 920, 185, 998, 210
255, 0, 67, 299, 136, 350
255, 1, 196, 113, 274, 158
255, 2, 340, 335, 436, 359
256, 0, 25, 179, 72, 278
256, 1, 35, 31, 221, 283
256, 2, 34, 301, 234, 360
256, 3, 364, 334, 428, 358
256, 4, 932, 18, 1218, 191
256, 5, 1148, 166, 1196, 221
257, 0, 30, 36, 280, 249
257, 1, 57, 272, 591, 360
257, 2, 928, 17, 1210, 233
257, 3, 1170, 165, 1212, 198
258, 0, 34, 275, 166, 362
258, 1, 29, 31, 578, 355
258, 2, 925, 110, 1209, 226
258, 3, 885, 33, 1209, 111
259, 0, 24, 276, 192, 362
259, 1, 36, 23, 289, 314
259, 2, 453, 331, 576, 361
259, 3, 912, 177, 1040, 219
259, 4, 883, 27, 1213, 204
260, 0, 55, 43, 276, 302
260, 1, 56, 298, 217, 341
260, 2, 980, 125, 1111, 222
260, 3, 951, 24, 1214, 149
261, 0, 30, 274, 165, 358
261, 1, 58, 24, 274, 313
261, 2, 932, 20, 1215, 200
262, 0, 54, 76, 251, 166
262, 1, 506, 271, 746, 357
262, 2, 936, 14, 1129, 218
263, 0, 84, 100, 245, 331
263, 1, 208, 20, 403, 274
263, 2, 471, 281, 685, 351
263, 3, 939, 121, 1101, 215
263, 4, 934, 17, 1200, 223
264, 0, 73, 131, 97, 161
264, 1, 138, 42, 228, 216
264, 2, 887, 190, 1088, 322
264, 3, 995, 25, 1208, 225
265, 0, 53, 21, 353, 340
265, 1, 936, 118, 1193, 303
265, 2, 939, 26, 1212, 148
266, 0, 50, 20, 618, 348
266, 1, 968, 22, 1204, 315
266, 2, 873, 23, 1063, 152
267, 0, 42, 23, 374, 333
267, 1, 929, 18, 1206, 305
267, 2, 902, 21, 1047, 150
268, 0, 46, 77, 202, 256
268, 1, 1088, 176, 1189, 312
268, 2, 1073, 76, 1216, 121
269, 0, 35, 103, 136, 207
269, 1, 1044, 198, 1169, 299
269, 2, 1087, 84, 1195, 155
270, 0, 78, 120, 277, 320
270, 1, 60, 19, 328, 218
270, 2, 992, 199, 1142, 342
270, 3, 889, 18, 1177, 186
270, 4, 909, 196, 1046, 247
271, 0, 56, 30, 312, 348
271, 1, 928, 18, 1189, 221
272, 0, 22, 76, 187, 160
274, 0, 53, 21, 324, 323
274, 1, 940, 27, 1175, 251
275, 0, 49, 24, 278, 263
275, 1, 1025, 143, 1156, 337
275, 2, 978, 25, 1175, 128
276, 0, 74, 125, 145, 234
276, 1, 90, 22, 192, 84
276, 2, 1069, 178, 1176, 342
276, 3, 1080, 24, 1182, 62
276, 4, 1099, 87, 1185, 140
277, 0, 32, 112, 184, 264
277, 1, 89, 25, 151, 85
277, 2, 1081, 27, 1200, 147
278, 0, 40, 22, 156, 280
278, 1, 1010, 124, 1178, 186
278, 2, 1128, 16, 1192, 133
279, 0, 42, 84, 99, 206
281, 0, 136, 46, 265, 304
281, 1, 997, 191, 1193, 350
281, 2, 1071, 58, 1154, 137
282, 0, 61, 135, 175, 289
282, 1, 1090, 49, 1153, 126
283, 0, 74, 36, 236, 216
283, 1, 946, 218, 1175, 342
283, 2, 914, 54, 1006, 193
284, 0, 56, 34, 279, 251
284, 1, 918, 137, 1205, 337
285, 0, 34, 14, 320, 301
285, 1, 782, 118, 1125, 291
285, 2, 756, 20, 846, 131
285, 3, 956, 279, 1008, 356
285, 4, 892, 26, 977, 98
286, 0, 891, 109, 999, 199
287, 0, 59, 113, 160, 278
287, 1, 189, 33, 295, 219
287, 2, 873, 119, 1017, 206
288, 0, 819, 141, 1160, 337
289, 0, 37, 105, 216, 326
289, 1, 918, 125, 1100, 211
290, 0, 38, 16, 211, 251
290, 1, 526, 318, 717, 357
290, 2, 991, 112, 1145, 226
291, 0, 32, 20, 164, 259
291, 1, 576, 311, 854, 358
291, 2, 1063, 119, 1174, 312
292, 0, 37, 25, 208, 237
292, 1, 470, 259, 658, 361
292, 2, 888, 95, 992, 246
292, 3, 1104, 131, 1131, 175
293, 0, 44, 17, 227, 239
293, 1, 455, 312, 621, 359
293, 2, 842, 175, 1003, 286
293, 3, 805, 15, 941, 144
294, 0, 459, 308, 609, 360
294, 1, 837, 106, 1047, 244
295, 0, 295, 271, 503, 351
295, 1, 889, 93, 1028, 244
296, 0, 209, 281, 586, 363
296, 1, 916, 90, 1142, 315
297, 0, 177, 294, 497, 361
297, 1, 852, 26, 1210, 328
298, 0, 42, 18, 186, 209
298, 1, 61, 259, 131, 360
298, 2, 146, 304, 484, 362
298, 3, 885, 153, 1085, 303
298, 4, 875, 14, 1219, 158
299, 0, 47, 253, 294, 363
299, 1, 43, 19, 352, 265
299, 2, 323, 321, 480, 362
299, 3, 848, 157, 1064, 288
299, 4, 786, 13, 1221, 153
300, 0, 25, 301, 256, 364
300, 1, 314, 327, 440, 359
300, 2, 988, 195, 1096, 325
300, 3, 884, 21, 1064, 178
301, 0, 27, 278, 197, 359
301, 1, 50, 30, 253, 269
301, 2, 285, 308, 458, 358
301, 3, 882, 20, 1085, 181
301, 4, 989, 154, 1055, 256
302, 0, 34, 289, 110, 350
302, 1, 50, 29, 180, 211
302, 2, 944, 161, 1142, 249
302, 3, 972, 14, 1162, 134
303, 0, 28, 319, 122, 361
303, 1, 294, 321, 491, 353
303, 2, 935, 112, 1074, 253
303, 3, 883, 18, 1052, 115
304, 0, 11, 318, 145, 358
304, 1, 56, 21, 136, 286
304, 2, 1006, 78, 1116, 277
305, 0, 980, 79, 1118, 270
305, 1, 846, 20, 981, 191
306, 0, 83, 28, 282, 333
306, 1, 819, 30, 1008, 196
306, 2, 936, 134, 1107, 282
306, 3, 1093, 180, 1126, 324
306, 4, 1089, 52, 1160, 85
307, 0, 70, 30, 279, 334
307, 1, 872, 57, 1062, 161
308, 0, 90, 31, 323, 341
308, 1, 891, 25, 970, 137
309, 0, 64, 260, 314, 345
309, 1, 812, 120, 982, 194
309, 2, 900, 21, 1016, 95
310, 0, 89, 283, 241, 333
310, 1, 895, 21, 998, 136
311, 0, 904, 19, 1098, 130
312, 0, 66, 28, 129, 214
312, 1, 779, 119, 919, 224
313, 0, 49, 22, 303, 267
313, 1, 513, 278, 683, 356
313, 2, 917, 17, 1038, 152
314, 0, 887, 91, 1018, 261
315, 0, 63, 16, 356, 340
315, 1, 417, 310, 688, 354
315, 2, 897, 13, 1044, 195
316, 0, 65, 29, 276, 330
316, 1, 536, 321, 683, 362
316, 2, 933, 117, 962, 200
316, 3, 942, 13, 1120, 127
317, 0, 52, 17, 274, 233
317, 1, 976, 200, 1140, 291
317, 2, 971, 20, 1068, 125
318, 0, 99, 17, 247, 277
318, 1, 993, 153, 1147, 301
318, 2, 958, 11, 1118, 162
319, 0, 85, 16, 241, 334
319, 1, 934, 26, 1130, 199
320, 0, 57, 23, 310, 320
320, 1, 279, 24, 343, 156
320, 2, 835, 25, 1127, 195
321, 0, 68, 21, 227, 297
321, 1, 273, 42, 321, 156
321, 2, 903, 12, 1172, 190
322, 0, 30, 23, 230, 214
322, 1, 964, 170, 1080, 331
322, 2, 1127, 104, 1204, 226
322, 3, 1044, 25, 1135, 151
323, 0, 65, 86, 183, 269
323, 1, 1023, 185, 1113, 336
323, 2, 1066, 27, 1191, 158
324, 0, 42, 22, 305, 152
324, 1, 50, 147, 282, 338
324, 2, 1045, 182, 1168, 335
324, 3, 916, 18, 1193, 188
325, 0, 169, 15, 353, 148
325, 1, 1018, 26, 1187, 220
326, 0, 123, 35, 166, 203
326, 1, 993, 194, 1051, 280
326, 2, 1110, 21, 1190, 182
327, 0, 1018, 240, 1099, 339
329, 0, 102, 21, 266, 188
329, 1, 903, 35, 1022, 147
329, 2, 1107, 26, 1185, 162
330, 0, 18, 20, 294, 351
330, 1, 843, 20, 1149, 146
331, 0, 50, 85, 155, 203
331, 1, 778, 129, 861, 178
332, 0, 28, 24, 260, 335
332, 1, 43, 298, 135, 360
332, 2, 818, 22, 1098, 152
333, 0, 29, 284, 76, 352
333, 1, 775, 130, 857, 179
334, 0, 28, 30, 203, 344
334, 1, 32, 306, 75, 364
334, 2, 866, 18, 1147, 191
335, 0, 1012, 160, 1113, 303
337, 0, 83, 203, 182, 294
337, 1, 610, 158, 735, 189
337, 2, 816, 217, 938, 320
338, 0, 149, 18, 358, 307
338, 1, 13, 245, 111, 340
338, 2, 935, 221, 1010, 287
338, 3, 847, 25, 1131, 159
339, 0, 973, 223, 1079, 337
340, 0, 50, 16, 329, 323
340, 1, 1010, 224, 1101, 308
340, 2, 892, 17, 990, 109
340, 3, 908, 129, 976, 190
341, 0, 96, 57, 171, 202
341, 1, 573, 152, 645, 204
342, 0, 38, 12, 230, 242
342, 1, 534, 318, 662, 356
342, 2, 917, 139, 1028, 274
342, 3, 1026, 199, 1131, 310
342, 4, 950, 39, 1001, 129
343, 0, 54, 13, 316, 225
343, 1, 36, 151, 135, 365
343, 2, 904, 131, 1057, 223
343, 3, 851, 21, 1043, 113
344, 0, 941, 145, 1060, 232
345, 0, 45, 87, 284, 336
345, 1, 37, 19, 250, 90
345, 2, 938, 195, 996, 328
345, 3, 888, 31, 1075, 163
346, 0, 43, 15, 251, 330
346, 1, 929, 130, 1102, 228
346, 2, 894, 27, 1113, 110
347, 0, 58, 196, 130, 334
347, 1, 180, 126, 221, 171
348, 0, 40, 156, 274, 348
348, 1, 153, 42, 221, 160
348, 2, 289, 258, 754, 355
348, 3, 978, 117, 1127, 232
348, 4, 1054, 21, 1152, 142
349, 0, 43, 206, 218, 353
349, 1, 145, 16, 232, 150
349, 2, 455, 150, 620, 213
349, 3, 993, 135, 1169, 230
349, 4, 967, 49, 1190, 136
350, 0, 27, 15, 201, 325
350, 1, 461, 144, 583, 211
350, 2, 949, 29, 1197, 221
350, 3, 1052, 25, 1195, 116
351, 0, 24, 13, 189, 274
351, 1, 309, 155, 602, 236
351, 2, 925, 15, 1194, 239
352, 0, 36, 17, 195, 318
352, 1, 413, 153, 547, 207
352, 2, 878, 109, 1085, 151
352, 3, 999, 199, 1184, 241
352, 4, 1070, 29, 1222, 134
353, 0, 21, 13, 295, 326
353, 1, 412, 152, 544, 206
353, 2, 865, 16, 1229, 174
353, 3, 861, 165, 1188, 268
353, 4, 1158, 26, 1230, 119
354, 0, 19, 16, 300, 360
354, 1, 359, 135, 541, 238
354, 2, 857, 35, 975, 183
354, 3, 868, 209, 1187, 269
354, 4, 980, 31, 1219, 177
355, 0, 26, 15, 187, 321
355, 1, 250, 137, 586, 268
355, 2, 890, 82, 1155, 175
355, 3, 979, 27, 1219, 148
356, 0, 19, 15, 278, 359
356, 1, 276, 175, 364, 313
356, 2, 861, 130, 1192, 349
356, 3, 851, 32, 1209, 179
357, 0, 19, 15, 377, 343
357, 1, 795, 144, 1183, 361
357, 2, 809, 30, 1199, 187
358, 0, 23, 17, 126, 189
358, 1, 230, 189, 318, 272
358, 2, 1064, 155, 1212, 284
358, 3, 1017, 15, 1227, 154
359, 0, 19, 16, 456, 354
359, 1, 811, 156, 1215, 364
359, 2, 854, 13, 1212, 172
360, 0, 27, 22, 314, 323
360, 1, 344, 133, 424, 195
360, 2, 230, 211, 296, 293
360, 3, 773, 14, 1232, 212
360, 4, 824, 88, 1182, 345
361, 0, 19, 161, 141, 305
361, 1, 27, 18, 255, 257
361, 2, 320, 134, 639, 352
361, 3, 886, 85, 948, 156
361, 4, 963, 17, 1210, 180
362, 0, 13, 17, 282, 336
362, 1, 244, 164, 361, 241
362, 2, 777, 22, 1217, 340
363, 0, 15, 18, 167, 321
363, 1, 170, 150, 392, 333
363, 2, 1069, 20, 1202, 148
364, 0, 21, 18, 328, 363
364, 1, 192, 193, 288, 285
364, 2, 785, 183, 1139, 343
364, 3, 754, 18, 892, 183
364, 4, 927, 10, 1195, 169
364, 5, 1125, 218, 1173, 259
365, 0, 22, 19, 388, 357
365, 1, 196, 211, 258, 233
365, 2, 889, 296, 1141, 343
365, 3, 887, 19, 1203, 170
366, 0, 13, 20, 415, 328
366, 1, 28, 251, 110, 348
366, 2, 192, 210, 274, 316
366, 3, 830, 17, 988, 158
366, 4, 836, 179, 943, 227
366, 5, 961, 16, 1185, 144
367, 0, 14, 20, 448, 359
367, 1, 277, 172, 398, 217
367, 2, 33, 297, 173, 353
367, 3, 929, 177, 1030, 344
367, 4, 891, 55, 1028, 160
367, 5, 1044, 17, 1190, 145
368, 0, 15, 17, 241, 209
368, 1, 16, 217, 186, 362
368, 2, 129, 206, 212, 280
368, 3, 276, 175, 404, 243
368, 4, 288, 313, 446, 365
368, 5, 567, 180, 1081, 348
368, 6, 854, 17, 1093, 162
368, 7, 1117, 16, 1181, 140
369, 0, 278, 160, 423, 321
369, 1, 43, 154, 242, 330
369, 2, 1003, 142, 1099, 275
369, 3, 1111, 10, 1210, 132
370, 0, 15, 62, 210, 287
370, 1, 26, 15, 313, 133
370, 2, 210, 156, 308, 215
370, 3, 277, 169, 442, 304
370, 4, 777, 199, 1135, 351
370, 5, 778, 16, 1196, 224
370, 6, 998, 130, 1075, 283
370, 7, 1153, 15, 1218, 99
371, 0, 531, 81, 701, 128
371, 1, 14, 88, 193, 320
371, 2, 204, 120, 344, 272
371, 3, 28, 16, 269, 113
371, 4, 321, 172, 445, 215
371, 5, 768, 202, 899, 276
371, 6, 800, 17, 1132, 180
371, 7, 1001, 180, 1113, 253
371, 8, 1148, 24, 1223, 126
372, 0, 21, 114, 228, 312
372, 1, 27, 17, 191, 183
372, 2, 281, 169, 448, 259
372, 3, 889, 20, 1222, 159
372, 4, 1013, 163, 1146, 255
373, 0, 250, 114, 333, 177
373, 1, 204, 168, 469, 231
373, 2, 25, 18, 331, 334
373, 3, 801, 264, 920, 307
373, 4, 774, 19, 1225, 230
374, 0, 540, 96, 627, 284
374, 1, 26, 16, 188, 172
374, 2, 33, 155, 174, 257
374, 3, 353, 177, 476, 237
374, 4, 91, 267, 166, 315
374, 5, 210, 149, 305, 254
374, 6, 935, 12, 1224, 166
375, 0, 33, 157, 154, 319
375, 1, 35, 16, 87, 129
375, 2, 342, 168, 476, 238
375, 3, 222, 163, 323, 252
375, 4, 945, 50, 990, 117
375, 5, 1068, 20, 1227, 150
376, 0, 266, 173, 465, 276
376, 1, 38, 68, 85, 149
376, 2, 39, 186, 144, 306
376, 3, 909, 49, 1034, 166
376, 4, 1070, 106, 1215, 211
377, 0, 23, 159, 155, 279
377, 1, 25, 20, 466, 258
377, 2, 538, 153, 707, 261
377, 3, 871, 21, 1232, 208
377, 4, 880, 139, 1149, 261
378, 0, 23, 23, 721, 311
378, 1, 976, 22, 1228, 233
379, 0, 20, 23, 727, 321
379, 1, 975, 21, 1227, 232
380, 0, 21, 21, 719, 356
380, 1, 920, 139, 1136, 343
380, 2, 894, 16, 1230, 165
381, 0, 30, 21, 78, 46
381, 1, 32, 258, 84, 352
381, 2, 359, 156, 765, 253
381, 3, 807, 226, 854, 257
381, 4, 929, 35, 1012, 129
381, 5, 1160, 25, 1231, 117
382, 0, 28, 24, 901, 292
382, 1, 33, 230, 318, 358
382, 2, 957, 24, 1231, 181
382, 3, 964, 158, 1170, 291
383, 0, 28, 26, 1170, 357
383, 1, 897, 23, 1229, 201
384, 0, 302, 206, 416, 255
384, 1, 477, 133, 938, 314
384, 2, 976, 16, 1081, 177
384, 3, 1128, 127, 1203, 244
385, 0, 22, 24, 230, 345
385, 1, 454, 23, 1226, 318
386, 0, 15, 157, 121, 341
386, 1, 17, 22, 134, 249
386, 2, 524, 152, 791, 272
386, 3, 725, 152, 998, 307
386, 4, 1002, 19, 1225, 244
387, 0, 16, 21, 290, 359
387, 1, 516, 151, 834, 328
387, 2, 839, 91, 1195, 358
387, 3, 938, 28, 1225, 202
388, 0, 19, 24, 268, 359
388, 1, 605, 156, 700, 272
388, 2, 711, 156, 904, 248
388, 3, 846, 16, 1233, 346
389, 0, 16, 13, 337, 362
389, 1, 627, 200, 907, 351
389, 2, 604, 156, 836, 202
389, 3, 880, 95, 1207, 347
389, 4, 914, 14, 1231, 160
390, 0, 17, 13, 313, 363
390, 1, 629, 170, 653, 226
390, 2, 701, 159, 904, 251
390, 3, 897, 150, 1223, 299
390, 4, 836, 297, 981, 342
390, 5, 897, 14, 1232, 180
391, 0, 14, 11, 269, 359
391, 1, 647, 158, 904, 215
391, 2, 962, 11, 1231, 301
391, 3, 803, 185, 1020, 333
392, 0, 29, 10, 125, 53
392, 1, 901, 96, 1206, 330
392, 2, 739, 165, 947, 228
393, 0, 15, 10, 172, 353
393, 1, 971, 76, 1214, 269
393, 2, 897, 299, 1069, 361
393, 3, 790, 160, 933, 232
393, 4, 1133, 15, 1230, 144
394, 0, 16, 13, 302, 353
394, 1, 838, 170, 907, 295
394, 2, 945, 142, 1219, 363
394, 3, 963, 13, 1232, 140
395, 0, 15, 16, 379, 353
395, 1, 863, 291, 930, 342
395, 2, 926, 155, 1217, 350
395, 3, 859, 12, 1231, 166
395, 4, 858, 170, 950, 214
396, 0, 17, 18, 260, 352
396, 1, 917, 258, 1044, 351
396, 2, 1013, 156, 1166, 294
396, 3, 1152, 145, 1225, 235
396, 4, 958, 13, 1230, 143
397, 0, 12, 17, 320, 347
397, 1, 869, 12, 1229, 364
397, 2, 1140, 142, 1228, 226
398, 0, 34, 224, 107, 320
398, 1, 442, 177, 477, 232
398, 2, 933, 148, 1213, 267
399, 0, 13, 16, 244, 248
399, 1, 79, 272, 297, 361
399, 2, 432, 175, 563, 246
399, 3, 1042, 145, 1225, 243
399, 4, 1101, 11, 1230, 123
400, 0, 16, 17, 247, 251
400, 1, 100, 322, 226, 360
400, 2, 424, 182, 456, 235
400, 3, 1031, 145, 1227, 361
400, 4, 1049, 12, 1228, 166
401, 0, 19, 18, 269, 254
401, 1, 221, 193, 268, 305
401, 2, 417, 177, 465, 255
401, 3, 855, 265, 1074, 358
401, 4, 1168, 160, 1223, 234
401, 5, 1167, 17, 1227, 122
402, 0, 22, 18, 270, 344
402, 1, 433, 163, 497, 247
402, 2, 1120, 13, 1231, 243
403, 0, 25, 18, 363, 343
403, 1, 151, 275, 304, 358
403, 2, 414, 164, 489, 252
403, 3, 980, 12, 1226, 351
404, 0, 10, 18, 275, 349
404, 1, 149, 265, 325, 350
404, 2, 414, 168, 504, 252
404, 3, 953, 200, 1127, 349
404, 4, 980, 13, 1225, 242
405, 0, 11, 19, 256, 282
405, 1, 119, 261, 228, 348
405, 2, 308, 165, 520, 268
405, 3, 1033, 304, 1072, 348
405, 4, 1065, 16, 1229, 242
405, 5, 1069, 201, 1126, 284
406, 0, 50, 206, 298, 270
406, 1, 415, 166, 560, 250
407, 0, 15, 21, 337, 320
407, 1, 418, 167, 580, 251
407, 2, 1080, 20, 1226, 264
408, 0, 17, 20, 519, 277
408, 1, 169, 285, 337, 366
408, 2, 923, 242, 1045, 365
408, 3, 960, 20, 1223, 365
409, 0, 18, 21, 508, 284
409, 1, 173, 259, 399, 365
409, 2, 821, 202, 1084, 364
409, 3, 880, 21, 1222, 324
410, 0, 19, 22, 527, 296
410, 1, 1120, 22, 1221, 243
411, 0, 66, 206, 289, 271
411, 1, 196, 279, 305, 325
411, 2, 417, 180, 511, 264
412, 0, 20, 22, 322, 313
412, 1, 409, 183, 499, 250
412, 2, 1120, 23, 1221, 244
413, 0, 20, 22, 315, 308
413, 1, 180, 299, 298, 363
413, 2, 414, 179, 492, 249
413, 3, 1020, 22, 1221, 323
413, 4, 1020, 262, 1081, 363
414, 0, 20, 21, 433, 362
414, 1, 860, 21, 1221, 362
415, 0, 84, 224, 310, 354
416, 0, 55, 221, 256, 351
416, 1, 407, 191, 435, 263
417, 0, 61, 200, 310, 349
417, 1, 308, 186, 436, 263
418, 0, 20, 20, 421, 332
418, 1, 155, 262, 401, 361
418, 2, 840, 260, 921, 361
418, 3, 880, 20, 1221, 361
419, 0, 20, 20, 41, 121
419, 1, 32, 188, 436, 306
419, 2, 197, 263, 302, 351
420, 0, 20, 20, 421, 341
420, 1, 172, 264, 421, 361
420, 2, 860, 300, 961, 361
420, 3, 880, 20, 1221, 361
421, 0, 20, 20, 381, 268
421, 1, 197, 280, 421, 361
421, 2, 880, 260, 1041, 361
421, 3, 900, 20, 1221, 361
422, 0, 20, 20, 287, 312
422, 1, 142, 328, 301, 361
422, 2, 1000, 20, 1222, 261
422, 3, 1000, 280, 1081, 361
423, 0, 20, 20, 381, 273
423, 1, 151, 280, 361, 361
423, 2, 900, 300, 961, 361
423, 3, 920, 20, 1222, 361
424, 0, 80, 198, 281, 249
425, 0, 80, 194, 262, 321
426, 0, 20, 20, 281, 278
426, 1, 1040, 20, 1221, 321
427, 0, 47, 204, 269, 286
428, 0, 79, 211, 246, 284
429, 0, 41, 213, 256, 281
430, 0, 11, 208, 152, 274
431, 0, 12, 20, 281, 361
431, 1, 979, 20, 1221, 361
432, 0, 21, 260, 111, 297
433, 0, 20, 20, 176, 340
433, 1, 1160, 20, 1221, 241
434, 0, 20, 20, 301, 361
434, 1, 21, 220, 101, 314
434, 2, 920, 320, 1081, 361
434, 3, 940, 20, 1221, 321
435, 0, 20, 20, 181, 361
435, 1, 20, 220, 102, 361
435, 2, 1020, 20, 1221, 321
436, 0, 20, 20, 381, 361
436, 1, 20, 220, 281, 361
436, 2, 800, 280, 901, 361
436, 3, 820, 20, 1221, 361
437, 0, 20, 20, 281, 361
437, 1, 20, 220, 81, 361
437, 2, 920, 20, 1221, 361
440, 0, 20, 20, 181, 321
440, 1, 20, 220, 181, 361
440, 2, 1000, 20, 1221, 261
441, 0, 20, 20, 161, 341
441, 1, 20, 220, 81, 361
441, 2, 1040, 20, 1221, 321
442, 0, 20, 20, 321, 361
442, 1, 20, 220, 241, 361
442, 2, 880, 20, 1221, 361
443, 0, 20, 20, 141, 261
443, 1, 20, 220, 121, 361
443, 2, 1060, 20, 1221, 261
444, 0, 20, 20, 241, 281
444, 1, 20, 220, 241, 361
444, 2, 960, 20, 1221, 361
