4, 0, 836, 36, 910, 157
4, 1, 867, 182, 1068, 327
4, 2, 960, 44, 1041, 154
5, 0, 228, 136, 353, 289
5, 1, 798, 114, 1112, 332
5, 2, 889, 23, 1050, 165
6, 0, 104, 39, 297, 205
6, 1, 196, 239, 341, 338
6, 2, 828, 226, 1005, 325
6, 3, 792, 31, 1131, 229
6, 4, 1088, 19, 1129, 82
7, 0, 20, 95, 230, 318
7, 1, 867, 138, 1214, 340
7, 2, 876, 30, 1000, 130
8, 0, 27, 178, 322, 330
8, 1, 70, 13, 309, 230
8, 2, 819, 188, 1014, 332
8, 3, 819, 33, 1045, 118
8, 4, 1121, 213, 1183, 315
9, 0, 11, 127, 233, 310
9, 1, 100, 43, 223, 206
9, 2, 812, 20, 1175, 188
9, 3, 827, 205, 1141, 349
10, 0, 73, 132, 199, 340
10, 1, 804, 156, 927, 230
10, 2, 965, 20, 1150, 277
11, 0, 81, 184, 221, 316
11, 1, 17, 318, 119, 354
11, 2, 833, 76, 1012, 132
11, 3, 1026, 191, 1127, 289
11, 4, 1061, 27, 1221, 90
12, 0, 47, 187, 261, 338
12, 1, 395, 204, 951, 357
12, 2, 817, 22, 1020, 180
12, 3, 1004, 164, 1100, 244
13, 0, 128, 142, 226, 235
13, 1, 619, 180, 1051, 336
13, 2, 803, 39, 1062, 144
14, 0, 62, 95, 315, 340
14, 1, 555, 223, 828, 341
14, 2, 837, 37, 1161, 202
14, 3, 953, 186, 1146, 309
15, 0, 45, 119, 321, 342
15, 1, 353, 272, 839, 340
15, 2, 852, 49, 1149, 335
16, 0, 823, 23, 1135, 250
16, 1, 979, 245, 1221, 358
17, 0, 44, 253, 254, 338
17, 1, 435, 250, 1004, 357
17, 2, 850, 29, 1205, 333
18, 0, 54, 298, 197, 356
18, 1, 302, 246, 909, 360
18, 2, 568, 255, 665, 278
18, 3, 957, 27, 1094, 207
18, 4, 999, 266, 1197, 346
18, 5, 1111, 22, 1187, 113
18, 6, 1067, 145, 1162, 284
19, 0, 65, 22, 323, 142
19, 1, 54, 227, 465, 361
19, 2, 469, 188, 1232, 344
19, 3, 922, 21, 1207, 178
20, 0, 47, 306, 269, 363
20, 1, 198, 182, 330, 280
20, 2, 286, 128, 1210, 357
20, 3, 828, 37, 1082, 100
21, 0, 33, 263, 776, 360
21, 1, 71, 157, 336, 278
21, 2, 967, 255, 1122, 336
21, 3, 958, 137, 1058, 230
22, 0, 35, 275, 542, 359
22, 1, 75, 175, 181, 296
22, 2, 644, 267, 849, 360
22, 3, 960, 44, 1060, 159
23, 0, 34, 200, 89, 338
23, 1, 91, 31, 569, 354
23, 2, 669, 254, 1180, 350
23, 3, 982, 41, 1043, 98
23, 4, 1042, 117, 1195, 184
24, 0, 166, 25, 308, 240
24, 1, 466, 309, 1156, 353
25, 0, 162, 34, 260, 131
25, 1, 200, 180, 292, 252
25, 2, 530, 309, 1030, 358
25, 3, 1031, 164, 1202, 210
26, 0, 23, 29, 371, 337
26, 1, 46, 210, 195, 347
26, 2, 376, 324, 655, 356
26, 3, 802, 123, 1174, 354
26, 4, 872, 75, 993, 208
26, 5, 1070, 38, 1142, 124
27, 0, 55, 190, 263, 343
27, 1, 71, 21, 405, 176
27, 2, 482, 314, 888, 361
28, 0, 30, 174, 520, 362
28, 1, 71, 20, 413, 183
28, 2, 676, 201, 1205, 357
29, 0, 11, 22, 167, 219
29, 1, 35, 204, 166, 347
29, 2, 1109, 234, 1206, 327
30, 0, 33, 225, 297, 348
30, 1, 38, 113, 129, 188
30, 2, 55, 22, 405, 65
30, 3, 698, 30, 844, 85
30, 4, 791, 73, 1090, 203
30, 5, 988, 203, 1217, 363
31, 0, 35, 250, 172, 339
31, 1, 388, 253, 513, 333
31, 2, 775, 26, 1119, 162
31, 3, 1160, 203, 1222, 347
32, 0, 49, 31, 228, 72
32, 1, 70, 182, 268, 323
32, 2, 807, 23, 1177, 233
32, 3, 1092, 223, 1219, 336
33, 0, 70, 192, 255, 261
33, 1, 706, 152, 1195, 344
33, 2, 837, 10, 1173, 157
34, 0, 37, 296, 131, 362
34, 1, 126, 210, 246, 254
34, 2, 354, 279, 715, 358
34, 3, 857, 21, 1152, 162
35, 0, 62, 206, 312, 355
35, 1, 832, 29, 1217, 122
35, 2, 907, 146, 1189, 341
36, 0, 50, 179, 340, 354
36, 1, 471, 29, 599, 54
36, 2, 514, 232, 1196, 334
36, 3, 927, 17, 1229, 156
36, 4, 959, 141, 1090, 241
37, 0, 64, 201, 225, 289
37, 1, 950, 57, 1225, 345
37, 2, 1014, 20, 1146, 87
38, 0, 113, 21, 269, 67
38, 1, 78, 93, 1194, 358
38, 2, 941, 16, 1180, 115
39, 0, 59, 25, 317, 113
39, 1, 62, 181, 320, 323
39, 2, 18, 330, 126, 340
39, 3, 484, 290, 753, 343
39, 4, 834, 187, 933, 322
39, 5, 1013, 131, 1168, 236
39, 6, 1038, 17, 1194, 104
40, 0, 76, 130, 210, 324
40, 1, 188, 26, 277, 78
40, 2, 744, 224, 893, 331
40, 3, 982, 118, 1125, 311
40, 4, 1059, 17, 1205, 58
41, 0, 51, 181, 319, 345
41, 1, 84, 17, 320, 91
41, 2, 359, 282, 563, 329
41, 3, 683, 27, 846, 112
41, 4, 790, 91, 1068, 302
41, 5, 1067, 134, 1151, 260
41, 6, 1077, 25, 1124, 69
42, 0, 12, 156, 134, 340
42, 1, 84, 12, 377, 77
42, 2, 731, 47, 926, 119
42, 3, 882, 219, 1024, 351
42, 4, 998, 39, 1118, 135
43, 0, 19, 230, 145, 353
43, 1, 11, 21, 297, 112
43, 2, 344, 255, 630, 339
43, 3, 741, 31, 1164, 172
43, 4, 870, 105, 1203, 345
44, 0, 54, 205, 228, 328
44, 1, 501, 302, 633, 333
44, 2, 749, 36, 1188, 255
44, 3, 823, 202, 1084, 319
45, 0, 36, 212, 222, 329
45, 1, 616, 205, 1187, 348
45, 2, 916, 34, 1210, 232
46, 0, 51, 198, 321, 327
46, 1, 615, 123, 1195, 354
46, 2, 866, 18, 1200, 91
47, 0, 55, 185, 235, 345
47, 1, 339, 251, 892, 322
47, 2, 709, 17, 1229, 281
47, 3, 980, 296, 1155, 341
48, 0, 86, 205, 205, 329
48, 1, 326, 250, 915, 342
48, 2, 988, 209, 1202, 331
48, 3, 994, 13, 1214, 218
49, 0, 58, 196, 1069, 363
49, 1, 906, 19, 1195, 101
49, 2, 1065, 147, 1200, 348
50, 0, 69, 141, 219, 329
50, 1, 284, 118, 351, 247
50, 2, 313, 256, 950, 363
50, 3, 945, 26, 1191, 331
51, 0, 51, 184, 261, 348
51, 1, 342, 161, 1152, 362
51, 2, 1004, 27, 1143, 82
52, 0, 330, 264, 856, 358
52, 1, 985, 16, 1174, 74
53, 0, 18, 327, 149, 361
53, 1, 41, 180, 237, 314
53, 2, 393, 288, 887, 354
53, 3, 978, 203, 1073, 348
53, 4, 1002, 13, 1199, 73
54, 0, 44, 240, 221, 341
54, 1, 120, 39, 284, 116
54, 2, 403, 29, 622, 33
54, 3, 437, 277, 1038, 353
54, 4, 1075, 18, 1206, 77
55, 0, 78, 30, 157, 91
55, 1, 105, 240, 227, 310
55, 2, 623, 280, 1132, 352
55, 3, 1001, 29, 1221, 80
56, 0, 116, 45, 219, 176
56, 1, 25, 253, 204, 350
56, 2, 680, 305, 1162, 349
56, 3, 797, 28, 1170, 158
56, 4, 1090, 146, 1173, 261
57, 0, 38, 30, 1025, 358
57, 1, 24, 329, 62, 361
57, 2, 680, 26, 1179, 160
58, 0, 52, 147, 184, 340
58, 1, 709, 32, 809, 153
58, 2, 764, 185, 1147, 343
58, 3, 887, 44, 1134, 183
59, 0, 64, 276, 142, 353
59, 1, 81, 23, 187, 112
59, 2, 432, 265, 1112, 335
59, 3, 696, 12, 879, 189
60, 0, 47, 113, 407, 327
60, 1, 44, 303, 118, 339
60, 2, 464, 222, 722, 329
60, 3, 734, 29, 1031, 225
61, 0, 103, 179, 398, 325
61, 1, 488, 201, 754, 364
61, 2, 722, 16, 1202, 224
61, 3, 972, 265, 1114, 328
61, 4, 1017, 127, 1199, 259
62, 0, 92, 182, 371, 317
62, 1, 755, 226, 1075, 334
62, 2, 729, 12, 1199, 231
62, 3, 1076, 120, 1174, 269
63, 0, 37, 26, 233, 306
63, 1, 283, 20, 432, 52
63, 2, 234, 157, 384, 276
63, 3, 452, 186, 773, 359
63, 4, 783, 142, 1126, 322
63, 5, 747, 19, 876, 160
63, 6, 890, 10, 1189, 149
63, 7, 1152, 190, 1231, 274
64, 0, 61, 189, 250, 328
64, 1, 185, 157, 741, 356
64, 2, 885, 142, 1085, 337
64, 3, 794, 32, 1063, 268
64, 4, 1086, 166, 1187, 348
65, 0, 71, 112, 881, 364
65, 1, 84, 283, 123, 323
65, 2, 204, 284, 302, 365
65, 3, 897, 159, 1120, 349
65, 4, 1006, 14, 1125, 108
65, 5, 909, 79, 1014, 151
66, 0, 99, 37, 822, 348
66, 1, 975, 148, 1209, 349
66, 2, 975, 26, 1159, 142
67, 0, 202, 180, 442, 327
67, 1, 536, 284, 882, 356
67, 2, 1014, 257, 1212, 341
67, 3, 1092, 148, 1199, 204
68, 0, 33, 30, 139, 140
68, 1, 77, 235, 238, 350
68, 2, 265, 157, 1186, 364
68, 3, 976, 134, 1161, 226
69, 0, 78, 26, 865, 358
69, 1, 824, 274, 1167, 350
69, 2, 1071, 135, 1178, 225
70, 0, 70, 129, 340, 347
70, 1, 581, 303, 758, 359
70, 2, 877, 278, 1082, 344
71, 0, 82, 160, 337, 342
71, 1, 565, 254, 682, 355
71, 2, 970, 305, 1176, 349
71, 3, 1093, 128, 1222, 260
72, 0, 51, 23, 135, 80
73, 0, 80, 133, 271, 206
73, 1, 806, 30, 931, 115
73, 2, 975, 139, 1056, 191
74, 0, 74, 185, 177, 266
74, 1, 583, 254, 1055, 342
74, 2, 813, 28, 933, 134
75, 0, 28, 27, 241, 329
75, 1, 652, 298, 760, 346
75, 2, 851, 16, 973, 65
76, 0, 37, 29, 214, 329
76, 1, 544, 305, 799, 349
76, 2, 850, 30, 950, 115
76, 3, 893, 250, 1069, 333
77, 0, 10, 57, 247, 335
77, 1, 838, 30, 1101, 345
78, 0, 14, 265, 281, 344
78, 1, 56, 45, 260, 192
78, 2, 912, 183, 1195, 364
78, 3, 889, 24, 1048, 170
78, 4, 1110, 26, 1205, 114
79, 0, 92, 155, 579, 345
79, 1, 687, 306, 851, 332
79, 2, 911, 143, 1231, 347
79, 3, 977, 21, 1200, 118
80, 0, 64, 46, 689, 339
80, 1, 186, 322, 291, 341
80, 2, 784, 186, 1193, 353
80, 3, 819, 68, 986, 139
80, 4, 1061, 108, 1162, 221
80, 5, 1060, 14, 1185, 58
81, 0, 98, 175, 346, 358
81, 1, 811, 24, 1186, 138
81, 2, 1002, 290, 1175, 366
81, 3, 929, 153, 1151, 263
82, 0, 13, 207, 185, 336
82, 1, 697, 123, 1210, 363
83, 0, 54, 38, 426, 331
83, 1, 212, 33, 389, 113
83, 2, 524, 113, 1182, 341
83, 3, 928, 84, 984, 105
83, 4, 1082, 299, 1118, 345
84, 0, 217, 156, 1192, 351
84, 1, 323, 35, 407, 79
84, 2, 776, 32, 1002, 162
85, 0, 44, 107, 137, 134
85, 1, 25, 192, 732, 343
85, 2, 273, 35, 552, 182
85, 3, 760, 24, 1068, 217
85, 4, 931, 182, 1199, 319
86, 0, 135, 204, 194, 343
86, 1, 247, 52, 299, 167
86, 2, 691, 200, 819, 323
86, 3, 780, 35, 954, 198
86, 4, 1006, 241, 1154, 319
86, 5, 1096, 319, 1199, 352
86, 6, 1018, 24, 1230, 251
87, 0, 32, 239, 255, 346
87, 1, 46, 87, 98, 133
87, 2, 187, 11, 343, 207
87, 3, 471, 203, 1028, 342
87, 4, 821, 112, 939, 197
87, 5, 913, 23, 1219, 261
87, 6, 1086, 271, 1184, 364
88, 0, 32, 13, 324, 210
88, 1, 206, 159, 861, 345
88, 2, 817, 107, 1226, 362
88, 3, 964, 12, 1214, 137
89, 0, 37, 226, 191, 327
89, 1, 31, 48, 360, 190
89, 2, 467, 155, 976, 358
89, 3, 906, 136, 1220, 358
89, 4, 956, 25, 1075, 219
89, 5, 1134, 44, 1175, 105
90, 0, 29, 24, 817, 351
90, 1, 422, 14, 509, 80
90, 2, 826, 159, 1080, 336
90, 3, 964, 30, 1149, 251
90, 4, 1058, 16, 1177, 110
91, 0, 61, 102, 318, 330
91, 1, 462, 197, 1031, 358
91, 2, 1014, 248, 1187, 360
91, 3, 1064, 106, 1206, 250
91, 4, 1016, 37, 1121, 89
92, 0, 58, 112, 400, 360
92, 1, 474, 174, 1211, 361
93, 0, 75, 112, 407, 353
93, 1, 51, 263, 117, 326
93, 2, 473, 201, 1203, 352
94, 0, 74, 113, 1204, 359
94, 1, 38, 225, 264, 345
95, 0, 56, 109, 285, 286
95, 1, 391, 227, 1203, 354
96, 0, 65, 253, 150, 334
96, 1, 44, 64, 336, 341
96, 2, 446, 315, 552, 343
96, 3, 550, 157, 1193, 356
97, 0, 72, 107, 292, 235
97, 1, 75, 205, 209, 328
97, 2, 493, 251, 566, 328
97, 3, 652, 260, 1176, 365
98, 0, 63, 88, 286, 327
98, 1, 516, 227, 1186, 355
99, 0, 46, 86, 267, 237
99, 1, 26, 211, 168, 353
99, 2, 704, 313, 919, 356
99, 3, 1036, 230, 1161, 347
100, 0, 101, 123, 281, 292
100, 1, 97, 295, 165, 334
100, 2, 999, 283, 1126, 348
101, 0, 33, 115, 232, 295
101, 1, 928, 307, 1182, 357
102, 0, 26, 104, 539, 336
102, 1, 657, 288, 1022, 340
102, 2, 806, 28, 1166, 238
103, 0, 69, 155, 205, 316
103, 1, 412, 255, 544, 317
103, 2, 811, 40, 963, 242
103, 3, 821, 267, 1153, 349
104, 0, 58, 137, 452, 347
104, 1, 839, 22, 1190, 185
104, 2, 865, 234, 1160, 336
105, 0, 63, 172, 162, 293
105, 1, 855, 40, 1117, 159
105, 2, 875, 165, 1092, 315
106, 0, 92, 174, 623, 346
106, 1, 724, 189, 954, 337
106, 2, 856, 27, 1188, 215
107, 0, 812, 207, 1136, 340
107, 1, 870, 25, 1220, 223
108, 0, 62, 154, 288, 332
108, 1, 655, 123, 1199, 343
108, 2, 980, 23, 1114, 99
109, 0, 36, 110, 392, 326
109, 1, 622, 245, 852, 351
109, 2, 955, 133, 1105, 251
109, 3, 1087, 30, 1179, 170
110, 0, 36, 103, 173, 298
110, 1, 390, 297, 693, 355
111, 0, 34, 77, 300, 297
111, 1, 974, 155, 1127, 307
112, 0, 10, 25, 354, 257
112, 1, 493, 155, 846, 347
112, 2, 884, 42, 1134, 299
113, 0, 22, 80, 279, 263
113, 1, 803, 160, 1022, 332
113, 2, 905, 30, 1181, 137
114, 0, 37, 108, 299, 330
114, 1, 487, 117, 1073, 327
114, 2, 957, 22, 1162, 159
115, 0, 29, 100, 634, 336
115, 1, 796, 128, 1196, 351
115, 2, 1028, 25, 1156, 125
116, 0, 25, 199, 231, 327
116, 1, 349, 303, 639, 356
116, 2, 824, 16, 1216, 146
116, 3, 924, 136, 1116, 311
117, 0, 50, 128, 206, 340
117, 1, 289, 306, 524, 336
117, 2, 896, 11, 1196, 298
118, 0, 26, 132, 197, 335
118, 1, 762, 18, 921, 153
118, 2, 849, 160, 1126, 297
118, 3, 1003, 14, 1196, 71
119, 0, 56, 151, 175, 319
119, 1, 847, 15, 1145, 181
119, 2, 917, 66, 1192, 332
120, 0, 33, 135, 1165, 333
120, 1, 24, 17, 391, 126
120, 2, 291, 339, 457, 352
120, 3, 841, 15, 1219, 181
121, 0, 25, 163, 46, 204
121, 1, 26, 37, 356, 173
121, 2, 23, 235, 115, 343
121, 3, 827, 42, 1125, 166
122, 0, 12, 27, 316, 281
122, 1, 418, 180, 1061, 344
122, 2, 882, 15, 1220, 255
123, 0, 65, 157, 170, 288
123, 1, 49, 14, 379, 206
123, 2, 540, 277, 1039, 333
123, 3, 895, 15, 1232, 247
124, 0, 74, 20, 325, 348
124, 1, 523, 277, 569, 340
124, 2, 1005, 15, 1175, 138
125, 0, 87, 16, 228, 240
125, 1, 25, 215, 188, 354
125, 2, 349, 290, 786, 350
125, 3, 862, 90, 1027, 239
125, 4, 960, 217, 1103, 309
125, 5, 988, 19, 1186, 151
126, 0, 33, 213, 217, 339
126, 1, 15, 35, 229, 210
126, 2, 528, 250, 672, 348
126, 3, 807, 11, 1194, 264
126, 4, 981, 251, 1102, 344
126, 5, 1009, 132, 1113, 208
127, 0, 44, 101, 180, 329
127, 1, 51, 25, 135, 84
127, 2, 508, 255, 654, 357
128, 0, 68, 271, 151, 316
128, 1, 56, 122, 75, 235
128, 2, 88, 27, 236, 239
128, 3, 483, 283, 710, 357
128, 4, 821, 113, 1070, 341
128, 5, 1066, 38, 1210, 90
129, 0, 60, 116, 277, 295
129, 1, 443, 279, 674, 346
129, 2, 921, 92, 1168, 327
130, 0, 47, 280, 253, 337
130, 1, 165, 225, 347, 326
130, 2, 429, 66, 1111, 344
131, 0, 94, 261, 175, 334
131, 1, 780, 89, 892, 231
131, 2, 979, 75, 1013, 118
132, 0, 54, 196, 149, 339
132, 1, 634, 139, 1104, 337
132, 2, 861, 21, 965, 183
132, 3, 1037, 29, 1158, 108
133, 0, 45, 101, 177, 325
133, 1, 846, 13, 1224, 287
134, 0, 61, 99, 163, 269
134, 1, 864, 10, 1195, 191
134, 2, 931, 241, 1111, 314
135, 0, 35, 121, 81, 167
135, 1, 883, 268, 1212, 337
135, 2, 869, 13, 1212, 156
135, 3, 890, 147, 1042, 255
136, 0, 190, 38, 304, 184
136, 1, 849, 14, 1146, 191
136, 2, 1032, 242, 1143, 310
137, 0, 31, 24, 269, 224
137, 1, 519, 180, 945, 332
137, 2, 795, 15, 1205, 181
138, 0, 97, 26, 251, 233
138, 1, 881, 14, 1203, 163
139, 0, 82, 29, 237, 197
139, 1, 868, 182, 1089, 342
139, 2, 977, 19, 1200, 104
140, 0, 60, 115, 207, 194
140, 1, 533, 273, 623, 335
140, 2, 786, 161, 1099, 323
140, 3, 987, 20, 1184, 114
141, 0, 52, 21, 320, 261
141, 1, 203, 291, 380, 361
141, 2, 476, 268, 646, 344
141, 3, 916, 170, 1130, 321
141, 4, 1023, 10, 1178, 123
142, 0, 41, 16, 242, 207
142, 1, 286, 264, 643, 339
142, 2, 865, 185, 1075, 340
142, 3, 1013, 18, 1170, 206
143, 0, 491, 259, 640, 336
143, 1, 969, 149, 1154, 342
143, 2, 950, 15, 1187, 183
144, 0, 24, 19, 479, 335
144, 1, 432, 27, 1163, 348
144, 2, 1041, 248, 1134, 366
145, 0, 56, 156, 326, 282
145, 1, 274, 286, 622, 350
145, 2, 897, 37, 1123, 302
146, 0, 319, 311, 665, 349
146, 1, 1065, 111, 1170, 304
147, 0, 336, 294, 644, 357
147, 1, 896, 156, 1104, 298
148, 0, 68, 39, 111, 261
148, 1, 545, 318, 640, 358
148, 2, 757, 158, 1133, 342
149, 0, 35, 36, 313, 341
149, 1, 393, 38, 597, 68
149, 2, 408, 317, 638, 359
149, 3, 696, 22, 1172, 161
149, 4, 911, 185, 1061, 328
150, 0, 40, 183, 283, 344
150, 1, 976, 129, 1203, 362
151, 0, 58, 208, 137, 281
151, 1, 546, 334, 661, 353
151, 2, 1079, 162, 1195, 304
152, 0, 50, 182, 256, 330
153, 0, 41, 236, 143, 347
153, 1, 85, 94, 240, 285
153, 2, 785, 25, 847, 157
153, 3, 1068, 69, 1174, 148
154, 0, 11, 316, 119, 365
154, 1, 28, 60, 188, 313
154, 2, 202, 25, 343, 118
154, 3, 756, 67, 1135, 322
154, 4, 788, 28, 863, 147
155, 0, 38, 268, 80, 356
155, 1, 29, 30, 185, 329
155, 2, 844, 24, 878, 109
155, 3, 942, 129, 1143, 303
156, 0, 27, 261, 758, 350
156, 1, 44, 33, 157, 97
156, 2, 816, 29, 1148, 211
156, 3, 912, 254, 1055, 326
157, 0, 28, 20, 249, 309
157, 1, 46, 282, 86, 328
157, 2, 503, 284, 618, 286
157, 3, 774, 22, 1192, 228
157, 4, 903, 215, 1128, 334
158, 0, 51, 24, 218, 123
158, 1, 824, 27, 1209, 332
159, 0, 19, 25, 169, 122
159, 1, 780, 11, 1212, 226
159, 2, 969, 277, 1112, 338
160, 0, 125, 293, 612, 352
160, 1, 694, 228, 1174, 347
160, 2, 882, 137, 951, 189
160, 3, 881, 15, 1004, 154
160, 4, 1047, 21, 1207, 234
161, 0, 357, 286, 507, 359
161, 1, 766, 304, 986, 346
161, 2, 846, 157, 978, 292
161, 3, 874, 28, 1021, 132
161, 4, 1061, 26, 1215, 318
162, 0, 407, 331, 468, 344
162, 1, 877, 10, 1051, 339
162, 2, 1074, 25, 1193, 153
163, 0, 305, 309, 653, 357
163, 1, 874, 94, 1080, 299
163, 2, 893, 15, 1223, 134
164, 0, 284, 320, 517, 360
164, 1, 706, 297, 823, 339
164, 2, 888, 19, 1220, 352
165, 0, 121, 334, 189, 356
165, 1, 278, 309, 653, 362
165, 2, 731, 299, 815, 342
165, 3, 898, 35, 981, 157
165, 4, 1011, 184, 1205, 329
165, 5, 1032, 17, 1225, 224
166, 0, 410, 301, 776, 361
166, 1, 992, 124, 1186, 324
166, 2, 1042, 10, 1170, 156
167, 0, 249, 316, 675, 361
167, 1, 772, 296, 804, 342
167, 2, 1048, 199, 1186, 328
167, 3, 1030, 12, 1222, 176
168, 0, 42, 271, 817, 358
168, 1, 1083, 223, 1224, 346
168, 2, 1019, 12, 1225, 181
169, 0, 171, 339, 418, 364
169, 1, 518, 272, 888, 359
169, 2, 1110, 223, 1226, 304
170, 0, 141, 223, 1219, 363
171, 0, 49, 296, 311, 348
171, 1, 392, 292, 1012, 362
171, 2, 1136, 223, 1215, 329
172, 0, 37, 293, 298, 345
172, 1, 537, 220, 1200, 364
173, 0, 41, 314, 294, 346
173, 1, 732, 292, 909, 362
173, 2, 989, 267, 1202, 353
174, 0, 91, 322, 320, 346
174, 1, 575, 273, 1186, 361
177, 0, 1021, 302, 1196, 355
178, 0, 998, 297, 1197, 347
179, 0, 630, 316, 861, 346
179, 1, 1013, 294, 1208, 344
181, 0, 449, 329, 610, 358
181, 1, 935, 325, 1196, 348
182, 0, 680, 342, 811, 361
182, 1, 1121, 296, 1199, 350
183, 0, 735, 290, 1030, 355
184, 0, 460, 330, 575, 360
184, 1, 883, 291, 1024, 350
186, 0, 492, 329, 601, 355
193, 0, 1193, 38, 1204, 272
197, 0, 1070, 331, 1225, 356
198, 0, 934, 311, 1230, 356
199, 0, 1086, 311, 1214, 355
201, 0, 1109, 333, 1192, 357
202, 0, 1137, 34, 1188, 78
202, 1, 1132, 314, 1218, 362
203, 0, 1096, 339, 1209, 355
203, 1, 1168, 32, 1195, 177
204, 0, 838, 37, 925, 59
204, 1, 1171, 272, 1216, 357
205, 0, 840, 35, 921, 58
206, 0, 852, 33, 956, 57
207, 0, 91, 21, 171, 104
207, 1, 879, 34, 957, 57
208, 0, 776, 357, 1026, 364
209, 0, 62, 34, 196, 110
209, 1, 885, 355, 1035, 360
210, 0, 107, 22, 219, 98
210, 1, 836, 317, 1110, 363
211, 0, 244, 32, 263, 89
211, 1, 928, 319, 1143, 361
211, 2, 1091, 20, 1223, 67
213, 0, 1062, 323, 1149, 358
214, 0, 868, 322, 1205, 360
215, 0, 1003, 344, 1193, 359
216, 0, 995, 325, 1162, 359
217, 0, 1037, 322, 1141, 356
221, 0, 279, 342, 458, 361
221, 1, 730, 15, 917, 114
222, 0, 708, 11, 963, 218
222, 1, 1105, 217, 1209, 325
223, 0, 205, 300, 458, 363
223, 1, 820, 14, 944, 109
223, 2, 1101, 217, 1228, 327
224, 0, 401, 305, 565, 361
224, 1, 789, 201, 833, 252
224, 2, 775, 24, 1020, 134
224, 3, 940, 174, 972, 271
225, 0, 351, 329, 527, 358
225, 1, 803, 100, 1231, 362
225, 2, 786, 67, 1044, 177
225, 3, 907, 20, 1055, 86
226, 0, 381, 320, 528, 354
226, 1, 827, 217, 1127, 335
226, 2, 815, 67, 932, 154
226, 3, 1037, 263, 1204, 355
226, 4, 975, 28, 1229, 297
227, 0, 383, 286, 613, 354
227, 1, 850, 18, 1105, 161
227, 2, 1003, 203, 1090, 304
227, 3, 1123, 142, 1227, 355
228, 0, 419, 313, 610, 359
228, 1, 885, 122, 969, 159
228, 2, 1051, 126, 1176, 149
228, 3, 1093, 236, 1144, 307
229, 0, 439, 332, 579, 360
229, 1, 939, 83, 1025, 154
229, 2, 1047, 12, 1163, 140
230, 0, 412, 298, 616, 358
230, 1, 872, 200, 983, 284
230, 2, 957, 33, 1132, 167
231, 0, 14, 23, 352, 353
231, 1, 539, 299, 636, 362
231, 2, 769, 168, 1046, 341
231, 3, 1027, 21, 1184, 147
232, 0, 539, 319, 608, 361
232, 1, 990, 167, 1082, 265
232, 2, 972, 17, 1193, 150
233, 0, 12, 181, 118, 272
233, 1, 476, 307, 670, 355
233, 2, 1041, 35, 1214, 277
233, 3, 965, 13, 1082, 63
234, 0, 26, 175, 173, 337
234, 1, 539, 111, 1216, 365
234, 2, 919, 19, 1126, 95
235, 0, 1090, 116, 1218, 322
235, 1, 1019, 17, 1147, 179
236, 0, 533, 319, 669, 355
236, 1, 1003, 15, 1149, 49
236, 2, 1099, 132, 1217, 281
237, 0, 65, 169, 160, 331
237, 1, 506, 306, 719, 361
237, 2, 846, 206, 1144, 341
237, 3, 986, 18, 1189, 69
238, 0, 109, 75, 184, 224
238, 1, 34, 275, 236, 343
238, 2, 537, 229, 1100, 361
238, 3, 1027, 18, 1211, 174
239, 0, 30, 65, 194, 108
239, 1, 11, 205, 226, 347
239, 2, 489, 119, 1213, 356
239, 3, 1050, 10, 1216, 96
240, 0, 55, 217, 168, 331
240, 1, 941, 121, 1187, 330
240, 2, 1134, 12, 1194, 36
241, 0, 18, 214, 184, 343
241, 1, 944, 228, 1098, 343
241, 2, 1157, 20, 1210, 209
242, 0, 64, 214, 209, 351
242, 1, 1081, 248, 1190, 358
243, 0, 48, 220, 160, 344
243, 1, 972, 243, 1169, 351
244, 0, 474, 291, 548, 346
244, 1, 945, 296, 1005, 338
245, 0, 52, 215, 156, 351
245, 1, 287, 269, 804, 350
245, 2, 955, 309, 1044, 350
245, 3, 1018, 20, 1115, 115
245, 4, 1089, 220, 1184, 301
246, 0, 43, 214, 348, 359
246, 1, 448, 294, 935, 358
246, 2, 1035, 216, 1186, 348
246, 3, 1096, 19, 1186, 131
247, 0, 446, 289, 779, 361
247, 1, 1121, 21, 1150, 156
248, 0, 221, 291, 756, 358
248, 1, 1151, 104, 1211, 160
249, 0, 132, 296, 264, 358
249, 1, 383, 297, 531, 363
249, 2, 639, 325, 751, 358
249, 3, 939, 187, 1198, 341
250, 0, 103, 279, 726, 361
250, 1, 1165, 18, 1197, 121
251, 0, 13, 321, 295, 361
251, 1, 404, 307, 528, 361
252, 0, 24, 302, 247, 363
252, 1, 182, 19, 313, 165
252, 2, 401, 318, 557, 358
252, 3, 1096, 257, 1208, 352
253, 0, 51, 224, 213, 349
253, 1, 368, 320, 472, 366
253, 2, 1146, 286, 1216, 362
254, 0, 39, 328, 169, 362
254, 1, 186, 78, 306, 177
254, 2, 364, 330, 449, 361
254, 3, 1003, 181, 1207, 283
255, 0, 75, 105, 1185, 362
255, 1, 174, 21, 374, 85
256, 0, 138, 106, 291, 168
256, 1, 223, 337, 400, 349
256, 2, 911, 213, 1066, 281
257, 0, 140, 42, 320, 149
257, 1, 106, 339, 307, 356
257, 2, 526, 301, 778, 361
257, 3, 916, 177, 1168, 339
258, 0, 56, 30, 784, 357
258, 1, 54, 277, 193, 343
258, 2, 953, 228, 1106, 298
259, 0, 37, 77, 160, 163
259, 1, 261, 71, 291, 178
259, 2, 971, 183, 1167, 322
259, 3, 946, 82, 1006, 113
260, 0, 36, 60, 265, 206
260, 1, 304, 276, 683, 361
260, 2, 1037, 226, 1103, 258
260, 3, 961, 91, 1032, 160
261, 0, 49, 58, 268, 206
261, 1, 313, 297, 704, 356
261, 2, 863, 169, 1215, 276
261, 3, 963, 81, 1042, 111
262, 0, 59, 118, 216, 229
262, 1, 84, 326, 356, 351
262, 2, 216, 28, 252, 110
262, 3, 855, 199, 1213, 331
262, 4, 967, 94, 1087, 114
263, 0, 67, 89, 241, 199
263, 1, 462, 326, 634, 353
263, 2, 921, 201, 1213, 328
263, 3, 987, 68, 1190, 130
264, 0, 66, 59, 183, 184
264, 1, 437, 287, 696, 355
264, 2, 909, 85, 1213, 322
265, 0, 916, 39, 1200, 320
266, 0, 29, 22, 244, 342
266, 1, 354, 310, 435, 341
266, 2, 485, 27, 699, 120
266, 3, 706, 25, 1202, 205
266, 4, 904, 204, 1178, 330
267, 0, 40, 116, 856, 344
267, 1, 1020, 150, 1200, 333
268, 0, 47, 20, 142, 221
268, 1, 1148, 42, 1210, 151
269, 0, 41, 109, 234, 342
269, 1, 932, 229, 1187, 348
270, 0, 27, 84, 276, 346
270, 1, 774, 230, 1176, 358
271, 0, 64, 227, 257, 356
271, 1, 522, 282, 747, 354
272, 0, 59, 219, 170, 332
272, 1, 23, 54, 264, 257
272, 2, 627, 277, 913, 341
272, 3, 1085, 54, 1141, 180
273, 0, 67, 30, 152, 110
273, 1, 59, 209, 265, 342
273, 2, 688, 306, 833, 342
273, 3, 1048, 92, 1190, 181
274, 0, 50, 63, 223, 327
274, 1, 723, 293, 851, 341
274, 2, 1039, 253, 1182, 337
274, 3, 1076, 99, 1174, 204
275, 0, 45, 179, 265, 327
275, 1, 401, 320, 595, 362
275, 2, 759, 306, 954, 351
275, 3, 1067, 67, 1188, 203
276, 0, 32, 134, 158, 244
276, 1, 731, 251, 941, 345
276, 2, 1104, 92, 1204, 279
277, 0, 67, 138, 203, 307
277, 1, 1150, 77, 1201, 145
278, 0, 43, 93, 259, 295
278, 1, 717, 253, 910, 340
279, 0, 24, 98, 80, 183
279, 1, 122, 208, 668, 344
279, 2, 777, 14, 1200, 216
280, 0, 68, 25, 891, 345
280, 1, 61, 23, 165, 93
280, 2, 457, 294, 608, 353
280, 3, 708, 210, 945, 355
281, 0, 69, 209, 247, 348
281, 1, 713, 293, 1215, 356
282, 0, 61, 76, 259, 337
282, 1, 752, 150, 1232, 362
282, 2, 859, 21, 1155, 178
283, 0, 27, 76, 517, 352
283, 1, 614, 290, 1180, 352
283, 2, 861, 18, 1023, 68
284, 0, 55, 195, 316, 334
284, 1, 428, 279, 783, 357
284, 2, 1011, 281, 1177, 344
285, 0, 127, 274, 306, 329
285, 1, 948, 289, 1047, 362
285, 2, 919, 26, 980, 74
285, 3, 1157, 293, 1195, 364
286, 0, 64, 163, 1204, 360
286, 1, 837, 20, 996, 45
287, 0, 34, 165, 740, 358
287, 1, 847, 21, 985, 52
287, 2, 1108, 325, 1197, 363
288, 0, 15, 142, 333, 336
288, 1, 589, 282, 773, 352
288, 2, 846, 22, 990, 49
288, 3, 891, 115, 1095, 238
288, 4, 1045, 331, 1226, 343
289, 0, 10, 56, 400, 338
289, 1, 509, 289, 875, 357
289, 2, 822, 84, 1142, 335
289, 3, 861, 20, 1048, 72
290, 0, 44, 87, 57, 149
290, 1, 82, 232, 156, 264
290, 2, 588, 269, 711, 346
290, 3, 868, 108, 1143, 344
290, 4, 877, 18, 1067, 75
291, 0, 572, 337, 721, 352
291, 1, 874, 107, 1125, 331
291, 2, 922, 15, 1190, 165
292, 0, 883, 123, 996, 264
292, 1, 948, 16, 1117, 143
293, 0, 24, 260, 633, 358
293, 1, 874, 18, 1146, 259
294, 0, 75, 265, 788, 363
294, 1, 920, 250, 1007, 313
294, 2, 874, 17, 1050, 165
295, 0, 39, 225, 160, 353
295, 1, 249, 272, 367, 358
295, 2, 852, 119, 1075, 284
295, 3, 949, 36, 1046, 100
296, 0, 11, 217, 665, 357
296, 1, 908, 204, 1143, 341
296, 2, 914, 27, 1192, 136
297, 0, 40, 220, 167, 359
297, 1, 250, 291, 556, 363
297, 2, 911, 200, 1189, 357
297, 3, 933, 24, 1224, 151
298, 0, 27, 296, 552, 362
298, 1, 886, 199, 1142, 361
298, 2, 845, 22, 1212, 227
298, 3, 1137, 152, 1226, 269
299, 0, 24, 292, 480, 364
299, 1, 603, 289, 695, 326
299, 2, 951, 184, 1195, 336
299, 3, 922, 22, 1204, 173
300, 0, 267, 323, 457, 358
300, 1, 875, 121, 1127, 343
300, 2, 936, 16, 1215, 179
301, 0, 42, 262, 526, 359
301, 1, 881, 159, 1122, 328
301, 2, 876, 27, 1183, 164
302, 0, 51, 325, 244, 360
302, 1, 340, 300, 587, 360
302, 2, 932, 161, 1209, 336
302, 3, 895, 27, 1195, 148
303, 0, 26, 304, 156, 358
303, 1, 307, 286, 624, 353
303, 2, 945, 120, 1210, 343
303, 3, 938, 20, 1208, 145
304, 0, 15, 284, 140, 357
304, 1, 251, 306, 466, 355
304, 2, 953, 77, 1107, 278
304, 3, 891, 14, 1176, 115
305, 0, 927, 119, 1154, 293
305, 1, 926, 13, 1199, 141
306, 0, 938, 95, 1136, 332
306, 1, 1006, 28, 1187, 83
307, 0, 986, 295, 1054, 334
307, 1, 911, 28, 1178, 78
307, 2, 1034, 93, 1129, 216
308, 0, 101, 239, 311, 345
308, 1, 892, 15, 1170, 217
309, 0, 50, 262, 116, 327
309, 1, 941, 143, 1157, 303
309, 2, 889, 103, 1056, 181
309, 3, 905, 21, 1226, 97
310, 0, 92, 230, 319, 340
310, 1, 912, 96, 1195, 225
310, 2, 989, 258, 1027, 323
310, 3, 911, 29, 1181, 120
311, 0, 48, 262, 255, 348
311, 1, 411, 284, 745, 353
311, 2, 900, 30, 1178, 151
311, 3, 976, 143, 1206, 222
311, 4, 1036, 288, 1142, 334
312, 0, 181, 177, 270, 324
312, 1, 471, 287, 713, 354
312, 2, 897, 34, 1195, 308
312, 3, 940, 11, 1058, 52
312, 4, 1065, 280, 1119, 333
313, 0, 155, 83, 252, 327
313, 1, 374, 299, 705, 365
313, 2, 879, 100, 1221, 231
313, 3, 947, 12, 1215, 97
313, 4, 1084, 282, 1180, 362
314, 0, 124, 51, 723, 364
314, 1, 82, 259, 157, 331
314, 2, 946, 119, 1198, 218
314, 3, 926, 35, 1169, 160
315, 0, 63, 252, 201, 324
315, 1, 97, 48, 296, 243
315, 2, 436, 286, 788, 358
315, 3, 948, 164, 1011, 233
315, 4, 963, 13, 1219, 206
316, 0, 77, 65, 290, 331
316, 1, 415, 301, 702, 362
316, 2, 938, 123, 1196, 336
316, 3, 1040, 13, 1140, 74
317, 0, 45, 35, 289, 238
317, 1, 17, 304, 176, 365
317, 2, 822, 98, 1212, 342
317, 3, 992, 25, 1187, 138
318, 0, 66, 15, 663, 356
318, 1, 759, 190, 1172, 349
318, 2, 976, 98, 1157, 177
318, 3, 1006, 14, 1158, 72
319, 0, 50, 125, 246, 298
319, 1, 142, 16, 238, 137
319, 2, 415, 315, 666, 350
319, 3, 771, 141, 1051, 343
319, 4, 1045, 106, 1162, 320
319, 5, 1038, 12, 1142, 70
320, 0, 39, 208, 174, 329
320, 1, 126, 28, 244, 182
320, 2, 383, 254, 641, 350
320, 3, 801, 108, 1192, 345
320, 4, 995, 23, 1212, 180
321, 0, 30, 139, 755, 342
321, 1, 122, 27, 367, 260
321, 2, 957, 86, 1185, 331
321, 3, 1048, 18, 1215, 95
322, 0, 26, 26, 217, 134
322, 1, 40, 161, 485, 345
322, 2, 327, 14, 450, 36
322, 3, 830, 93, 1185, 334
322, 4, 1074, 24, 1210, 196
323, 0, 43, 32, 262, 355
323, 1, 339, 253, 585, 364
323, 2, 922, 180, 1226, 344
323, 3, 1096, 20, 1197, 160
324, 0, 74, 205, 333, 351
324, 1, 366, 308, 483, 358
324, 2, 933, 189, 954, 248
324, 3, 1044, 140, 1232, 348
324, 4, 1112, 23, 1201, 116
325, 0, 89, 177, 506, 363
325, 1, 623, 277, 753, 334
325, 2, 908, 160, 1072, 293
325, 3, 1141, 23, 1213, 199
326, 0, 372, 297, 559, 356
326, 1, 953, 214, 1064, 326
327, 0, 28, 51, 241, 365
327, 1, 419, 301, 511, 360
327, 2, 1015, 241, 1110, 335
328, 0, 31, 88, 108, 262
328, 1, 146, 284, 216, 358
328, 2, 353, 287, 522, 364
328, 3, 915, 266, 1018, 331
328, 4, 1010, 130, 1210, 207
329, 0, 17, 183, 253, 362
329, 1, 346, 330, 489, 364
329, 2, 645, 296, 757, 355
330, 0, 12, 279, 164, 362
330, 1, 19, 60, 167, 284
330, 2, 648, 337, 704, 356
330, 3, 1010, 122, 1172, 288
331, 0, 26, 93, 280, 358
331, 1, 859, 126, 1067, 207
332, 0, 19, 207, 93, 364
332, 1, 33, 95, 82, 208
332, 2, 177, 295, 476, 353
332, 3, 999, 156, 1089, 305
333, 0, 19, 233, 173, 354
333, 1, 14, 39, 152, 239
333, 2, 621, 324, 683, 348
333, 3, 800, 158, 1196, 347
334, 0, 26, 263, 176, 362
334, 1, 20, 90, 93, 229
334, 2, 197, 46, 261, 162
334, 3, 558, 279, 689, 350
334, 4, 902, 156, 1132, 332
335, 0, 185, 49, 232, 187
335, 1, 822, 139, 912, 240
335, 2, 978, 173, 1173, 340
335, 3, 1114, 108, 1172, 199
336, 0, 161, 55, 268, 211
336, 1, 615, 161, 735, 205
336, 2, 896, 136, 1137, 299
337, 0, 70, 28, 204, 133
337, 1, 860, 189, 961, 345
337, 2, 1039, 111, 1208, 251
338, 0, 54, 152, 128, 357
338, 1, 41, 24, 201, 235
338, 2, 309, 273, 500, 340
338, 3, 929, 110, 1160, 330
339, 0, 43, 153, 182, 338
339, 1, 606, 297, 668, 361
339, 2, 836, 106, 1178, 237
339, 3, 961, 257, 1126, 341
340, 0, 329, 320, 420, 359
340, 1, 555, 295, 694, 354
340, 2, 1016, 231, 1131, 338
340, 3, 967, 105, 1181, 205
341, 0, 34, 13, 161, 209
341, 1, 560, 319, 728, 353
341, 2, 817, 99, 1165, 188
341, 3, 915, 185, 1163, 337
341, 4, 1006, 27, 1100, 83
342, 0, 40, 159, 746, 347
342, 1, 908, 97, 1052, 214
342, 2, 1030, 116, 1159, 317
342, 3, 1073, 53, 1132, 81
343, 0, 42, 168, 224, 358
343, 1, 329, 302, 452, 344
343, 2, 677, 78, 1169, 330
343, 3, 1080, 24, 1168, 132
344, 0, 38, 188, 250, 357
344, 1, 361, 261, 732, 360
344, 2, 546, 144, 620, 208
344, 3, 829, 123, 1136, 336
345, 0, 26, 81, 250, 360
345, 1, 323, 304, 441, 356
345, 2, 581, 151, 1100, 360
346, 0, 49, 208, 191, 360
346, 1, 193, 77, 250, 175
346, 2, 282, 302, 404, 357
346, 3, 542, 281, 886, 360
347, 0, 48, 179, 720, 360
347, 1, 177, 92, 240, 163
347, 2, 974, 24, 1204, 96
347, 3, 1128, 161, 1201, 224
348, 0, 48, 262, 753, 358
348, 1, 163, 42, 225, 166
348, 2, 858, 19, 1173, 132
349, 0, 12, 280, 348, 361
349, 1, 135, 28, 229, 95
349, 2, 435, 158, 584, 201
349, 3, 905, 22, 1190, 226
349, 4, 1014, 337, 1072, 366
350, 0, 72, 12, 202, 77
350, 1, 57, 313, 228, 344
350, 2, 109, 91, 192, 162
350, 3, 432, 155, 528, 183
350, 4, 919, 321, 1026, 349
350, 5, 929, 16, 1210, 227
351, 0, 70, 14, 183, 176
351, 1, 78, 139, 108, 161
351, 2, 154, 280, 917, 344
351, 3, 820, 23, 1189, 250
352, 0, 27, 16, 119, 55
352, 1, 56, 96, 200, 185
352, 2, 311, 140, 505, 280
352, 3, 641, 16, 1198, 250
353, 0, 31, 119, 142, 305
353, 1, 196, 314, 439, 345
353, 2, 315, 140, 520, 248
353, 3, 953, 21, 1219, 249
354, 0, 18, 27, 468, 365
354, 1, 520, 51, 1216, 364
354, 2, 622, 14, 791, 98
354, 3, 976, 17, 1014, 65
355, 0, 31, 120, 389, 353
355, 1, 35, 318, 184, 364
355, 2, 502, 331, 939, 361
355, 3, 891, 124, 1208, 180
355, 4, 940, 11, 1207, 89
356, 0, 36, 138, 140, 232
356, 1, 27, 272, 149, 363
356, 2, 227, 140, 444, 363
356, 3, 817, 323, 906, 363
356, 4, 870, 121, 969, 185
356, 5, 959, 23, 1214, 211
357, 0, 34, 158, 119, 200
357, 1, 32, 314, 94, 359
357, 2, 221, 140, 439, 340
357, 3, 747, 303, 859, 353
357, 4, 868, 18, 1203, 279
358, 0, 14, 304, 253, 360
358, 1, 216, 161, 392, 344
358, 2, 960, 11, 1204, 216
359, 0, 21, 141, 430, 347
359, 1, 20, 277, 203, 365
359, 2, 811, 332, 905, 364
359, 3, 886, 21, 1200, 218
360, 0, 30, 185, 351, 332
360, 1, 11, 296, 101, 329
360, 2, 216, 156, 409, 244
360, 3, 862, 311, 1118, 340
360, 4, 909, 12, 1232, 217
360, 5, 970, 170, 1058, 211
361, 0, 21, 15, 483, 310
361, 1, 311, 180, 508, 353
361, 2, 19, 252, 199, 321
361, 3, 796, 14, 1225, 169
361, 4, 944, 143, 1182, 259
362, 0, 25, 162, 350, 345
362, 1, 150, 252, 284, 339
362, 2, 949, 24, 1225, 214
363, 0, 39, 156, 444, 353
363, 1, 989, 203, 1174, 339
363, 2, 994, 21, 1208, 173
364, 0, 41, 133, 1170, 365
364, 1, 932, 22, 1095, 73
364, 2, 1105, 33, 1196, 189
365, 0, 43, 230, 136, 360
365, 1, 179, 168, 451, 344
365, 2, 1047, 10, 1218, 165
366, 0, 23, 262, 421, 355
366, 1, 154, 159, 391, 294
366, 2, 922, 149, 1003, 199
366, 3, 1025, 11, 1210, 195
367, 0, 32, 118, 274, 359
367, 1, 287, 156, 415, 358
367, 2, 1009, 16, 1185, 110
368, 0, 12, 184, 609, 364
368, 1, 318, 179, 443, 291
368, 2, 705, 137, 1090, 339
368, 3, 1017, 21, 1180, 136
369, 0, 24, 207, 168, 309
369, 1, 145, 115, 444, 355
369, 2, 993, 120, 1150, 251
369, 3, 1103, 11, 1207, 62
370, 0, 43, 191, 324, 316
370, 1, 238, 168, 1116, 349
370, 2, 896, 125, 1175, 272
370, 3, 1078, 16, 1195, 63
371, 0, 216, 168, 462, 321
371, 1, 27, 129, 202, 333
371, 2, 987, 125, 1176, 248
371, 3, 1160, 20, 1216, 62
372, 0, 47, 160, 500, 364
372, 1, 1045, 111, 1202, 310
373, 0, 53, 141, 246, 331
373, 1, 333, 163, 496, 362
373, 2, 1040, 124, 1195, 187
373, 3, 1125, 213, 1159, 259
374, 0, 72, 129, 163, 202
374, 1, 30, 229, 408, 359
374, 2, 352, 160, 618, 241
375, 0, 39, 132, 162, 333
375, 1, 389, 155, 628, 351
376, 0, 53, 129, 89, 219
376, 1, 226, 330, 380, 353
376, 2, 413, 153, 611, 246
377, 0, 26, 137, 62, 222
377, 1, 30, 36, 61, 125
377, 2, 122, 336, 336, 356
377, 3, 399, 153, 675, 344
377, 4, 1105, 176, 1174, 246
378, 0, 25, 125, 51, 224
378, 1, 497, 154, 689, 263
379, 0, 32, 77, 64, 227
379, 1, 489, 154, 811, 295
379, 2, 1112, 137, 1179, 221
380, 0, 517, 151, 847, 291
381, 0, 553, 148, 865, 315
382, 0, 576, 152, 879, 289
382, 1, 681, 338, 1017, 341
383, 0, 633, 112, 943, 340
384, 0, 650, 33, 1004, 310
385, 0, 686, 113, 964, 318
386, 0, 28, 309, 600, 362
386, 1, 712, 11, 1066, 289
387, 0, 755, 126, 1043, 362
388, 0, 811, 214, 1025, 345
388, 1, 818, 131, 1146, 257
389, 0, 823, 131, 1172, 354
390, 0, 866, 129, 1190, 363
391, 0, 854, 134, 1199, 350
392, 0, 958, 144, 1230, 262
393, 0, 1018, 129, 1222, 243
394, 0, 123, 222, 289, 308
394, 1, 1046, 129, 1220, 265
395, 0, 102, 222, 223, 328
395, 1, 1134, 144, 1222, 233
396, 0, 87, 244, 288, 336
397, 0, 64, 223, 277, 328
398, 0, 60, 302, 160, 357
399, 0, 57, 187, 277, 289
400, 0, 51, 192, 278, 348
400, 1, 471, 162, 571, 243
401, 0, 49, 197, 252, 307
402, 0, 66, 215, 243, 338
402, 1, 337, 181, 480, 262
403, 0, 37, 207, 207, 332
403, 1, 448, 161, 528, 245
404, 0, 12, 208, 315, 345
404, 1, 424, 181, 516, 245
405, 0, 29, 205, 227, 351
405, 1, 470, 179, 511, 244
406, 0, 19, 210, 308, 346
407, 0, 62, 206, 115, 320
407, 1, 260, 226, 364, 284
408, 0, 80, 202, 158, 348
408, 1, 249, 241, 355, 287
409, 0, 240, 223, 347, 289
409, 1, 419, 189, 436, 221
410, 0, 135, 190, 433, 348
411, 0, 180, 201, 431, 321
412, 0, 160, 222, 419, 328
413, 0, 120, 220, 307, 341
414, 0, 40, 224, 308, 361
415, 0, 76, 187, 337, 346
416, 0, 20, 181, 352, 350
417, 0, 23, 184, 324, 348
418, 0, 38, 197, 336, 342
419, 0, 32, 192, 289, 339
420, 0, 64, 191, 284, 347
421, 0, 79, 195, 269, 336
422, 0, 79, 202, 308, 349
423, 0, 50, 208, 276, 346
424, 0, 52, 206, 242, 342
425, 0, 17, 215, 137, 308
426, 0, 22, 229, 184, 343
427, 0, 47, 261, 145, 340
