10, 0, 67, 221, 141, 310
10, 1, 919, 32, 1064, 151
11, 0, 972, 61, 1005, 112
11, 1, 1063, 27, 1115, 82
14, 0, 912, 38, 1074, 134
15, 0, 888, 50, 948, 139
16, 0, 916, 11, 1017, 135
16, 1, 1041, 78, 1115, 228
17, 0, 922, 55, 966, 113
17, 1, 1040, 16, 1084, 108
18, 0, 922, 57, 1124, 242
19, 0, 936, 49, 963, 109
19, 1, 1085, 84, 1163, 229
20, 0, 947, 47, 1048, 113
20, 1, 1029, 83, 1176, 216
21, 0, 1016, 51, 1122, 123
21, 1, 1064, 139, 1186, 195
22, 0, 889, 44, 1012, 130
22, 1, 1056, 42, 1205, 218
23, 0, 35, 182, 104, 314
23, 1, 1122, 93, 1208, 189
23, 2, 1089, 41, 1109, 103
24, 0, 581, 297, 830, 341
24, 1, 1050, 15, 1188, 162
25, 0, 159, 79, 204, 217
25, 1, 1075, 31, 1199, 174
26, 0, 66, 177, 270, 309
26, 1, 467, 242, 704, 354
27, 0, 106, 172, 255, 343
27, 1, 158, 25, 317, 162
27, 2, 556, 302, 869, 354
27, 3, 1093, 97, 1178, 168
29, 0, 35, 33, 223, 276
29, 1, 161, 28, 289, 144
29, 2, 1100, 96, 1193, 234
30, 0, 36, 50, 218, 243
30, 1, 43, 183, 157, 344
30, 2, 1056, 25, 1210, 170
31, 0, 54, 158, 210, 259
32, 0, 52, 101, 197, 317
32, 1, 978, 208, 1169, 338
32, 2, 1133, 20, 1217, 143
33, 0, 48, 120, 133, 259
35, 0, 823, 74, 1200, 182
35, 1, 965, 27, 1043, 114
36, 0, 896, 11, 1208, 222
36, 1, 913, 25, 1050, 121
37, 0, 60, 85, 176, 261
37, 1, 71, 29, 164, 90
37, 2, 968, 78, 1084, 233
37, 3, 1045, 24, 1175, 79
38, 0, 995, 143, 1186, 253
38, 1, 969, 14, 1206, 117
39, 0, 973, 16, 1165, 153
40, 0, 1022, 17, 1206, 155
41, 0, 1041, 19, 1134, 161
42, 0, 1099, 59, 1124, 102
43, 0, 139, 206, 198, 260
43, 1, 1144, 37, 1161, 101
44, 0, 52, 187, 192, 251
45, 0, 53, 209, 219, 329
45, 1, 784, 153, 948, 254
47, 0, 55, 25, 202, 262
47, 1, 885, 106, 975, 206
47, 2, 1004, 187, 1130, 327
47, 3, 993, 19, 1205, 152
48, 0, 63, 222, 144, 337
48, 1, 777, 39, 1133, 303
49, 0, 1004, 27, 1187, 75
49, 1, 1043, 160, 1204, 271
50, 0, 951, 188, 1090, 260
50, 1, 1080, 35, 1183, 83
51, 0, 1077, 161, 1145, 241
52, 0, 963, 22, 1179, 86
53, 0, 477, 293, 577, 332
54, 0, 396, 303, 578, 348
54, 1, 1067, 20, 1152, 77
56, 0, 239, 119, 296, 158
56, 1, 837, 99, 881, 161
56, 2, 1045, 160, 1172, 343
56, 3, 1155, 35, 1177, 69
58, 0, 74, 144, 210, 309
59, 0, 826, 90, 915, 182
61, 0, 816, 47, 961, 186
62, 0, 876, 46, 1051, 201
63, 0, 890, 45, 1034, 188
64, 0, 909, 64, 1068, 203
64, 1, 1064, 180, 1151, 259
65, 0, 914, 19, 1165, 150
66, 0, 921, 44, 1051, 183
66, 1, 1005, 171, 1174, 289
67, 0, 61, 46, 239, 145
67, 1, 900, 36, 1144, 159
67, 2, 1046, 140, 1119, 304
68, 0, 99, 41, 180, 146
68, 1, 941, 43, 1205, 164
69, 0, 949, 34, 1188, 142
69, 1, 1100, 148, 1177, 267
71, 0, 590, 278, 734, 350
73, 0, 584, 336, 716, 346
75, 0, 81, 31, 171, 72
75, 1, 1062, 19, 1195, 95
76, 0, 163, 76, 350, 263
76, 1, 1012, 134, 1146, 300
78, 0, 807, 99, 875, 179
78, 1, 1063, 18, 1198, 99
81, 0, 63, 110, 156, 222
81, 1, 987, 161, 1155, 227
81, 2, 1073, 19, 1201, 99
83, 0, 57, 99, 192, 222
83, 1, 1063, 20, 1188, 102
84, 0, 71, 104, 196, 223
84, 1, 870, 80, 989, 187
84, 2, 978, 93, 1129, 226
84, 3, 1086, 159, 1186, 226
85, 0, 1109, 151, 1192, 229
86, 0, 915, 23, 1177, 219
86, 1, 1028, 182, 1225, 258
87, 0, 1079, 155, 1219, 307
87, 1, 1062, 14, 1201, 120
88, 0, 33, 11, 210, 167
88, 1, 957, 18, 1232, 138
88, 2, 1141, 124, 1230, 324
89, 0, 44, 25, 214, 196
89, 1, 958, 28, 1162, 213
89, 2, 1065, 186, 1228, 331
90, 0, 31, 35, 117, 165
90, 1, 954, 29, 1098, 130
90, 2, 1072, 86, 1177, 204
91, 0, 923, 23, 1148, 308
92, 0, 990, 103, 1149, 344
92, 1, 1180, 30, 1210, 199
92, 2, 1063, 38, 1139, 104
93, 0, 615, 238, 697, 271
93, 1, 995, 192, 1037, 338
93, 2, 1028, 45, 1169, 237
93, 3, 953, 31, 1009, 124
94, 0, 931, 95, 1201, 313
95, 0, 1059, 222, 1192, 357
96, 0, 63, 127, 195, 297
96, 1, 546, 240, 697, 288
96, 2, 811, 296, 947, 363
96, 3, 1124, 241, 1168, 342
97, 0, 75, 94, 266, 278
97, 1, 637, 268, 888, 360
97, 2, 1108, 228, 1176, 319
97, 3, 1116, 18, 1186, 65
97, 4, 1108, 89, 1195, 203
98, 0, 655, 262, 876, 355
98, 1, 1106, 199, 1190, 309
99, 0, 645, 269, 871, 354
100, 0, 100, 53, 246, 318
100, 1, 669, 286, 875, 353
100, 2, 1136, 24, 1205, 123
101, 0, 79, 94, 232, 188
102, 0, 50, 92, 208, 183
102, 1, 1174, 19, 1197, 71
104, 0, 65, 140, 176, 217
105, 0, 60, 127, 130, 253
105, 1, 883, 41, 1034, 188
106, 0, 875, 38, 1017, 188
107, 0, 69, 46, 119, 213
107, 1, 884, 28, 1171, 85
108, 0, 1008, 148, 1122, 238
108, 1, 1041, 20, 1118, 97
109, 0, 1005, 20, 1151, 80
110, 0, 1026, 29, 1174, 68
111, 0, 968, 24, 1053, 152
112, 0, 63, 124, 100, 221
112, 1, 940, 45, 1050, 146
115, 0, 25, 117, 71, 203
116, 0, 37, 149, 132, 321
118, 0, 32, 144, 121, 303
121, 0, 964, 75, 1083, 261
122, 0, 24, 50, 87, 192
122, 1, 1092, 22, 1128, 134
123, 0, 1046, 16, 1122, 97
124, 0, 971, 23, 1131, 111
125, 0, 91, 132, 146, 193
125, 1, 961, 14, 1175, 116
126, 0, 11, 79, 50, 213
126, 1, 1039, 17, 1176, 67
126, 2, 1106, 73, 1122, 138
127, 0, 55, 46, 71, 206
127, 1, 1108, 56, 1177, 114
132, 0, 105, 146, 232, 269
132, 1, 842, 75, 1031, 154
133, 0, 78, 172, 239, 313
133, 1, 847, 20, 1059, 155
134, 0, 859, 73, 1004, 174
135, 0, 1001, 22, 1085, 130
136, 0, 862, 41, 1099, 157
137, 0, 948, 17, 1097, 141
138, 0, 130, 30, 245, 171
138, 1, 887, 21, 1108, 126
138, 2, 960, 133, 1068, 288
139, 0, 84, 69, 148, 174
139, 1, 916, 35, 1120, 191
140, 0, 978, 22, 1134, 142
141, 0, 974, 26, 1086, 117
142, 0, 1011, 46, 1111, 106
143, 0, 1012, 22, 1164, 126
144, 0, 1157, 48, 1198, 195
145, 0, 51, 174, 260, 267
145, 1, 1048, 57, 1106, 192
147, 0, 449, 288, 622, 339
148, 0, 108, 134, 252, 188
148, 1, 404, 319, 604, 333
149, 0, 483, 288, 635, 348
151, 0, 73, 137, 181, 263
151, 1, 1080, 183, 1137, 331
152, 0, 116, 159, 258, 236
152, 1, 1102, 165, 1168, 227
153, 0, 54, 139, 180, 332
154, 0, 27, 110, 183, 303
155, 0, 35, 112, 148, 311
156, 0, 44, 21, 195, 310
157, 0, 54, 166, 156, 321
157, 1, 807, 38, 953, 137
157, 2, 1085, 80, 1195, 157
158, 0, 40, 85, 101, 289
158, 1, 818, 33, 1034, 134
159, 0, 942, 75, 968, 119
160, 0, 921, 39, 1173, 130
161, 0, 931, 29, 1022, 158
161, 1, 1134, 128, 1207, 246
161, 2, 1049, 39, 1195, 140
162, 0, 24, 75, 131, 259
162, 1, 870, 24, 1196, 149
163, 0, 932, 22, 1208, 275
164, 0, 1017, 180, 1126, 278
164, 1, 1039, 24, 1218, 147
165, 0, 983, 21, 1228, 157
165, 1, 1084, 105, 1222, 276
166, 0, 183, 328, 436, 357
166, 1, 1048, 30, 1192, 299
166, 2, 1001, 16, 1069, 91
167, 0, 1071, 26, 1220, 327
167, 1, 1026, 13, 1086, 94
168, 0, 1034, 15, 1128, 48
168, 1, 1048, 46, 1220, 181
169, 0, 199, 336, 409, 356
169, 1, 1103, 225, 1209, 294
169, 2, 1044, 15, 1223, 150
170, 0, 209, 340, 347, 355
170, 1, 502, 328, 691, 360
170, 2, 910, 29, 1175, 230
170, 3, 1043, 18, 1218, 123
171, 0, 23, 137, 51, 286
171, 1, 43, 21, 69, 114
171, 2, 498, 278, 702, 354
171, 3, 987, 13, 1225, 110
171, 4, 1133, 117, 1206, 299
172, 0, 555, 342, 703, 354
172, 1, 1146, 225, 1185, 333
172, 2, 1074, 138, 1189, 190
172, 3, 1059, 16, 1222, 152
173, 0, 561, 342, 674, 356
173, 1, 1055, 23, 1199, 175
174, 0, 23, 17, 96, 197
174, 1, 558, 299, 915, 359
174, 2, 1034, 13, 1133, 136
175, 0, 27, 17, 77, 282
176, 0, 928, 307, 1044, 348
178, 0, 928, 311, 1117, 337
182, 0, 18, 41, 202, 338
182, 1, 998, 298, 1167, 311
182, 2, 1058, 12, 1214, 261
186, 0, 35, 45, 79, 151
186, 1, 14, 220, 48, 285
186, 2, 1110, 164, 1194, 334
186, 3, 1101, 18, 1208, 163
195, 0, 1143, 24, 1197, 235
197, 0, 1093, 315, 1225, 359
198, 0, 968, 300, 1196, 361
198, 1, 1064, 25, 1205, 282
200, 0, 1138, 304, 1222, 357
201, 0, 1083, 26, 1124, 207
201, 1, 1118, 303, 1221, 362
203, 0, 1090, 337, 1207, 359
204, 0, 978, 282, 1213, 364
204, 1, 970, 24, 1182, 257
205, 0, 841, 31, 933, 55
206, 0, 857, 31, 951, 54
207, 0, 865, 31, 966, 55
208, 0, 884, 23, 1161, 235
208, 1, 1062, 235, 1166, 353
209, 0, 894, 20, 983, 45
209, 1, 1060, 31, 1218, 62
210, 0, 943, 18, 1121, 38
211, 0, 205, 44, 291, 112
211, 1, 1003, 314, 1142, 344
211, 2, 985, 178, 1146, 287
211, 3, 1009, 29, 1199, 229
212, 0, 243, 41, 323, 113
212, 1, 1097, 21, 1198, 70
213, 0, 260, 40, 353, 107
213, 1, 1003, 203, 1145, 350
213, 2, 952, 19, 1182, 251
215, 0, 315, 40, 424, 104
215, 1, 809, 15, 1175, 281
215, 2, 885, 287, 1195, 357
218, 0, 898, 24, 1155, 293
220, 0, 728, 15, 1172, 231
220, 1, 832, 234, 1203, 350
220, 2, 841, 173, 1029, 257
221, 0, 728, 19, 1170, 193
221, 1, 918, 168, 1148, 339
223, 0, 742, 28, 887, 121
224, 0, 858, 19, 995, 120
225, 0, 783, 71, 907, 124
225, 1, 948, 10, 1037, 84
225, 2, 1122, 156, 1231, 247
225, 3, 1046, 75, 1129, 176
226, 0, 818, 73, 860, 156
226, 1, 871, 81, 1125, 249
226, 2, 1092, 276, 1164, 340
226, 3, 976, 13, 1049, 85
226, 4, 1161, 151, 1226, 296
227, 0, 859, 70, 891, 119
227, 1, 982, 16, 1050, 48
227, 2, 1116, 137, 1222, 235
228, 0, 898, 13, 1114, 156
228, 1, 987, 97, 1109, 147
229, 0, 921, 74, 1159, 149
229, 1, 1062, 13, 1158, 26
230, 0, 467, 335, 601, 359
230, 1, 1055, 123, 1148, 150
231, 0, 985, 91, 1158, 165
231, 1, 1026, 15, 1111, 48
232, 0, 1012, 229, 1102, 278
232, 1, 1025, 27, 1190, 154
233, 0, 1092, 97, 1164, 253
233, 1, 999, 13, 1152, 102
234, 0, 554, 323, 646, 363
234, 1, 1097, 127, 1212, 242
234, 2, 1040, 16, 1118, 66
235, 0, 511, 311, 636, 363
235, 1, 1083, 11, 1152, 51
235, 2, 1105, 111, 1228, 177
236, 0, 1064, 21, 1150, 40
236, 1, 1151, 124, 1217, 135
237, 0, 499, 320, 670, 359
237, 1, 1090, 17, 1179, 48
238, 0, 65, 279, 110, 336
238, 1, 192, 266, 232, 337
238, 2, 474, 302, 610, 349
238, 3, 1088, 17, 1209, 131
239, 0, 15, 167, 229, 314
239, 1, 515, 315, 682, 342
239, 2, 1067, 260, 1178, 348
239, 3, 1114, 18, 1206, 52
240, 0, 42, 35, 102, 66
240, 1, 49, 101, 233, 271
240, 2, 955, 13, 1204, 250
240, 3, 1074, 13, 1220, 72
241, 0, 1093, 23, 1187, 128
242, 0, 40, 167, 144, 213
243, 0, 54, 160, 330, 310
243, 1, 1097, 10, 1231, 125
244, 0, 108, 165, 247, 196
244, 1, 1066, 156, 1164, 243
244, 2, 1041, 22, 1161, 163
245, 0, 24, 203, 114, 226
246, 0, 28, 171, 108, 278
246, 1, 436, 290, 585, 346
247, 0, 424, 305, 509, 347
251, 0, 302, 320, 556, 356
251, 1, 1152, 21, 1209, 111
252, 0, 35, 162, 85, 235
252, 1, 28, 71, 77, 162
252, 2, 1111, 162, 1166, 242
252, 3, 1077, 15, 1204, 162
253, 0, 364, 329, 519, 364
254, 0, 351, 343, 430, 365
255, 0, 342, 334, 433, 362
256, 0, 25, 178, 125, 271
256, 1, 190, 106, 278, 140
256, 2, 327, 327, 498, 358
256, 3, 1043, 227, 1114, 302
257, 0, 206, 319, 526, 360
257, 1, 1183, 17, 1212, 167
258, 0, 306, 347, 397, 358
259, 0, 36, 41, 275, 159
260, 0, 64, 125, 150, 149
260, 1, 855, 101, 1030, 222
261, 0, 1140, 20, 1215, 145
262, 0, 54, 120, 152, 166
262, 1, 936, 101, 1129, 219
263, 0, 184, 48, 243, 177
263, 1, 946, 67, 1103, 215
263, 2, 1095, 198, 1229, 290
264, 0, 73, 131, 97, 161
264, 1, 138, 111, 214, 174
264, 2, 995, 86, 1171, 208
265, 0, 165, 102, 186, 160
265, 1, 936, 181, 1107, 258
265, 2, 1029, 26, 1212, 210
266, 0, 50, 87, 143, 348
266, 1, 1010, 157, 1149, 315
266, 2, 1040, 72, 1167, 118
267, 0, 44, 102, 147, 176
267, 1, 1077, 18, 1202, 121
268, 0, 46, 44, 106, 174
268, 1, 995, 197, 1192, 326
268, 2, 1073, 81, 1216, 121
271, 0, 46, 31, 167, 348
271, 1, 1057, 18, 1189, 177
274, 0, 1122, 29, 1175, 99
275, 0, 49, 70, 165, 263
275, 1, 1089, 85, 1196, 218
276, 0, 74, 118, 215, 332
277, 0, 32, 84, 175, 236
278, 0, 55, 145, 92, 280
278, 1, 1176, 91, 1192, 180
279, 0, 28, 51, 99, 207
279, 1, 1161, 29, 1195, 58
280, 0, 66, 180, 202, 319
281, 0, 65, 220, 172, 338
283, 0, 50, 177, 148, 286
285, 0, 55, 104, 110, 241
287, 0, 118, 211, 295, 278
288, 0, 36, 103, 118, 268
288, 1, 157, 178, 273, 329
288, 2, 863, 117, 995, 173
290, 0, 995, 148, 1145, 319
291, 0, 1068, 154, 1174, 241
292, 0, 553, 322, 629, 361
292, 1, 1104, 131, 1131, 175
295, 0, 59, 261, 363, 361
295, 1, 897, 123, 1073, 251
296, 0, 907, 126, 1142, 315
297, 0, 930, 157, 1177, 356
297, 1, 974, 26, 1133, 95
298, 0, 177, 304, 384, 350
298, 1, 964, 122, 1149, 282
298, 2, 1094, 54, 1219, 87
299, 0, 248, 326, 641, 364
299, 1, 848, 201, 1064, 309
299, 2, 968, 24, 1037, 88
300, 0, 36, 260, 108, 364
300, 1, 937, 107, 1096, 325
300, 2, 918, 21, 1070, 101
300, 3, 1122, 54, 1185, 78
301, 0, 49, 304, 192, 342
301, 1, 920, 132, 1037, 219
301, 2, 994, 23, 1085, 94
302, 0, 59, 260, 152, 360
302, 1, 944, 132, 1033, 255
302, 2, 972, 14, 1162, 91
303, 0, 935, 90, 1067, 253
304, 0, 11, 332, 83, 358
304, 1, 965, 158, 1068, 277
304, 2, 975, 14, 1116, 111
305, 0, 980, 166, 1122, 287
305, 1, 866, 34, 992, 160
306, 0, 1106, 134, 1126, 299
306, 1, 872, 44, 1005, 162
306, 2, 1089, 52, 1160, 85
307, 0, 900, 31, 1062, 142
309, 0, 51, 24, 82, 98
310, 0, 899, 21, 998, 120
312, 0, 918, 18, 1060, 120
314, 0, 121, 59, 175, 282
314, 1, 905, 15, 1056, 234
315, 0, 967, 13, 1044, 122
318, 0, 1006, 11, 1097, 154
319, 0, 160, 44, 188, 127
319, 1, 984, 43, 1130, 152
320, 0, 97, 32, 215, 304
320, 1, 926, 32, 1127, 242
321, 0, 68, 21, 167, 273
321, 1, 925, 175, 1113, 291
321, 2, 1037, 12, 1168, 139
322, 0, 30, 24, 142, 111
322, 1, 964, 104, 1204, 279
322, 2, 1059, 22, 1228, 130
323, 0, 73, 22, 166, 150
323, 1, 1023, 223, 1113, 336
323, 2, 1066, 27, 1191, 186
324, 0, 42, 22, 154, 274
324, 1, 1045, 139, 1168, 334
324, 2, 1106, 31, 1193, 154
325, 0, 839, 187, 985, 308
325, 1, 1071, 94, 1155, 199
326, 0, 965, 190, 1041, 280
326, 1, 1110, 92, 1190, 212
327, 0, 1039, 198, 1099, 319
329, 0, 102, 21, 145, 86
329, 1, 1107, 26, 1185, 162
331, 0, 50, 85, 137, 203
332, 0, 28, 124, 66, 232
333, 0, 14, 50, 94, 219
333, 1, 983, 23, 1110, 144
334, 0, 28, 95, 58, 225
334, 1, 28, 262, 75, 364
340, 0, 983, 224, 1101, 308
341, 0, 36, 30, 171, 198
342, 0, 40, 35, 185, 206
343, 0, 83, 156, 204, 266
343, 1, 910, 143, 1057, 251
343, 2, 1155, 26, 1181, 139
345, 0, 1045, 115, 1075, 296
346, 0, 929, 103, 1113, 228
348, 0, 162, 118, 219, 139
348, 1, 1019, 46, 1088, 161
349, 0, 1080, 73, 1190, 218
350, 0, 123, 34, 179, 139
350, 1, 1051, 22, 1197, 212
351, 0, 99, 18, 183, 163
351, 1, 1073, 44, 1187, 146
351, 2, 1097, 163, 1156, 239
352, 0, 70, 26, 195, 155
352, 1, 427, 155, 561, 206
352, 2, 1146, 29, 1222, 132
353, 0, 24, 110, 207, 214
353, 1, 411, 151, 547, 206
353, 2, 959, 19, 1230, 142
354, 0, 72, 126, 190, 163
354, 1, 1137, 77, 1219, 152
355, 0, 26, 37, 113, 276
355, 1, 979, 27, 1208, 147
356, 0, 314, 141, 436, 239
356, 1, 1001, 50, 1141, 159
357, 0, 56, 116, 137, 182
357, 1, 909, 22, 1199, 175
358, 0, 194, 142, 424, 332
358, 1, 997, 39, 1227, 186
359, 0, 28, 292, 164, 347
359, 1, 197, 246, 241, 262
359, 2, 917, 58, 1182, 172
360, 0, 313, 133, 427, 195
360, 1, 78, 203, 267, 318
360, 2, 937, 135, 1044, 170
360, 3, 1006, 14, 1229, 150
361, 0, 55, 213, 235, 296
361, 1, 1076, 50, 1154, 104
362, 0, 17, 17, 68, 163
362, 1, 169, 142, 373, 308
362, 2, 29, 254, 147, 336
362, 3, 1033, 305, 1151, 340
362, 4, 937, 27, 1217, 175
362, 5, 1061, 223, 1165, 258
363, 0, 361, 131, 444, 189
363, 1, 54, 236, 218, 332
363, 2, 981, 42, 1202, 172
364, 0, 38, 231, 175, 358
364, 1, 192, 165, 323, 285
364, 2, 431, 332, 669, 345
364, 3, 1086, 16, 1195, 137
365, 0, 182, 180, 304, 267
365, 1, 41, 228, 146, 357
365, 2, 1053, 22, 1204, 170
366, 0, 28, 250, 184, 348
366, 1, 186, 157, 376, 316
366, 2, 1092, 12, 1184, 134
367, 0, 276, 172, 384, 359
367, 1, 33, 303, 163, 353
367, 2, 25, 181, 243, 328
367, 3, 1103, 19, 1184, 145
368, 0, 16, 228, 168, 362
368, 1, 155, 185, 255, 338
368, 2, 288, 175, 404, 365
368, 3, 1138, 22, 1181, 124
369, 0, 43, 121, 301, 316
369, 1, 1137, 16, 1212, 132
370, 0, 49, 192, 210, 287
370, 1, 179, 116, 305, 215
370, 2, 277, 175, 437, 304
370, 3, 931, 140, 1135, 351
371, 0, 531, 81, 701, 128
371, 1, 14, 90, 220, 320
371, 2, 28, 16, 92, 65
371, 3, 255, 181, 407, 272
371, 4, 982, 34, 1128, 134
371, 5, 1148, 24, 1223, 126
372, 0, 281, 169, 448, 259
372, 1, 40, 238, 101, 267
372, 2, 122, 125, 210, 291
372, 3, 1013, 143, 1146, 255
372, 4, 1172, 23, 1222, 117
373, 0, 259, 122, 357, 206
373, 1, 25, 18, 188, 334
373, 2, 968, 19, 1225, 147
374, 0, 540, 96, 587, 223
374, 1, 33, 138, 174, 257
374, 2, 308, 175, 456, 237
374, 3, 91, 267, 166, 315
374, 4, 935, 23, 1213, 184
375, 0, 33, 182, 154, 319
375, 1, 317, 168, 459, 238
375, 2, 555, 119, 613, 223
375, 3, 959, 117, 1218, 203
376, 0, 335, 177, 472, 256
376, 1, 38, 68, 85, 149
376, 2, 50, 186, 146, 306
376, 3, 555, 167, 605, 225
376, 4, 959, 50, 1205, 211
377, 0, 489, 90, 707, 261
377, 1, 27, 208, 155, 269
377, 2, 34, 51, 138, 178
377, 3, 249, 168, 461, 257
377, 4, 966, 28, 1005, 116
377, 5, 1034, 147, 1149, 236
378, 0, 23, 128, 52, 311
378, 1, 324, 152, 721, 318
378, 2, 988, 94, 1226, 209
379, 0, 20, 23, 153, 118
379, 1, 296, 157, 658, 248
379, 2, 981, 93, 1161, 193
379, 3, 1098, 23, 1227, 116
380, 0, 21, 72, 131, 356
380, 1, 356, 157, 719, 256
380, 2, 758, 201, 850, 296
380, 3, 946, 41, 1023, 163
380, 4, 1102, 94, 1230, 205
381, 0, 378, 160, 860, 297
382, 0, 28, 24, 157, 287
382, 1, 33, 230, 131, 354
382, 2, 357, 170, 426, 233
382, 3, 505, 153, 686, 252
382, 4, 683, 156, 883, 290
382, 5, 1066, 24, 1231, 159
383, 0, 28, 26, 212, 350
383, 1, 503, 152, 884, 284
383, 2, 1031, 198, 1170, 248
383, 3, 1040, 23, 1229, 199
384, 0, 444, 150, 898, 314
385, 0, 22, 24, 138, 345
385, 1, 498, 150, 953, 318
385, 2, 1105, 23, 1226, 191
386, 0, 15, 157, 200, 341
386, 1, 17, 22, 234, 250
386, 2, 495, 152, 837, 272
386, 3, 725, 192, 1180, 307
386, 4, 1015, 19, 1225, 201
387, 0, 519, 151, 725, 328
387, 1, 765, 89, 1054, 358
388, 0, 19, 24, 177, 359
388, 1, 530, 156, 700, 216
388, 2, 711, 156, 788, 248
388, 3, 846, 148, 1015, 273
388, 4, 1080, 30, 1233, 248
389, 0, 690, 159, 903, 249
389, 1, 852, 140, 1117, 347
390, 0, 620, 170, 653, 226
390, 1, 888, 138, 1164, 301
390, 2, 836, 297, 981, 342
390, 3, 752, 158, 882, 224
391, 0, 727, 162, 947, 238
391, 1, 856, 253, 978, 327
391, 2, 1005, 131, 1145, 262
391, 3, 1196, 12, 1231, 161
392, 0, 857, 127, 1193, 302
393, 0, 15, 10, 131, 353
393, 1, 897, 299, 1069, 361
393, 2, 815, 160, 933, 232
393, 3, 971, 125, 1221, 269
393, 4, 1100, 15, 1230, 131
394, 0, 945, 130, 1119, 360
394, 1, 816, 169, 907, 216
394, 2, 1152, 157, 1219, 225
395, 0, 15, 16, 198, 353
395, 1, 1018, 141, 1121, 295
395, 2, 1120, 144, 1220, 235
395, 3, 1040, 13, 1231, 136
396, 0, 17, 229, 114, 352
396, 1, 917, 131, 1165, 358
396, 2, 1172, 176, 1214, 235
396, 3, 1150, 17, 1230, 122
397, 0, 12, 17, 223, 347
397, 1, 1033, 155, 1141, 364
397, 2, 1149, 142, 1228, 224
397, 3, 1000, 12, 1229, 122
398, 0, 43, 184, 262, 364
398, 1, 1042, 151, 1212, 242
399, 0, 13, 16, 21, 121
399, 1, 49, 189, 297, 319
399, 2, 99, 282, 214, 354
399, 3, 433, 207, 563, 246
399, 4, 1042, 150, 1225, 232
400, 0, 16, 17, 307, 321
400, 1, 424, 163, 493, 253
400, 2, 1054, 130, 1229, 246
400, 3, 1143, 14, 1228, 123
401, 0, 19, 18, 242, 305
401, 1, 417, 177, 465, 253
401, 2, 1114, 162, 1223, 244
401, 3, 1140, 17, 1227, 147
402, 0, 83, 219, 139, 344
402, 1, 204, 196, 270, 245
403, 0, 25, 18, 69, 142
403, 1, 173, 291, 220, 332
403, 2, 1185, 17, 1226, 100
404, 0, 10, 18, 179, 307
404, 1, 1203, 18, 1225, 160
405, 0, 79, 207, 305, 283
405, 1, 415, 167, 520, 246
406, 0, 50, 226, 148, 335
406, 1, 201, 166, 520, 270
407, 0, 71, 210, 337, 320
407, 1, 432, 168, 504, 234
408, 0, 77, 208, 114, 243
408, 1, 211, 227, 343, 325
408, 2, 416, 164, 519, 250
409, 0, 238, 228, 339, 291
409, 1, 417, 181, 508, 251
410, 0, 226, 228, 309, 296
410, 1, 418, 180, 527, 250
411, 0, 66, 180, 524, 295
412, 0, 20, 22, 322, 300
412, 1, 414, 181, 525, 250
412, 2, 1079, 23, 1221, 304
413, 0, 20, 22, 307, 315
413, 1, 1180, 22, 1221, 223
413, 2, 1180, 202, 1220, 243
414, 0, 89, 225, 289, 345
415, 0, 20, 20, 310, 354
415, 1, 410, 193, 460, 248
415, 2, 1219, 119, 1221, 241
416, 0, 20, 20, 310, 351
416, 1, 1140, 20, 1221, 241
417, 0, 61, 183, 281, 349
418, 0, 20, 20, 341, 347
418, 1, 198, 303, 294, 361
418, 2, 1020, 20, 1221, 341
418, 3, 1020, 240, 1081, 361
419, 0, 32, 192, 114, 306
419, 1, 184, 191, 280, 240
419, 2, 197, 263, 302, 351
420, 0, 73, 201, 212, 299
420, 1, 172, 312, 266, 354
421, 0, 80, 195, 315, 268
421, 1, 197, 292, 245, 352
422, 0, 20, 20, 261, 312
422, 1, 142, 328, 267, 352
422, 2, 1080, 20, 1222, 241
423, 0, 92, 197, 286, 273
423, 1, 151, 328, 266, 347
424, 0, 20, 20, 334, 260
424, 1, 117, 328, 265, 360
424, 2, 1126, 20, 1221, 81
425, 0, 80, 194, 327, 321
426, 0, 80, 204, 241, 278
427, 0, 20, 20, 269, 348
428, 0, 79, 211, 311, 302
429, 0, 20, 20, 81, 161
429, 1, 41, 210, 202, 281
429, 2, 1200, 20, 1221, 241
430, 0, 11, 215, 176, 274
431, 0, 12, 20, 225, 319
431, 1, 1140, 20, 1221, 241
432, 0, 21, 253, 111, 297
433, 0, 20, 20, 175, 340
433, 1, 1200, 20, 1221, 241
434, 0, 20, 20, 61, 181
434, 1, 21, 220, 73, 336
434, 2, 1160, 20, 1221, 241
435, 0, 20, 20, 261, 361
435, 1, 20, 220, 102, 361
435, 2, 940, 280, 1061, 361
435, 3, 960, 20, 1221, 321
437, 0, 20, 20, 81, 201
437, 1, 20, 220, 81, 361
437, 2, 1100, 20, 1221, 241
440, 0, 20, 20, 141, 241
440, 1, 20, 220, 121, 361
440, 2, 1060, 20, 1221, 321
443, 0, 20, 20, 121, 221
443, 1, 20, 220, 101, 361
443, 2, 1080, 160, 1141, 261
443, 3, 1100, 20, 1221, 241
